#
# There is insufficient memory for the Java Runtime Environment to continue.
# Native memory allocation (mmap) failed to map 78643200 bytes for Failed to commit area from 0x000000008c200000 to 0x0000000090d00000 of length 78643200.
# Possible reasons:
#   The system is out of physical RAM or swap space
#   The process is running with CompressedOops enabled, and the Java Heap may be blocking the growth of the native heap
# Possible solutions:
#   Reduce memory load on the system
#   Increase physical memory or swap space
#   Check if swap backing store is full
#   Decrease Java heap size (-Xmx/-Xms)
#   Decrease number of Java threads
#   Decrease Java thread stack sizes (-Xss)
#   Set larger code cache with -XX:ReservedCodeCacheSize=
#   JVM is running with Unscaled Compressed Oops mode in which the Java heap is
#     placed in the first 4GB address space. The Java Heap base address is the
#     maximum limit for the native heap growth. Please use -XX:HeapBaseMinAddress
#     to set the Java Heap base and to place the Java Heap above 4GB virtual address.
# This output file may be truncated or incomplete.
#
#  Out of Memory Error (./src/hotspot/os/windows/os_windows.cpp:3301), pid=5764, tid=4024
#
# JRE version: OpenJDK Runtime Environment (11.0.10) (build 11.0.10+0-b96-7249189)
# Java VM: OpenJDK 64-Bit Server VM (11.0.10+0-b96-7249189, mixed mode, tiered, compressed oops, g1 gc, windows-amd64)
# No core dump will be written. Minidumps are not enabled by default on client versions of Windows
#

---------------  S U M M A R Y ------------

Command Line: --add-opens=java.base/java.util=ALL-UNNAMED --add-opens=java.base/java.lang=ALL-UNNAMED --add-opens=java.base/java.lang.invoke=ALL-UNNAMED --add-opens=java.base/java.util=ALL-UNNAMED --add-opens=java.prefs/java.util.prefs=ALL-UNNAMED --add-opens=java.prefs/java.util.prefs=ALL-UNNAMED --add-opens=java.base/java.nio.charset=ALL-UNNAMED --add-opens=java.base/java.net=ALL-UNNAMED --add-opens=java.base/java.util.concurrent.atomic=ALL-UNNAMED -Xmx2048m -Dfile.encoding=UTF-8 -Duser.country=IN -Duser.language=en -Duser.variant org.gradle.launcher.daemon.bootstrap.GradleDaemon 7.0.2

Host: Intel(R) Core(TM) i3 CPU       M 370  @ 2.40GHz, 4 cores, 3G,  Windows 7 , 64 bit Build 7601 (6.1.7601.17617)
Time: Sun Oct 24 11:01:53 2021 Sri Lanka Standard Time elapsed time: 171.466695 seconds (0d 0h 2m 51s)

---------------  T H R E A D  ---------------

Current thread (0x000000005d7a8800):  VMThread "VM Thread" [stack: 0x000000005d8b0000,0x000000005d9b0000] [id=4024]

Stack: [0x000000005d8b0000,0x000000005d9b0000]
[error occurred during error reporting (printing stack bounds), id 0xc0000005, EXCEPTION_ACCESS_VIOLATION (0xc0000005) at pc=0x0000000006060f3d]

Native frames: (J=compiled Java code, j=interpreted, Vv=VM code, C=native code)
V  [jvm.dll+0x5ecfaa]
V  [jvm.dll+0x722bd5]
V  [jvm.dll+0x72412d]
V  [jvm.dll+0x724745]
V  [jvm.dll+0x7246fb]
V  [jvm.dll+0x5ec348]
V  [jvm.dll+0x5ecad8]
C  [ntdll.dll+0x29d0d]
C  [ntdll.dll+0x191af]
C  [ntdll.dll+0x51278]
C  0x0000000006060f3d

VM_Operation (0x0000000071dbbdd0): G1CollectForAllocation, mode: safepoint, requested by thread 0x0000000066050000


---------------  P R O C E S S  ---------------

Threads class SMR info:
_java_thread_list=0x00000000625a6c50, length=62, elements={
0x0000000000199800, 0x000000005d7ac000, 0x000000005d7b5800, 0x000000005d7c2800,
0x000000005d7c5800, 0x000000005d7c6800, 0x000000005d7cf800, 0x000000005d7d0800,
0x000000005d7d2800, 0x000000005e57b800, 0x000000006085f800, 0x000000005e878000,
0x0000000060ba6800, 0x00000000603fb000, 0x000000006048e800, 0x0000000061a2a800,
0x0000000060c3e000, 0x0000000060c3f000, 0x0000000060df3000, 0x0000000060df4000,
0x0000000060df4800, 0x0000000060df5800, 0x0000000060df6800, 0x0000000060df7000,
0x0000000060df8000, 0x0000000060df8800, 0x0000000060df9800, 0x000000006104c800,
0x000000006104d000, 0x0000000061050800, 0x0000000061051800, 0x0000000061052000,
0x000000006132d000, 0x000000006132d800, 0x000000006132e800, 0x000000006104e000,
0x000000006132f000, 0x0000000061330000, 0x0000000061331000, 0x0000000061331800,
0x0000000066476000, 0x000000006692d000, 0x000000006692d800, 0x000000006692e800,
0x000000006692f800, 0x0000000066930000, 0x0000000066932000, 0x0000000066932800,
0x0000000066ba4800, 0x0000000066ba7000, 0x0000000066ba7800, 0x0000000066ba8800,
0x0000000066931000, 0x0000000066baa000, 0x0000000066bab000, 0x0000000065cc1000,
0x0000000065cc1800, 0x0000000065cc2800, 0x0000000065cc3000, 0x0000000066ba9800,
0x000000006604f800, 0x0000000066050000
}

Java Threads: ( => current thread )
  0x0000000000199800 JavaThread "main" [_thread_blocked, id=568, stack(0x0000000002160000,0x0000000002260000)]
  0x000000005d7ac000 JavaThread "Reference Handler" daemon [_thread_blocked, id=4076, stack(0x000000005dad0000,0x000000005dbd0000)]
  0x000000005d7b5800 JavaThread "Finalizer" daemon [_thread_blocked, id=4948, stack(0x000000005dd20000,0x000000005de20000)]
  0x000000005d7c2800 JavaThread "Signal Dispatcher" daemon [_thread_blocked, id=4396, stack(0x000000005df30000,0x000000005e030000)]
  0x000000005d7c5800 JavaThread "Attach Listener" daemon [_thread_blocked, id=5496, stack(0x000000005e0a0000,0x000000005e1a0000)]
  0x000000005d7c6800 JavaThread "Service Thread" daemon [_thread_blocked, id=4180, stack(0x000000005e250000,0x000000005e350000)]
  0x000000005d7cf800 JavaThread "C2 CompilerThread0" daemon [_thread_blocked, id=5724, stack(0x000000005dbe0000,0x000000005dce0000)]
  0x000000005d7d0800 JavaThread "C1 CompilerThread0" daemon [_thread_blocked, id=3480, stack(0x000000005e3c0000,0x000000005e4c0000)]
  0x000000005d7d2800 JavaThread "Sweeper thread" daemon [_thread_blocked, id=5352, stack(0x000000005d9d0000,0x000000005dad0000)]
  0x000000005e57b800 JavaThread "Common-Cleaner" daemon [_thread_blocked, id=4860, stack(0x000000005ea20000,0x000000005eb20000)]
  0x000000006085f800 JavaThread "Daemon health stats" [_thread_blocked, id=6044, stack(0x000000005e8d0000,0x000000005e9d0000)]
  0x000000005e878000 JavaThread "Incoming local TCP Connector on port 50758" [_thread_in_native, id=2152, stack(0x000000005de30000,0x000000005df30000)]
  0x0000000060ba6800 JavaThread "Daemon periodic checks" [_thread_blocked, id=2840, stack(0x0000000062c00000,0x0000000062d00000)]
  0x00000000603fb000 JavaThread "Daemon" [_thread_blocked, id=5892, stack(0x0000000063370000,0x0000000063470000)]
  0x000000006048e800 JavaThread "Handler for socket connection from /127.0.0.1:50758 to /127.0.0.1:50759" [_thread_in_native, id=5076, stack(0x0000000063550000,0x0000000063650000)]
  0x0000000061a2a800 JavaThread "Cancel handler" [_thread_blocked, id=5808, stack(0x00000000636e0000,0x00000000637e0000)]
  0x0000000060c3e000 JavaThread "Daemon worker" [_thread_blocked, id=5712, stack(0x00000000638d0000,0x00000000639d0000)]
  0x0000000060c3f000 JavaThread "Asynchronous log dispatcher for DefaultDaemonConnection: socket connection from /127.0.0.1:50758 to /127.0.0.1:50759" [_thread_blocked, id=4508, stack(0x0000000063a80000,0x0000000063b80000)]
  0x0000000060df3000 JavaThread "Daemon client event forwarder" [_thread_blocked, id=3988, stack(0x0000000063d70000,0x0000000063e70000)]
  0x0000000060df4000 JavaThread "Cache worker for file hash cache (C:\Users\Dell\.gradle\caches\7.0.2\fileHashes)" [_thread_blocked, id=3688, stack(0x00000000644e0000,0x00000000645e0000)]
  0x0000000060df4800 JavaThread "File lock request listener" [_thread_in_native, id=5072, stack(0x00000000646b0000,0x00000000647b0000)]
  0x0000000060df5800 JavaThread "Cache worker for journal cache (C:\Users\Dell\.gradle\caches\journal-1)" [_thread_blocked, id=4556, stack(0x00000000649d0000,0x0000000064ad0000)]
  0x0000000060df6800 JavaThread "Cache worker for file hash cache (C:\Users\Dell\AndroidStudioProjects\NoteApp\.gradle\7.0.2\fileHashes)" [_thread_blocked, id=1180, stack(0x0000000064db0000,0x0000000064eb0000)]
  0x0000000060df7000 JavaThread "File watcher server" daemon [_thread_blocked, id=3012, stack(0x0000000064f10000,0x0000000065010000)]
  0x0000000060df8000 JavaThread "File watcher consumer" daemon [_thread_blocked, id=1064, stack(0x0000000063ed0000,0x0000000063fd0000)]
  0x0000000060df8800 JavaThread "Cache worker for checksums cache (C:\Users\Dell\AndroidStudioProjects\NoteApp\.gradle\checksums)" [_thread_blocked, id=4748, stack(0x00000000652d0000,0x00000000653d0000)]
  0x0000000060df9800 JavaThread "Cache worker for cache directory md-supplier (C:\Users\Dell\.gradle\caches\7.0.2\md-supplier)" [_thread_blocked, id=3680, stack(0x00000000653e0000,0x00000000654e0000)]
  0x000000006104c800 JavaThread "Cache worker for cache directory md-rule (C:\Users\Dell\.gradle\caches\7.0.2\md-rule)" [_thread_blocked, id=936, stack(0x0000000065510000,0x0000000065610000)]
  0x000000006104d000 JavaThread "Cache worker for execution history cache (C:\Users\Dell\.gradle\caches\7.0.2\executionHistory)" [_thread_blocked, id=1520, stack(0x0000000065840000,0x0000000065940000)]
  0x0000000061050800 JavaThread "jar transforms" [_thread_blocked, id=1108, stack(0x000000005f750000,0x000000005f850000)]
  0x0000000061051800 JavaThread "jar transforms Thread 2" [_thread_blocked, id=3304, stack(0x0000000067070000,0x0000000067170000)]
  0x0000000061052000 JavaThread "Cache worker for file content cache (C:\Users\Dell\.gradle\caches\7.0.2\fileContent)" [_thread_blocked, id=4212, stack(0x00000000689a0000,0x0000000068aa0000)]
  0x000000006132d000 JavaThread "Cache worker for dependencies-accessors (C:\Users\Dell\AndroidStudioProjects\NoteApp\.gradle\7.0.2\dependencies-accessors)" [_thread_blocked, id=5472, stack(0x0000000066ec0000,0x0000000066fc0000)]
  0x000000006132d800 JavaThread "jar transforms Thread 3" [_thread_blocked, id=5480, stack(0x0000000067170000,0x0000000067270000)]
  0x000000006132e800 JavaThread "Cache worker for Build Output Cleanup Cache (C:\Users\Dell\AndroidStudioProjects\NoteApp\.gradle\buildOutputCleanup)" [_thread_blocked, id=2332, stack(0x0000000069130000,0x0000000069230000)]
  0x000000006104e000 JavaThread "Build operations" [_thread_blocked, id=4460, stack(0x0000000069440000,0x0000000069540000)]
  0x000000006132f000 JavaThread "Build operations Thread 2" [_thread_blocked, id=3952, stack(0x0000000068820000,0x0000000068920000)]
  0x0000000061330000 JavaThread "Build operations Thread 3" [_thread_blocked, id=924, stack(0x0000000065b80000,0x0000000065c80000)]
  0x0000000061331000 JavaThread "Build operations Thread 4" [_thread_blocked, id=3640, stack(0x0000000069560000,0x0000000069660000)]
  0x0000000061331800 JavaThread "jar transforms Thread 4" [_thread_blocked, id=4040, stack(0x00000000684b0000,0x00000000685b0000)]
  0x0000000066476000 JavaThread "Memory manager" [_thread_blocked, id=5424, stack(0x000000006a5b0000,0x000000006a6b0000)]
  0x000000006692d000 JavaThread "build event listener" [_thread_blocked, id=5228, stack(0x000000006cce0000,0x000000006cde0000)]
  0x000000006692d800 JavaThread "Execution worker for ':'" [_thread_blocked, id=4636, stack(0x000000006cbd0000,0x000000006ccd0000)]
  0x000000006692e800 JavaThread "Execution worker for ':' Thread 2" [_thread_blocked, id=2540, stack(0x000000006b6b0000,0x000000006b7b0000)]
  0x000000006692f800 JavaThread "Execution worker for ':' Thread 3" [_thread_blocked, id=2508, stack(0x000000006ce40000,0x000000006cf40000)]
  0x0000000066930000 JavaThread "Cache worker for execution history cache (C:\Users\Dell\AndroidStudioProjects\NoteApp\.gradle\7.0.2\executionHistory)" [_thread_blocked, id=1788, stack(0x000000006d390000,0x000000006d490000)]
  0x0000000066932000 JavaThread "WorkerExecutor Queue" [_thread_blocked, id=4424, stack(0x000000006d250000,0x000000006d350000)]
  0x0000000066932800 JavaThread "WorkerExecutor Queue Thread 2" [_thread_blocked, id=2960, stack(0x000000006ddf0000,0x000000006def0000)]
  0x0000000066ba4800 JavaThread "WorkerExecutor Queue Thread 3" [_thread_blocked, id=5288, stack(0x000000006df10000,0x000000006e010000)]
  0x0000000066ba7000 JavaThread "pool-3-thread-1" [_thread_blocked, id=4436, stack(0x000000006e370000,0x000000006e470000)]
  0x0000000066ba7800 JavaThread "stderr" [_thread_in_native, id=5304, stack(0x000000006e8b0000,0x000000006e9b0000)]
  0x0000000066ba8800 JavaThread "stdout" [_thread_in_native, id=4924, stack(0x000000006e9f0000,0x000000006eaf0000)]
  0x0000000066931000 JavaThread "RMI Scheduler(0)" daemon [_thread_blocked, id=2564, stack(0x000000006a490000,0x000000006a590000)]
  0x0000000066baa000 JavaThread "RMI GC Daemon" daemon [_thread_blocked, id=4956, stack(0x000000006ef30000,0x000000006f030000)]
  0x0000000066bab000 JavaThread "RMI TCP Accept-0" daemon [_thread_in_native, id=4752, stack(0x000000006e540000,0x000000006e640000)]
  0x0000000065cc1000 JavaThread "RMI Reaper" [_thread_blocked, id=416, stack(0x000000006f120000,0x000000006f220000)]
  0x0000000065cc1800 JavaThread "RMI TCP Connection(idle)" daemon [_thread_blocked, id=5364, stack(0x000000006f2a0000,0x000000006f3a0000)]
  0x0000000065cc2800 JavaThread "RMI TCP Connection(3)-127.0.0.1" daemon [_thread_in_native, id=3980, stack(0x00000000707c0000,0x00000000708c0000)]
  0x0000000065cc3000 JavaThread "RMI TCP Connection(4)-127.0.0.1" daemon [_thread_in_native, id=3312, stack(0x000000006fde0000,0x000000006fee0000)]
  0x0000000066ba9800 JavaThread "Cache worker for Java compile cache (C:\Users\Dell\.gradle\caches\7.0.2\javaCompile)" [_thread_blocked, id=3800, stack(0x000000006cf40000,0x000000006d040000)]
  0x000000006604f800 JavaThread "Cache worker for Java compile cache (C:\Users\Dell\AndroidStudioProjects\NoteApp\.gradle\7.0.2\javaCompile)" [_thread_blocked, id=5944, stack(0x000000006a0b0000,0x000000006a1b0000)]
  0x0000000066050000 JavaThread "WorkerExecutor Queue Thread 5" [_thread_blocked, id=1804, stack(0x0000000071cc0000,0x0000000071dc0000)]

Other Threads:
=>0x000000005d7a8800 VMThread "VM Thread" [stack: 0x000000005d8b0000,0x000000005d9b0000] [id=4024]
  0x000000005e5f0000 WatcherThread [stack: 0x000000005ebd0000,0x000000005ecd0000] [id=1452]
  0x00000000001b1800 GCTaskThread "GC Thread#0" [stack: 0x0000000015410000,0x0000000015510000] [id=3060]
  0x000000005e6f3800 GCTaskThread "GC Thread#1" [stack: 0x000000005edb0000,0x000000005eeb0000] [id=272]
  0x000000005f534800 GCTaskThread "GC Thread#2" [stack: 0x0000000063fd0000,0x00000000640d0000] [id=5092]
  0x000000005d889800 GCTaskThread "GC Thread#3" [stack: 0x00000000641a0000,0x00000000642a0000] [id=5112]
  0x00000000001e2000 ConcurrentGCThread "G1 Main Marker" [stack: 0x000000001a5f0000,0x000000001a6f0000] [id=3492]
  0x00000000001e3800 ConcurrentGCThread "G1 Conc#0" [stack: 0x000000001a700000,0x000000001a800000] [id=5720]
  0x000000000021f800 ConcurrentGCThread "G1 Refine#0" [stack: 0x000000001cc80000,0x000000001cd80000] [id=804]
  0x000000001cb59800 ConcurrentGCThread "G1 Young RemSet Sampling" [stack: 0x000000001cdb0000,0x000000001ceb0000] [id=3992]

Threads with active compile tasks:
C2 CompilerThread0 172222 17423       4       com.android.tools.r8.internal.X4::a (1165 bytes)
C1 CompilerThread0 172222 17531       1       com.android.tools.r8.internal.A8::U0 (2 bytes)

VM state:at safepoint (normal execution)

VM Mutex/Monitor currently owned by a thread:  ([mutex/lock_event])
[0x0000000000195480] Threads_lock - owner thread: 0x000000005d7a8800
[0x0000000000195c60] Heap_lock - owner thread: 0x0000000066050000

Heap address: 0x0000000080000000, size: 2048 MB, Compressed Oops mode: 32-bit
Narrow klass base: 0x0000000000000000, Narrow klass shift: 0
Compressed class space size: 1073741824 Address: 0x000000001ceb0000

Heap:
 garbage-first heap   total 275456K, used 131907K [0x0000000080000000, 0x0000000100000000)
  region size 1024K, 1 young (1024K), 1 survivors (1024K)
 Metaspace       used 134327K, capacity 137640K, committed 137676K, reserved 1169408K
  class space    used 16829K, capacity 18091K, committed 18124K, reserved 1048576K
Heap Regions: E=young(eden), S=young(survivor), O=old, HS=humongous(starts), HC=humongous(continues), CS=collection set, F=free, A=archive, TAMS=top-at-mark-start (previous, next)
|   0|0x0000000080000000, 0x0000000080100000, 0x0000000080100000|100%| O|  |TAMS 0x0000000080100000, 0x0000000080000000| Untracked 
|   1|0x0000000080100000, 0x0000000080200000, 0x0000000080200000|100%| O|  |TAMS 0x0000000080200000, 0x0000000080100000| Untracked 
|   2|0x0000000080200000, 0x0000000080300000, 0x0000000080300000|100%| O|  |TAMS 0x0000000080300000, 0x0000000080200000| Untracked 
|   3|0x0000000080300000, 0x0000000080400000, 0x0000000080400000|100%|HS|  |TAMS 0x0000000080400000, 0x0000000080300000| Complete 
|   4|0x0000000080400000, 0x0000000080500000, 0x0000000080500000|100%|HC|  |TAMS 0x0000000080500000, 0x0000000080400000| Complete 
|   5|0x0000000080500000, 0x0000000080600000, 0x0000000080600000|100%|HC|  |TAMS 0x0000000080600000, 0x0000000080500000| Complete 
|   6|0x0000000080600000, 0x0000000080700000, 0x0000000080700000|100%| O|  |TAMS 0x0000000080700000, 0x0000000080600000| Untracked 
|   7|0x0000000080700000, 0x0000000080800000, 0x0000000080800000|100%| O|  |TAMS 0x0000000080800000, 0x0000000080700000| Untracked 
|   8|0x0000000080800000, 0x0000000080900000, 0x0000000080900000|100%| O|  |TAMS 0x0000000080900000, 0x0000000080800000| Untracked 
|   9|0x0000000080900000, 0x0000000080a00000, 0x0000000080a00000|100%| O|  |TAMS 0x0000000080a00000, 0x0000000080900000| Untracked 
|  10|0x0000000080a00000, 0x0000000080b00000, 0x0000000080b00000|100%| O|  |TAMS 0x0000000080b00000, 0x0000000080a00000| Untracked 
|  11|0x0000000080b00000, 0x0000000080c00000, 0x0000000080c00000|100%| O|  |TAMS 0x0000000080c00000, 0x0000000080b00000| Untracked 
|  12|0x0000000080c00000, 0x0000000080d00000, 0x0000000080d00000|100%| O|  |TAMS 0x0000000080d00000, 0x0000000080c00000| Untracked 
|  13|0x0000000080d00000, 0x0000000080e00000, 0x0000000080e00000|100%| O|  |TAMS 0x0000000080e00000, 0x0000000080d00000| Untracked 
|  14|0x0000000080e00000, 0x0000000080f00000, 0x0000000080f00000|100%| O|  |TAMS 0x0000000080f00000, 0x0000000080e00000| Untracked 
|  15|0x0000000080f00000, 0x0000000081000000, 0x0000000081000000|100%| O|  |TAMS 0x0000000081000000, 0x0000000080f00000| Untracked 
|  16|0x0000000081000000, 0x0000000081100000, 0x0000000081100000|100%| O|  |TAMS 0x0000000081100000, 0x0000000081000000| Untracked 
|  17|0x0000000081100000, 0x0000000081200000, 0x0000000081200000|100%| O|  |TAMS 0x0000000081200000, 0x0000000081100000| Untracked 
|  18|0x0000000081200000, 0x0000000081300000, 0x0000000081300000|100%| O|  |TAMS 0x0000000081300000, 0x0000000081200000| Untracked 
|  19|0x0000000081300000, 0x0000000081400000, 0x0000000081400000|100%| O|  |TAMS 0x0000000081400000, 0x0000000081300000| Untracked 
|  20|0x0000000081400000, 0x0000000081500000, 0x0000000081500000|100%| O|  |TAMS 0x0000000081500000, 0x0000000081400000| Untracked 
|  21|0x0000000081500000, 0x0000000081600000, 0x0000000081600000|100%| O|  |TAMS 0x0000000081600000, 0x0000000081500000| Untracked 
|  22|0x0000000081600000, 0x0000000081700000, 0x0000000081700000|100%| O|  |TAMS 0x0000000081700000, 0x0000000081600000| Untracked 
|  23|0x0000000081700000, 0x0000000081800000, 0x0000000081800000|100%|HS|  |TAMS 0x0000000081800000, 0x0000000081700000| Complete 
|  24|0x0000000081800000, 0x0000000081900000, 0x0000000081900000|100%| O|  |TAMS 0x0000000081900000, 0x0000000081800000| Untracked 
|  25|0x0000000081900000, 0x0000000081a00000, 0x0000000081a00000|100%| O|  |TAMS 0x0000000081a00000, 0x0000000081900000| Untracked 
|  26|0x0000000081a00000, 0x0000000081b00000, 0x0000000081b00000|100%| O|  |TAMS 0x0000000081b00000, 0x0000000081a00000| Untracked 
|  27|0x0000000081b00000, 0x0000000081c00000, 0x0000000081c00000|100%| O|  |TAMS 0x0000000081c00000, 0x0000000081b00000| Untracked 
|  28|0x0000000081c00000, 0x0000000081d00000, 0x0000000081d00000|100%|HS|  |TAMS 0x0000000081d00000, 0x0000000081c00000| Complete 
|  29|0x0000000081d00000, 0x0000000081e00000, 0x0000000081e00000|100%|HS|  |TAMS 0x0000000081e00000, 0x0000000081d00000| Complete 
|  30|0x0000000081e00000, 0x0000000081f00000, 0x0000000081f00000|100%|HS|  |TAMS 0x0000000081f00000, 0x0000000081e00000| Complete 
|  31|0x0000000081f00000, 0x0000000082000000, 0x0000000082000000|100%|HC|  |TAMS 0x0000000082000000, 0x0000000081f00000| Complete 
|  32|0x0000000082000000, 0x0000000082100000, 0x0000000082100000|100%|HC|  |TAMS 0x0000000082100000, 0x0000000082000000| Complete 
|  33|0x0000000082100000, 0x0000000082200000, 0x0000000082200000|100%|HS|  |TAMS 0x0000000082200000, 0x0000000082100000| Complete 
|  34|0x0000000082200000, 0x0000000082300000, 0x0000000082300000|100%|HC|  |TAMS 0x0000000082300000, 0x0000000082200000| Complete 
|  35|0x0000000082300000, 0x0000000082400000, 0x0000000082400000|100%| O|  |TAMS 0x0000000082400000, 0x0000000082300000| Untracked 
|  36|0x0000000082400000, 0x0000000082500000, 0x0000000082500000|100%| O|  |TAMS 0x0000000082500000, 0x0000000082400000| Untracked 
|  37|0x0000000082500000, 0x0000000082600000, 0x0000000082600000|100%| O|  |TAMS 0x0000000082600000, 0x0000000082500000| Untracked 
|  38|0x0000000082600000, 0x0000000082700000, 0x0000000082700000|100%| O|  |TAMS 0x0000000082700000, 0x0000000082600000| Untracked 
|  39|0x0000000082700000, 0x0000000082800000, 0x0000000082800000|100%| O|  |TAMS 0x0000000082800000, 0x0000000082700000| Untracked 
|  40|0x0000000082800000, 0x0000000082900000, 0x0000000082900000|100%| O|  |TAMS 0x0000000082900000, 0x0000000082800000| Untracked 
|  41|0x0000000082900000, 0x0000000082a00000, 0x0000000082a00000|100%| O|  |TAMS 0x0000000082a00000, 0x0000000082900000| Untracked 
|  42|0x0000000082a00000, 0x0000000082b00000, 0x0000000082b00000|100%| O|  |TAMS 0x0000000082b00000, 0x0000000082a00000| Untracked 
|  43|0x0000000082b00000, 0x0000000082c00000, 0x0000000082c00000|100%| O|  |TAMS 0x0000000082c00000, 0x0000000082b00000| Untracked 
|  44|0x0000000082c00000, 0x0000000082d00000, 0x0000000082d00000|100%| O|  |TAMS 0x0000000082d00000, 0x0000000082c00000| Untracked 
|  45|0x0000000082d00000, 0x0000000082e00000, 0x0000000082e00000|100%| O|  |TAMS 0x0000000082e00000, 0x0000000082d00000| Untracked 
|  46|0x0000000082e00000, 0x0000000082f00000, 0x0000000082f00000|100%| O|  |TAMS 0x0000000082f00000, 0x0000000082e00000| Untracked 
|  47|0x0000000082f00000, 0x0000000083000000, 0x0000000083000000|100%| O|  |TAMS 0x0000000083000000, 0x0000000082f00000| Untracked 
|  48|0x0000000083000000, 0x0000000083100000, 0x0000000083100000|100%| O|  |TAMS 0x0000000083100000, 0x0000000083000000| Untracked 
|  49|0x0000000083100000, 0x0000000083200000, 0x0000000083200000|100%| O|  |TAMS 0x0000000083200000, 0x0000000083100000| Untracked 
|  50|0x0000000083200000, 0x0000000083300000, 0x0000000083300000|100%| O|  |TAMS 0x0000000083300000, 0x0000000083200000| Untracked 
|  51|0x0000000083300000, 0x0000000083400000, 0x0000000083400000|100%| O|  |TAMS 0x0000000083400000, 0x0000000083300000| Untracked 
|  52|0x0000000083400000, 0x0000000083500000, 0x0000000083500000|100%| O|  |TAMS 0x0000000083500000, 0x0000000083400000| Untracked 
|  53|0x0000000083500000, 0x0000000083600000, 0x0000000083600000|100%| O|  |TAMS 0x0000000083600000, 0x0000000083500000| Untracked 
|  54|0x0000000083600000, 0x0000000083700000, 0x0000000083700000|100%| O|  |TAMS 0x0000000083700000, 0x0000000083600000| Untracked 
|  55|0x0000000083700000, 0x0000000083800000, 0x0000000083800000|100%| O|  |TAMS 0x0000000083800000, 0x0000000083700000| Untracked 
|  56|0x0000000083800000, 0x0000000083900000, 0x0000000083900000|100%| O|  |TAMS 0x0000000083900000, 0x0000000083800000| Untracked 
|  57|0x0000000083900000, 0x0000000083a00000, 0x0000000083a00000|100%| O|  |TAMS 0x0000000083a00000, 0x0000000083900000| Untracked 
|  58|0x0000000083a00000, 0x0000000083b00000, 0x0000000083b00000|100%| O|  |TAMS 0x0000000083b00000, 0x0000000083a00000| Untracked 
|  59|0x0000000083b00000, 0x0000000083c00000, 0x0000000083c00000|100%| O|  |TAMS 0x0000000083c00000, 0x0000000083b00000| Untracked 
|  60|0x0000000083c00000, 0x0000000083d00000, 0x0000000083d00000|100%| O|  |TAMS 0x0000000083d00000, 0x0000000083c00000| Untracked 
|  61|0x0000000083d00000, 0x0000000083e00000, 0x0000000083e00000|100%| O|  |TAMS 0x0000000083e00000, 0x0000000083d00000| Untracked 
|  62|0x0000000083e00000, 0x0000000083f00000, 0x0000000083f00000|100%| O|  |TAMS 0x0000000083f00000, 0x0000000083e00000| Untracked 
|  63|0x0000000083f00000, 0x0000000084000000, 0x0000000084000000|100%| O|  |TAMS 0x0000000084000000, 0x0000000083f00000| Untracked 
|  64|0x0000000084000000, 0x0000000084100000, 0x0000000084100000|100%| O|  |TAMS 0x0000000084100000, 0x0000000084000000| Untracked 
|  65|0x0000000084100000, 0x0000000084200000, 0x0000000084200000|100%| O|  |TAMS 0x0000000084200000, 0x0000000084100000| Untracked 
|  66|0x0000000084200000, 0x0000000084300000, 0x0000000084300000|100%| O|  |TAMS 0x0000000084300000, 0x0000000084200000| Untracked 
|  67|0x0000000084300000, 0x0000000084400000, 0x0000000084400000|100%| O|  |TAMS 0x0000000084400000, 0x0000000084300000| Untracked 
|  68|0x0000000084400000, 0x0000000084500000, 0x0000000084500000|100%| O|  |TAMS 0x0000000084500000, 0x0000000084400000| Untracked 
|  69|0x0000000084500000, 0x0000000084600000, 0x0000000084600000|100%| O|  |TAMS 0x0000000084600000, 0x0000000084500000| Untracked 
|  70|0x0000000084600000, 0x0000000084700000, 0x0000000084700000|100%| O|  |TAMS 0x0000000084700000, 0x0000000084600000| Untracked 
|  71|0x0000000084700000, 0x0000000084800000, 0x0000000084800000|100%| O|  |TAMS 0x0000000084800000, 0x0000000084700000| Untracked 
|  72|0x0000000084800000, 0x0000000084900000, 0x0000000084900000|100%| O|  |TAMS 0x0000000084900000, 0x0000000084800000| Untracked 
|  73|0x0000000084900000, 0x0000000084a00000, 0x0000000084a00000|100%| O|  |TAMS 0x0000000084a00000, 0x0000000084900000| Untracked 
|  74|0x0000000084a00000, 0x0000000084b00000, 0x0000000084b00000|100%| O|  |TAMS 0x0000000084a34c00, 0x0000000084a00000| Untracked 
|  75|0x0000000084b00000, 0x0000000084c00000, 0x0000000084c00000|100%| O|  |TAMS 0x0000000084c00000, 0x0000000084b00000| Untracked 
|  76|0x0000000084c00000, 0x0000000084d00000, 0x0000000084d00000|100%| O|  |TAMS 0x0000000084d00000, 0x0000000084c00000| Untracked 
|  77|0x0000000084d00000, 0x0000000084e00000, 0x0000000084e00000|100%| O|  |TAMS 0x0000000084e00000, 0x0000000084d00000| Untracked 
|  78|0x0000000084e00000, 0x0000000084f00000, 0x0000000084f00000|100%| O|  |TAMS 0x0000000084e00000, 0x0000000084e00000| Untracked 
|  79|0x0000000084f00000, 0x0000000085000000, 0x0000000085000000|100%| O|  |TAMS 0x0000000084f00000, 0x0000000084f00000| Untracked 
|  80|0x0000000085000000, 0x0000000085100000, 0x0000000085100000|100%| O|  |TAMS 0x0000000085100000, 0x0000000085000000| Untracked 
|  81|0x0000000085100000, 0x0000000085200000, 0x0000000085200000|100%| O|  |TAMS 0x0000000085200000, 0x0000000085100000| Untracked 
|  82|0x0000000085200000, 0x0000000085300000, 0x0000000085300000|100%| O|  |TAMS 0x0000000085300000, 0x0000000085200000| Untracked 
|  83|0x0000000085300000, 0x0000000085400000, 0x0000000085400000|100%| O|  |TAMS 0x0000000085400000, 0x0000000085300000| Untracked 
|  84|0x0000000085400000, 0x0000000085500000, 0x0000000085500000|100%| O|  |TAMS 0x0000000085500000, 0x0000000085400000| Untracked 
|  85|0x0000000085500000, 0x0000000085600000, 0x0000000085600000|100%| O|  |TAMS 0x0000000085600000, 0x0000000085500000| Untracked 
|  86|0x0000000085600000, 0x0000000085700000, 0x0000000085700000|100%| O|  |TAMS 0x0000000085700000, 0x0000000085600000| Untracked 
|  87|0x0000000085700000, 0x0000000085800000, 0x0000000085800000|100%| O|  |TAMS 0x0000000085800000, 0x0000000085700000| Untracked 
|  88|0x0000000085800000, 0x0000000085900000, 0x0000000085900000|100%| O|  |TAMS 0x0000000085900000, 0x0000000085800000| Untracked 
|  89|0x0000000085900000, 0x0000000085a00000, 0x0000000085a00000|100%| O|  |TAMS 0x0000000085a00000, 0x0000000085900000| Untracked 
|  90|0x0000000085a00000, 0x0000000085b00000, 0x0000000085b00000|100%| O|  |TAMS 0x0000000085b00000, 0x0000000085a00000| Untracked 
|  91|0x0000000085b00000, 0x0000000085c00000, 0x0000000085c00000|100%| O|  |TAMS 0x0000000085c00000, 0x0000000085b00000| Untracked 
|  92|0x0000000085c00000, 0x0000000085d00000, 0x0000000085d00000|100%| O|  |TAMS 0x0000000085d00000, 0x0000000085c00000| Untracked 
|  93|0x0000000085d00000, 0x0000000085e00000, 0x0000000085e00000|100%| O|  |TAMS 0x0000000085e00000, 0x0000000085d00000| Untracked 
|  94|0x0000000085e00000, 0x0000000085f00000, 0x0000000085f00000|100%| O|  |TAMS 0x0000000085f00000, 0x0000000085e00000| Untracked 
|  95|0x0000000085f00000, 0x0000000086000000, 0x0000000086000000|100%| O|  |TAMS 0x0000000085f00000, 0x0000000085f00000| Untracked 
|  96|0x0000000086000000, 0x0000000086100000, 0x0000000086100000|100%| O|  |TAMS 0x0000000086100000, 0x0000000086000000| Untracked 
|  97|0x0000000086100000, 0x0000000086200000, 0x0000000086200000|100%| O|  |TAMS 0x0000000086200000, 0x0000000086100000| Untracked 
|  98|0x0000000086200000, 0x0000000086300000, 0x0000000086300000|100%| O|  |TAMS 0x0000000086300000, 0x0000000086200000| Untracked 
|  99|0x0000000086300000, 0x0000000086400000, 0x0000000086400000|100%|HS|  |TAMS 0x0000000086400000, 0x0000000086300000| Complete 
| 100|0x0000000086400000, 0x0000000086500000, 0x0000000086500000|100%|HC|  |TAMS 0x0000000086500000, 0x0000000086400000| Complete 
| 101|0x0000000086500000, 0x0000000086600000, 0x0000000086600000|100%|HC|  |TAMS 0x0000000086600000, 0x0000000086500000| Complete 
| 102|0x0000000086600000, 0x0000000086700000, 0x0000000086700000|100%| O|  |TAMS 0x0000000086600000, 0x0000000086600000| Untracked 
| 103|0x0000000086700000, 0x0000000086800000, 0x0000000086800000|100%| O|  |TAMS 0x0000000086700000, 0x0000000086700000| Untracked 
| 104|0x0000000086800000, 0x0000000086900000, 0x0000000086900000|100%| O|  |TAMS 0x0000000086800000, 0x0000000086800000| Untracked 
| 105|0x0000000086900000, 0x0000000086a00000, 0x0000000086a00000|100%| O|  |TAMS 0x0000000086a00000, 0x0000000086900000| Untracked 
| 106|0x0000000086a00000, 0x0000000086b00000, 0x0000000086b00000|100%| O|  |TAMS 0x0000000086b00000, 0x0000000086a00000| Untracked 
| 107|0x0000000086b00000, 0x0000000086c00000, 0x0000000086c00000|100%| O|  |TAMS 0x0000000086c00000, 0x0000000086b00000| Untracked 
| 108|0x0000000086c00000, 0x0000000086d00000, 0x0000000086d00000|100%| O|  |TAMS 0x0000000086c00000, 0x0000000086c00000| Untracked 
| 109|0x0000000086d00000, 0x0000000086e00000, 0x0000000086e00000|100%| O|  |TAMS 0x0000000086e00000, 0x0000000086d00000| Untracked 
| 110|0x0000000086e00000, 0x0000000086f00000, 0x0000000086f00000|100%| O|  |TAMS 0x0000000086e00000, 0x0000000086e00000| Untracked 
| 111|0x0000000086f00000, 0x0000000087000000, 0x0000000087000000|100%| O|  |TAMS 0x0000000086f00000, 0x0000000086f00000| Untracked 
| 112|0x0000000087000000, 0x0000000087100000, 0x0000000087100000|100%| O|  |TAMS 0x0000000087000000, 0x0000000087000000| Untracked 
| 113|0x0000000087100000, 0x0000000087200000, 0x0000000087200000|100%| O|  |TAMS 0x0000000087100000, 0x0000000087100000| Untracked 
| 114|0x0000000087200000, 0x0000000087300000, 0x0000000087300000|100%|HS|  |TAMS 0x0000000087300000, 0x0000000087200000| Complete 
| 115|0x0000000087300000, 0x0000000087400000, 0x0000000087400000|100%| O|  |TAMS 0x0000000087400000, 0x0000000087300000| Untracked 
| 116|0x0000000087400000, 0x0000000087500000, 0x0000000087500000|100%| O|  |TAMS 0x0000000087500000, 0x0000000087400000| Untracked 
| 117|0x0000000087500000, 0x0000000087600000, 0x0000000087600000|100%| O|  |TAMS 0x0000000087600000, 0x0000000087500000| Untracked 
| 118|0x0000000087600000, 0x0000000087600000, 0x0000000087700000|  0%| F|  |TAMS 0x0000000087600000, 0x0000000087600000| Untracked 
| 119|0x0000000087700000, 0x0000000087700000, 0x0000000087800000|  0%| F|  |TAMS 0x0000000087700000, 0x0000000087700000| Untracked 
| 120|0x0000000087800000, 0x0000000087800000, 0x0000000087900000|  0%| F|  |TAMS 0x0000000087800000, 0x0000000087800000| Untracked 
| 121|0x0000000087900000, 0x0000000087900000, 0x0000000087a00000|  0%| F|  |TAMS 0x0000000087900000, 0x0000000087900000| Untracked 
| 122|0x0000000087a00000, 0x0000000087b00000, 0x0000000087b00000|100%| O|  |TAMS 0x0000000087b00000, 0x0000000087a00000| Untracked 
| 123|0x0000000087b00000, 0x0000000087b00000, 0x0000000087c00000|  0%| F|  |TAMS 0x0000000087b00000, 0x0000000087b00000| Untracked 
| 124|0x0000000087c00000, 0x0000000087c00000, 0x0000000087d00000|  0%| F|  |TAMS 0x0000000087c00000, 0x0000000087c00000| Untracked 
| 125|0x0000000087d00000, 0x0000000087e00000, 0x0000000087e00000|100%| O|  |TAMS 0x0000000087e00000, 0x0000000087d00000| Untracked 
| 126|0x0000000087e00000, 0x0000000087f00000, 0x0000000087f00000|100%| O|  |TAMS 0x0000000087f00000, 0x0000000087e00000| Untracked 
| 127|0x0000000087f00000, 0x0000000088000000, 0x0000000088000000|100%| O|  |TAMS 0x0000000088000000, 0x0000000087f00000| Untracked 
| 128|0x0000000088000000, 0x0000000088000000, 0x0000000088100000|  0%| F|  |TAMS 0x0000000088000000, 0x0000000088000000| Untracked 
| 129|0x0000000088100000, 0x0000000088100000, 0x0000000088200000|  0%| F|  |TAMS 0x0000000088100000, 0x0000000088100000| Untracked 
| 130|0x0000000088200000, 0x0000000088300000, 0x0000000088300000|100%| O|  |TAMS 0x0000000088300000, 0x0000000088200000| Untracked 
| 131|0x0000000088300000, 0x0000000088300000, 0x0000000088400000|  0%| F|  |TAMS 0x0000000088300000, 0x0000000088300000| Untracked 
| 132|0x0000000088400000, 0x0000000088400000, 0x0000000088500000|  0%| F|  |TAMS 0x0000000088400000, 0x0000000088400000| Untracked 
| 133|0x0000000088500000, 0x0000000088500000, 0x0000000088600000|  0%| F|  |TAMS 0x0000000088500000, 0x0000000088500000| Untracked 
| 134|0x0000000088600000, 0x0000000088600000, 0x0000000088700000|  0%| F|  |TAMS 0x0000000088600000, 0x0000000088600000| Untracked 
| 135|0x0000000088700000, 0x0000000088700000, 0x0000000088800000|  0%| F|  |TAMS 0x0000000088700000, 0x0000000088700000| Untracked 
| 136|0x0000000088800000, 0x0000000088800000, 0x0000000088900000|  0%| F|  |TAMS 0x0000000088800000, 0x0000000088800000| Untracked 
| 137|0x0000000088900000, 0x0000000088900000, 0x0000000088a00000|  0%| F|  |TAMS 0x0000000088900000, 0x0000000088900000| Untracked 
| 138|0x0000000088a00000, 0x0000000088a00000, 0x0000000088b00000|  0%| F|  |TAMS 0x0000000088a00000, 0x0000000088a00000| Untracked 
| 139|0x0000000088b00000, 0x0000000088b00000, 0x0000000088c00000|  0%| F|  |TAMS 0x0000000088b00000, 0x0000000088b00000| Untracked 
| 140|0x0000000088c00000, 0x0000000088c00000, 0x0000000088d00000|  0%| F|  |TAMS 0x0000000088c00000, 0x0000000088c00000| Untracked 
| 141|0x0000000088d00000, 0x0000000088e00000, 0x0000000088e00000|100%| O|  |TAMS 0x0000000088e00000, 0x0000000088d00000| Untracked 
| 142|0x0000000088e00000, 0x0000000088f00000, 0x0000000088f00000|100%| O|  |TAMS 0x0000000088f00000, 0x0000000088e00000| Untracked 
| 143|0x0000000088f00000, 0x0000000089000000, 0x0000000089000000|100%| O|  |TAMS 0x0000000089000000, 0x0000000088f00000| Untracked 
| 144|0x0000000089000000, 0x0000000089100000, 0x0000000089100000|100%| O|  |TAMS 0x0000000089100000, 0x0000000089000000| Untracked 
| 145|0x0000000089100000, 0x0000000089200000, 0x0000000089200000|100%| O|  |TAMS 0x0000000089200000, 0x0000000089100000| Untracked 
| 146|0x0000000089200000, 0x0000000089200000, 0x0000000089300000|  0%| F|  |TAMS 0x0000000089200000, 0x0000000089200000| Untracked 
| 147|0x0000000089300000, 0x0000000089300000, 0x0000000089400000|  0%| F|  |TAMS 0x0000000089300000, 0x0000000089300000| Untracked 
| 148|0x0000000089400000, 0x0000000089400000, 0x0000000089500000|  0%| F|  |TAMS 0x0000000089400000, 0x0000000089400000| Untracked 
| 149|0x0000000089500000, 0x0000000089500000, 0x0000000089600000|  0%| F|  |TAMS 0x0000000089500000, 0x0000000089500000| Untracked 
| 150|0x0000000089600000, 0x0000000089600000, 0x0000000089700000|  0%| F|  |TAMS 0x0000000089600000, 0x0000000089600000| Untracked 
| 151|0x0000000089700000, 0x0000000089700000, 0x0000000089800000|  0%| F|  |TAMS 0x0000000089700000, 0x0000000089700000| Untracked 
| 152|0x0000000089800000, 0x0000000089800000, 0x0000000089900000|  0%| F|  |TAMS 0x0000000089800000, 0x0000000089800000| Untracked 
| 153|0x0000000089900000, 0x0000000089900000, 0x0000000089a00000|  0%| F|  |TAMS 0x0000000089900000, 0x0000000089900000| Untracked 
| 154|0x0000000089a00000, 0x0000000089a00000, 0x0000000089b00000|  0%| F|  |TAMS 0x0000000089a00000, 0x0000000089a00000| Untracked 
| 155|0x0000000089b00000, 0x0000000089b00000, 0x0000000089c00000|  0%| F|  |TAMS 0x0000000089b00000, 0x0000000089b00000| Untracked 
| 156|0x0000000089c00000, 0x0000000089c00000, 0x0000000089d00000|  0%| F|  |TAMS 0x0000000089c00000, 0x0000000089c00000| Untracked 
| 157|0x0000000089d00000, 0x0000000089d00000, 0x0000000089e00000|  0%| F|  |TAMS 0x0000000089d00000, 0x0000000089d00000| Untracked 
| 158|0x0000000089e00000, 0x0000000089e00000, 0x0000000089f00000|  0%| F|  |TAMS 0x0000000089e00000, 0x0000000089e00000| Untracked 
| 159|0x0000000089f00000, 0x0000000089f00000, 0x000000008a000000|  0%| F|  |TAMS 0x0000000089f00000, 0x0000000089f00000| Untracked 
| 160|0x000000008a000000, 0x000000008a000000, 0x000000008a100000|  0%| F|  |TAMS 0x000000008a000000, 0x000000008a000000| Untracked 
| 161|0x000000008a100000, 0x000000008a100000, 0x000000008a200000|  0%| F|  |TAMS 0x000000008a100000, 0x000000008a100000| Untracked 
| 162|0x000000008a200000, 0x000000008a200000, 0x000000008a300000|  0%| F|  |TAMS 0x000000008a200000, 0x000000008a200000| Untracked 
| 163|0x000000008a300000, 0x000000008a300000, 0x000000008a400000|  0%| F|  |TAMS 0x000000008a300000, 0x000000008a300000| Untracked 
| 164|0x000000008a400000, 0x000000008a400000, 0x000000008a500000|  0%| F|  |TAMS 0x000000008a400000, 0x000000008a400000| Untracked 
| 165|0x000000008a500000, 0x000000008a500000, 0x000000008a600000|  0%| F|  |TAMS 0x000000008a500000, 0x000000008a500000| Untracked 
| 166|0x000000008a600000, 0x000000008a600000, 0x000000008a700000|  0%| F|  |TAMS 0x000000008a600000, 0x000000008a600000| Untracked 
| 167|0x000000008a700000, 0x000000008a7d0ef8, 0x000000008a800000| 81%| S|CS|TAMS 0x000000008a700000, 0x000000008a700000| Complete 
| 168|0x000000008a800000, 0x000000008a800000, 0x000000008a900000|  0%| F|  |TAMS 0x000000008a800000, 0x000000008a800000| Untracked 
| 169|0x000000008a900000, 0x000000008a900000, 0x000000008aa00000|  0%| F|  |TAMS 0x000000008a900000, 0x000000008a900000| Untracked 
| 170|0x000000008aa00000, 0x000000008aa00000, 0x000000008ab00000|  0%| F|  |TAMS 0x000000008aa00000, 0x000000008aa00000| Untracked 
| 171|0x000000008ab00000, 0x000000008ab00000, 0x000000008ac00000|  0%| F|  |TAMS 0x000000008ab00000, 0x000000008ab00000| Untracked 
| 172|0x000000008ac00000, 0x000000008ac00000, 0x000000008ad00000|  0%| F|  |TAMS 0x000000008ac00000, 0x000000008ac00000| Untracked 
| 173|0x000000008ad00000, 0x000000008ad00000, 0x000000008ae00000|  0%| F|  |TAMS 0x000000008ad00000, 0x000000008ad00000| Untracked 
| 174|0x000000008ae00000, 0x000000008ae00000, 0x000000008af00000|  0%| F|  |TAMS 0x000000008ae00000, 0x000000008ae00000| Untracked 
| 175|0x000000008af00000, 0x000000008af00000, 0x000000008b000000|  0%| F|  |TAMS 0x000000008af00000, 0x000000008af00000| Untracked 
| 176|0x000000008b000000, 0x000000008b000000, 0x000000008b100000|  0%| F|  |TAMS 0x000000008b000000, 0x000000008b000000| Untracked 
| 177|0x000000008b100000, 0x000000008b100000, 0x000000008b200000|  0%| F|  |TAMS 0x000000008b100000, 0x000000008b100000| Untracked 
| 178|0x000000008b200000, 0x000000008b200000, 0x000000008b300000|  0%| F|  |TAMS 0x000000008b200000, 0x000000008b200000| Untracked 
| 179|0x000000008b300000, 0x000000008b300000, 0x000000008b400000|  0%| F|  |TAMS 0x000000008b300000, 0x000000008b300000| Untracked 
| 180|0x000000008b400000, 0x000000008b400000, 0x000000008b500000|  0%| F|  |TAMS 0x000000008b400000, 0x000000008b400000| Untracked 
| 181|0x000000008b500000, 0x000000008b500000, 0x000000008b600000|  0%| F|  |TAMS 0x000000008b500000, 0x000000008b500000| Untracked 
| 182|0x000000008b600000, 0x000000008b600000, 0x000000008b700000|  0%| F|  |TAMS 0x000000008b600000, 0x000000008b600000| Untracked 
| 183|0x000000008b700000, 0x000000008b700000, 0x000000008b800000|  0%| F|  |TAMS 0x000000008b700000, 0x000000008b700000| Untracked 
| 184|0x000000008b800000, 0x000000008b800000, 0x000000008b900000|  0%| F|  |TAMS 0x000000008b800000, 0x000000008b800000| Untracked 
| 185|0x000000008b900000, 0x000000008b900000, 0x000000008ba00000|  0%| F|  |TAMS 0x000000008b900000, 0x000000008b900000| Untracked 
| 186|0x000000008ba00000, 0x000000008ba00000, 0x000000008bb00000|  0%| F|  |TAMS 0x000000008ba00000, 0x000000008ba00000| Untracked 
| 187|0x000000008bb00000, 0x000000008bb00000, 0x000000008bc00000|  0%| F|  |TAMS 0x000000008bb00000, 0x000000008bb00000| Untracked 
| 188|0x000000008bc00000, 0x000000008bc00000, 0x000000008bd00000|  0%| F|  |TAMS 0x000000008bc00000, 0x000000008bc00000| Untracked 
| 189|0x000000008bd00000, 0x000000008bd00000, 0x000000008be00000|  0%| F|  |TAMS 0x000000008bd00000, 0x000000008bd00000| Untracked 
| 190|0x000000008be00000, 0x000000008be00000, 0x000000008bf00000|  0%| F|  |TAMS 0x000000008be00000, 0x000000008be00000| Untracked 
| 191|0x000000008bf00000, 0x000000008bf00000, 0x000000008c000000|  0%| F|  |TAMS 0x000000008bf00000, 0x000000008bf00000| Untracked 
| 192|0x000000008c000000, 0x000000008c000000, 0x000000008c100000|  0%| F|  |TAMS 0x000000008c000000, 0x000000008c000000| Untracked 
| 193|0x000000008c100000, 0x000000008c100000, 0x000000008c200000|  0%| F|  |TAMS 0x000000008c100000, 0x000000008c100000| Untracked 

Card table byte_map: [0x0000000015c40000,0x0000000016040000] _byte_map_base: 0x0000000015840000

Marking Bits (Prev, Next): (CMBitMap*) 0x00000000001d9550, (CMBitMap*) 0x00000000001d9518
 Prev Bits: [0x0000000018440000, 0x000000001a440000)
 Next Bits: [0x0000000016440000, 0x0000000018440000)

Polling page: 0x0000000002040000

Metaspace:

Usage:
  Non-class:    116.75 MB capacity,   114.74 MB ( 98%) used,     1.61 MB (  1%) free+waste,   399.88 KB ( <1%) overhead. 
      Class:     17.67 MB capacity,    16.44 MB ( 93%) used,     1.05 MB (  6%) free+waste,   181.00 KB (  1%) overhead. 
       Both:    134.41 MB capacity,   131.18 MB ( 98%) used,     2.67 MB (  2%) free+waste,   580.88 KB ( <1%) overhead. 

Virtual space:
  Non-class space:      118.00 MB reserved,     116.75 MB ( 99%) committed 
      Class space:        1.00 GB reserved,      17.70 MB (  2%) committed 
             Both:        1.12 GB reserved,     134.45 MB ( 12%) committed 

Chunk freelists:
   Non-Class:  3.00 KB
       Class:  21.00 KB
        Both:  24.00 KB

MaxMetaspaceSize: 17179869184.00 GB
CompressedClassSpaceSize: 1.00 GB

CodeHeap 'non-profiled nmethods': size=120064Kb used=10279Kb max_used=10999Kb free=109784Kb
 bounds [0x000000000db20000, 0x000000000e5e0000, 0x0000000015060000]
CodeHeap 'profiled nmethods': size=120000Kb used=36081Kb max_used=38009Kb free=83918Kb
 bounds [0x00000000065f0000, 0x0000000008b30000, 0x000000000db20000]
CodeHeap 'non-nmethods': size=5696Kb used=2352Kb max_used=2389Kb free=3343Kb
 bounds [0x0000000006060000, 0x00000000062d0000, 0x00000000065f0000]
 total_blobs=17473 nmethods=16462 adapters=923
 compilation: enabled
              stopped_count=0, restarted_count=0
 full_count=0

Compilation events (20 events):
Event: 170.924 Thread 0x000000005d7d0800 nmethod 17585 0x0000000006636490 code [0x0000000006636740, 0x0000000006636e58]
Event: 170.924 Thread 0x000000005d7d0800 17586       2       com.android.tools.r8.internal.QG::f0 (8 bytes)
Event: 170.925 Thread 0x000000005d7d0800 nmethod 17586 0x0000000006635710 code [0x00000000066358c0, 0x00000000066359e8]
Event: 170.925 Thread 0x000000005d7d0800 17566       1       com.android.tools.r8.ir.regalloc.b::e (5 bytes)
Event: 170.925 Thread 0x000000005d7d0800 nmethod 17566 0x000000000db4c290 code [0x000000000db4c440, 0x000000000db4c4f8]
Event: 170.925 Thread 0x000000005d7d0800 17545       2       com.android.tools.r8.internal.Gg::a (26 bytes)
Event: 170.925 Thread 0x000000005d7d0800 nmethod 17545 0x0000000006635110 code [0x0000000006635300, 0x0000000006635598]
Event: 170.925 Thread 0x000000005d7d0800 17583       2       com.android.tools.r8.internal.QG::i (34 bytes)
Event: 170.926 Thread 0x000000005d7d0800 nmethod 17583 0x000000000663dd90 code [0x000000000663df40, 0x000000000663e138]
Event: 170.926 Thread 0x000000005d7d0800 17580       2       java.lang.Integer::compareTo (9 bytes)
Event: 170.926 Thread 0x000000005d7d0800 nmethod 17580 0x0000000006644810 code [0x00000000066449c0, 0x0000000006644b18]
Event: 170.926 Thread 0x000000005d7d0800 17592       2       com.android.tools.r8.graph.d0::T (24 bytes)
Event: 170.926 Thread 0x000000005d7d0800 nmethod 17592 0x0000000006644210 code [0x00000000066443c0, 0x0000000006644558]
Event: 170.926 Thread 0x000000005d7d0800 17544       2       com.android.tools.r8.internal.d9$a::d (5 bytes)
Event: 170.926 Thread 0x000000005d7d0800 nmethod 17544 0x0000000006645590 code [0x0000000006645740, 0x0000000006645878]
Event: 170.926 Thread 0x000000005d7d0800 17582       2       com.android.tools.r8.ir.regalloc.e::a (61 bytes)
Event: 170.927 Thread 0x000000005d7d0800 nmethod 17582 0x000000000664a810 code [0x000000000664aa00, 0x000000000664adc8]
Event: 170.927 Thread 0x000000005d7d0800 17595       2       com.android.tools.r8.graph.H::a (1035 bytes)
Event: 170.934 Thread 0x000000005d7d0800 nmethod 17595 0x0000000006647a10 code [0x0000000006647ec0, 0x0000000006649918]
Event: 170.934 Thread 0x000000005d7d0800 17531       1       com.android.tools.r8.internal.A8::U0 (2 bytes)

GC Heap History (20 events):
Event: 166.416 GC heap after
{Heap after GC invocations=97 (full 0):
 garbage-first heap   total 164864K, used 142645K [0x0000000080000000, 0x0000000100000000)
  region size 1024K, 1 young (1024K), 1 survivors (1024K)
 Metaspace       used 123632K, capacity 126382K, committed 126412K, reserved 1159168K
  class space    used 15279K, capacity 16328K, committed 16332K, reserved 1048576K
}
Event: 166.750 GC heap before
{Heap before GC invocations=97 (full 0):
 garbage-first heap   total 164864K, used 149813K [0x0000000080000000, 0x0000000100000000)
  region size 1024K, 8 young (8192K), 1 survivors (1024K)
 Metaspace       used 124414K, capacity 127214K, committed 127436K, reserved 1161216K
  class space    used 15384K, capacity 16456K, committed 16588K, reserved 1048576K
}
Event: 166.760 GC heap after
{Heap after GC invocations=98 (full 0):
 garbage-first heap   total 164864K, used 143995K [0x0000000080000000, 0x0000000100000000)
  region size 1024K, 1 young (1024K), 1 survivors (1024K)
 Metaspace       used 124414K, capacity 127214K, committed 127436K, reserved 1161216K
  class space    used 15384K, capacity 16456K, committed 16588K, reserved 1048576K
}
Event: 167.090 GC heap before
{Heap before GC invocations=99 (full 0):
 garbage-first heap   total 164864K, used 151163K [0x0000000080000000, 0x0000000100000000)
  region size 1024K, 8 young (8192K), 1 survivors (1024K)
 Metaspace       used 124830K, capacity 127631K, committed 127948K, reserved 1161216K
  class space    used 15394K, capacity 16466K, committed 16588K, reserved 1048576K
}
Event: 167.099 GC heap after
{Heap after GC invocations=100 (full 0):
 garbage-first heap   total 164864K, used 144749K [0x0000000080000000, 0x0000000100000000)
  region size 1024K, 1 young (1024K), 1 survivors (1024K)
 Metaspace       used 124830K, capacity 127631K, committed 127948K, reserved 1161216K
  class space    used 15394K, capacity 16466K, committed 16588K, reserved 1048576K
}
Event: 167.459 GC heap before
{Heap before GC invocations=100 (full 0):
 garbage-first heap   total 164864K, used 150893K [0x0000000080000000, 0x0000000100000000)
  region size 1024K, 8 young (8192K), 1 survivors (1024K)
 Metaspace       used 124951K, capacity 127720K, committed 127948K, reserved 1161216K
  class space    used 15408K, capacity 16473K, committed 16588K, reserved 1048576K
}
Event: 167.479 GC heap after
{Heap after GC invocations=101 (full 0):
 garbage-first heap   total 164864K, used 131285K [0x0000000080000000, 0x0000000100000000)
  region size 1024K, 1 young (1024K), 1 survivors (1024K)
 Metaspace       used 124951K, capacity 127720K, committed 127948K, reserved 1161216K
  class space    used 15408K, capacity 16473K, committed 16588K, reserved 1048576K
}
Event: 167.653 GC heap before
{Heap before GC invocations=101 (full 0):
 garbage-first heap   total 164864K, used 138453K [0x0000000080000000, 0x0000000100000000)
  region size 1024K, 9 young (9216K), 1 survivors (1024K)
 Metaspace       used 124951K, capacity 127720K, committed 127948K, reserved 1161216K
  class space    used 15408K, capacity 16473K, committed 16588K, reserved 1048576K
}
Event: 167.661 GC heap after
{Heap after GC invocations=102 (full 0):
 garbage-first heap   total 164864K, used 131735K [0x0000000080000000, 0x0000000100000000)
  region size 1024K, 2 young (2048K), 2 survivors (2048K)
 Metaspace       used 124951K, capacity 127720K, committed 127948K, reserved 1161216K
  class space    used 15408K, capacity 16473K, committed 16588K, reserved 1048576K
}
Event: 168.149 GC heap before
{Heap before GC invocations=102 (full 0):
 garbage-first heap   total 164864K, used 133783K [0x0000000080000000, 0x0000000100000000)
  region size 1024K, 6 young (6144K), 2 survivors (2048K)
 Metaspace       used 125060K, capacity 127849K, committed 128204K, reserved 1161216K
  class space    used 15416K, capacity 16473K, committed 16588K, reserved 1048576K
}
Event: 168.156 GC heap after
{Heap after GC invocations=103 (full 0):
 garbage-first heap   total 164864K, used 132178K [0x0000000080000000, 0x0000000100000000)
  region size 1024K, 1 young (1024K), 1 survivors (1024K)
 Metaspace       used 125060K, capacity 127849K, committed 128204K, reserved 1161216K
  class space    used 15416K, capacity 16473K, committed 16588K, reserved 1048576K
}
Event: 169.014 GC heap before
{Heap before GC invocations=104 (full 0):
 garbage-first heap   total 164864K, used 143442K [0x0000000080000000, 0x0000000100000000)
  region size 1024K, 9 young (9216K), 1 survivors (1024K)
 Metaspace       used 125929K, capacity 128725K, committed 128844K, reserved 1161216K
  class space    used 15554K, capacity 16628K, committed 16716K, reserved 1048576K
}
Event: 169.026 GC heap after
{Heap after GC invocations=105 (full 0):
 garbage-first heap   total 198656K, used 132606K [0x0000000080000000, 0x0000000100000000)
  region size 1024K, 2 young (2048K), 2 survivors (2048K)
 Metaspace       used 125929K, capacity 128725K, committed 128844K, reserved 1161216K
  class space    used 15554K, capacity 16628K, committed 16716K, reserved 1048576K
}
Event: 169.064 GC heap before
{Heap before GC invocations=105 (full 0):
 garbage-first heap   total 198656K, used 138750K [0x0000000080000000, 0x0000000100000000)
  region size 1024K, 9 young (9216K), 2 survivors (2048K)
 Metaspace       used 125985K, capacity 128803K, committed 129100K, reserved 1161216K
  class space    used 15561K, capacity 16632K, committed 16716K, reserved 1048576K
}
Event: 169.072 GC heap after
{Heap after GC invocations=106 (full 0):
 garbage-first heap   total 198656K, used 122078K [0x0000000080000000, 0x0000000100000000)
  region size 1024K, 2 young (2048K), 2 survivors (2048K)
 Metaspace       used 125985K, capacity 128803K, committed 129100K, reserved 1161216K
  class space    used 15561K, capacity 16632K, committed 16716K, reserved 1048576K
}
Event: 169.731 GC heap before
{Heap before GC invocations=106 (full 0):
 garbage-first heap   total 198656K, used 145630K [0x0000000080000000, 0x0000000100000000)
  region size 1024K, 26 young (26624K), 2 survivors (2048K)
 Metaspace       used 128890K, capacity 131882K, committed 132044K, reserved 1165312K
  class space    used 15959K, capacity 17069K, committed 17100K, reserved 1048576K
}
Event: 169.751 GC heap after
{Heap after GC invocations=107 (full 0):
 garbage-first heap   total 198656K, used 127372K [0x0000000080000000, 0x0000000100000000)
  region size 1024K, 4 young (4096K), 4 survivors (4096K)
 Metaspace       used 128890K, capacity 131882K, committed 132044K, reserved 1165312K
  class space    used 15959K, capacity 17069K, committed 17100K, reserved 1048576K
}
Event: 170.221 GC heap before
{Heap before GC invocations=107 (full 0):
 garbage-first heap   total 198656K, used 150924K [0x0000000080000000, 0x0000000100000000)
  region size 1024K, 27 young (27648K), 4 survivors (4096K)
 Metaspace       used 131598K, capacity 134765K, committed 134988K, reserved 1167360K
  class space    used 16395K, capacity 17620K, committed 17740K, reserved 1048576K
}
Event: 170.245 GC heap after
{Heap after GC invocations=108 (full 0):
 garbage-first heap   total 198656K, used 131109K [0x0000000080000000, 0x0000000100000000)
  region size 1024K, 4 young (4096K), 4 survivors (4096K)
 Metaspace       used 131598K, capacity 134765K, committed 134988K, reserved 1167360K
  class space    used 16395K, capacity 17620K, committed 17740K, reserved 1048576K
}
Event: 170.935 GC heap before
{Heap before GC invocations=108 (full 0):
 garbage-first heap   total 198656K, used 154661K [0x0000000080000000, 0x0000000100000000)
  region size 1024K, 27 young (27648K), 4 survivors (4096K)
 Metaspace       used 134327K, capacity 137640K, committed 137676K, reserved 1169408K
  class space    used 16829K, capacity 18091K, committed 18124K, reserved 1048576K
}

Deoptimization events (20 events):
Event: 170.876 Thread 0x0000000066050000 DEOPT PACKING pc=0x00000000066163b7 sp=0x0000000071dbc6a0
Event: 170.876 Thread 0x0000000066050000 DEOPT UNPACKING pc=0x000000000608673f sp=0x0000000071dbbbd8 mode 0
Event: 170.879 Thread 0x0000000066050000 DEOPT PACKING pc=0x00000000066163b7 sp=0x0000000071dbc6a0
Event: 170.879 Thread 0x0000000066050000 DEOPT UNPACKING pc=0x000000000608673f sp=0x0000000071dbbbd8 mode 0
Event: 170.928 Thread 0x0000000066ba4800 Uncommon trap: trap_request=0xffffffbe fr.pc=0x000000000e5dbc08 relative=0x0000000000000c68
Event: 170.928 Thread 0x0000000066ba4800 Uncommon trap: reason=profile_predicate action=maybe_recompile pc=0x000000000e5dbc08 method=com.android.tools.r8.internal.xj.b(Ljava/lang/Iterable;Lcom/android/tools/r8/internal/aw;)Z @ 22 c2
Event: 170.928 Thread 0x0000000066ba4800 DEOPT PACKING pc=0x000000000e5dbc08 sp=0x000000006e00cdc0
Event: 170.928 Thread 0x0000000066ba4800 DEOPT UNPACKING pc=0x0000000006086929 sp=0x000000006e00cc20 mode 2
Event: 170.928 Thread 0x0000000066ba4800 Uncommon trap: trap_request=0xffffffbe fr.pc=0x000000000e5dbbf4 relative=0x0000000000000c54
Event: 170.928 Thread 0x0000000066ba4800 Uncommon trap: reason=profile_predicate action=maybe_recompile pc=0x000000000e5dbbf4 method=com.android.tools.r8.internal.xj.b(Ljava/lang/Iterable;Lcom/android/tools/r8/internal/aw;)Z @ 22 c2
Event: 170.928 Thread 0x0000000066ba4800 DEOPT PACKING pc=0x000000000e5dbbf4 sp=0x000000006e00cc40
Event: 170.928 Thread 0x0000000066ba4800 DEOPT UNPACKING pc=0x0000000006086929 sp=0x000000006e00cc48 mode 2
Event: 170.928 Thread 0x0000000066ba4800 Uncommon trap: trap_request=0xffffffbe fr.pc=0x000000000e5dbbf4 relative=0x0000000000000c54
Event: 170.928 Thread 0x0000000066ba4800 Uncommon trap: reason=profile_predicate action=maybe_recompile pc=0x000000000e5dbbf4 method=com.android.tools.r8.internal.xj.b(Ljava/lang/Iterable;Lcom/android/tools/r8/internal/aw;)Z @ 22 c2
Event: 170.928 Thread 0x0000000066ba4800 DEOPT PACKING pc=0x000000000e5dbbf4 sp=0x000000006e00cc40
Event: 170.928 Thread 0x0000000066ba4800 DEOPT UNPACKING pc=0x0000000006086929 sp=0x000000006e00cc48 mode 2
Event: 170.931 Thread 0x0000000066ba4800 Uncommon trap: trap_request=0xffffffbe fr.pc=0x000000000e5dbc08 relative=0x0000000000000c68
Event: 170.931 Thread 0x0000000066ba4800 Uncommon trap: reason=profile_predicate action=maybe_recompile pc=0x000000000e5dbc08 method=com.android.tools.r8.internal.xj.b(Ljava/lang/Iterable;Lcom/android/tools/r8/internal/aw;)Z @ 22 c2
Event: 170.932 Thread 0x0000000066ba4800 DEOPT PACKING pc=0x000000000e5dbc08 sp=0x000000006e00ce60
Event: 170.932 Thread 0x0000000066ba4800 DEOPT UNPACKING pc=0x0000000006086929 sp=0x000000006e00ccc0 mode 2

Classes redefined (0 events):
No events

Internal exceptions (20 events):
Event: 169.822 Thread 0x0000000066932800 Exception <a 'java/lang/NoSuchMethodError'{0x000000008bb75568}: 'void java.lang.invoke.DirectMethodHandle$Holder.invokeStatic(java.lang.Object, java.lang.Object, java.lang.Object, int)'> (0x000000008bb75568) thrown at [./src/hotspot/share/interpreter/linkResolver.cpp, line 773]
Event: 169.823 Thread 0x0000000066932800 Exception <a 'java/lang/IncompatibleClassChangeError'{0x000000008bb86a68}: Found class java.lang.Object, but interface was expected> (0x000000008bb86a68) thrown at [./src/hotspot/share/interpreter/linkResolver.cpp, line 839]
Event: 169.823 Thread 0x0000000066050000 Exception <a 'java/lang/IncompatibleClassChangeError'{0x000000008bb271c8}: Found class java.lang.Object, but interface was expected> (0x000000008bb271c8) thrown at [./src/hotspot/share/interpreter/linkResolver.cpp, line 839]
Event: 170.075 Thread 0x0000000066932000 Exception <a 'java/lang/NoSuchMethodError'{0x000000008b2ac9a0}: 'java.lang.Object java.lang.invoke.DirectMethodHandle$Holder.invokeStatic(java.lang.Object, int, java.lang.Object, java.lang.Object)'> (0x000000008b2ac9a0) thrown at [./src/hotspot/share/interpreter/linkResolver.cpp, line 773]
Event: 170.075 Thread 0x0000000066ba4800 Exception <a 'java/lang/NoSuchMethodError'{0x000000008b2911b0}: 'java.lang.Object java.lang.invoke.DirectMethodHandle$Holder.invokeStatic(java.lang.Object, int, java.lang.Object, java.lang.Object)'> (0x000000008b2911b0) thrown at [./src/hotspot/share/interpreter/linkResolver.cpp, line 773]
Event: 170.075 Thread 0x0000000066932800 Exception <a 'java/lang/NoSuchMethodError'{0x000000008b2858b0}: 'java.lang.Object java.lang.invoke.DirectMethodHandle$Holder.invokeStatic(java.lang.Object, int, java.lang.Object, java.lang.Object)'> (0x000000008b2858b0) thrown at [./src/hotspot/share/interpreter/linkResolver.cpp, line 773]
Event: 170.189 Thread 0x0000000066ba4800 Exception <a 'java/lang/NoSuchMethodError'{0x000000008acd2c38}: 'java.lang.Object java.lang.invoke.Invokers$Holder.linkToTargetMethod(java.lang.Object, java.lang.Object, java.lang.Object, java.lang.Object, java.lang.Object, java.lang.Object, java.lang.Object)'> (0x000000008acd2c38) thrown at [./src/hotspot/share/interpreter/linkResolver.cpp, line 773]
Event: 170.297 Thread 0x0000000066932000 Exception <a 'java/lang/NoSuchMethodError'{0x000000008c0f5770}: 'java.lang.Object java.lang.invoke.DirectMethodHandle$Holder.invokeVirtual(java.lang.Object, java.lang.Object, int, java.lang.Object)'> (0x000000008c0f5770) thrown at [./src/hotspot/share/interpreter/linkResolver.cpp, line 773]
Event: 170.297 Thread 0x0000000066932800 Exception <a 'java/lang/NoSuchMethodError'{0x000000008c180c98}: 'java.lang.Object java.lang.invoke.DirectMethodHandle$Holder.invokeVirtual(java.lang.Object, java.lang.Object, int, java.lang.Object)'> (0x000000008c180c98) thrown at [./src/hotspot/share/interpreter/linkResolver.cpp, line 773]
Event: 170.297 Thread 0x0000000066ba4800 Exception <a 'java/lang/NoSuchMethodError'{0x000000008c0a6188}: 'java.lang.Object java.lang.invoke.DirectMethodHandle$Holder.invokeVirtual(java.lang.Object, java.lang.Object, int, java.lang.Object)'> (0x000000008c0a6188) thrown at [./src/hotspot/share/interpreter/linkResolver.cpp, line 773]
Event: 170.297 Thread 0x0000000066050000 Exception <a 'java/lang/NoSuchMethodError'{0x000000008c0de3b0}: 'java.lang.Object java.lang.invoke.DirectMethodHandle$Holder.invokeVirtual(java.lang.Object, java.lang.Object, int, java.lang.Object)'> (0x000000008c0de3b0) thrown at [./src/hotspot/share/interpreter/linkResolver.cpp, line 773]
Event: 170.372 Thread 0x0000000066050000 Exception <a 'java/lang/NoSuchMethodError'{0x000000008be557a8}: 'void java.lang.invoke.DirectMethodHandle$Holder.invokeVirtual(java.lang.Object, java.lang.Object, int, java.lang.Object)'> (0x000000008be557a8) thrown at [./src/hotspot/share/interpreter/linkResolver.cpp, line 773]
Event: 170.373 Thread 0x0000000066932000 Exception <a 'java/lang/NoSuchMethodError'{0x000000008be36cc0}: 'void java.lang.invoke.DirectMethodHandle$Holder.invokeVirtual(java.lang.Object, java.lang.Object, int, java.lang.Object)'> (0x000000008be36cc0) thrown at [./src/hotspot/share/interpreter/linkResolver.cpp, line 773]
Event: 170.457 Thread 0x0000000066932000 Exception <a 'java/lang/IncompatibleClassChangeError'{0x000000008bbebde0}: Found class java.lang.Object, but interface was expected> (0x000000008bbebde0) thrown at [./src/hotspot/share/interpreter/linkResolver.cpp, line 839]
Event: 170.457 Thread 0x0000000066050000 Exception <a 'java/lang/IncompatibleClassChangeError'{0x000000008bbd4670}: Found class java.lang.Object, but interface was expected> (0x000000008bbd4670) thrown at [./src/hotspot/share/interpreter/linkResolver.cpp, line 839]
Event: 170.458 Thread 0x0000000066932000 Exception <a 'java/lang/IncompatibleClassChangeError'{0x000000008bbf4828}: Found class java.lang.Object, but interface was expected> (0x000000008bbf4828) thrown at [./src/hotspot/share/interpreter/linkResolver.cpp, line 839]
Event: 170.458 Thread 0x0000000066ba4800 Exception <a 'java/lang/IncompatibleClassChangeError'{0x000000008bbbf258}: Found class java.lang.Object, but interface was expected> (0x000000008bbbf258) thrown at [./src/hotspot/share/interpreter/linkResolver.cpp, line 839]
Event: 170.458 Thread 0x0000000066932800 Exception <a 'java/lang/IncompatibleClassChangeError'{0x000000008bb3bfd0}: Found class java.lang.Object, but interface was expected> (0x000000008bb3bfd0) thrown at [./src/hotspot/share/interpreter/linkResolver.cpp, line 839]
Event: 170.488 Thread 0x0000000066932800 Exception <a 'java/lang/NoSuchMethodError'{0x000000008badff80}: 'java.lang.Object java.lang.invoke.DirectMethodHandle$Holder.newInvokeSpecial(java.lang.Object, int)'> (0x000000008badff80) thrown at [./src/hotspot/share/interpreter/linkResolver.cpp, line 773]
Event: 170.855 Thread 0x0000000066932000 Exception <a 'java/lang/NoSuchMethodError'{0x000000008adf7f08}: 'long java.lang.invoke.DirectMethodHandle$Holder.invokeStatic(java.lang.Object, java.lang.Object)'> (0x000000008adf7f08) thrown at [./src/hotspot/share/interpreter/linkResolver.cpp, line 773]

Events (20 events):
Event: 170.863 loading class com/android/tools/r8/internal/Gg done
Event: 170.863 loading class com/android/tools/r8/internal/Gg
Event: 170.863 loading class com/android/tools/r8/internal/Gg done
Event: 170.863 loading class com/android/tools/r8/internal/j2
Event: 170.863 loading class com/android/tools/r8/internal/j2 done
Event: 170.864 loading class com/android/tools/r8/internal/ew
Event: 170.864 loading class com/android/tools/r8/internal/ew done
Event: 170.864 loading class com/android/tools/r8/internal/aw
Event: 170.864 loading class com/android/tools/r8/internal/aw done
Event: 170.865 loading class com/android/tools/r8/internal/iw
Event: 170.865 loading class com/android/tools/r8/internal/iw done
Event: 170.866 loading class com/android/tools/r8/internal/Gg
Event: 170.866 loading class com/android/tools/r8/internal/Gg done
Event: 170.866 loading class com/android/tools/r8/internal/j2
Event: 170.866 loading class com/android/tools/r8/internal/j2 done
Event: 170.866 loading class com/android/tools/r8/internal/aw
Event: 170.866 loading class com/android/tools/r8/internal/aw done
Event: 170.867 loading class com/android/tools/r8/internal/uz
Event: 170.867 loading class com/android/tools/r8/internal/uz done
Event: 170.934 Executing VM operation: G1CollectForAllocation


Dynamic libraries:
0x000000013f030000 - 0x000000013f03a000 	C:\Program Files\Android\Android Studio\jre\bin\java.exe
0x0000000076dd0000 - 0x0000000076f79000 	C:\Windows\SYSTEM32\ntdll.dll
0x0000000076bb0000 - 0x0000000076ccf000 	C:\Windows\system32\kernel32.dll
0x000007fefd040000 - 0x000007fefd0ac000 	C:\Windows\system32\KERNELBASE.dll
0x000007fef0590000 - 0x000007fef05a9000 	C:\Program Files\Android\Android Studio\jre\bin\jli.dll
0x000007fefb7f0000 - 0x000007fefb9e4000 	C:\Windows\WinSxS\amd64_microsoft.windows.common-controls_6595b64144ccf1df_6.0.7601.17514_none_fa396087175ac9ac\COMCTL32.dll
0x000007fefd910000 - 0x000007fefd9af000 	C:\Windows\system32\msvcrt.dll
0x000007fefee40000 - 0x000007fefeea7000 	C:\Windows\system32\GDI32.dll
0x0000000076cd0000 - 0x0000000076dca000 	C:\Windows\system32\USER32.dll
0x000007fefe940000 - 0x000007fefe94e000 	C:\Windows\system32\LPK.dll
0x000007fefe740000 - 0x000007fefe809000 	C:\Windows\system32\USP10.dll
0x000007fefe8c0000 - 0x000007fefe931000 	C:\Windows\system32\SHLWAPI.dll
0x000007fef05b0000 - 0x000007fef05c7000 	C:\Program Files\Android\Android Studio\jre\bin\VCRUNTIME140.dll
0x000007fefa2c0000 - 0x000007fefa2c4000 	C:\Windows\system32\api-ms-win-crt-runtime-l1-1-0.dll
0x000007fef13c0000 - 0x000007fef14b2000 	C:\Windows\system32\ucrtbase.DLL
0x000007fef70f0000 - 0x000007fef70f3000 	C:\Windows\system32\api-ms-win-core-timezone-l1-1-0.dll
0x000007fef6050000 - 0x000007fef6053000 	C:\Windows\system32\api-ms-win-core-file-l2-1-0.dll
0x000007fef5df0000 - 0x000007fef5df3000 	C:\Windows\system32\api-ms-win-core-localization-l1-2-0.dll
0x000007fef9020000 - 0x000007fef9023000 	C:\Windows\system32\api-ms-win-core-synch-l1-2-0.dll
0x000007fef5de0000 - 0x000007fef5de3000 	C:\Windows\system32\api-ms-win-core-processthreads-l1-1-1.dll
0x000007fef5dd0000 - 0x000007fef5dd3000 	C:\Windows\system32\api-ms-win-core-file-l1-2-0.dll
0x000007fef5db0000 - 0x000007fef5db4000 	C:\Windows\system32\api-ms-win-crt-string-l1-1-0.dll
0x000007fef5dc0000 - 0x000007fef5dc3000 	C:\Windows\system32\api-ms-win-crt-heap-l1-1-0.dll
0x000007fef5da0000 - 0x000007fef5da4000 	C:\Windows\system32\api-ms-win-crt-stdio-l1-1-0.dll
0x000007fef5c20000 - 0x000007fef5c24000 	C:\Windows\system32\api-ms-win-crt-convert-l1-1-0.dll
0x000007fef5c10000 - 0x000007fef5c13000 	C:\Windows\system32\api-ms-win-crt-environment-l1-1-0.dll
0x000007fef40b0000 - 0x000007fef40b3000 	C:\Windows\system32\api-ms-win-crt-filesystem-l1-1-0.dll
0x000007fef5bf0000 - 0x000007fef5bf5000 	C:\Windows\system32\api-ms-win-crt-math-l1-1-0.dll
0x000007fef1140000 - 0x000007fef1143000 	C:\Windows\system32\api-ms-win-crt-locale-l1-1-0.dll
0x000007fefd380000 - 0x000007fefd3ae000 	C:\Windows\system32\IMM32.DLL
0x000007fefd0f0000 - 0x000007fefd1f9000 	C:\Windows\system32\MSCTF.dll
0x000007feefe40000 - 0x000007feefedd000 	C:\Program Files\Android\Android Studio\jre\bin\msvcp140.dll
0x000007fef0580000 - 0x000007fef0585000 	C:\Windows\system32\api-ms-win-crt-multibyte-l1-1-0.dll
0x000007fef40a0000 - 0x000007fef40a3000 	C:\Windows\system32\api-ms-win-crt-time-l1-1-0.dll
0x000007fef5c00000 - 0x000007fef5c03000 	C:\Windows\system32\api-ms-win-crt-utility-l1-1-0.dll
0x000007feed560000 - 0x000007feee02f000 	C:\Program Files\Android\Android Studio\jre\bin\server\jvm.dll
0x000007fefed60000 - 0x000007fefee3b000 	C:\Windows\system32\ADVAPI32.dll
0x000007fefd410000 - 0x000007fefd42f000 	C:\Windows\SYSTEM32\sechost.dll
0x000007fefd200000 - 0x000007fefd32d000 	C:\Windows\system32\RPCRT4.dll
0x000007fefa2d0000 - 0x000007fefa2d9000 	C:\Windows\system32\WSOCK32.dll
0x000007fefd330000 - 0x000007fefd37d000 	C:\Windows\system32\WS2_32.dll
0x000007fefe8b0000 - 0x000007fefe8b8000 	C:\Windows\system32\NSI.dll
0x000007fef73c0000 - 0x000007fef73fb000 	C:\Windows\system32\WINMM.dll
0x000007fefbe80000 - 0x000007fefbe8c000 	C:\Windows\system32\VERSION.dll
0x0000000076f90000 - 0x0000000076f97000 	C:\Windows\system32\PSAPI.DLL
0x000007fef2fb0000 - 0x000007fef2fc1000 	C:\Program Files\Android\Android Studio\jre\bin\verify.dll
0x000007fef3160000 - 0x000007fef3285000 	C:\Windows\system32\DBGHELP.DLL
0x000007fef2070000 - 0x000007fef2099000 	C:\Program Files\Android\Android Studio\jre\bin\java.dll
0x000007fef2fa0000 - 0x000007fef2fab000 	C:\Program Files\Android\Android Studio\jre\bin\jimage.dll
0x000007fef2050000 - 0x000007fef2068000 	C:\Program Files\Android\Android Studio\jre\bin\zip.dll
0x000007fefd9b0000 - 0x000007fefe738000 	C:\Windows\system32\SHELL32.dll
0x000007fefeed0000 - 0x000007feff0d3000 	C:\Windows\system32\ole32.dll
0x000007fefcd20000 - 0x000007fefcd2f000 	C:\Windows\system32\profapi.dll
0x000007fef1d60000 - 0x000007fef1d7a000 	C:\Program Files\Android\Android Studio\jre\bin\net.dll
0x000007fef9fc0000 - 0x000007fefa031000 	C:\Windows\system32\WINHTTP.dll
0x000007fef9f50000 - 0x000007fef9fb4000 	C:\Windows\system32\webio.dll
0x000007fefc590000 - 0x000007fefc5e5000 	C:\Windows\system32\mswsock.dll
0x000007fefc580000 - 0x000007fefc587000 	C:\Windows\System32\wship6.dll
0x000007fef1d40000 - 0x000007fef1d54000 	C:\Program Files\Android\Android Studio\jre\bin\nio.dll
0x000007fef14f0000 - 0x000007fef1517000 	C:\Users\Dell\.gradle\native\8bec1ad78214c89d9ad589b4d07fe93259594b29d510b10fafb7a158f7737e5d\windows-amd64\native-platform.dll
0x000007feee550000 - 0x000007feee68d000 	C:\Users\Dell\.gradle\native\53dbd7edfb1c66fb8903c78663c9afc45aea4f116125fa6feffd364cf09443e8\windows-amd64\native-platform-file-events.dll
0x000007fef2f90000 - 0x000007fef2f9a000 	C:\Program Files\Android\Android Studio\jre\bin\management.dll
0x000007fef13b0000 - 0x000007fef13bc000 	C:\Program Files\Android\Android Studio\jre\bin\management_ext.dll
0x000007fefc5f0000 - 0x000007fefc607000 	C:\Windows\system32\CRYPTSP.dll
0x000007fefc2f0000 - 0x000007fefc337000 	C:\Windows\system32\rsaenh.dll
0x000007fefc060000 - 0x000007fefc07e000 	C:\Windows\system32\USERENV.dll
0x000007fefcc50000 - 0x000007fefcc5f000 	C:\Windows\system32\CRYPTBASE.dll
0x000007fefa400000 - 0x000007fefa427000 	C:\Windows\system32\IPHLPAPI.DLL
0x000007fefa3f0000 - 0x000007fefa3fb000 	C:\Windows\system32\WINNSI.DLL
0x000007fefa0f0000 - 0x000007fefa108000 	C:\Windows\system32\dhcpcsvc.DLL
0x000007fef9c50000 - 0x000007fef9c61000 	C:\Windows\system32\dhcpcsvc6.DLL
0x000007fefcbf0000 - 0x000007fefcc47000 	C:\Windows\system32\apphelp.dll
0x000007fef0560000 - 0x000007fef057e000 	C:\Users\Dell\AppData\Local\Temp\native-platform9898383264133038096dir\native-platform.dll
0x000007fef21b0000 - 0x000007fef21b8000 	C:\Program Files\Android\Android Studio\jre\bin\rmi.dll
0x0000000069a60000 - 0x0000000069b63000 	C:\Users\Dell\AppData\Local\Temp\sqlite-3.25.2-2fbf07a2-eb15-4346-9394-ffaf802bbfd6-sqlitejdbc.dll

dbghelp: loaded successfully - version: 4.0.5 - missing functions: none
symbol engine: initialized successfully - sym options: 0x614 - pdb path: .;C:\Program Files\Android\Android Studio\jre\bin;C:\Windows\SYSTEM32;C:\Windows\WinSxS\amd64_microsoft.windows.common-controls_6595b64144ccf1df_6.0.7601.17514_none_fa396087175ac9ac;C:\Program Files\Android\Android Studio\jre\bin\server;C:\Users\Dell\.gradle\native\8bec1ad78214c89d9ad589b4d07fe93259594b29d510b10fafb7a158f7737e5d\windows-amd64;C:\Users\Dell\.gradle\native\53dbd7edfb1c66fb8903c78663c9afc45aea4f116125fa6feffd364cf09443e8\windows-amd64;C:\Users\Dell\AppData\Local\Temp\native-platform9898383264133038096dir;C:\Users\Dell\AppData\Local\Temp

VM Arguments:
jvm_args: --add-opens=java.base/java.util=ALL-UNNAMED --add-opens=java.base/java.lang=ALL-UNNAMED --add-opens=java.base/java.lang.invoke=ALL-UNNAMED --add-opens=java.base/java.util=ALL-UNNAMED --add-opens=java.prefs/java.util.prefs=ALL-UNNAMED --add-opens=java.prefs/java.util.prefs=ALL-UNNAMED --add-opens=java.base/java.nio.charset=ALL-UNNAMED --add-opens=java.base/java.net=ALL-UNNAMED --add-opens=java.base/java.util.concurrent.atomic=ALL-UNNAMED -Xmx2048m -Dfile.encoding=UTF-8 -Duser.country=IN -Duser.language=en -Duser.variant 
java_command: org.gradle.launcher.daemon.bootstrap.GradleDaemon 7.0.2
java_class_path (initial): C:\Users\Dell\.gradle\wrapper\dists\gradle-7.0.2-bin\857tjihv64xamwrf0h14cai3r\gradle-7.0.2\lib\gradle-launcher-7.0.2.jar
Launcher Type: SUN_STANDARD

[Global flags]
     intx CICompilerCount                          = 3                                         {product} {ergonomic}
     uint ConcGCThreads                            = 1                                         {product} {ergonomic}
     uint G1ConcRefinementThreads                  = 4                                         {product} {ergonomic}
   size_t G1HeapRegionSize                         = 1048576                                   {product} {ergonomic}
    uintx GCDrainStackTargetSize                   = 64                                        {product} {ergonomic}
   size_t InitialHeapSize                          = 65011712                                  {product} {ergonomic}
   size_t MarkStackSize                            = 4194304                                   {product} {ergonomic}
   size_t MaxHeapSize                              = 2147483648                                {product} {command line}
   size_t MaxNewSize                               = 1287651328                                {product} {ergonomic}
   size_t MinHeapDeltaBytes                        = 1048576                                   {product} {ergonomic}
    uintx NonNMethodCodeHeapSize                   = 5830732                                {pd product} {ergonomic}
    uintx NonProfiledCodeHeapSize                  = 122913754                              {pd product} {ergonomic}
    uintx ProfiledCodeHeapSize                     = 122913754                              {pd product} {ergonomic}
    uintx ReservedCodeCacheSize                    = 251658240                              {pd product} {ergonomic}
     bool SegmentedCodeCache                       = true                                      {product} {ergonomic}
     bool UseCompressedClassPointers               = true                                 {lp64_product} {ergonomic}
     bool UseCompressedOops                        = true                                 {lp64_product} {ergonomic}
     bool UseG1GC                                  = true                                      {product} {ergonomic}
     bool UseLargePagesIndividualAllocation        = false                                  {pd product} {ergonomic}

Logging:
Log output configuration:
 #0: stdout all=warning uptime,level,tags
 #1: stderr all=off uptime,level,tags

Environment Variables:
PATH=C:\Program Files (x86)\Common Files\Oracle\Java\javapath;C:\Program Files\Java\jdk-14.0.2/bin;C:\Program Files\apktool;C:\Program Files (x86)\Paragon Software\LinuxFS for Windows\;C:\Users\Dell\AppData\Local\Programs\Python\Python38\Scripts\;C:\Users\Dell\AppData\Local\Programs\Python\Python38\
USERNAME=Dell
OS=Windows_NT
PROCESSOR_IDENTIFIER=Intel64 Family 6 Model 37 Stepping 5, GenuineIntel



---------------  S Y S T E M  ---------------

OS: Windows 7 , 64 bit Build 7601 (6.1.7601.17617)
OS uptime: 3 days 19:57 hours

CPU:total 4 (initial active 4) (2 cores per cpu, 2 threads per core) family 6 model 37 stepping 5 microcode 0x0, cmov, cx8, fxsr, mmx, sse, sse2, sse3, ssse3, sse4.1, sse4.2, popcnt, ht, tsc, tscinvbit

Memory: 4k page, system-wide physical 3894M (204M free)
TotalPageFile size 6384M (AvailPageFile size 25M)
current process WorkingSet (physical memory assigned to process): 530M, peak: 530M
current process commit charge ("private bytes"): 559M, peak: 634M

vm_info: OpenJDK 64-Bit Server VM (11.0.10+0-b96-7249189) for windows-amd64 JRE (11.0.10+0-b96-7249189), built on Mar 31 2021 21:44:00 by "builder" with MS VC++ 14.0 (VS2015)

END.
