#
# There is insufficient memory for the Java Runtime Environment to continue.
# Native memory allocation (malloc) failed to allocate 1048576 bytes for AllocateHeap
# Possible reasons:
#   The system is out of physical RAM or swap space
#   The process is running with CompressedOops enabled, and the Java Heap may be blocking the growth of the native heap
# Possible solutions:
#   Reduce memory load on the system
#   Increase physical memory or swap space
#   Check if swap backing store is full
#   Decrease Java heap size (-Xmx/-Xms)
#   Decrease number of Java threads
#   Decrease Java thread stack sizes (-Xss)
#   Set larger code cache with -XX:ReservedCodeCacheSize=
#   JVM is running with Unscaled Compressed Oops mode in which the Java heap is
#     placed in the first 4GB address space. The Java Heap base address is the
#     maximum limit for the native heap growth. Please use -XX:HeapBaseMinAddress
#     to set the Java Heap base and to place the Java Heap above 4GB virtual address.
# This output file may be truncated or incomplete.
#
#  Out of Memory Error (./src/hotspot/share/memory/allocation.cpp:46), pid=4484, tid=2664
#
# JRE version: OpenJDK Runtime Environment (11.0.10) (build 11.0.10+0-b96-7249189)
# Java VM: OpenJDK 64-Bit Server VM (11.0.10+0-b96-7249189, mixed mode, tiered, compressed oops, g1 gc, windows-amd64)
# No core dump will be written. Minidumps are not enabled by default on client versions of Windows
#

---------------  S U M M A R Y ------------

Command Line: org.jetbrains.kotlin.cli.jvm.K2JVMCompiler @C:\Users\Dell\AndroidStudioProjects\NoteApp\app\build\20211017_8143519247658273807.compiler.options

Host: Intel(R) Core(TM) i3 CPU       M 370  @ 2.40GHz, 4 cores, 3G,  Windows 7 , 64 bit Build 7601 (6.1.7601.17617)
Time: Sun Oct 17 19:24:34 2021 Sri Lanka Standard Time elapsed time: 14.664067 seconds (0d 0h 0m 14s)

---------------  T H R E A D  ---------------

Current thread (0x000000005b058800):  VMThread "VM Thread" [stack: 0x000000005b350000,0x000000005b450000] [id=2664]

Stack: [0x000000005b350000,0x000000005b450000]
[error occurred during error reporting (printing stack bounds), id 0xc0000005, EXCEPTION_ACCESS_VIOLATION (0xc0000005) at pc=0x0000000006070f3d]

Native frames: (J=compiled Java code, j=interpreted, Vv=VM code, C=native code)
V  [jvm.dll+0x5ecfaa]
V  [jvm.dll+0x722bd5]
V  [jvm.dll+0x72412d]
V  [jvm.dll+0x724745]
V  [jvm.dll+0x7246fb]
V  [jvm.dll+0x5ec348]
V  [jvm.dll+0x5ecad8]
C  [ntdll.dll+0x29d0d]
C  [ntdll.dll+0x191af]
C  [ntdll.dll+0x51278]
C  0x0000000006070f3d

VM_Operation (0x000000000238ac30): CollectForMetadataAllocation, mode: safepoint, requested by thread 0x000000000021b000


---------------  P R O C E S S  ---------------

Threads class SMR info:
_java_thread_list=0x000000005c1507b0, length=10, elements={
0x000000000021b000, 0x000000005b09d800, 0x000000005b0a8800, 0x000000005b0bc800,
0x000000005b0c0800, 0x000000005b0c5000, 0x000000005b0cc000, 0x000000005b0ce800,
0x000000005b0df800, 0x000000005c153000
}

Java Threads: ( => current thread )
  0x000000000021b000 JavaThread "main" [_thread_blocked, id=700, stack(0x0000000002290000,0x0000000002390000)]
  0x000000005b09d800 JavaThread "Reference Handler" daemon [_thread_blocked, id=7060, stack(0x000000005b4c0000,0x000000005b5c0000)]
  0x000000005b0a8800 JavaThread "Finalizer" daemon [_thread_blocked, id=6156, stack(0x000000005b1f0000,0x000000005b2f0000)]
  0x000000005b0bc800 JavaThread "Signal Dispatcher" daemon [_thread_blocked, id=4556, stack(0x000000005b610000,0x000000005b710000)]
  0x000000005b0c0800 JavaThread "Attach Listener" daemon [_thread_blocked, id=3208, stack(0x000000005b7e0000,0x000000005b8e0000)]
  0x000000005b0c5000 JavaThread "Service Thread" daemon [_thread_blocked, id=6224, stack(0x000000005b950000,0x000000005ba50000)]
  0x000000005b0cc000 JavaThread "C2 CompilerThread0" daemon [_thread_blocked, id=6912, stack(0x000000005bac0000,0x000000005bbc0000)]
  0x000000005b0ce800 JavaThread "C1 CompilerThread0" daemon [_thread_blocked, id=2728, stack(0x000000005bd10000,0x000000005be10000)]
  0x000000005b0df800 JavaThread "Sweeper thread" daemon [_thread_blocked, id=6616, stack(0x000000005bf80000,0x000000005c080000)]
  0x000000005c153000 JavaThread "Common-Cleaner" daemon [_thread_blocked, id=3472, stack(0x000000005c5b0000,0x000000005c6b0000)]

Other Threads:
=>0x000000005b058800 VMThread "VM Thread" [stack: 0x000000005b350000,0x000000005b450000] [id=2664]
  0x000000005c108800 WatcherThread [stack: 0x000000005be10000,0x000000005bf10000] [id=6164]
  0x0000000000234000 GCTaskThread "GC Thread#0" [stack: 0x0000000015400000,0x0000000015500000] [id=3536]
  0x000000005c817800 GCTaskThread "GC Thread#1" [stack: 0x000000005d150000,0x000000005d250000] [id=6340]
  0x000000000024d800 ConcurrentGCThread "G1 Main Marker" [stack: 0x0000000017da0000,0x0000000017ea0000] [id=7048]
  0x000000000024f000 ConcurrentGCThread "G1 Conc#0" [stack: 0x0000000017f90000,0x0000000018090000] [id=4408]
  0x000000001a3c2800 ConcurrentGCThread "G1 Refine#0" [stack: 0x000000001a4e0000,0x000000001a5e0000] [id=6596]
  0x000000001a3c4000 ConcurrentGCThread "G1 Young RemSet Sampling" [stack: 0x000000001a6c0000,0x000000001a7c0000] [id=6920]

Threads with active compile tasks:

VM state:at safepoint (normal execution)

VM Mutex/Monitor currently owned by a thread:  ([mutex/lock_event])
[0x0000000000216ae0] Threads_lock - owner thread: 0x000000005b058800
[0x00000000002172c0] Heap_lock - owner thread: 0x000000000021b000

Heap address: 0x00000000c3200000, size: 974 MB, Compressed Oops mode: 32-bit
Narrow klass base: 0x0000000000000000, Narrow klass shift: 0
Compressed class space size: 1073741824 Address: 0x000000001a7c0000

Heap:
 garbage-first heap   total 76800K, used 26699K [0x00000000c3200000, 0x0000000100000000)
  region size 1024K, 1 young (1024K), 1 survivors (1024K)
 Metaspace       used 40866K, capacity 41375K, committed 41472K, reserved 1093632K
  class space    used 4867K, capacity 5069K, committed 5120K, reserved 1048576K
Heap Regions: E=young(eden), S=young(survivor), O=old, HS=humongous(starts), HC=humongous(continues), CS=collection set, F=free, A=archive, TAMS=top-at-mark-start (previous, next)
|   0|0x00000000c3200000, 0x00000000c3300000, 0x00000000c3300000|100%|HS|  |TAMS 0x00000000c3300000, 0x00000000c3300000| Complete 
|   1|0x00000000c3300000, 0x00000000c3400000, 0x00000000c3400000|100%|HC|  |TAMS 0x00000000c3400000, 0x00000000c3400000| Complete 
|   2|0x00000000c3400000, 0x00000000c3500000, 0x00000000c3500000|100%|HC|  |TAMS 0x00000000c3500000, 0x00000000c3500000| Complete 
|   3|0x00000000c3500000, 0x00000000c3600000, 0x00000000c3600000|100%| O|  |TAMS 0x00000000c3600000, 0x00000000c3600000| Untracked 
|   4|0x00000000c3600000, 0x00000000c3700000, 0x00000000c3700000|100%| O|  |TAMS 0x00000000c3700000, 0x00000000c3700000| Untracked 
|   5|0x00000000c3700000, 0x00000000c3800000, 0x00000000c3800000|100%| O|  |TAMS 0x00000000c3800000, 0x00000000c3800000| Untracked 
|   6|0x00000000c3800000, 0x00000000c3900000, 0x00000000c3900000|100%| O|  |TAMS 0x00000000c3900000, 0x00000000c3900000| Untracked 
|   7|0x00000000c3900000, 0x00000000c3a00000, 0x00000000c3a00000|100%| O|  |TAMS 0x00000000c3a00000, 0x00000000c3a00000| Untracked 
|   8|0x00000000c3a00000, 0x00000000c3b00000, 0x00000000c3b00000|100%| O|  |TAMS 0x00000000c3b00000, 0x00000000c3b00000| Untracked 
|   9|0x00000000c3b00000, 0x00000000c3c00000, 0x00000000c3c00000|100%|HS|  |TAMS 0x00000000c3c00000, 0x00000000c3c00000| Complete 
|  10|0x00000000c3c00000, 0x00000000c3d00000, 0x00000000c3d00000|100%|HC|  |TAMS 0x00000000c3d00000, 0x00000000c3d00000| Complete 
|  11|0x00000000c3d00000, 0x00000000c3e00000, 0x00000000c3e00000|100%|HC|  |TAMS 0x00000000c3e00000, 0x00000000c3e00000| Complete 
|  12|0x00000000c3e00000, 0x00000000c3f00000, 0x00000000c3f00000|100%|HS|  |TAMS 0x00000000c3f00000, 0x00000000c3f00000| Complete 
|  13|0x00000000c3f00000, 0x00000000c4000000, 0x00000000c4000000|100%|HC|  |TAMS 0x00000000c4000000, 0x00000000c4000000| Complete 
|  14|0x00000000c4000000, 0x00000000c4100000, 0x00000000c4100000|100%|HC|  |TAMS 0x00000000c4100000, 0x00000000c4100000| Complete 
|  15|0x00000000c4100000, 0x00000000c4200000, 0x00000000c4200000|100%| O|  |TAMS 0x00000000c4200000, 0x00000000c4200000| Untracked 
|  16|0x00000000c4200000, 0x00000000c4300000, 0x00000000c4300000|100%| O|  |TAMS 0x00000000c4279c00, 0x00000000c4300000| Untracked 
|  17|0x00000000c4300000, 0x00000000c4400000, 0x00000000c4400000|100%| O|  |TAMS 0x00000000c4400000, 0x00000000c4400000| Untracked 
|  18|0x00000000c4400000, 0x00000000c4500000, 0x00000000c4500000|100%| O|  |TAMS 0x00000000c4500000, 0x00000000c4500000| Untracked 
|  19|0x00000000c4500000, 0x00000000c4600000, 0x00000000c4600000|100%| O|  |TAMS 0x00000000c4600000, 0x00000000c4600000| Untracked 
|  20|0x00000000c4600000, 0x00000000c4700000, 0x00000000c4700000|100%| O|  |TAMS 0x00000000c4600000, 0x00000000c4700000| Untracked 
|  21|0x00000000c4700000, 0x00000000c4800000, 0x00000000c4800000|100%| O|  |TAMS 0x00000000c4700000, 0x00000000c4800000| Untracked 
|  22|0x00000000c4800000, 0x00000000c4897000, 0x00000000c4900000| 58%| O|  |TAMS 0x00000000c4800000, 0x00000000c4897000| Untracked 
|  23|0x00000000c4900000, 0x00000000c4900000, 0x00000000c4a00000|  0%| F|  |TAMS 0x00000000c4900000, 0x00000000c4900000| Untracked 
|  24|0x00000000c4a00000, 0x00000000c4b00000, 0x00000000c4b00000|100%| O|  |TAMS 0x00000000c4b00000, 0x00000000c4b00000| Untracked 
|  25|0x00000000c4b00000, 0x00000000c4c00000, 0x00000000c4c00000|100%| O|  |TAMS 0x00000000c4c00000, 0x00000000c4c00000| Untracked 
|  26|0x00000000c4c00000, 0x00000000c4d00000, 0x00000000c4d00000|100%| O|  |TAMS 0x00000000c4d00000, 0x00000000c4d00000| Untracked 
|  27|0x00000000c4d00000, 0x00000000c4d00000, 0x00000000c4e00000|  0%| F|  |TAMS 0x00000000c4d00000, 0x00000000c4d00000| Untracked 
|  28|0x00000000c4e00000, 0x00000000c4e00000, 0x00000000c4f00000|  0%| F|  |TAMS 0x00000000c4e00000, 0x00000000c4e00000| Untracked 
|  29|0x00000000c4f00000, 0x00000000c4f00000, 0x00000000c5000000|  0%| F|  |TAMS 0x00000000c4f00000, 0x00000000c4f00000| Untracked 
|  30|0x00000000c5000000, 0x00000000c5000000, 0x00000000c5100000|  0%| F|  |TAMS 0x00000000c5000000, 0x00000000c5000000| Untracked 
|  31|0x00000000c5100000, 0x00000000c5100000, 0x00000000c5200000|  0%| F|  |TAMS 0x00000000c5100000, 0x00000000c5100000| Untracked 
|  32|0x00000000c5200000, 0x00000000c5200000, 0x00000000c5300000|  0%| F|  |TAMS 0x00000000c5200000, 0x00000000c5200000| Untracked 
|  33|0x00000000c5300000, 0x00000000c5300000, 0x00000000c5400000|  0%| F|  |TAMS 0x00000000c5300000, 0x00000000c5300000| Untracked 
|  34|0x00000000c5400000, 0x00000000c5400000, 0x00000000c5500000|  0%| F|  |TAMS 0x00000000c5400000, 0x00000000c5400000| Untracked 
|  35|0x00000000c5500000, 0x00000000c5500000, 0x00000000c5600000|  0%| F|  |TAMS 0x00000000c5500000, 0x00000000c5500000| Untracked 
|  36|0x00000000c5600000, 0x00000000c5600000, 0x00000000c5700000|  0%| F|  |TAMS 0x00000000c5600000, 0x00000000c5600000| Untracked 
|  37|0x00000000c5700000, 0x00000000c5700000, 0x00000000c5800000|  0%| F|  |TAMS 0x00000000c5700000, 0x00000000c5700000| Untracked 
|  38|0x00000000c5800000, 0x00000000c5800000, 0x00000000c5900000|  0%| F|  |TAMS 0x00000000c5800000, 0x00000000c5800000| Untracked 
|  39|0x00000000c5900000, 0x00000000c5900000, 0x00000000c5a00000|  0%| F|  |TAMS 0x00000000c5900000, 0x00000000c5900000| Untracked 
|  40|0x00000000c5a00000, 0x00000000c5a00000, 0x00000000c5b00000|  0%| F|  |TAMS 0x00000000c5a00000, 0x00000000c5a00000| Untracked 
|  41|0x00000000c5b00000, 0x00000000c5b00000, 0x00000000c5c00000|  0%| F|  |TAMS 0x00000000c5b00000, 0x00000000c5b00000| Untracked 
|  42|0x00000000c5c00000, 0x00000000c5c00000, 0x00000000c5d00000|  0%| F|  |TAMS 0x00000000c5c00000, 0x00000000c5c00000| Untracked 
|  43|0x00000000c5d00000, 0x00000000c5d00000, 0x00000000c5e00000|  0%| F|  |TAMS 0x00000000c5d00000, 0x00000000c5d00000| Untracked 
|  44|0x00000000c5e00000, 0x00000000c5e00000, 0x00000000c5f00000|  0%| F|  |TAMS 0x00000000c5e00000, 0x00000000c5e00000| Untracked 
|  45|0x00000000c5f00000, 0x00000000c5f00000, 0x00000000c6000000|  0%| F|  |TAMS 0x00000000c5f00000, 0x00000000c5f00000| Untracked 
|  46|0x00000000c6000000, 0x00000000c6000000, 0x00000000c6100000|  0%| F|  |TAMS 0x00000000c6000000, 0x00000000c6000000| Untracked 
|  47|0x00000000c6100000, 0x00000000c6100000, 0x00000000c6200000|  0%| F|  |TAMS 0x00000000c6100000, 0x00000000c6100000| Untracked 
|  48|0x00000000c6200000, 0x00000000c6200000, 0x00000000c6300000|  0%| F|  |TAMS 0x00000000c6200000, 0x00000000c6200000| Untracked 
|  49|0x00000000c6300000, 0x00000000c6300000, 0x00000000c6400000|  0%| F|  |TAMS 0x00000000c6300000, 0x00000000c6300000| Untracked 
|  50|0x00000000c6400000, 0x00000000c6400000, 0x00000000c6500000|  0%| F|  |TAMS 0x00000000c6400000, 0x00000000c6400000| Untracked 
|  51|0x00000000c6500000, 0x00000000c6500000, 0x00000000c6600000|  0%| F|  |TAMS 0x00000000c6500000, 0x00000000c6500000| Untracked 
|  52|0x00000000c6600000, 0x00000000c6600000, 0x00000000c6700000|  0%| F|  |TAMS 0x00000000c6600000, 0x00000000c6600000| Untracked 
|  53|0x00000000c6700000, 0x00000000c6700000, 0x00000000c6800000|  0%| F|  |TAMS 0x00000000c6700000, 0x00000000c6700000| Untracked 
|  54|0x00000000c6800000, 0x00000000c6800000, 0x00000000c6900000|  0%| F|  |TAMS 0x00000000c6800000, 0x00000000c6800000| Untracked 
|  55|0x00000000c6900000, 0x00000000c6900000, 0x00000000c6a00000|  0%| F|  |TAMS 0x00000000c6900000, 0x00000000c6900000| Untracked 
|  56|0x00000000c6a00000, 0x00000000c6a00000, 0x00000000c6b00000|  0%| F|  |TAMS 0x00000000c6a00000, 0x00000000c6a00000| Untracked 
|  57|0x00000000c6b00000, 0x00000000c6b00000, 0x00000000c6c00000|  0%| F|  |TAMS 0x00000000c6b00000, 0x00000000c6b00000| Untracked 
|  58|0x00000000c6c00000, 0x00000000c6c00000, 0x00000000c6d00000|  0%| F|  |TAMS 0x00000000c6c00000, 0x00000000c6c00000| Untracked 
|  59|0x00000000c6d00000, 0x00000000c6d00000, 0x00000000c6e00000|  0%| F|  |TAMS 0x00000000c6d00000, 0x00000000c6d00000| Untracked 
|  60|0x00000000c6e00000, 0x00000000c6e00000, 0x00000000c6f00000|  0%| F|  |TAMS 0x00000000c6e00000, 0x00000000c6e00000| Untracked 
|  61|0x00000000c6f00000, 0x00000000c6f00000, 0x00000000c7000000|  0%| F|  |TAMS 0x00000000c6f00000, 0x00000000c6f00000| Untracked 
|  62|0x00000000c7000000, 0x00000000c7000000, 0x00000000c7100000|  0%| F|  |TAMS 0x00000000c7000000, 0x00000000c7000000| Untracked 
|  63|0x00000000c7100000, 0x00000000c7100000, 0x00000000c7200000|  0%| F|  |TAMS 0x00000000c7100000, 0x00000000c7100000| Untracked 
|  64|0x00000000c7200000, 0x00000000c7200000, 0x00000000c7300000|  0%| F|  |TAMS 0x00000000c7200000, 0x00000000c7200000| Untracked 
|  65|0x00000000c7300000, 0x00000000c7300000, 0x00000000c7400000|  0%| F|  |TAMS 0x00000000c7300000, 0x00000000c7300000| Untracked 
|  66|0x00000000c7400000, 0x00000000c7400000, 0x00000000c7500000|  0%| F|  |TAMS 0x00000000c7400000, 0x00000000c7400000| Untracked 
|  67|0x00000000c7500000, 0x00000000c757be90, 0x00000000c7600000| 48%| S|CS|TAMS 0x00000000c7500000, 0x00000000c7500000| Complete 
|  68|0x00000000c7600000, 0x00000000c7600000, 0x00000000c7700000|  0%| F|  |TAMS 0x00000000c7600000, 0x00000000c7600000| Untracked 
|  69|0x00000000c7700000, 0x00000000c7700000, 0x00000000c7800000|  0%| F|  |TAMS 0x00000000c7700000, 0x00000000c7700000| Untracked 
|  70|0x00000000c7800000, 0x00000000c7800000, 0x00000000c7900000|  0%| F|  |TAMS 0x00000000c7800000, 0x00000000c7800000| Untracked 
|  71|0x00000000c7900000, 0x00000000c7900000, 0x00000000c7a00000|  0%| F|  |TAMS 0x00000000c7900000, 0x00000000c7900000| Untracked 
|  72|0x00000000c7a00000, 0x00000000c7a00000, 0x00000000c7b00000|  0%| F|  |TAMS 0x00000000c7a00000, 0x00000000c7a00000| Untracked 
|  73|0x00000000c7b00000, 0x00000000c7b00000, 0x00000000c7c00000|  0%| F|  |TAMS 0x00000000c7b00000, 0x00000000c7b00000| Untracked 
|  74|0x00000000c7c00000, 0x00000000c7c00000, 0x00000000c7d00000|  0%| F|  |TAMS 0x00000000c7c00000, 0x00000000c7c00000| Untracked 

Card table byte_map: [0x0000000015a20000,0x0000000015c10000] _byte_map_base: 0x0000000015407000

Marking Bits (Prev, Next): (CMBitMap*) 0x0000000000249138, (CMBitMap*) 0x0000000000249170
 Prev Bits: [0x0000000015e00000, 0x0000000016d38000)
 Next Bits: [0x0000000016d40000, 0x0000000017c78000)

Polling page: 0x0000000000330000

Metaspace:

Usage:
  Non-class:     35.46 MB capacity,    35.15 MB (>99%) used,   251.03 KB ( <1%) free+waste,    56.63 KB ( <1%) overhead. 
      Class:      4.95 MB capacity,     4.75 MB ( 96%) used,   176.61 KB (  3%) free+waste,    24.50 KB ( <1%) overhead. 
       Both:     40.41 MB capacity,    39.91 MB ( 99%) used,   427.64 KB (  1%) free+waste,    81.13 KB ( <1%) overhead. 

Virtual space:
  Non-class space:       44.00 MB reserved,      35.50 MB ( 81%) committed 
      Class space:        1.00 GB reserved,       5.00 MB ( <1%) committed 
             Both:        1.04 GB reserved,      40.50 MB (  4%) committed 

Chunk freelists:
   Non-Class:  46.00 KB
       Class:  19.00 KB
        Both:  65.00 KB

MaxMetaspaceSize: 17179869184.00 GB
CompressedClassSpaceSize: 1.00 GB

CodeHeap 'non-profiled nmethods': size=120064Kb used=1239Kb max_used=1239Kb free=118824Kb
 bounds [0x000000000db30000, 0x000000000dda0000, 0x0000000015070000]
CodeHeap 'profiled nmethods': size=120000Kb used=5375Kb max_used=5375Kb free=114624Kb
 bounds [0x0000000006600000, 0x0000000006b40000, 0x000000000db30000]
CodeHeap 'non-nmethods': size=5696Kb used=1167Kb max_used=1193Kb free=4528Kb
 bounds [0x0000000006070000, 0x00000000062e0000, 0x0000000006600000]
 total_blobs=3342 nmethods=2811 adapters=443
 compilation: enabled
              stopped_count=0, restarted_count=0
 full_count=0

Compilation events (20 events):
Event: 14.626 Thread 0x000000005b0ce800 2818       1       org.jetbrains.kotlin.metadata.ProtoBuf$Modality::getNumber (5 bytes)
Event: 14.626 Thread 0x000000005b0ce800 nmethod 2818 0x000000000dc58490 code [0x000000000dc58640, 0x000000000dc586f8]
Event: 14.626 Thread 0x000000005b0ce800 2819       1       org.jetbrains.kotlin.serialization.deserialization.descriptors.DeserializedClassDescriptor::getContainingDeclaration (5 bytes)
Event: 14.626 Thread 0x000000005b0ce800 nmethod 2819 0x000000000dc58790 code [0x000000000dc58940, 0x000000000dc589f8]
Event: 14.626 Thread 0x000000005b0ce800 2820       3       org.jetbrains.kotlin.name.FqName::shortName (17 bytes)
Event: 14.626 Thread 0x000000005b0cc000 2821       4       java.lang.AbstractStringBuilder::append (54 bytes)
Event: 14.626 Thread 0x000000005b0ce800 nmethod 2820 0x000000000dc58a90 code [0x000000000dc58c60, 0x000000000dc58e18]
Event: 14.628 Thread 0x000000005b0ce800 2823       3       java.lang.reflect.Constructor::getRoot (5 bytes)
Event: 14.628 Thread 0x000000005b0ce800 nmethod 2823 0x000000000dc58f10 code [0x000000000dc590c0, 0x000000000dc591d8]
Event: 14.631 Thread 0x000000005b0ce800 2824       3       jdk.internal.reflect.ReflectionFactory::newConstructorAccessor (154 bytes)
Event: 14.635 Thread 0x000000005b0ce800 nmethod 2824 0x000000000dc59290 code [0x000000000dc59660, 0x000000000dc5b018]
Event: 14.636 Thread 0x000000005b0cc000 nmethod 2821 0x000000000dc5b890 code [0x000000000dc5ba40, 0x000000000dc5c058]
Event: 14.636 Thread 0x000000005b0cc000 2822       4       java.lang.StringBuilder::append (6 bytes)
Event: 14.644 Thread 0x000000005b0cc000 nmethod 2822 0x000000000dc5c490 code [0x000000000dc5c640, 0x000000000dc5cc18]
Event: 14.646 Thread 0x000000005b0ce800 2825       3       org.jetbrains.kotlin.container.ComponentStorage::registerDependency (32 bytes)
Event: 14.647 Thread 0x000000005b0ce800 nmethod 2825 0x000000000dc5cf90 code [0x000000000dc5d1e0, 0x000000000dc5dc98]
Event: 14.647 Thread 0x000000005b0ce800 2826       3       org.jetbrains.kotlin.container.ComponentStorage::resolve (282 bytes)
Event: 14.651 Thread 0x000000005b0ce800 nmethod 2826 0x000000000dc5df90 code [0x000000000dc5e640, 0x000000000dc626d8]
Event: 14.651 Thread 0x000000005b0ce800 2827       3       org.jetbrains.kotlin.container.SingletonDescriptor::getValue (109 bytes)
Event: 14.653 Thread 0x000000005b0ce800 nmethod 2827 0x000000000dc63a10 code [0x000000000dc63e20, 0x000000000dc65738]

GC Heap History (18 events):
Event: 1.616 GC heap before
{Heap before GC invocations=0 (full 0):
 garbage-first heap   total 63488K, used 17408K [0x00000000c3200000, 0x0000000100000000)
  region size 1024K, 14 young (14336K), 0 survivors (0K)
 Metaspace       used 9768K, capacity 9871K, committed 10112K, reserved 1058816K
  class space    used 834K, capacity 884K, committed 896K, reserved 1048576K
}
Event: 1.621 GC heap after
{Heap after GC invocations=1 (full 0):
 garbage-first heap   total 63488K, used 5199K [0x00000000c3200000, 0x0000000100000000)
  region size 1024K, 2 young (2048K), 2 survivors (2048K)
 Metaspace       used 9768K, capacity 9871K, committed 10112K, reserved 1058816K
  class space    used 834K, capacity 884K, committed 896K, reserved 1048576K
}
Event: 3.706 GC heap before
{Heap before GC invocations=1 (full 0):
 garbage-first heap   total 63488K, used 41039K [0x00000000c3200000, 0x0000000100000000)
  region size 1024K, 37 young (37888K), 2 survivors (2048K)
 Metaspace       used 17872K, capacity 18086K, committed 18304K, reserved 1064960K
  class space    used 1789K, capacity 1873K, committed 1920K, reserved 1048576K
}
Event: 3.729 GC heap after
{Heap after GC invocations=2 (full 0):
 garbage-first heap   total 63488K, used 9038K [0x00000000c3200000, 0x0000000100000000)
  region size 1024K, 5 young (5120K), 5 survivors (5120K)
 Metaspace       used 17872K, capacity 18086K, committed 18304K, reserved 1064960K
  class space    used 1789K, capacity 1873K, committed 1920K, reserved 1048576K
}
Event: 5.032 GC heap before
{Heap before GC invocations=2 (full 0):
 garbage-first heap   total 63488K, used 19278K [0x00000000c3200000, 0x0000000100000000)
  region size 1024K, 16 young (16384K), 5 survivors (5120K)
 Metaspace       used 20978K, capacity 21180K, committed 21248K, reserved 1069056K
  class space    used 2210K, capacity 2291K, committed 2304K, reserved 1048576K
}
Event: 5.048 GC heap after
{Heap after GC invocations=3 (full 0):
 garbage-first heap   total 63488K, used 9961K [0x00000000c3200000, 0x0000000100000000)
  region size 1024K, 1 young (1024K), 1 survivors (1024K)
 Metaspace       used 20978K, capacity 21180K, committed 21248K, reserved 1069056K
  class space    used 2210K, capacity 2291K, committed 2304K, reserved 1048576K
}
Event: 6.687 GC heap before
{Heap before GC invocations=4 (full 0):
 garbage-first heap   total 63488K, used 38633K [0x00000000c3200000, 0x0000000100000000)
  region size 1024K, 23 young (23552K), 1 survivors (1024K)
 Metaspace       used 26539K, capacity 26986K, committed 27136K, reserved 1073152K
  class space    used 2830K, capacity 3019K, committed 3072K, reserved 1048576K
}
Event: 6.693 GC heap after
{Heap after GC invocations=5 (full 0):
 garbage-first heap   total 63488K, used 17380K [0x00000000c3200000, 0x0000000100000000)
  region size 1024K, 3 young (3072K), 3 survivors (3072K)
 Metaspace       used 26539K, capacity 26986K, committed 27136K, reserved 1073152K
  class space    used 2830K, capacity 3019K, committed 3072K, reserved 1048576K
}
Event: 10.699 GC heap before
{Heap before GC invocations=5 (full 0):
 garbage-first heap   total 63488K, used 40932K [0x00000000c3200000, 0x0000000100000000)
  region size 1024K, 24 young (24576K), 3 survivors (3072K)
 Metaspace       used 30344K, capacity 30822K, committed 30976K, reserved 1077248K
  class space    used 3585K, capacity 3773K, committed 3840K, reserved 1048576K
}
Event: 10.721 GC heap after
{Heap after GC invocations=6 (full 0):
 garbage-first heap   total 63488K, used 23268K [0x00000000c3200000, 0x0000000100000000)
  region size 1024K, 3 young (3072K), 3 survivors (3072K)
 Metaspace       used 30344K, capacity 30822K, committed 30976K, reserved 1077248K
  class space    used 3585K, capacity 3773K, committed 3840K, reserved 1048576K
}
Event: 12.296 GC heap before
{Heap before GC invocations=6 (full 0):
 garbage-first heap   total 63488K, used 46820K [0x00000000c3200000, 0x0000000100000000)
  region size 1024K, 22 young (22528K), 3 survivors (3072K)
 Metaspace       used 34574K, capacity 35025K, committed 35200K, reserved 1079296K
  class space    used 4264K, capacity 4448K, committed 4480K, reserved 1048576K
}
Event: 12.317 GC heap after
{Heap after GC invocations=7 (full 0):
 garbage-first heap   total 63488K, used 25559K [0x00000000c3200000, 0x0000000100000000)
  region size 1024K, 3 young (3072K), 3 survivors (3072K)
 Metaspace       used 34574K, capacity 35025K, committed 35200K, reserved 1079296K
  class space    used 4264K, capacity 4448K, committed 4480K, reserved 1048576K
}
Event: 13.086 GC heap before
{Heap before GC invocations=7 (full 0):
 garbage-first heap   total 63488K, used 28631K [0x00000000c3200000, 0x0000000100000000)
  region size 1024K, 7 young (7168K), 3 survivors (3072K)
 Metaspace       used 35026K, capacity 35452K, committed 35584K, reserved 1081344K
  class space    used 4306K, capacity 4484K, committed 4608K, reserved 1048576K
}
Event: 13.092 GC heap after
{Heap after GC invocations=8 (full 0):
 garbage-first heap   total 76800K, used 23953K [0x00000000c3200000, 0x0000000100000000)
  region size 1024K, 1 young (1024K), 1 survivors (1024K)
 Metaspace       used 35026K, capacity 35452K, committed 35584K, reserved 1081344K
  class space    used 4306K, capacity 4484K, committed 4608K, reserved 1048576K
}
Event: 14.447 GC heap before
{Heap before GC invocations=9 (full 0):
 garbage-first heap   total 76800K, used 47505K [0x00000000c3200000, 0x0000000100000000)
  region size 1024K, 25 young (25600K), 1 survivors (1024K)
 Metaspace       used 39771K, capacity 40345K, committed 40576K, reserved 1085440K
  class space    used 4744K, capacity 4939K, committed 4992K, reserved 1048576K
}
Event: 14.457 GC heap after
{Heap after GC invocations=10 (full 0):
 garbage-first heap   total 76800K, used 26266K [0x00000000c3200000, 0x0000000100000000)
  region size 1024K, 4 young (4096K), 4 survivors (4096K)
 Metaspace       used 39771K, capacity 40345K, committed 40576K, reserved 1085440K
  class space    used 4744K, capacity 4939K, committed 4992K, reserved 1048576K
}
Event: 14.655 GC heap before
{Heap before GC invocations=10 (full 0):
 garbage-first heap   total 76800K, used 32410K [0x00000000c3200000, 0x0000000100000000)
  region size 1024K, 11 young (11264K), 4 survivors (4096K)
 Metaspace       used 40866K, capacity 41375K, committed 41472K, reserved 1091584K
  class space    used 4867K, capacity 5069K, committed 5120K, reserved 1048576K
}
Event: 14.662 GC heap after
{Heap after GC invocations=11 (full 0):
 garbage-first heap   total 76800K, used 26699K [0x00000000c3200000, 0x0000000100000000)
  region size 1024K, 1 young (1024K), 1 survivors (1024K)
 Metaspace       used 40866K, capacity 41375K, committed 41472K, reserved 1091584K
  class space    used 4867K, capacity 5069K, committed 5120K, reserved 1048576K
}

Deoptimization events (20 events):
Event: 14.328 Thread 0x000000000021b000 Uncommon trap: trap_request=0xffffffd6 fr.pc=0x000000000dc4198c relative=0x000000000000052c
Event: 14.328 Thread 0x000000000021b000 Uncommon trap: reason=array_check action=maybe_recompile pc=0x000000000dc4198c method=java.util.AbstractCollection.toArray([Ljava/lang/Object;)[Ljava/lang/Object; @ 116 c2
Event: 14.328 Thread 0x000000000021b000 DEOPT PACKING pc=0x000000000dc4198c sp=0x000000000238cfd0
Event: 14.328 Thread 0x000000000021b000 DEOPT UNPACKING pc=0x0000000006096929 sp=0x000000000238cf70 mode 2
Event: 14.328 Thread 0x000000000021b000 Uncommon trap: trap_request=0xffffffd6 fr.pc=0x000000000dc4198c relative=0x000000000000052c
Event: 14.328 Thread 0x000000000021b000 Uncommon trap: reason=array_check action=maybe_recompile pc=0x000000000dc4198c method=java.util.AbstractCollection.toArray([Ljava/lang/Object;)[Ljava/lang/Object; @ 116 c2
Event: 14.328 Thread 0x000000000021b000 DEOPT PACKING pc=0x000000000dc4198c sp=0x000000000238cfd0
Event: 14.328 Thread 0x000000000021b000 DEOPT UNPACKING pc=0x0000000006096929 sp=0x000000000238cf70 mode 2
Event: 14.328 Thread 0x000000000021b000 Uncommon trap: trap_request=0xffffffd6 fr.pc=0x000000000dc4198c relative=0x000000000000052c
Event: 14.328 Thread 0x000000000021b000 Uncommon trap: reason=array_check action=maybe_recompile pc=0x000000000dc4198c method=java.util.AbstractCollection.toArray([Ljava/lang/Object;)[Ljava/lang/Object; @ 116 c2
Event: 14.328 Thread 0x000000000021b000 DEOPT PACKING pc=0x000000000dc4198c sp=0x000000000238cfd0
Event: 14.328 Thread 0x000000000021b000 DEOPT UNPACKING pc=0x0000000006096929 sp=0x000000000238cf70 mode 2
Event: 14.328 Thread 0x000000000021b000 Uncommon trap: trap_request=0xffffffd6 fr.pc=0x000000000dc4198c relative=0x000000000000052c
Event: 14.328 Thread 0x000000000021b000 Uncommon trap: reason=array_check action=maybe_recompile pc=0x000000000dc4198c method=java.util.AbstractCollection.toArray([Ljava/lang/Object;)[Ljava/lang/Object; @ 116 c2
Event: 14.328 Thread 0x000000000021b000 DEOPT PACKING pc=0x000000000dc4198c sp=0x000000000238cfd0
Event: 14.328 Thread 0x000000000021b000 DEOPT UNPACKING pc=0x0000000006096929 sp=0x000000000238cf70 mode 2
Event: 14.609 Thread 0x000000000021b000 Uncommon trap: trap_request=0xffffff4d fr.pc=0x000000000db5628c relative=0x000000000000044c
Event: 14.609 Thread 0x000000000021b000 Uncommon trap: reason=unstable_if action=reinterpret pc=0x000000000db5628c method=java.lang.StringLatin1.indexOf([BI[BII)I @ 27 c2
Event: 14.609 Thread 0x000000000021b000 DEOPT PACKING pc=0x000000000db5628c sp=0x000000000238bca0
Event: 14.609 Thread 0x000000000021b000 DEOPT UNPACKING pc=0x0000000006096929 sp=0x000000000238bc00 mode 2

Classes redefined (0 events):
No events

Internal exceptions (19 events):
Event: 3.495 Thread 0x000000000021b000 Exception <a 'java/lang/NoSuchMethodError'{0x00000000c4c59d78}: 'int java.lang.invoke.DirectMethodHandle$Holder.invokeSpecialIFC(java.lang.Object, java.lang.Object, int)'> (0x00000000c4c59d78) thrown at [./src/hotspot/share/interpreter/linkResolver.cpp, line 773]
Event: 4.868 Thread 0x000000000021b000 Exception <a 'java/lang/NoSuchMethodError'{0x00000000c68f2380}: 'java.lang.Object java.lang.invoke.DirectMethodHandle$Holder.invokeStaticInit(java.lang.Object, int)'> (0x00000000c68f2380) thrown at [./src/hotspot/share/interpreter/linkResolver.cpp, line 773]
Event: 4.962 Thread 0x000000000021b000 Exception <a 'java/lang/NoSuchMethodError'{0x00000000c667e408}: 'long java.lang.invoke.DirectMethodHandle$Holder.invokeStatic(java.lang.Object)'> (0x00000000c667e408) thrown at [./src/hotspot/share/interpreter/linkResolver.cpp, line 773]
Event: 4.962 Thread 0x000000000021b000 Exception <a 'java/lang/NoSuchMethodError'{0x00000000c66b5020}: 'long java.lang.invoke.DirectMethodHandle$Holder.invokeStaticInit(java.lang.Object)'> (0x00000000c66b5020) thrown at [./src/hotspot/share/interpreter/linkResolver.cpp, line 773]
Event: 5.283 Thread 0x000000000021b000 Exception <a 'java/lang/NoSuchMethodError'{0x00000000c6d89328}: 'int java.lang.invoke.DirectMethodHandle$Holder.invokeStaticInit(java.lang.Object, java.lang.Object, java.lang.Object)'> (0x00000000c6d89328) thrown at [./src/hotspot/share/interpreter/linkResolver.cpp, line 773]
Event: 5.293 Thread 0x000000000021b000 Exception <a 'java/lang/NoSuchMethodError'{0x00000000c6db4d20}: 'int java.lang.invoke.DirectMethodHandle$Holder.invokeStaticInit(java.lang.Object, java.lang.Object)'> (0x00000000c6db4d20) thrown at [./src/hotspot/share/interpreter/linkResolver.cpp, line 773]
Event: 5.971 Thread 0x000000000021b000 Exception <a 'java/lang/NoSuchMethodError'{0x00000000c6263df8}: 'java.lang.Object java.lang.invoke.DirectMethodHandle$Holder.invokeStatic(java.lang.Object, java.lang.Object, java.lang.Object, java.lang.Object, java.lang.Object, java.lang.Object, java.lang.Object, java.lang.Object, java.lang.Object, java.lang.Object, java.lang.Object, java.lang.Object, java.lang.Object, java.lang.Object, java.lang.Object)'> (0x00000000c6263df8) thrown at [./src/hotspot/share/interpreter/linkResolver.cpp, line 773]
Event: 5.974 Thread 0x000000000021b000 Exception <a 'java/lang/NoSuchMethodError'{0x00000000c6272048}: 'java.lang.Object java.lang.invoke.DirectMethodHandle$Holder.invokeStatic(java.lang.Object, java.lang.Object, java.lang.Object, java.lang.Object, java.lang.Object, java.lang.Object, java.lang.Object, java.lang.Object, java.lang.Object, java.lang.Object, java.lang.Object, java.lang.Object, java.lang.Object, java.lang.Object, java.lang.Object, java.lang.Object)'> (0x00000000c6272048) thrown at [./src/hotspot/share/interpreter/linkResolver.cpp, l
Event: 5.978 Thread 0x000000000021b000 Exception <a 'java/lang/NoSuchMethodError'{0x00000000c627ff60}: 'java.lang.Object java.lang.invoke.DirectMethodHandle$Holder.invokeSpecial(java.lang.Object, java.lang.Object, int, int, java.lang.Object, java.lang.Object, java.lang.Object)'> (0x00000000c627ff60) thrown at [./src/hotspot/share/interpreter/linkResolver.cpp, line 773]
Event: 5.978 Thread 0x000000000021b000 Exception <a 'java/lang/NoSuchMethodError'{0x00000000c6283798}: 'java.lang.Object java.lang.invoke.DelegatingMethodHandle$Holder.reinvoke_L(java.lang.Object, int, int, java.lang.Object, java.lang.Object, java.lang.Object)'> (0x00000000c6283798) thrown at [./src/hotspot/share/interpreter/linkResolver.cpp, line 773]
Event: 5.979 Thread 0x000000000021b000 Exception <a 'java/lang/NoSuchMethodError'{0x00000000c6287b20}: 'java.lang.Object java.lang.invoke.DirectMethodHandle$Holder.invokeStatic(java.lang.Object, java.lang.Object, java.lang.Object, java.lang.Object, int)'> (0x00000000c6287b20) thrown at [./src/hotspot/share/interpreter/linkResolver.cpp, line 773]
Event: 6.119 Thread 0x000000000021b000 Implicit null exception at 0x000000000dbb692c to 0x000000000dbb6a4e
Event: 6.170 Thread 0x000000000021b000 Exception <a 'java/lang/NoSuchMethodError'{0x00000000c5c04dc0}: 'void java.lang.invoke.DirectMethodHandle$Holder.invokeStatic(java.lang.Object, java.lang.Object, java.lang.Object, java.lang.Object)'> (0x00000000c5c04dc0) thrown at [./src/hotspot/share/interpreter/linkResolver.cpp, line 773]
Event: 6.490 Thread 0x000000000021b000 Exception <a 'java/lang/NoSuchMethodError'{0x00000000c5b557d8}: 'void java.lang.invoke.DirectMethodHandle$Holder.invokeSpecial(java.lang.Object, java.lang.Object)'> (0x00000000c5b557d8) thrown at [./src/hotspot/share/interpreter/linkResolver.cpp, line 773]
Event: 6.695 Thread 0x000000000021b000 Exception <a 'java/lang/NoSuchMethodError'{0x00000000c6f025a8}: 'void java.lang.invoke.DirectMethodHandle$Holder.invokeStaticInit(java.lang.Object, java.lang.Object)'> (0x00000000c6f025a8) thrown at [./src/hotspot/share/interpreter/linkResolver.cpp, line 773]
Event: 6.730 Thread 0x000000000021b000 Exception <a 'java/lang/NoSuchMethodError'{0x00000000c6f40a50}: 'void java.lang.invoke.DirectMethodHandle$Holder.invokeInterface(java.lang.Object, java.lang.Object)'> (0x00000000c6f40a50) thrown at [./src/hotspot/share/interpreter/linkResolver.cpp, line 773]
Event: 7.361 Thread 0x000000000021b000 Exception <a 'java/lang/NoSuchMethodError'{0x00000000c6bde9c0}: 'void java.lang.invoke.DirectMethodHandle$Holder.invokeVirtual(java.lang.Object, java.lang.Object)'> (0x00000000c6bde9c0) thrown at [./src/hotspot/share/interpreter/linkResolver.cpp, line 773]
Event: 7.399 Thread 0x000000000021b000 Exception <a 'java/lang/NoSuchMethodError'{0x00000000c6a59860}: 'int java.lang.invoke.DirectMethodHandle$Holder.invokeVirtual(java.lang.Object, java.lang.Object)'> (0x00000000c6a59860) thrown at [./src/hotspot/share/interpreter/linkResolver.cpp, line 773]
Event: 12.374 Thread 0x000000000021b000 Exception <a 'java/lang/NoSuchMethodError'{0x00000000c6f5fdd0}: 'java.lang.Object java.lang.invoke.DirectMethodHandle$Holder.invokeVirtual(java.lang.Object, java.lang.Object, java.lang.Object)'> (0x00000000c6f5fdd0) thrown at [./src/hotspot/share/interpreter/linkResolver.cpp, line 773]

Events (20 events):
Event: 14.649 loading class org/jetbrains/kotlin/descriptors/EffectiveVisibility$PrivateInClass done
Event: 14.650 loading class org/jetbrains/kotlin/resolve/ShadowedExtensionChecker
Event: 14.650 loading class org/jetbrains/kotlin/resolve/ShadowedExtensionChecker done
Event: 14.651 loading class org/jetbrains/kotlin/resolve/ObservableBindingTrace
Event: 14.651 loading class org/jetbrains/kotlin/resolve/ObservableBindingTrace done
Event: 14.652 loading class org/jetbrains/kotlin/com/intellij/util/SmartFMap
Event: 14.652 loading class org/jetbrains/kotlin/com/intellij/util/SmartFMap done
Event: 14.653 loading class org/jetbrains/kotlin/load/java/components/FilesByFacadeFqNameIndexer$Companion
Event: 14.653 loading class org/jetbrains/kotlin/load/java/components/FilesByFacadeFqNameIndexer$Companion done
Event: 14.653 loading class org/jetbrains/kotlin/util/slicedMap/Slices
Event: 14.653 loading class org/jetbrains/kotlin/util/slicedMap/Slices done
Event: 14.654 loading class org/jetbrains/kotlin/util/slicedMap/RewritePolicy
Event: 14.654 loading class org/jetbrains/kotlin/util/slicedMap/RewritePolicy done
Event: 14.654 loading class org/jetbrains/kotlin/util/slicedMap/Slices$1
Event: 14.654 loading class org/jetbrains/kotlin/util/slicedMap/Slices$1 done
Event: 14.654 loading class org/jetbrains/kotlin/util/slicedMap/Slices$2
Event: 14.654 loading class org/jetbrains/kotlin/util/slicedMap/Slices$2 done
Event: 14.654 loading class org/jetbrains/kotlin/util/slicedMap/BasicWritableSlice
Event: 14.654 loading class org/jetbrains/kotlin/util/slicedMap/BasicWritableSlice done
Event: 14.655 Executing VM operation: CollectForMetadataAllocation


Dynamic libraries:
0x000000013f0e0000 - 0x000000013f0ea000 	C:\Program Files\Android\Android Studio\jre\bin\java.exe
0x00000000779c0000 - 0x0000000077b69000 	C:\Windows\SYSTEM32\ntdll.dll
0x00000000777a0000 - 0x00000000778bf000 	C:\Windows\system32\kernel32.dll
0x000007fefdc30000 - 0x000007fefdc9c000 	C:\Windows\system32\KERNELBASE.dll
0x000007fef1e00000 - 0x000007fef1e19000 	C:\Program Files\Android\Android Studio\jre\bin\jli.dll
0x000007fefc3e0000 - 0x000007fefc5d4000 	C:\Windows\WinSxS\amd64_microsoft.windows.common-controls_6595b64144ccf1df_6.0.7601.17514_none_fa396087175ac9ac\COMCTL32.dll
0x000007feffa60000 - 0x000007feffaff000 	C:\Windows\system32\msvcrt.dll
0x000007feff5b0000 - 0x000007feff617000 	C:\Windows\system32\GDI32.dll
0x00000000778c0000 - 0x00000000779ba000 	C:\Windows\system32\USER32.dll
0x000007feff5a0000 - 0x000007feff5ae000 	C:\Windows\system32\LPK.dll
0x000007feffb00000 - 0x000007feffbc9000 	C:\Windows\system32\USP10.dll
0x000007fefed60000 - 0x000007fefedd1000 	C:\Windows\system32\SHLWAPI.dll
0x000007fef1e20000 - 0x000007fef1e37000 	C:\Program Files\Android\Android Studio\jre\bin\VCRUNTIME140.dll
0x000007fefa650000 - 0x000007fefa654000 	C:\Windows\system32\api-ms-win-crt-runtime-l1-1-0.dll
0x000007fef21d0000 - 0x000007fef22c2000 	C:\Windows\system32\ucrtbase.DLL
0x000007fefa600000 - 0x000007fefa603000 	C:\Windows\system32\api-ms-win-core-timezone-l1-1-0.dll
0x000007fef9e50000 - 0x000007fef9e53000 	C:\Windows\system32\api-ms-win-core-file-l2-1-0.dll
0x000007fef88c0000 - 0x000007fef88c3000 	C:\Windows\system32\api-ms-win-core-localization-l1-2-0.dll
0x000007fef9f70000 - 0x000007fef9f73000 	C:\Windows\system32\api-ms-win-core-synch-l1-2-0.dll
0x000007fef7c20000 - 0x000007fef7c23000 	C:\Windows\system32\api-ms-win-core-processthreads-l1-1-1.dll
0x000007fef6df0000 - 0x000007fef6df3000 	C:\Windows\system32\api-ms-win-core-file-l1-2-0.dll
0x000007fef36c0000 - 0x000007fef36c4000 	C:\Windows\system32\api-ms-win-crt-string-l1-1-0.dll
0x000007fef6b50000 - 0x000007fef6b53000 	C:\Windows\system32\api-ms-win-crt-heap-l1-1-0.dll
0x000007fef5ca0000 - 0x000007fef5ca4000 	C:\Windows\system32\api-ms-win-crt-stdio-l1-1-0.dll
0x000007fef36a0000 - 0x000007fef36a4000 	C:\Windows\system32\api-ms-win-crt-convert-l1-1-0.dll
0x000007fef36b0000 - 0x000007fef36b3000 	C:\Windows\system32\api-ms-win-crt-environment-l1-1-0.dll
0x000007fef3660000 - 0x000007fef3663000 	C:\Windows\system32\api-ms-win-crt-filesystem-l1-1-0.dll
0x000007fef3690000 - 0x000007fef3695000 	C:\Windows\system32\api-ms-win-crt-math-l1-1-0.dll
0x000007fef3200000 - 0x000007fef3203000 	C:\Windows\system32\api-ms-win-crt-locale-l1-1-0.dll
0x000007feff110000 - 0x000007feff13e000 	C:\Windows\system32\IMM32.DLL
0x000007feff670000 - 0x000007feff779000 	C:\Windows\system32\MSCTF.dll
0x000007fef05e0000 - 0x000007fef067d000 	C:\Program Files\Android\Android Studio\jre\bin\msvcp140.dll
0x000007fef5610000 - 0x000007fef5615000 	C:\Windows\system32\api-ms-win-crt-multibyte-l1-1-0.dll
0x000007fef3670000 - 0x000007fef3673000 	C:\Windows\system32\api-ms-win-crt-time-l1-1-0.dll
0x000007fef3680000 - 0x000007fef3683000 	C:\Windows\system32\api-ms-win-crt-utility-l1-1-0.dll
0x000007feed3b0000 - 0x000007feede7f000 	C:\Program Files\Android\Android Studio\jre\bin\server\jvm.dll
0x000007feffbd0000 - 0x000007feffcab000 	C:\Windows\system32\ADVAPI32.dll
0x000007feffcb0000 - 0x000007feffccf000 	C:\Windows\SYSTEM32\sechost.dll
0x000007fefedf0000 - 0x000007fefef1d000 	C:\Windows\system32\RPCRT4.dll
0x000007fefa610000 - 0x000007fefa619000 	C:\Windows\system32\WSOCK32.dll
0x000007feff620000 - 0x000007feff66d000 	C:\Windows\system32\WS2_32.dll
0x000007fefede0000 - 0x000007fefede8000 	C:\Windows\system32\NSI.dll
0x000007fef98d0000 - 0x000007fef990b000 	C:\Windows\system32\WINMM.dll
0x000007fefca70000 - 0x000007fefca7c000 	C:\Windows\system32\VERSION.dll
0x0000000077b80000 - 0x0000000077b87000 	C:\Windows\system32\PSAPI.DLL
0x000007fef35e0000 - 0x000007fef35f1000 	C:\Program Files\Android\Android Studio\jre\bin\verify.dll
0x000007fef8080000 - 0x000007fef81a5000 	C:\Windows\system32\DBGHELP.DLL
0x000007fef2b70000 - 0x000007fef2b99000 	C:\Program Files\Android\Android Studio\jre\bin\java.dll
0x000007fef3610000 - 0x000007fef361b000 	C:\Program Files\Android\Android Studio\jre\bin\jimage.dll
0x000007fef3490000 - 0x000007fef34a8000 	C:\Program Files\Android\Android Studio\jre\bin\zip.dll
0x000007fefdce0000 - 0x000007fefea68000 	C:\Windows\system32\SHELL32.dll
0x000007fefeb50000 - 0x000007fefed53000 	C:\Windows\system32\ole32.dll
0x000007fefd910000 - 0x000007fefd91f000 	C:\Windows\system32\profapi.dll
0x000007fef3470000 - 0x000007fef348a000 	C:\Program Files\Android\Android Studio\jre\bin\net.dll
0x000007fefb030000 - 0x000007fefb0a1000 	C:\Windows\system32\WINHTTP.dll
0x000007fefafc0000 - 0x000007fefb024000 	C:\Windows\system32\webio.dll
0x000007fefd180000 - 0x000007fefd1d5000 	C:\Windows\system32\mswsock.dll
0x000007fefd170000 - 0x000007fefd177000 	C:\Windows\System32\wship6.dll
0x000007fef32e0000 - 0x000007fef32f4000 	C:\Program Files\Android\Android Studio\jre\bin\nio.dll

dbghelp: loaded successfully - version: 4.0.5 - missing functions: none
symbol engine: initialized successfully - sym options: 0x614 - pdb path: .;C:\Program Files\Android\Android Studio\jre\bin;C:\Windows\SYSTEM32;C:\Windows\WinSxS\amd64_microsoft.windows.common-controls_6595b64144ccf1df_6.0.7601.17514_none_fa396087175ac9ac;C:\Program Files\Android\Android Studio\jre\bin\server

VM Arguments:
java_command: org.jetbrains.kotlin.cli.jvm.K2JVMCompiler @C:\Users\Dell\AndroidStudioProjects\NoteApp\app\build\20211017_8143519247658273807.compiler.options
java_class_path (initial): C:\Users\Dell\.gradle\caches\modules-2\files-2.1\org.jetbrains.kotlin\kotlin-compiler-embeddable\1.5.31\cc18c29253541dc57c25c3ef514d63c7953ae1a6\kotlin-compiler-embeddable-1.5.31.jar;C:\Users\Dell\.gradle\caches\modules-2\files-2.1\org.jetbrains.kotlin\kotlin-reflect\1.5.31\1523fcd842a47da0820cea772b19c51056fec8a9\kotlin-reflect-1.5.31.jar;C:\Users\Dell\.gradle\caches\modules-2\files-2.1\org.jetbrains.kotlin\kotlin-stdlib\1.5.31\6628d61d0f5603568e72d2d5915d2c034b4f1c55\kotlin-stdlib-1.5.31.jar;C:\Users\Dell\.gradle\caches\modules-2\files-2.1\org.jetbrains.kotlin\kotlin-script-runtime\1.5.31\aaea854be2cfc06373dfc11be5a6ba9ca5ca84a6\kotlin-script-runtime-1.5.31.jar;C:\Users\Dell\.gradle\caches\modules-2\files-2.1\org.jetbrains.kotlin\kotlin-daemon-embeddable\1.5.31\d19b549661e28c62781683dc7c7e34bf416974f1\kotlin-daemon-embeddable-1.5.31.jar;C:\Users\Dell\.gradle\caches\modules-2\files-2.1\org.jetbrains.intellij.deps\trove4j\1.0.20181211\216c2e14b070f334479d800987affe4054cd563f\trove4j-1.0.20181211.jar;C:\Users\Dell\.gradle\caches\modules-2\files-2.1\org.jetbrains\annotations\13.0\919f0dfe192fb4e063e7dacadee7f8bb9a2672a9\annotations-13.0.jar;C:\Users\Dell\.gradle\caches\modules-2\files-2.1\org.jetbrains.kotlin\kotlin-stdlib-common\1.5.31\43331609c7de811fed085e0dfd150874b157c32\kotlin-stdlib-common-1.5.31.jar
Launcher Type: SUN_STANDARD

[Global flags]
     intx CICompilerCount                          = 3                                         {product} {ergonomic}
     uint ConcGCThreads                            = 1                                         {product} {ergonomic}
     uint G1ConcRefinementThreads                  = 4                                         {product} {ergonomic}
   size_t G1HeapRegionSize                         = 1048576                                   {product} {ergonomic}
    uintx GCDrainStackTargetSize                   = 64                                        {product} {ergonomic}
   size_t InitialHeapSize                          = 65011712                                  {product} {ergonomic}
   size_t MarkStackSize                            = 4194304                                   {product} {ergonomic}
   size_t MaxHeapSize                              = 1021313024                                {product} {ergonomic}
   size_t MaxNewSize                               = 612368384                                 {product} {ergonomic}
   size_t MinHeapDeltaBytes                        = 1048576                                   {product} {ergonomic}
    uintx NonNMethodCodeHeapSize                   = 5830732                                {pd product} {ergonomic}
    uintx NonProfiledCodeHeapSize                  = 122913754                              {pd product} {ergonomic}
    uintx ProfiledCodeHeapSize                     = 122913754                              {pd product} {ergonomic}
    uintx ReservedCodeCacheSize                    = 251658240                              {pd product} {ergonomic}
     bool SegmentedCodeCache                       = true                                      {product} {ergonomic}
     bool UseCompressedClassPointers               = true                                 {lp64_product} {ergonomic}
     bool UseCompressedOops                        = true                                 {lp64_product} {ergonomic}
     bool UseG1GC                                  = true                                      {product} {ergonomic}
     bool UseLargePagesIndividualAllocation        = false                                  {pd product} {ergonomic}

Logging:
Log output configuration:
 #0: stdout all=warning uptime,level,tags
 #1: stderr all=off uptime,level,tags

Environment Variables:
PATH=C:\Program Files (x86)\Common Files\Oracle\Java\javapath;C:\Program Files\Java\jdk-14.0.2/bin;C:\Program Files\apktool;C:\Program Files (x86)\Paragon Software\LinuxFS for Windows\;C:\Users\Dell\AppData\Local\Programs\Python\Python38\Scripts\;C:\Users\Dell\AppData\Local\Programs\Python\Python38\
USERNAME=Dell
OS=Windows_NT
PROCESSOR_IDENTIFIER=Intel64 Family 6 Model 37 Stepping 5, GenuineIntel



---------------  S Y S T E M  ---------------

OS: Windows 7 , 64 bit Build 7601 (6.1.7601.17617)
OS uptime: 8 days 5:33 hours

CPU:total 4 (initial active 4) (2 cores per cpu, 2 threads per core) family 6 model 37 stepping 5 microcode 0x0, cmov, cx8, fxsr, mmx, sse, sse2, sse3, ssse3, sse4.1, sse4.2, popcnt, ht, tsc, tscinvbit

Memory: 4k page, system-wide physical 3894M (174M free)
TotalPageFile size 7050M (AvailPageFile size 4M)
current process WorkingSet (physical memory assigned to process): 195M, peak: 195M
current process commit charge ("private bytes"): 228M, peak: 229M

vm_info: OpenJDK 64-Bit Server VM (11.0.10+0-b96-7249189) for windows-amd64 JRE (11.0.10+0-b96-7249189), built on Mar 31 2021 21:44:00 by "builder" with MS VC++ 14.0 (VS2015)

END.
