#
# There is insufficient memory for the Java Runtime Environment to continue.
# Native memory allocation (malloc) failed to allocate 1048576 bytes for AllocateHeap
# Possible reasons:
#   The system is out of physical RAM or swap space
#   The process is running with CompressedOops enabled, and the Java Heap may be blocking the growth of the native heap
# Possible solutions:
#   Reduce memory load on the system
#   Increase physical memory or swap space
#   Check if swap backing store is full
#   Decrease Java heap size (-Xmx/-Xms)
#   Decrease number of Java threads
#   Decrease Java thread stack sizes (-Xss)
#   Set larger code cache with -XX:ReservedCodeCacheSize=
#   JVM is running with Unscaled Compressed Oops mode in which the Java heap is
#     placed in the first 4GB address space. The Java Heap base address is the
#     maximum limit for the native heap growth. Please use -XX:HeapBaseMinAddress
#     to set the Java Heap base and to place the Java Heap above 4GB virtual address.
# This output file may be truncated or incomplete.
#
#  Out of Memory Error (./src/hotspot/share/memory/allocation.cpp:46), pid=5648, tid=3984
#
# JRE version: OpenJDK Runtime Environment (11.0.10) (build 11.0.10+0-b96-7249189)
# Java VM: OpenJDK 64-Bit Server VM (11.0.10+0-b96-7249189, mixed mode, tiered, compressed oops, g1 gc, windows-amd64)
# No core dump will be written. Minidumps are not enabled by default on client versions of Windows
#

---------------  S U M M A R Y ------------

Command Line: org.jetbrains.kotlin.cli.jvm.K2JVMCompiler @C:\Users\Dell\AndroidStudioProjects\NoteApp\app\build\20211017_5724573010005480985.compiler.options

Host: Intel(R) Core(TM) i3 CPU       M 370  @ 2.40GHz, 4 cores, 3G,  Windows 7 , 64 bit Build 7601 (6.1.7601.17617)
Time: Sun Oct 17 19:32:14 2021 Sri Lanka Standard Time elapsed time: 8.497095 seconds (0d 0h 0m 8s)

---------------  T H R E A D  ---------------

Current thread (0x000000005b009800):  VMThread "VM Thread" [stack: 0x000000005b2e0000,0x000000005b3e0000] [id=3984]

Stack: [0x000000005b2e0000,0x000000005b3e0000]
[error occurred during error reporting (printing stack bounds), id 0xc0000005, EXCEPTION_ACCESS_VIOLATION (0xc0000005) at pc=0x00000000062c0f3d]

Native frames: (J=compiled Java code, j=interpreted, Vv=VM code, C=native code)
V  [jvm.dll+0x5ecfaa]
V  [jvm.dll+0x722bd5]
V  [jvm.dll+0x72412d]
V  [jvm.dll+0x724745]
V  [jvm.dll+0x7246fb]
V  [jvm.dll+0x5ec348]
V  [jvm.dll+0x5ecad8]
C  [ntdll.dll+0x29d0d]
C  [ntdll.dll+0x191af]
C  [ntdll.dll+0x51278]
C  0x00000000062c0f3d

VM_Operation (0x00000000023bcb90): CollectForMetadataAllocation, mode: safepoint, requested by thread 0x000000000050b000


---------------  P R O C E S S  ---------------

Threads class SMR info:
_java_thread_list=0x000000005c33e440, length=10, elements={
0x000000000050b000, 0x000000005b04e800, 0x000000005b050800, 0x000000005b06c800,
0x000000005b073800, 0x000000005b074800, 0x000000005b075800, 0x000000005b07a800,
0x000000005b07b800, 0x000000005c342000
}

Java Threads: ( => current thread )
  0x000000000050b000 JavaThread "main" [_thread_blocked, id=1100, stack(0x00000000022c0000,0x00000000023c0000)]
  0x000000005b04e800 JavaThread "Reference Handler" daemon [_thread_blocked, id=5452, stack(0x000000005b490000,0x000000005b590000)]
  0x000000005b050800 JavaThread "Finalizer" daemon [_thread_blocked, id=7100, stack(0x000000005b690000,0x000000005b790000)]
  0x000000005b06c800 JavaThread "Signal Dispatcher" daemon [_thread_blocked, id=6988, stack(0x000000005b7e0000,0x000000005b8e0000)]
  0x000000005b073800 JavaThread "Attach Listener" daemon [_thread_blocked, id=6092, stack(0x000000005b9d0000,0x000000005bad0000)]
  0x000000005b074800 JavaThread "Service Thread" daemon [_thread_blocked, id=932, stack(0x000000005bc50000,0x000000005bd50000)]
  0x000000005b075800 JavaThread "C2 CompilerThread0" daemon [_thread_in_native, id=5668, stack(0x000000005be80000,0x000000005bf80000)]
  0x000000005b07a800 JavaThread "C1 CompilerThread0" daemon [_thread_blocked, id=3516, stack(0x000000005c070000,0x000000005c170000)]
  0x000000005b07b800 JavaThread "Sweeper thread" daemon [_thread_blocked, id=248, stack(0x000000005c1a0000,0x000000005c2a0000)]
  0x000000005c342000 JavaThread "Common-Cleaner" daemon [_thread_blocked, id=4164, stack(0x000000005c6a0000,0x000000005c7a0000)]

Other Threads:
=>0x000000005b009800 VMThread "VM Thread" [stack: 0x000000005b2e0000,0x000000005b3e0000] [id=3984]
  0x000000005c2f8000 WatcherThread [stack: 0x000000005baf0000,0x000000005bbf0000] [id=6480]
  0x0000000000524000 GCTaskThread "GC Thread#0" [stack: 0x0000000015500000,0x0000000015600000] [id=6896]
  0x000000005c9ee000 GCTaskThread "GC Thread#1" [stack: 0x000000005d390000,0x000000005d490000] [id=5404]
  0x000000000053d000 ConcurrentGCThread "G1 Main Marker" [stack: 0x0000000017f40000,0x0000000018040000] [id=2248]
  0x000000000053e800 ConcurrentGCThread "G1 Conc#0" [stack: 0x0000000018150000,0x0000000018250000] [id=2892]
  0x000000001a472800 ConcurrentGCThread "G1 Refine#0" [stack: 0x000000001a670000,0x000000001a770000] [id=6268]
  0x000000001a473000 ConcurrentGCThread "G1 Young RemSet Sampling" [stack: 0x000000001a570000,0x000000001a670000] [id=5680]

Threads with active compile tasks:
C2 CompilerThread0   8508 1960   !   4       jdk.internal.loader.BuiltinClassLoader::loadClassOrNull (143 bytes)

VM state:at safepoint (normal execution)

VM Mutex/Monitor currently owned by a thread:  ([mutex/lock_event])
[0x0000000000506ae0] Threads_lock - owner thread: 0x000000005b009800
[0x00000000005072c0] Heap_lock - owner thread: 0x000000000050b000

Heap address: 0x00000000c3200000, size: 974 MB, Compressed Oops mode: 32-bit
Narrow klass base: 0x0000000000000000, Narrow klass shift: 0
Compressed class space size: 1073741824 Address: 0x000000001a770000

Heap:
 garbage-first heap   total 63488K, used 17654K [0x00000000c3200000, 0x0000000100000000)
  region size 1024K, 1 young (1024K), 1 survivors (1024K)
 Metaspace       used 27645K, capacity 28118K, committed 28284K, reserved 1075200K
  class space    used 2979K, capacity 3148K, committed 3196K, reserved 1048576K
Heap Regions: E=young(eden), S=young(survivor), O=old, HS=humongous(starts), HC=humongous(continues), CS=collection set, F=free, A=archive, TAMS=top-at-mark-start (previous, next)
|   0|0x00000000c3200000, 0x00000000c3300000, 0x00000000c3300000|100%|HS|  |TAMS 0x00000000c3300000, 0x00000000c3300000| Complete 
|   1|0x00000000c3300000, 0x00000000c3400000, 0x00000000c3400000|100%|HC|  |TAMS 0x00000000c3400000, 0x00000000c3400000| Complete 
|   2|0x00000000c3400000, 0x00000000c3500000, 0x00000000c3500000|100%|HC|  |TAMS 0x00000000c3500000, 0x00000000c3500000| Complete 
|   3|0x00000000c3500000, 0x00000000c3600000, 0x00000000c3600000|100%| O|  |TAMS 0x00000000c3600000, 0x00000000c3600000| Untracked 
|   4|0x00000000c3600000, 0x00000000c3700000, 0x00000000c3700000|100%| O|  |TAMS 0x00000000c3700000, 0x00000000c3700000| Untracked 
|   5|0x00000000c3700000, 0x00000000c3800000, 0x00000000c3800000|100%| O|  |TAMS 0x00000000c3800000, 0x00000000c3800000| Untracked 
|   6|0x00000000c3800000, 0x00000000c3900000, 0x00000000c3900000|100%| O|  |TAMS 0x00000000c3900000, 0x00000000c3900000| Untracked 
|   7|0x00000000c3900000, 0x00000000c3a00000, 0x00000000c3a00000|100%| O|  |TAMS 0x00000000c3a00000, 0x00000000c3a00000| Untracked 
|   8|0x00000000c3a00000, 0x00000000c3b00000, 0x00000000c3b00000|100%| O|  |TAMS 0x00000000c3ac5e00, 0x00000000c3b00000| Untracked 
|   9|0x00000000c3b00000, 0x00000000c3c00000, 0x00000000c3c00000|100%|HS|  |TAMS 0x00000000c3b00000, 0x00000000c3c00000| Complete 
|  10|0x00000000c3c00000, 0x00000000c3d00000, 0x00000000c3d00000|100%|HC|  |TAMS 0x00000000c3c00000, 0x00000000c3d00000| Complete 
|  11|0x00000000c3d00000, 0x00000000c3e00000, 0x00000000c3e00000|100%|HC|  |TAMS 0x00000000c3d00000, 0x00000000c3e00000| Complete 
|  12|0x00000000c3e00000, 0x00000000c3f00000, 0x00000000c3f00000|100%|HS|  |TAMS 0x00000000c3e00000, 0x00000000c3f00000| Complete 
|  13|0x00000000c3f00000, 0x00000000c4000000, 0x00000000c4000000|100%|HC|  |TAMS 0x00000000c3f00000, 0x00000000c4000000| Complete 
|  14|0x00000000c4000000, 0x00000000c4100000, 0x00000000c4100000|100%|HC|  |TAMS 0x00000000c4000000, 0x00000000c4100000| Complete 
|  15|0x00000000c4100000, 0x00000000c4200000, 0x00000000c4200000|100%| O|  |TAMS 0x00000000c4100000, 0x00000000c4200000| Untracked 
|  16|0x00000000c4200000, 0x00000000c42e3800, 0x00000000c4300000| 88%| O|  |TAMS 0x00000000c4200000, 0x00000000c42e3800| Untracked 
|  17|0x00000000c4300000, 0x00000000c4300000, 0x00000000c4400000|  0%| F|  |TAMS 0x00000000c4300000, 0x00000000c4300000| Untracked 
|  18|0x00000000c4400000, 0x00000000c4400000, 0x00000000c4500000|  0%| F|  |TAMS 0x00000000c4400000, 0x00000000c4400000| Untracked 
|  19|0x00000000c4500000, 0x00000000c4500000, 0x00000000c4600000|  0%| F|  |TAMS 0x00000000c4500000, 0x00000000c4500000| Untracked 
|  20|0x00000000c4600000, 0x00000000c4600000, 0x00000000c4700000|  0%| F|  |TAMS 0x00000000c4600000, 0x00000000c4600000| Untracked 
|  21|0x00000000c4700000, 0x00000000c4700000, 0x00000000c4800000|  0%| F|  |TAMS 0x00000000c4700000, 0x00000000c4700000| Untracked 
|  22|0x00000000c4800000, 0x00000000c4800000, 0x00000000c4900000|  0%| F|  |TAMS 0x00000000c4800000, 0x00000000c4800000| Untracked 
|  23|0x00000000c4900000, 0x00000000c4900000, 0x00000000c4a00000|  0%| F|  |TAMS 0x00000000c4900000, 0x00000000c4900000| Untracked 
|  24|0x00000000c4a00000, 0x00000000c4a00000, 0x00000000c4b00000|  0%| F|  |TAMS 0x00000000c4a00000, 0x00000000c4a00000| Untracked 
|  25|0x00000000c4b00000, 0x00000000c4b00000, 0x00000000c4c00000|  0%| F|  |TAMS 0x00000000c4b00000, 0x00000000c4b00000| Untracked 
|  26|0x00000000c4c00000, 0x00000000c4c00000, 0x00000000c4d00000|  0%| F|  |TAMS 0x00000000c4c00000, 0x00000000c4c00000| Untracked 
|  27|0x00000000c4d00000, 0x00000000c4d00000, 0x00000000c4e00000|  0%| F|  |TAMS 0x00000000c4d00000, 0x00000000c4d00000| Untracked 
|  28|0x00000000c4e00000, 0x00000000c4e00000, 0x00000000c4f00000|  0%| F|  |TAMS 0x00000000c4e00000, 0x00000000c4e00000| Untracked 
|  29|0x00000000c4f00000, 0x00000000c4f00000, 0x00000000c5000000|  0%| F|  |TAMS 0x00000000c4f00000, 0x00000000c4f00000| Untracked 
|  30|0x00000000c5000000, 0x00000000c5000000, 0x00000000c5100000|  0%| F|  |TAMS 0x00000000c5000000, 0x00000000c5000000| Untracked 
|  31|0x00000000c5100000, 0x00000000c5100000, 0x00000000c5200000|  0%| F|  |TAMS 0x00000000c5100000, 0x00000000c5100000| Untracked 
|  32|0x00000000c5200000, 0x00000000c5200000, 0x00000000c5300000|  0%| F|  |TAMS 0x00000000c5200000, 0x00000000c5200000| Untracked 
|  33|0x00000000c5300000, 0x00000000c5300000, 0x00000000c5400000|  0%| F|  |TAMS 0x00000000c5300000, 0x00000000c5300000| Untracked 
|  34|0x00000000c5400000, 0x00000000c5400000, 0x00000000c5500000|  0%| F|  |TAMS 0x00000000c5400000, 0x00000000c5400000| Untracked 
|  35|0x00000000c5500000, 0x00000000c5500000, 0x00000000c5600000|  0%| F|  |TAMS 0x00000000c5500000, 0x00000000c5500000| Untracked 
|  36|0x00000000c5600000, 0x00000000c5600000, 0x00000000c5700000|  0%| F|  |TAMS 0x00000000c5600000, 0x00000000c5600000| Untracked 
|  37|0x00000000c5700000, 0x00000000c5700000, 0x00000000c5800000|  0%| F|  |TAMS 0x00000000c5700000, 0x00000000c5700000| Untracked 
|  38|0x00000000c5800000, 0x00000000c5800000, 0x00000000c5900000|  0%| F|  |TAMS 0x00000000c5800000, 0x00000000c5800000| Untracked 
|  39|0x00000000c5900000, 0x00000000c5900000, 0x00000000c5a00000|  0%| F|  |TAMS 0x00000000c5900000, 0x00000000c5900000| Untracked 
|  40|0x00000000c5a00000, 0x00000000c5a00000, 0x00000000c5b00000|  0%| F|  |TAMS 0x00000000c5a00000, 0x00000000c5a00000| Untracked 
|  41|0x00000000c5b00000, 0x00000000c5b00000, 0x00000000c5c00000|  0%| F|  |TAMS 0x00000000c5b00000, 0x00000000c5b00000| Untracked 
|  42|0x00000000c5c00000, 0x00000000c5c00000, 0x00000000c5d00000|  0%| F|  |TAMS 0x00000000c5c00000, 0x00000000c5c00000| Untracked 
|  43|0x00000000c5d00000, 0x00000000c5d00000, 0x00000000c5e00000|  0%| F|  |TAMS 0x00000000c5d00000, 0x00000000c5d00000| Untracked 
|  44|0x00000000c5e00000, 0x00000000c5e00000, 0x00000000c5f00000|  0%| F|  |TAMS 0x00000000c5e00000, 0x00000000c5e00000| Untracked 
|  45|0x00000000c5f00000, 0x00000000c5f00000, 0x00000000c6000000|  0%| F|  |TAMS 0x00000000c5f00000, 0x00000000c5f00000| Untracked 
|  46|0x00000000c6000000, 0x00000000c6000000, 0x00000000c6100000|  0%| F|  |TAMS 0x00000000c6000000, 0x00000000c6000000| Untracked 
|  47|0x00000000c6100000, 0x00000000c6100000, 0x00000000c6200000|  0%| F|  |TAMS 0x00000000c6100000, 0x00000000c6100000| Untracked 
|  48|0x00000000c6200000, 0x00000000c6200000, 0x00000000c6300000|  0%| F|  |TAMS 0x00000000c6200000, 0x00000000c6200000| Untracked 
|  49|0x00000000c6300000, 0x00000000c6300000, 0x00000000c6400000|  0%| F|  |TAMS 0x00000000c6300000, 0x00000000c6300000| Untracked 
|  50|0x00000000c6400000, 0x00000000c6400000, 0x00000000c6500000|  0%| F|  |TAMS 0x00000000c6400000, 0x00000000c6400000| Untracked 
|  51|0x00000000c6500000, 0x00000000c6500000, 0x00000000c6600000|  0%| F|  |TAMS 0x00000000c6500000, 0x00000000c6500000| Untracked 
|  52|0x00000000c6600000, 0x00000000c6600000, 0x00000000c6700000|  0%| F|  |TAMS 0x00000000c6600000, 0x00000000c6600000| Untracked 
|  53|0x00000000c6700000, 0x00000000c6700000, 0x00000000c6800000|  0%| F|  |TAMS 0x00000000c6700000, 0x00000000c6700000| Untracked 
|  54|0x00000000c6800000, 0x00000000c6800000, 0x00000000c6900000|  0%| F|  |TAMS 0x00000000c6800000, 0x00000000c6800000| Untracked 
|  55|0x00000000c6900000, 0x00000000c6900000, 0x00000000c6a00000|  0%| F|  |TAMS 0x00000000c6900000, 0x00000000c6900000| Untracked 
|  56|0x00000000c6a00000, 0x00000000c6a5a280, 0x00000000c6b00000| 35%| S|CS|TAMS 0x00000000c6a00000, 0x00000000c6a00000| Complete 
|  57|0x00000000c6b00000, 0x00000000c6b00000, 0x00000000c6c00000|  0%| F|  |TAMS 0x00000000c6b00000, 0x00000000c6b00000| Untracked 
|  58|0x00000000c6c00000, 0x00000000c6c00000, 0x00000000c6d00000|  0%| F|  |TAMS 0x00000000c6c00000, 0x00000000c6c00000| Untracked 
|  59|0x00000000c6d00000, 0x00000000c6d00000, 0x00000000c6e00000|  0%| F|  |TAMS 0x00000000c6d00000, 0x00000000c6d00000| Untracked 
|  60|0x00000000c6e00000, 0x00000000c6e00000, 0x00000000c6f00000|  0%| F|  |TAMS 0x00000000c6e00000, 0x00000000c6e00000| Untracked 
|  61|0x00000000c6f00000, 0x00000000c6f00000, 0x00000000c7000000|  0%| F|  |TAMS 0x00000000c6f00000, 0x00000000c6f00000| Untracked 

Card table byte_map: [0x0000000015b20000,0x0000000015d10000] _byte_map_base: 0x0000000015507000

Marking Bits (Prev, Next): (CMBitMap*) 0x00000000005385b0, (CMBitMap*) 0x0000000000538578
 Prev Bits: [0x0000000016e40000, 0x0000000017d78000)
 Next Bits: [0x0000000015f00000, 0x0000000016e38000)

Polling page: 0x0000000000130000

Metaspace:

Usage:
  Non-class:     24.38 MB capacity,    24.09 MB ( 99%) used,   262.61 KB (  1%) free+waste,    41.50 KB ( <1%) overhead. 
      Class:      3.07 MB capacity,     2.91 MB ( 95%) used,   149.82 KB (  5%) free+waste,    18.75 KB ( <1%) overhead. 
       Both:     27.46 MB capacity,    27.00 MB ( 98%) used,   412.43 KB (  1%) free+waste,    60.25 KB ( <1%) overhead. 

Virtual space:
  Non-class space:       26.00 MB reserved,      24.50 MB ( 94%) committed 
      Class space:        1.00 GB reserved,       3.12 MB ( <1%) committed 
             Both:        1.03 GB reserved,      27.62 MB (  3%) committed 

Chunk freelists:
   Non-Class:  54.00 KB
       Class:  48.00 KB
        Both:  102.00 KB

MaxMetaspaceSize: 17179869184.00 GB
CompressedClassSpaceSize: 1.00 GB

CodeHeap 'non-profiled nmethods': size=120064Kb used=627Kb max_used=627Kb free=119436Kb
 bounds [0x000000000dd80000, 0x000000000dff0000, 0x00000000152c0000]
CodeHeap 'profiled nmethods': size=120000Kb used=3835Kb max_used=3835Kb free=116164Kb
 bounds [0x0000000006850000, 0x0000000006c10000, 0x000000000dd80000]
CodeHeap 'non-nmethods': size=5696Kb used=1143Kb max_used=1151Kb free=4552Kb
 bounds [0x00000000062c0000, 0x0000000006530000, 0x0000000006850000]
 total_blobs=2509 nmethods=2009 adapters=412
 compilation: enabled
              stopped_count=0, restarted_count=0
 full_count=0

Compilation events (20 events):
Event: 8.171 Thread 0x000000005b07a800 2003       3       jdk.internal.org.objectweb.asm.MethodWriter::visitMaxs (1144 bytes)
Event: 8.176 Thread 0x000000005b07a800 nmethod 2003 0x0000000006c03710 code [0x0000000006c03c20, 0x0000000006c06548]
Event: 8.177 Thread 0x000000005b07a800 2005       3       jdk.internal.org.objectweb.asm.MethodWriter::put (1602 bytes)
Event: 8.186 Thread 0x000000005b07a800 nmethod 2005 0x0000000006c07e90 code [0x0000000006c08780, 0x0000000006c0bb38]
Event: 8.186 Thread 0x000000005b07a800 2004       3       jdk.internal.org.objectweb.asm.MethodWriter::visitEnd (1 bytes)
Event: 8.186 Thread 0x000000005b07a800 nmethod 2004 0x0000000006c0d190 code [0x0000000006c0d340, 0x0000000006c0d438]
Event: 8.276 Thread 0x000000005b07a800 2007       1       java.lang.invoke.MethodHandleNatives::isPullModeBSM (2 bytes)
Event: 8.276 Thread 0x000000005b07a800 nmethod 2007 0x000000000de1c710 code [0x000000000de1c8c0, 0x000000000de1c958]
Event: 8.276 Thread 0x000000005b07a800 2008       3       java.lang.invoke.ConstantCallSite::getTarget (20 bytes)
Event: 8.277 Thread 0x000000005b07a800 nmethod 2008 0x0000000006c0d510 code [0x0000000006c0d6e0, 0x0000000006c0d8e8]
Event: 8.307 Thread 0x000000005b07a800 2009       3       jdk.internal.org.objectweb.asm.MethodWriter::visitTypeInsn (120 bytes)
Event: 8.308 Thread 0x000000005b07a800 nmethod 2009 0x0000000006c0da10 code [0x0000000006c0dc00, 0x0000000006c0dfa8]
Event: 8.437 Thread 0x000000005b07a800 2010       3       java.util.jar.JavaUtilJarAccessImpl::getTrustedAttributes (6 bytes)
Event: 8.438 Thread 0x000000005b07a800 nmethod 2010 0x0000000006c0e190 code [0x0000000006c0e340, 0x0000000006c0e488]
Event: 8.459 Thread 0x000000005b07a800 2011       1       org.jetbrains.kotlin.cli.jvm.config.JvmClasspathRoot::getFile (5 bytes)
Event: 8.460 Thread 0x000000005b07a800 nmethod 2011 0x000000000de1ca10 code [0x000000000de1cbc0, 0x000000000de1cc78]
Event: 8.481 Thread 0x000000005b07a800 2012       3       jdk.internal.misc.Unsafe::getLong (7 bytes)
Event: 8.481 Thread 0x000000005b07a800 nmethod 2012 0x0000000006c0e590 code [0x0000000006c0e740, 0x0000000006c0e858]
Event: 8.483 Thread 0x000000005b07a800 2013       3       java.nio.DirectLongBufferU::ix (10 bytes)
Event: 8.483 Thread 0x000000005b07a800 nmethod 2013 0x0000000006c0e910 code [0x0000000006c0eac0, 0x0000000006c0ebd8]

GC Heap History (10 events):
Event: 3.314 GC heap before
{Heap before GC invocations=0 (full 0):
 garbage-first heap   total 63488K, used 17408K [0x00000000c3200000, 0x0000000100000000)
  region size 1024K, 14 young (14336K), 0 survivors (0K)
 Metaspace       used 9776K, capacity 9871K, committed 10112K, reserved 1058816K
  class space    used 834K, capacity 884K, committed 896K, reserved 1048576K
}
Event: 3.322 GC heap after
{Heap after GC invocations=1 (full 0):
 garbage-first heap   total 63488K, used 5212K [0x00000000c3200000, 0x0000000100000000)
  region size 1024K, 2 young (2048K), 2 survivors (2048K)
 Metaspace       used 9776K, capacity 9871K, committed 10112K, reserved 1058816K
  class space    used 834K, capacity 884K, committed 896K, reserved 1048576K
}
Event: 5.308 GC heap before
{Heap before GC invocations=1 (full 0):
 garbage-first heap   total 63488K, used 41052K [0x00000000c3200000, 0x0000000100000000)
  region size 1024K, 37 young (37888K), 2 survivors (2048K)
 Metaspace       used 17925K, capacity 18150K, committed 18304K, reserved 1064960K
  class space    used 1789K, capacity 1873K, committed 1920K, reserved 1048576K
}
Event: 5.325 GC heap after
{Heap after GC invocations=2 (full 0):
 garbage-first heap   total 63488K, used 8898K [0x00000000c3200000, 0x0000000100000000)
  region size 1024K, 5 young (5120K), 5 survivors (5120K)
 Metaspace       used 17925K, capacity 18150K, committed 18304K, reserved 1064960K
  class space    used 1789K, capacity 1873K, committed 1920K, reserved 1048576K
}
Event: 6.430 GC heap before
{Heap before GC invocations=2 (full 0):
 garbage-first heap   total 63488K, used 19138K [0x00000000c3200000, 0x0000000100000000)
  region size 1024K, 16 young (16384K), 5 survivors (5120K)
 Metaspace       used 20982K, capacity 21180K, committed 21248K, reserved 1069056K
  class space    used 2208K, capacity 2291K, committed 2304K, reserved 1048576K
}
Event: 6.450 GC heap after
{Heap after GC invocations=3 (full 0):
 garbage-first heap   total 63488K, used 9708K [0x00000000c3200000, 0x0000000100000000)
  region size 1024K, 1 young (1024K), 1 survivors (1024K)
 Metaspace       used 20982K, capacity 21180K, committed 21248K, reserved 1069056K
  class space    used 2208K, capacity 2291K, committed 2304K, reserved 1048576K
}
Event: 8.020 GC heap before
{Heap before GC invocations=4 (full 0):
 garbage-first heap   total 63488K, used 37356K [0x00000000c3200000, 0x0000000100000000)
  region size 1024K, 23 young (23552K), 1 survivors (1024K)
 Metaspace       used 26593K, capacity 26986K, committed 27132K, reserved 1073152K
  class space    used 2831K, capacity 3019K, committed 3068K, reserved 1048576K
}
Event: 8.026 GC heap after
{Heap after GC invocations=5 (full 0):
 garbage-first heap   total 63488K, used 17303K [0x00000000c3200000, 0x0000000100000000)
  region size 1024K, 3 young (3072K), 3 survivors (3072K)
 Metaspace       used 26593K, capacity 26986K, committed 27132K, reserved 1073152K
  class space    used 2831K, capacity 3019K, committed 3068K, reserved 1048576K
}
Event: 8.487 GC heap before
{Heap before GC invocations=5 (full 0):
 garbage-first heap   total 63488K, used 21399K [0x00000000c3200000, 0x0000000100000000)
  region size 1024K, 8 young (8192K), 3 survivors (3072K)
 Metaspace       used 27645K, capacity 28118K, committed 28284K, reserved 1075200K
  class space    used 2979K, capacity 3148K, committed 3196K, reserved 1048576K
}
Event: 8.496 GC heap after
{Heap after GC invocations=6 (full 0):
 garbage-first heap   total 63488K, used 17654K [0x00000000c3200000, 0x0000000100000000)
  region size 1024K, 1 young (1024K), 1 survivors (1024K)
 Metaspace       used 27645K, capacity 28118K, committed 28284K, reserved 1075200K
  class space    used 2979K, capacity 3148K, committed 3196K, reserved 1048576K
}

Deoptimization events (20 events):
Event: 7.441 Thread 0x000000000050b000 Uncommon trap: trap_request=0xffffff4d fr.pc=0x000000000ddfc164 relative=0x00000000000005a4
Event: 7.441 Thread 0x000000000050b000 Uncommon trap: reason=unstable_if action=reinterpret pc=0x000000000ddfc164 method=java.lang.Integer.getChars(II[B)I @ 25 c2
Event: 7.441 Thread 0x000000000050b000 DEOPT PACKING pc=0x000000000ddfc164 sp=0x00000000023be700
Event: 7.441 Thread 0x000000000050b000 DEOPT UNPACKING pc=0x00000000062e6929 sp=0x00000000023be648 mode 2
Event: 7.465 Thread 0x000000000050b000 Uncommon trap: trap_request=0xffffff4d fr.pc=0x000000000de0995c relative=0x000000000000013c
Event: 7.465 Thread 0x000000000050b000 Uncommon trap: reason=unstable_if action=reinterpret pc=0x000000000de0995c method=java.util.Arrays.hashCode([B)I @ 1 c2
Event: 7.465 Thread 0x000000000050b000 DEOPT PACKING pc=0x000000000de0995c sp=0x00000000023be6d0
Event: 7.465 Thread 0x000000000050b000 DEOPT UNPACKING pc=0x00000000062e6929 sp=0x00000000023be640 mode 2
Event: 7.466 Thread 0x000000000050b000 Uncommon trap: trap_request=0xffffff4d fr.pc=0x000000000de0a7f4 relative=0x00000000000000d4
Event: 7.466 Thread 0x000000000050b000 Uncommon trap: reason=unstable_if action=reinterpret pc=0x000000000de0a7f4 method=jdk.nio.zipfs.ZipConstants.pkSigAt([BIII)Z @ 5 c2
Event: 7.466 Thread 0x000000000050b000 DEOPT PACKING pc=0x000000000de0a7f4 sp=0x00000000023be530
Event: 7.466 Thread 0x000000000050b000 DEOPT UNPACKING pc=0x00000000062e6929 sp=0x00000000023be4d8 mode 2
Event: 7.511 Thread 0x000000000050b000 Uncommon trap: trap_request=0xffffffde fr.pc=0x000000000ddfe3ac relative=0x000000000000126c
Event: 7.512 Thread 0x000000000050b000 Uncommon trap: reason=class_check action=maybe_recompile pc=0x000000000ddfe3ac method=java.util.zip.InflaterInputStream.read([BII)I @ 100 c2
Event: 7.512 Thread 0x000000000050b000 DEOPT PACKING pc=0x000000000ddfe3ac sp=0x00000000023be6e0
Event: 7.512 Thread 0x000000000050b000 DEOPT UNPACKING pc=0x00000000062e6929 sp=0x00000000023be740 mode 2
Event: 8.090 Thread 0x000000000050b000 Uncommon trap: trap_request=0xffffff4d fr.pc=0x000000000ddf3a98 relative=0x0000000000000178
Event: 8.090 Thread 0x000000000050b000 Uncommon trap: reason=unstable_if action=reinterpret pc=0x000000000ddf3a98 method=java.lang.String.startsWith(Ljava/lang/String;I)Z @ 1 c2
Event: 8.091 Thread 0x000000000050b000 DEOPT PACKING pc=0x000000000ddf3a98 sp=0x00000000023be050
Event: 8.091 Thread 0x000000000050b000 DEOPT UNPACKING pc=0x00000000062e6929 sp=0x00000000023bdfc0 mode 2

Classes redefined (0 events):
No events

Internal exceptions (16 events):
Event: 5.164 Thread 0x000000000050b000 Exception <a 'java/lang/NoSuchMethodError'{0x00000000c4c4cac8}: 'int java.lang.invoke.DirectMethodHandle$Holder.invokeSpecialIFC(java.lang.Object, java.lang.Object, int)'> (0x00000000c4c4cac8) thrown at [./src/hotspot/share/interpreter/linkResolver.cpp, line 773]
Event: 6.308 Thread 0x000000000050b000 Exception <a 'java/lang/NoSuchMethodError'{0x00000000c68e7f60}: 'java.lang.Object java.lang.invoke.DirectMethodHandle$Holder.invokeStaticInit(java.lang.Object, int)'> (0x00000000c68e7f60) thrown at [./src/hotspot/share/interpreter/linkResolver.cpp, line 773]
Event: 6.368 Thread 0x000000000050b000 Exception <a 'java/lang/NoSuchMethodError'{0x00000000c6672fa8}: 'long java.lang.invoke.DirectMethodHandle$Holder.invokeStatic(java.lang.Object)'> (0x00000000c6672fa8) thrown at [./src/hotspot/share/interpreter/linkResolver.cpp, line 773]
Event: 6.369 Thread 0x000000000050b000 Exception <a 'java/lang/NoSuchMethodError'{0x00000000c6675e00}: 'long java.lang.invoke.DirectMethodHandle$Holder.invokeStaticInit(java.lang.Object)'> (0x00000000c6675e00) thrown at [./src/hotspot/share/interpreter/linkResolver.cpp, line 773]
Event: 6.651 Thread 0x000000000050b000 Exception <a 'java/lang/NoSuchMethodError'{0x00000000c6d8bc78}: 'int java.lang.invoke.DirectMethodHandle$Holder.invokeStaticInit(java.lang.Object, java.lang.Object, java.lang.Object)'> (0x00000000c6d8bc78) thrown at [./src/hotspot/share/interpreter/linkResolver.cpp, line 773]
Event: 6.658 Thread 0x000000000050b000 Exception <a 'java/lang/NoSuchMethodError'{0x00000000c6db7670}: 'int java.lang.invoke.DirectMethodHandle$Holder.invokeStaticInit(java.lang.Object, java.lang.Object)'> (0x00000000c6db7670) thrown at [./src/hotspot/share/interpreter/linkResolver.cpp, line 773]
Event: 7.340 Thread 0x000000000050b000 Exception <a 'java/lang/NoSuchMethodError'{0x00000000c62654e0}: 'java.lang.Object java.lang.invoke.DirectMethodHandle$Holder.invokeStatic(java.lang.Object, java.lang.Object, java.lang.Object, java.lang.Object, java.lang.Object, java.lang.Object, java.lang.Object, java.lang.Object, java.lang.Object, java.lang.Object, java.lang.Object, java.lang.Object, java.lang.Object, java.lang.Object, java.lang.Object)'> (0x00000000c62654e0) thrown at [./src/hotspot/share/interpreter/linkResolver.cpp, line 773]
Event: 7.344 Thread 0x000000000050b000 Exception <a 'java/lang/NoSuchMethodError'{0x00000000c6273730}: 'java.lang.Object java.lang.invoke.DirectMethodHandle$Holder.invokeStatic(java.lang.Object, java.lang.Object, java.lang.Object, java.lang.Object, java.lang.Object, java.lang.Object, java.lang.Object, java.lang.Object, java.lang.Object, java.lang.Object, java.lang.Object, java.lang.Object, java.lang.Object, java.lang.Object, java.lang.Object, java.lang.Object)'> (0x00000000c6273730) thrown at [./src/hotspot/share/interpreter/linkResolver.cpp, l
Event: 7.347 Thread 0x000000000050b000 Exception <a 'java/lang/NoSuchMethodError'{0x00000000c6281648}: 'java.lang.Object java.lang.invoke.DirectMethodHandle$Holder.invokeSpecial(java.lang.Object, java.lang.Object, int, int, java.lang.Object, java.lang.Object, java.lang.Object)'> (0x00000000c6281648) thrown at [./src/hotspot/share/interpreter/linkResolver.cpp, line 773]
Event: 7.348 Thread 0x000000000050b000 Exception <a 'java/lang/NoSuchMethodError'{0x00000000c6284e80}: 'java.lang.Object java.lang.invoke.DelegatingMethodHandle$Holder.reinvoke_L(java.lang.Object, int, int, java.lang.Object, java.lang.Object, java.lang.Object)'> (0x00000000c6284e80) thrown at [./src/hotspot/share/interpreter/linkResolver.cpp, line 773]
Event: 7.349 Thread 0x000000000050b000 Exception <a 'java/lang/NoSuchMethodError'{0x00000000c6289208}: 'java.lang.Object java.lang.invoke.DirectMethodHandle$Holder.invokeStatic(java.lang.Object, java.lang.Object, java.lang.Object, java.lang.Object, int)'> (0x00000000c6289208) thrown at [./src/hotspot/share/interpreter/linkResolver.cpp, line 773]
Event: 7.465 Thread 0x000000000050b000 Implicit null exception at 0x000000000de0982c to 0x000000000de0994e
Event: 7.517 Thread 0x000000000050b000 Exception <a 'java/lang/NoSuchMethodError'{0x00000000c5c04dc0}: 'void java.lang.invoke.DirectMethodHandle$Holder.invokeStatic(java.lang.Object, java.lang.Object, java.lang.Object, java.lang.Object)'> (0x00000000c5c04dc0) thrown at [./src/hotspot/share/interpreter/linkResolver.cpp, line 773]
Event: 7.825 Thread 0x000000000050b000 Exception <a 'java/lang/NoSuchMethodError'{0x00000000c5b54760}: 'void java.lang.invoke.DirectMethodHandle$Holder.invokeSpecial(java.lang.Object, java.lang.Object)'> (0x00000000c5b54760) thrown at [./src/hotspot/share/interpreter/linkResolver.cpp, line 773]
Event: 8.027 Thread 0x000000000050b000 Exception <a 'java/lang/NoSuchMethodError'{0x00000000c58201f8}: 'void java.lang.invoke.DirectMethodHandle$Holder.invokeStaticInit(java.lang.Object, java.lang.Object)'> (0x00000000c58201f8) thrown at [./src/hotspot/share/interpreter/linkResolver.cpp, line 773]
Event: 8.043 Thread 0x000000000050b000 Exception <a 'java/lang/NoSuchMethodError'{0x00000000c6f3e5f8}: 'void java.lang.invoke.DirectMethodHandle$Holder.invokeInterface(java.lang.Object, java.lang.Object)'> (0x00000000c6f3e5f8) thrown at [./src/hotspot/share/interpreter/linkResolver.cpp, line 773]

Events (20 events):
Event: 8.439 loading class org/jetbrains/kotlin/extensions/internal/CandidateInterceptor$Companion done
Event: 8.439 loading class org/jetbrains/kotlin/extensions/internal/CallResolutionInterceptorExtension
Event: 8.439 loading class org/jetbrains/kotlin/extensions/internal/CallResolutionInterceptorExtension done
Event: 8.440 loading class org/jetbrains/kotlin/serialization/DescriptorSerializerPlugin
Event: 8.440 loading class org/jetbrains/kotlin/serialization/DescriptorSerializerPlugin done
Event: 8.459 loading class org/jetbrains/kotlin/serialization/DescriptorSerializerPlugin$Companion
Event: 8.459 loading class org/jetbrains/kotlin/serialization/DescriptorSerializerPlugin$Companion done
Event: 8.459 loading class org/jetbrains/kotlin/kapt3/util/MessageCollectorBackedKaptLogger
Event: 8.459 loading class org/jetbrains/kotlin/kapt3/util/MessageCollectorBackedKaptLogger done
Event: 8.481 loading class org/jetbrains/kotlin/kapt3/base/util/KaptLogger
Event: 8.481 loading class org/jetbrains/kotlin/kapt3/base/util/KaptLogger done
Event: 8.483 loading class org/jetbrains/kotlin/kapt3/util/MessageCollectorBackedKaptLogger$Companion
Event: 8.483 loading class org/jetbrains/kotlin/kapt3/util/MessageCollectorBackedKaptLogger$Companion done
Event: 8.484 loading class java/io/PrintWriter
Event: 8.484 loading class java/io/PrintWriter done
Event: 8.484 loading class org/jetbrains/kotlin/kapt3/util/MessageCollectorBackedWriter
Event: 8.484 loading class org/jetbrains/kotlin/kapt3/util/MessageCollectorBackedWriter done
Event: 8.485 loading class org/jetbrains/kotlin/kapt3/base/Kapt
Event: 8.485 loading class org/jetbrains/kotlin/kapt3/base/Kapt done
Event: 8.487 Executing VM operation: CollectForMetadataAllocation


Dynamic libraries:
0x000000013f0e0000 - 0x000000013f0ea000 	C:\Program Files\Android\Android Studio\jre\bin\java.exe
0x00000000779c0000 - 0x0000000077b69000 	C:\Windows\SYSTEM32\ntdll.dll
0x00000000777a0000 - 0x00000000778bf000 	C:\Windows\system32\kernel32.dll
0x000007fefdc30000 - 0x000007fefdc9c000 	C:\Windows\system32\KERNELBASE.dll
0x000007fef1e00000 - 0x000007fef1e19000 	C:\Program Files\Android\Android Studio\jre\bin\jli.dll
0x000007fefc3e0000 - 0x000007fefc5d4000 	C:\Windows\WinSxS\amd64_microsoft.windows.common-controls_6595b64144ccf1df_6.0.7601.17514_none_fa396087175ac9ac\COMCTL32.dll
0x000007feffa60000 - 0x000007feffaff000 	C:\Windows\system32\msvcrt.dll
0x000007feff5b0000 - 0x000007feff617000 	C:\Windows\system32\GDI32.dll
0x00000000778c0000 - 0x00000000779ba000 	C:\Windows\system32\USER32.dll
0x000007feff5a0000 - 0x000007feff5ae000 	C:\Windows\system32\LPK.dll
0x000007feffb00000 - 0x000007feffbc9000 	C:\Windows\system32\USP10.dll
0x000007fefed60000 - 0x000007fefedd1000 	C:\Windows\system32\SHLWAPI.dll
0x000007fef1e20000 - 0x000007fef1e37000 	C:\Program Files\Android\Android Studio\jre\bin\VCRUNTIME140.dll
0x000007fefa650000 - 0x000007fefa654000 	C:\Windows\system32\api-ms-win-crt-runtime-l1-1-0.dll
0x000007fef21d0000 - 0x000007fef22c2000 	C:\Windows\system32\ucrtbase.DLL
0x000007fefa600000 - 0x000007fefa603000 	C:\Windows\system32\api-ms-win-core-timezone-l1-1-0.dll
0x000007fef9e50000 - 0x000007fef9e53000 	C:\Windows\system32\api-ms-win-core-file-l2-1-0.dll
0x000007fef88c0000 - 0x000007fef88c3000 	C:\Windows\system32\api-ms-win-core-localization-l1-2-0.dll
0x000007fef9f70000 - 0x000007fef9f73000 	C:\Windows\system32\api-ms-win-core-synch-l1-2-0.dll
0x000007fef7c20000 - 0x000007fef7c23000 	C:\Windows\system32\api-ms-win-core-processthreads-l1-1-1.dll
0x000007fef6df0000 - 0x000007fef6df3000 	C:\Windows\system32\api-ms-win-core-file-l1-2-0.dll
0x000007fef36c0000 - 0x000007fef36c4000 	C:\Windows\system32\api-ms-win-crt-string-l1-1-0.dll
0x000007fef6b50000 - 0x000007fef6b53000 	C:\Windows\system32\api-ms-win-crt-heap-l1-1-0.dll
0x000007fef5ca0000 - 0x000007fef5ca4000 	C:\Windows\system32\api-ms-win-crt-stdio-l1-1-0.dll
0x000007fef36a0000 - 0x000007fef36a4000 	C:\Windows\system32\api-ms-win-crt-convert-l1-1-0.dll
0x000007fef36b0000 - 0x000007fef36b3000 	C:\Windows\system32\api-ms-win-crt-environment-l1-1-0.dll
0x000007fef3660000 - 0x000007fef3663000 	C:\Windows\system32\api-ms-win-crt-filesystem-l1-1-0.dll
0x000007fef3690000 - 0x000007fef3695000 	C:\Windows\system32\api-ms-win-crt-math-l1-1-0.dll
0x000007fef3200000 - 0x000007fef3203000 	C:\Windows\system32\api-ms-win-crt-locale-l1-1-0.dll
0x000007feff110000 - 0x000007feff13e000 	C:\Windows\system32\IMM32.DLL
0x000007feff670000 - 0x000007feff779000 	C:\Windows\system32\MSCTF.dll
0x000007fef05e0000 - 0x000007fef067d000 	C:\Program Files\Android\Android Studio\jre\bin\msvcp140.dll
0x000007fef5610000 - 0x000007fef5615000 	C:\Windows\system32\api-ms-win-crt-multibyte-l1-1-0.dll
0x000007fef3670000 - 0x000007fef3673000 	C:\Windows\system32\api-ms-win-crt-time-l1-1-0.dll
0x000007fef3680000 - 0x000007fef3683000 	C:\Windows\system32\api-ms-win-crt-utility-l1-1-0.dll
0x000007feed3b0000 - 0x000007feede7f000 	C:\Program Files\Android\Android Studio\jre\bin\server\jvm.dll
0x000007feffbd0000 - 0x000007feffcab000 	C:\Windows\system32\ADVAPI32.dll
0x000007feffcb0000 - 0x000007feffccf000 	C:\Windows\SYSTEM32\sechost.dll
0x000007fefedf0000 - 0x000007fefef1d000 	C:\Windows\system32\RPCRT4.dll
0x000007fefa610000 - 0x000007fefa619000 	C:\Windows\system32\WSOCK32.dll
0x000007feff620000 - 0x000007feff66d000 	C:\Windows\system32\WS2_32.dll
0x000007fefede0000 - 0x000007fefede8000 	C:\Windows\system32\NSI.dll
0x000007fef98d0000 - 0x000007fef990b000 	C:\Windows\system32\WINMM.dll
0x000007fefca70000 - 0x000007fefca7c000 	C:\Windows\system32\VERSION.dll
0x0000000077b80000 - 0x0000000077b87000 	C:\Windows\system32\PSAPI.DLL
0x000007fef35e0000 - 0x000007fef35f1000 	C:\Program Files\Android\Android Studio\jre\bin\verify.dll
0x000007fef8080000 - 0x000007fef81a5000 	C:\Windows\system32\DBGHELP.DLL
0x000007fef2b70000 - 0x000007fef2b99000 	C:\Program Files\Android\Android Studio\jre\bin\java.dll
0x000007fef3610000 - 0x000007fef361b000 	C:\Program Files\Android\Android Studio\jre\bin\jimage.dll
0x000007fef3490000 - 0x000007fef34a8000 	C:\Program Files\Android\Android Studio\jre\bin\zip.dll
0x000007fefdce0000 - 0x000007fefea68000 	C:\Windows\system32\SHELL32.dll
0x000007fefeb50000 - 0x000007fefed53000 	C:\Windows\system32\ole32.dll
0x000007fefd910000 - 0x000007fefd91f000 	C:\Windows\system32\profapi.dll
0x000007fef3470000 - 0x000007fef348a000 	C:\Program Files\Android\Android Studio\jre\bin\net.dll
0x000007fefb030000 - 0x000007fefb0a1000 	C:\Windows\system32\WINHTTP.dll
0x000007fefafc0000 - 0x000007fefb024000 	C:\Windows\system32\webio.dll
0x000007fefd180000 - 0x000007fefd1d5000 	C:\Windows\system32\mswsock.dll
0x000007fefd170000 - 0x000007fefd177000 	C:\Windows\System32\wship6.dll
0x000007fef32e0000 - 0x000007fef32f4000 	C:\Program Files\Android\Android Studio\jre\bin\nio.dll

dbghelp: loaded successfully - version: 4.0.5 - missing functions: none
symbol engine: initialized successfully - sym options: 0x614 - pdb path: (cannot be retrieved)

VM Arguments:
java_command: org.jetbrains.kotlin.cli.jvm.K2JVMCompiler @C:\Users\Dell\AndroidStudioProjects\NoteApp\app\build\20211017_5724573010005480985.compiler.options
java_class_path (initial): C:\Users\Dell\.gradle\caches\modules-2\files-2.1\org.jetbrains.kotlin\kotlin-compiler-embeddable\1.5.31\cc18c29253541dc57c25c3ef514d63c7953ae1a6\kotlin-compiler-embeddable-1.5.31.jar;C:\Users\Dell\.gradle\caches\modules-2\files-2.1\org.jetbrains.kotlin\kotlin-reflect\1.5.31\1523fcd842a47da0820cea772b19c51056fec8a9\kotlin-reflect-1.5.31.jar;C:\Users\Dell\.gradle\caches\modules-2\files-2.1\org.jetbrains.kotlin\kotlin-stdlib\1.5.31\6628d61d0f5603568e72d2d5915d2c034b4f1c55\kotlin-stdlib-1.5.31.jar;C:\Users\Dell\.gradle\caches\modules-2\files-2.1\org.jetbrains.kotlin\kotlin-script-runtime\1.5.31\aaea854be2cfc06373dfc11be5a6ba9ca5ca84a6\kotlin-script-runtime-1.5.31.jar;C:\Users\Dell\.gradle\caches\modules-2\files-2.1\org.jetbrains.kotlin\kotlin-daemon-embeddable\1.5.31\d19b549661e28c62781683dc7c7e34bf416974f1\kotlin-daemon-embeddable-1.5.31.jar;C:\Users\Dell\.gradle\caches\modules-2\files-2.1\org.jetbrains.intellij.deps\trove4j\1.0.20181211\216c2e14b070f334479d800987affe4054cd563f\trove4j-1.0.20181211.jar;C:\Users\Dell\.gradle\caches\modules-2\files-2.1\org.jetbrains\annotations\13.0\919f0dfe192fb4e063e7dacadee7f8bb9a2672a9\annotations-13.0.jar;C:\Users\Dell\.gradle\caches\modules-2\files-2.1\org.jetbrains.kotlin\kotlin-stdlib-common\1.5.31\43331609c7de811fed085e0dfd150874b157c32\kotlin-stdlib-common-1.5.31.jar
Launcher Type: SUN_STANDARD

[Global flags]
     intx CICompilerCount                          = 3                                         {product} {ergonomic}
     uint ConcGCThreads                            = 1                                         {product} {ergonomic}
     uint G1ConcRefinementThreads                  = 4                                         {product} {ergonomic}
   size_t G1HeapRegionSize                         = 1048576                                   {product} {ergonomic}
    uintx GCDrainStackTargetSize                   = 64                                        {product} {ergonomic}
   size_t InitialHeapSize                          = 65011712                                  {product} {ergonomic}
   size_t MarkStackSize                            = 4194304                                   {product} {ergonomic}
   size_t MaxHeapSize                              = 1021313024                                {product} {ergonomic}
   size_t MaxNewSize                               = 612368384                                 {product} {ergonomic}
   size_t MinHeapDeltaBytes                        = 1048576                                   {product} {ergonomic}
    uintx NonNMethodCodeHeapSize                   = 5830732                                {pd product} {ergonomic}
    uintx NonProfiledCodeHeapSize                  = 122913754                              {pd product} {ergonomic}
    uintx ProfiledCodeHeapSize                     = 122913754                              {pd product} {ergonomic}
    uintx ReservedCodeCacheSize                    = 251658240                              {pd product} {ergonomic}
     bool SegmentedCodeCache                       = true                                      {product} {ergonomic}
     bool UseCompressedClassPointers               = true                                 {lp64_product} {ergonomic}
     bool UseCompressedOops                        = true                                 {lp64_product} {ergonomic}
     bool UseG1GC                                  = true                                      {product} {ergonomic}
     bool UseLargePagesIndividualAllocation        = false                                  {pd product} {ergonomic}

Logging:
Log output configuration:
 #0: stdout all=warning uptime,level,tags
 #1: stderr all=off uptime,level,tags

Environment Variables:
PATH=C:\Program Files (x86)\Common Files\Oracle\Java\javapath;C:\Program Files\Java\jdk-14.0.2/bin;C:\Program Files\apktool;C:\Program Files (x86)\Paragon Software\LinuxFS for Windows\;C:\Users\Dell\AppData\Local\Programs\Python\Python38\Scripts\;C:\Users\Dell\AppData\Local\Programs\Python\Python38\
USERNAME=Dell
OS=Windows_NT
PROCESSOR_IDENTIFIER=Intel64 Family 6 Model 37 Stepping 5, GenuineIntel



---------------  S Y S T E M  ---------------

OS: Windows 7 , 64 bit Build 7601 (6.1.7601.17617)
OS uptime: 8 days 5:41 hours

CPU:total 4 (initial active 4) (2 cores per cpu, 2 threads per core) family 6 model 37 stepping 5 microcode 0x0, cmov, cx8, fxsr, mmx, sse, sse2, sse3, ssse3, sse4.1, sse4.2, popcnt, ht, tsc, tscinvbit

Memory: 4k page, system-wide physical 3894M (142M free)
TotalPageFile size 7050M (AvailPageFile size 4M)
current process WorkingSet (physical memory assigned to process): 162M, peak: 162M
current process commit charge ("private bytes"): 198M, peak: 199M

vm_info: OpenJDK 64-Bit Server VM (11.0.10+0-b96-7249189) for windows-amd64 JRE (11.0.10+0-b96-7249189), built on Mar 31 2021 21:44:00 by "builder" with MS VC++ 14.0 (VS2015)

END.
