#
# There is insufficient memory for the Java Runtime Environment to continue.
# Native memory allocation (malloc) failed to allocate 1048576 bytes for AllocateHeap
# Possible reasons:
#   The system is out of physical RAM or swap space
#   The process is running with CompressedOops enabled, and the Java Heap may be blocking the growth of the native heap
# Possible solutions:
#   Reduce memory load on the system
#   Increase physical memory or swap space
#   Check if swap backing store is full
#   Decrease Java heap size (-Xmx/-Xms)
#   Decrease number of Java threads
#   Decrease Java thread stack sizes (-Xss)
#   Set larger code cache with -XX:ReservedCodeCacheSize=
#   JVM is running with Unscaled Compressed Oops mode in which the Java heap is
#     placed in the first 4GB address space. The Java Heap base address is the
#     maximum limit for the native heap growth. Please use -XX:HeapBaseMinAddress
#     to set the Java Heap base and to place the Java Heap above 4GB virtual address.
# This output file may be truncated or incomplete.
#
#  Out of Memory Error (./src/hotspot/share/memory/allocation.cpp:46), pid=2272, tid=3988
#
# JRE version: OpenJDK Runtime Environment (11.0.10) (build 11.0.10+0-b96-7249189)
# Java VM: OpenJDK 64-Bit Server VM (11.0.10+0-b96-7249189, mixed mode, tiered, compressed oops, g1 gc, windows-amd64)
# No core dump will be written. Minidumps are not enabled by default on client versions of Windows
#

---------------  S U M M A R Y ------------

Command Line: org.jetbrains.kotlin.cli.jvm.K2JVMCompiler @C:\Users\Dell\AndroidStudioProjects\NoteApp\app\build\20211020_3998631315656987231.compiler.options

Host: Intel(R) Core(TM) i3 CPU       M 370  @ 2.40GHz, 4 cores, 3G,  Windows 7 , 64 bit Build 7601 (6.1.7601.17617)
Time: Wed Oct 20 14:58:56 2021 Sri Lanka Standard Time elapsed time: 5.726494 seconds (0d 0h 0m 5s)

---------------  T H R E A D  ---------------

Current thread (0x000000005b338800):  VMThread "VM Thread" [stack: 0x000000001a890000,0x000000001a990000] [id=3988]

Stack: [0x000000001a890000,0x000000001a990000]
[error occurred during error reporting (printing stack bounds), id 0xc0000005, EXCEPTION_ACCESS_VIOLATION (0xc0000005) at pc=0x00000000060c0f3d]

Native frames: (J=compiled Java code, j=interpreted, Vv=VM code, C=native code)
V  [jvm.dll+0x5ecfaa]
V  [jvm.dll+0x722bd5]
V  [jvm.dll+0x72412d]
V  [jvm.dll+0x724745]
V  [jvm.dll+0x7246fb]
V  [jvm.dll+0x5ec348]
V  [jvm.dll+0x5ecad8]
C  [ntdll.dll+0x29d0d]
C  [ntdll.dll+0x191af]
C  [ntdll.dll+0x51278]
C  0x00000000060c0f3d

VM_Operation (0x00000000021aaff0): CollectForMetadataAllocation, mode: safepoint, requested by thread 0x000000000041a800


---------------  P R O C E S S  ---------------

Threads class SMR info:
_java_thread_list=0x000000005bfd8be0, length=10, elements={
0x000000000041a800, 0x000000005b37d000, 0x000000005b37f000, 0x000000005b398000,
0x000000005b39e000, 0x000000005b39f000, 0x000000005b3a5800, 0x000000005b3a6800,
0x000000005b3b0800, 0x000000005bfd9800
}

Java Threads: ( => current thread )
  0x000000000041a800 JavaThread "main" [_thread_blocked, id=5952, stack(0x00000000020b0000,0x00000000021b0000)]
  0x000000005b37d000 JavaThread "Reference Handler" daemon [_thread_blocked, id=3544, stack(0x000000005b5e0000,0x000000005b6e0000)]
  0x000000005b37f000 JavaThread "Finalizer" daemon [_thread_blocked, id=3240, stack(0x000000005b770000,0x000000005b870000)]
  0x000000005b398000 JavaThread "Signal Dispatcher" daemon [_thread_blocked, id=5704, stack(0x000000005b9d0000,0x000000005bad0000)]
  0x000000005b39e000 JavaThread "Attach Listener" daemon [_thread_blocked, id=3884, stack(0x000000005bb00000,0x000000005bc00000)]
  0x000000005b39f000 JavaThread "Service Thread" daemon [_thread_blocked, id=5788, stack(0x000000005b4a0000,0x000000005b5a0000)]
  0x000000005b3a5800 JavaThread "C2 CompilerThread0" daemon [_thread_blocked, id=2996, stack(0x000000005b8a0000,0x000000005b9a0000)]
  0x000000005b3a6800 JavaThread "C1 CompilerThread0" daemon [_thread_blocked, id=4684, stack(0x000000005bcb0000,0x000000005bdb0000)]
  0x000000005b3b0800 JavaThread "Sweeper thread" daemon [_thread_blocked, id=1432, stack(0x000000005be20000,0x000000005bf20000)]
  0x000000005bfd9800 JavaThread "Common-Cleaner" daemon [_thread_blocked, id=3800, stack(0x000000005c5b0000,0x000000005c6b0000)]

Other Threads:
=>0x000000005b338800 VMThread "VM Thread" [stack: 0x000000001a890000,0x000000001a990000] [id=3988]
  0x000000005bf92800 WatcherThread [stack: 0x000000005c420000,0x000000005c520000] [id=3932]
  0x0000000000434000 GCTaskThread "GC Thread#0" [stack: 0x0000000015380000,0x0000000015480000] [id=5780]
  0x000000005c90c800 GCTaskThread "GC Thread#1" [stack: 0x000000005d2d0000,0x000000005d3d0000] [id=3160]
  0x000000000044d800 ConcurrentGCThread "G1 Main Marker" [stack: 0x0000000017e00000,0x0000000017f00000] [id=4364]
  0x000000000044f000 ConcurrentGCThread "G1 Conc#0" [stack: 0x00000000180f0000,0x00000000181f0000] [id=4392]
  0x000000001a530800 ConcurrentGCThread "G1 Refine#0" [stack: 0x000000001a720000,0x000000001a820000] [id=3196]
  0x000000000049c800 ConcurrentGCThread "G1 Young RemSet Sampling" [stack: 0x000000001a990000,0x000000001aa90000] [id=5208]

Threads with active compile tasks:
C2 CompilerThread0   5736 1779       4       jdk.nio.zipfs.ZipFileSystem$ParentLookup::equals (34 bytes)

VM state:at safepoint (normal execution)

VM Mutex/Monitor currently owned by a thread:  ([mutex/lock_event])
[0x0000000000417a40] Threads_lock - owner thread: 0x000000005b338800
[0x0000000000418220] Heap_lock - owner thread: 0x000000000041a800

Heap address: 0x00000000c3200000, size: 974 MB, Compressed Oops mode: 32-bit
Narrow klass base: 0x0000000000000000, Narrow klass shift: 0
Compressed class space size: 1073741824 Address: 0x000000001aa90000

Heap:
 garbage-first heap   total 63488K, used 18071K [0x00000000c3200000, 0x0000000100000000)
  region size 1024K, 3 young (3072K), 3 survivors (3072K)
 Metaspace       used 23890K, capacity 24115K, committed 24316K, reserved 1079296K
  class space    used 2547K, capacity 2674K, committed 2812K, reserved 1048576K
Heap Regions: E=young(eden), S=young(survivor), O=old, HS=humongous(starts), HC=humongous(continues), CS=collection set, F=free, A=archive, TAMS=top-at-mark-start (previous, next)
|   0|0x00000000c3200000, 0x00000000c3300000, 0x00000000c3300000|100%|HS|  |TAMS 0x00000000c3300000, 0x00000000c3300000| Complete 
|   1|0x00000000c3300000, 0x00000000c3400000, 0x00000000c3400000|100%|HC|  |TAMS 0x00000000c3400000, 0x00000000c3400000| Complete 
|   2|0x00000000c3400000, 0x00000000c3500000, 0x00000000c3500000|100%|HC|  |TAMS 0x00000000c3500000, 0x00000000c3500000| Complete 
|   3|0x00000000c3500000, 0x00000000c3600000, 0x00000000c3600000|100%| O|  |TAMS 0x00000000c3600000, 0x00000000c3600000| Untracked 
|   4|0x00000000c3600000, 0x00000000c3700000, 0x00000000c3700000|100%| O|  |TAMS 0x00000000c3700000, 0x00000000c3700000| Untracked 
|   5|0x00000000c3700000, 0x00000000c3800000, 0x00000000c3800000|100%| O|  |TAMS 0x00000000c3800000, 0x00000000c3800000| Untracked 
|   6|0x00000000c3800000, 0x00000000c3900000, 0x00000000c3900000|100%| O|  |TAMS 0x00000000c3900000, 0x00000000c3900000| Untracked 
|   7|0x00000000c3900000, 0x00000000c3a00000, 0x00000000c3a00000|100%| O|  |TAMS 0x00000000c3a00000, 0x00000000c3a00000| Untracked 
|   8|0x00000000c3a00000, 0x00000000c3b00000, 0x00000000c3b00000|100%| O|  |TAMS 0x00000000c3acb400, 0x00000000c3b00000| Untracked 
|   9|0x00000000c3b00000, 0x00000000c3c00000, 0x00000000c3c00000|100%|HS|  |TAMS 0x00000000c3b00000, 0x00000000c3c00000| Complete 
|  10|0x00000000c3c00000, 0x00000000c3d00000, 0x00000000c3d00000|100%|HC|  |TAMS 0x00000000c3c00000, 0x00000000c3d00000| Complete 
|  11|0x00000000c3d00000, 0x00000000c3e00000, 0x00000000c3e00000|100%|HC|  |TAMS 0x00000000c3d00000, 0x00000000c3e00000| Complete 
|  12|0x00000000c3e00000, 0x00000000c3f00000, 0x00000000c3f00000|100%| O|  |TAMS 0x00000000c3e00000, 0x00000000c3f00000| Untracked 
|  13|0x00000000c3f00000, 0x00000000c4000000, 0x00000000c4000000|100%| O|  |TAMS 0x00000000c3f00000, 0x00000000c4000000| Untracked 
|  14|0x00000000c4000000, 0x00000000c40a5c00, 0x00000000c4100000| 64%| O|  |TAMS 0x00000000c4000000, 0x00000000c40a5c00| Untracked 
|  15|0x00000000c4100000, 0x00000000c4100000, 0x00000000c4200000|  0%| F|  |TAMS 0x00000000c4100000, 0x00000000c4100000| Untracked 
|  16|0x00000000c4200000, 0x00000000c4200000, 0x00000000c4300000|  0%| F|  |TAMS 0x00000000c4200000, 0x00000000c4200000| Untracked 
|  17|0x00000000c4300000, 0x00000000c4300000, 0x00000000c4400000|  0%| F|  |TAMS 0x00000000c4300000, 0x00000000c4300000| Untracked 
|  18|0x00000000c4400000, 0x00000000c4400000, 0x00000000c4500000|  0%| F|  |TAMS 0x00000000c4400000, 0x00000000c4400000| Untracked 
|  19|0x00000000c4500000, 0x00000000c4500000, 0x00000000c4600000|  0%| F|  |TAMS 0x00000000c4500000, 0x00000000c4500000| Untracked 
|  20|0x00000000c4600000, 0x00000000c4600000, 0x00000000c4700000|  0%| F|  |TAMS 0x00000000c4600000, 0x00000000c4600000| Untracked 
|  21|0x00000000c4700000, 0x00000000c4700000, 0x00000000c4800000|  0%| F|  |TAMS 0x00000000c4700000, 0x00000000c4700000| Untracked 
|  22|0x00000000c4800000, 0x00000000c4800000, 0x00000000c4900000|  0%| F|  |TAMS 0x00000000c4800000, 0x00000000c4800000| Untracked 
|  23|0x00000000c4900000, 0x00000000c4900000, 0x00000000c4a00000|  0%| F|  |TAMS 0x00000000c4900000, 0x00000000c4900000| Untracked 
|  24|0x00000000c4a00000, 0x00000000c4a00000, 0x00000000c4b00000|  0%| F|  |TAMS 0x00000000c4a00000, 0x00000000c4a00000| Untracked 
|  25|0x00000000c4b00000, 0x00000000c4b00000, 0x00000000c4c00000|  0%| F|  |TAMS 0x00000000c4b00000, 0x00000000c4b00000| Untracked 
|  26|0x00000000c4c00000, 0x00000000c4c00000, 0x00000000c4d00000|  0%| F|  |TAMS 0x00000000c4c00000, 0x00000000c4c00000| Untracked 
|  27|0x00000000c4d00000, 0x00000000c4d00000, 0x00000000c4e00000|  0%| F|  |TAMS 0x00000000c4d00000, 0x00000000c4d00000| Untracked 
|  28|0x00000000c4e00000, 0x00000000c4e00000, 0x00000000c4f00000|  0%| F|  |TAMS 0x00000000c4e00000, 0x00000000c4e00000| Untracked 
|  29|0x00000000c4f00000, 0x00000000c4f00000, 0x00000000c5000000|  0%| F|  |TAMS 0x00000000c4f00000, 0x00000000c4f00000| Untracked 
|  30|0x00000000c5000000, 0x00000000c5000000, 0x00000000c5100000|  0%| F|  |TAMS 0x00000000c5000000, 0x00000000c5000000| Untracked 
|  31|0x00000000c5100000, 0x00000000c5100000, 0x00000000c5200000|  0%| F|  |TAMS 0x00000000c5100000, 0x00000000c5100000| Untracked 
|  32|0x00000000c5200000, 0x00000000c5200000, 0x00000000c5300000|  0%| F|  |TAMS 0x00000000c5200000, 0x00000000c5200000| Untracked 
|  33|0x00000000c5300000, 0x00000000c5300000, 0x00000000c5400000|  0%| F|  |TAMS 0x00000000c5300000, 0x00000000c5300000| Untracked 
|  34|0x00000000c5400000, 0x00000000c5400000, 0x00000000c5500000|  0%| F|  |TAMS 0x00000000c5400000, 0x00000000c5400000| Untracked 
|  35|0x00000000c5500000, 0x00000000c5500000, 0x00000000c5600000|  0%| F|  |TAMS 0x00000000c5500000, 0x00000000c5500000| Untracked 
|  36|0x00000000c5600000, 0x00000000c5600000, 0x00000000c5700000|  0%| F|  |TAMS 0x00000000c5600000, 0x00000000c5600000| Untracked 
|  37|0x00000000c5700000, 0x00000000c5700000, 0x00000000c5800000|  0%| F|  |TAMS 0x00000000c5700000, 0x00000000c5700000| Untracked 
|  38|0x00000000c5800000, 0x00000000c5800000, 0x00000000c5900000|  0%| F|  |TAMS 0x00000000c5800000, 0x00000000c5800000| Untracked 
|  39|0x00000000c5900000, 0x00000000c5900000, 0x00000000c5a00000|  0%| F|  |TAMS 0x00000000c5900000, 0x00000000c5900000| Untracked 
|  40|0x00000000c5a00000, 0x00000000c5a00000, 0x00000000c5b00000|  0%| F|  |TAMS 0x00000000c5a00000, 0x00000000c5a00000| Untracked 
|  41|0x00000000c5b00000, 0x00000000c5b00000, 0x00000000c5c00000|  0%| F|  |TAMS 0x00000000c5b00000, 0x00000000c5b00000| Untracked 
|  42|0x00000000c5c00000, 0x00000000c5c00000, 0x00000000c5d00000|  0%| F|  |TAMS 0x00000000c5c00000, 0x00000000c5c00000| Untracked 
|  43|0x00000000c5d00000, 0x00000000c5d00000, 0x00000000c5e00000|  0%| F|  |TAMS 0x00000000c5d00000, 0x00000000c5d00000| Untracked 
|  44|0x00000000c5e00000, 0x00000000c5e00000, 0x00000000c5f00000|  0%| F|  |TAMS 0x00000000c5e00000, 0x00000000c5e00000| Untracked 
|  45|0x00000000c5f00000, 0x00000000c5f00000, 0x00000000c6000000|  0%| F|  |TAMS 0x00000000c5f00000, 0x00000000c5f00000| Untracked 
|  46|0x00000000c6000000, 0x00000000c6100000, 0x00000000c6100000|100%| S|CS|TAMS 0x00000000c6000000, 0x00000000c6000000| Complete 
|  47|0x00000000c6100000, 0x00000000c6200000, 0x00000000c6200000|100%| S|CS|TAMS 0x00000000c6100000, 0x00000000c6100000| Complete 
|  48|0x00000000c6200000, 0x00000000c6300000, 0x00000000c6300000|100%| S|CS|TAMS 0x00000000c6200000, 0x00000000c6200000| Complete 
|  49|0x00000000c6300000, 0x00000000c6300000, 0x00000000c6400000|  0%| F|  |TAMS 0x00000000c6300000, 0x00000000c6300000| Untracked 
|  50|0x00000000c6400000, 0x00000000c6400000, 0x00000000c6500000|  0%| F|  |TAMS 0x00000000c6400000, 0x00000000c6400000| Untracked 
|  51|0x00000000c6500000, 0x00000000c6500000, 0x00000000c6600000|  0%| F|  |TAMS 0x00000000c6500000, 0x00000000c6500000| Untracked 
|  52|0x00000000c6600000, 0x00000000c6600000, 0x00000000c6700000|  0%| F|  |TAMS 0x00000000c6600000, 0x00000000c6600000| Untracked 
|  53|0x00000000c6700000, 0x00000000c6700000, 0x00000000c6800000|  0%| F|  |TAMS 0x00000000c6700000, 0x00000000c6700000| Untracked 
|  54|0x00000000c6800000, 0x00000000c6800000, 0x00000000c6900000|  0%| F|  |TAMS 0x00000000c6800000, 0x00000000c6800000| Untracked 
|  55|0x00000000c6900000, 0x00000000c6900000, 0x00000000c6a00000|  0%| F|  |TAMS 0x00000000c6900000, 0x00000000c6900000| Untracked 
|  56|0x00000000c6a00000, 0x00000000c6a00000, 0x00000000c6b00000|  0%| F|  |TAMS 0x00000000c6a00000, 0x00000000c6a00000| Untracked 
|  57|0x00000000c6b00000, 0x00000000c6b00000, 0x00000000c6c00000|  0%| F|  |TAMS 0x00000000c6b00000, 0x00000000c6b00000| Untracked 
|  58|0x00000000c6c00000, 0x00000000c6c00000, 0x00000000c6d00000|  0%| F|  |TAMS 0x00000000c6c00000, 0x00000000c6c00000| Untracked 
|  59|0x00000000c6d00000, 0x00000000c6d00000, 0x00000000c6e00000|  0%| F|  |TAMS 0x00000000c6d00000, 0x00000000c6d00000| Untracked 
|  60|0x00000000c6e00000, 0x00000000c6e00000, 0x00000000c6f00000|  0%| F|  |TAMS 0x00000000c6e00000, 0x00000000c6e00000| Untracked 
|  61|0x00000000c6f00000, 0x00000000c6f00000, 0x00000000c7000000|  0%| F|  |TAMS 0x00000000c6f00000, 0x00000000c6f00000| Untracked 

Card table byte_map: [0x0000000015ab0000,0x0000000015ca0000] _byte_map_base: 0x0000000015497000

Marking Bits (Prev, Next): (CMBitMap*) 0x00000000004490c0, (CMBitMap*) 0x0000000000449088
 Prev Bits: [0x0000000016dd0000, 0x0000000017d08000)
 Next Bits: [0x0000000015e90000, 0x0000000016dc8000)

Polling page: 0x0000000000340000

Metaspace:

Usage:
  Non-class:     20.94 MB capacity,    20.84 MB (>99%) used,    68.88 KB ( <1%) free+waste,    29.63 KB ( <1%) overhead. 
      Class:      2.61 MB capacity,     2.49 MB ( 95%) used,   113.98 KB (  4%) free+waste,    12.38 KB ( <1%) overhead. 
       Both:     23.55 MB capacity,    23.33 MB (>99%) used,   182.86 KB ( <1%) free+waste,    42.00 KB ( <1%) overhead. 

Virtual space:
  Non-class space:       30.00 MB reserved,      21.00 MB ( 70%) committed 
      Class space:        1.00 GB reserved,       2.75 MB ( <1%) committed 
             Both:        1.03 GB reserved,      23.75 MB (  2%) committed 

Chunk freelists:
   Non-Class:  63.00 KB
       Class:  14.00 KB
        Both:  77.00 KB

MaxMetaspaceSize: 17179869184.00 GB
CompressedClassSpaceSize: 1.00 GB

CodeHeap 'non-profiled nmethods': size=120064Kb used=546Kb max_used=546Kb free=119517Kb
 bounds [0x000000000db80000, 0x000000000ddf0000, 0x00000000150c0000]
CodeHeap 'profiled nmethods': size=120000Kb used=3284Kb max_used=3284Kb free=116715Kb
 bounds [0x0000000006650000, 0x0000000006990000, 0x000000000db80000]
CodeHeap 'non-nmethods': size=5696Kb used=1126Kb max_used=1140Kb free=4569Kb
 bounds [0x00000000060c0000, 0x0000000006330000, 0x0000000006650000]
 total_blobs=2245 nmethods=1770 adapters=388
 compilation: enabled
              stopped_count=0, restarted_count=0
 full_count=0

Compilation events (20 events):
Event: 5.693 Thread 0x000000005b3a5800 1763       4       java.util.LinkedHashMap$LinkedHashIterator::nextNode (54 bytes)
Event: 5.693 Thread 0x000000005b3a6800 nmethod 1767 0x0000000006981d10 code [0x0000000006981fe0, 0x0000000006982c48]
Event: 5.693 Thread 0x000000005b3a6800 1774       3       jdk.internal.util.ArraysSupport::mismatch (103 bytes)
Event: 5.693 Thread 0x000000005b3a6800 nmethod 1774 0x0000000006983110 code [0x00000000069832e0, 0x00000000069836b8]
Event: 5.693 Thread 0x000000005b3a6800 1773       3       java.util.Arrays::equals (56 bytes)
Event: 5.694 Thread 0x000000005b3a6800 nmethod 1773 0x0000000006983910 code [0x0000000006983ae0, 0x0000000006983d68]
Event: 5.694 Thread 0x000000005b3a6800 1772       3       jdk.nio.zipfs.ZipFileSystem$ParentLookup::equals (34 bytes)
Event: 5.694 Thread 0x000000005b3a6800 nmethod 1772 0x0000000006983e90 code [0x0000000006984060, 0x00000000069843c8]
Event: 5.694 Thread 0x000000005b3a6800 1770       3       jdk.internal.misc.Unsafe::getIntUnaligned (83 bytes)
Event: 5.695 Thread 0x000000005b3a6800 nmethod 1770 0x0000000006984510 code [0x0000000006984700, 0x0000000006984b88]
Event: 5.695 Thread 0x000000005b3a6800 1775       3       jdk.nio.zipfs.ZipFileSystem$ParentLookup::as (8 bytes)
Event: 5.695 Thread 0x000000005b3a6800 nmethod 1775 0x0000000006984d10 code [0x0000000006984ec0, 0x0000000006985008]
Event: 5.696 Thread 0x000000005b3a5800 nmethod 1763 0x000000000dc07510 code [0x000000000dc076a0, 0x000000000dc078d8]
Event: 5.696 Thread 0x000000005b3a5800 1777       4       jdk.nio.zipfs.ZipFileSystem$ParentLookup::name (43 bytes)
Event: 5.701 Thread 0x000000005b3a5800 nmethod 1777 0x000000000dc07990 code [0x000000000dc07b20, 0x000000000dc07d58]
Event: 5.701 Thread 0x000000005b3a5800 1776       4       jdk.nio.zipfs.ZipFileSystem::getParentOff (40 bytes)
Event: 5.705 Thread 0x000000005b3a5800 nmethod 1776 0x000000000dc07e10 code [0x000000000dc07fa0, 0x000000000dc08178]
Event: 5.705 Thread 0x000000005b3a5800 1781       4       jdk.internal.util.ArraysSupport::mismatch (103 bytes)
Event: 5.709 Thread 0x000000005b3a5800 nmethod 1781 0x000000000dc08290 code [0x000000000dc08440, 0x000000000dc086f8]
Event: 5.709 Thread 0x000000005b3a5800 1779       4       jdk.nio.zipfs.ZipFileSystem$ParentLookup::equals (34 bytes)

GC Heap History (8 events):
Event: 1.532 GC heap before
{Heap before GC invocations=0 (full 0):
 garbage-first heap   total 63488K, used 17408K [0x00000000c3200000, 0x0000000100000000)
  region size 1024K, 14 young (14336K), 0 survivors (0K)
 Metaspace       used 9765K, capacity 9871K, committed 10112K, reserved 1058816K
  class space    used 834K, capacity 884K, committed 896K, reserved 1048576K
}
Event: 1.537 GC heap after
{Heap after GC invocations=1 (full 0):
 garbage-first heap   total 63488K, used 5279K [0x00000000c3200000, 0x0000000100000000)
  region size 1024K, 2 young (2048K), 2 survivors (2048K)
 Metaspace       used 9765K, capacity 9871K, committed 10112K, reserved 1058816K
  class space    used 834K, capacity 884K, committed 896K, reserved 1048576K
}
Event: 3.530 GC heap before
{Heap before GC invocations=1 (full 0):
 garbage-first heap   total 63488K, used 41119K [0x00000000c3200000, 0x0000000100000000)
  region size 1024K, 37 young (37888K), 2 survivors (2048K)
 Metaspace       used 17897K, capacity 18086K, committed 18304K, reserved 1064960K
  class space    used 1789K, capacity 1873K, committed 1920K, reserved 1048576K
}
Event: 3.557 GC heap after
{Heap after GC invocations=2 (full 0):
 garbage-first heap   total 63488K, used 9115K [0x00000000c3200000, 0x0000000100000000)
  region size 1024K, 5 young (5120K), 5 survivors (5120K)
 Metaspace       used 17897K, capacity 18086K, committed 18304K, reserved 1064960K
  class space    used 1789K, capacity 1873K, committed 1920K, reserved 1048576K
}
Event: 5.069 GC heap before
{Heap before GC invocations=2 (full 0):
 garbage-first heap   total 63488K, used 19355K [0x00000000c3200000, 0x0000000100000000)
  region size 1024K, 16 young (16384K), 5 survivors (5120K)
 Metaspace       used 20984K, capacity 21180K, committed 21248K, reserved 1069056K
  class space    used 2209K, capacity 2291K, committed 2304K, reserved 1048576K
}
Event: 5.087 GC heap after
{Heap after GC invocations=3 (full 0):
 garbage-first heap   total 63488K, used 9984K [0x00000000c3200000, 0x0000000100000000)
  region size 1024K, 1 young (1024K), 1 survivors (1024K)
 Metaspace       used 20984K, capacity 21180K, committed 21248K, reserved 1069056K
  class space    used 2209K, capacity 2291K, committed 2304K, reserved 1048576K
}
Event: 5.713 GC heap before
{Heap before GC invocations=4 (full 0):
 garbage-first heap   total 63488K, used 24320K [0x00000000c3200000, 0x0000000100000000)
  region size 1024K, 13 young (13312K), 1 survivors (1024K)
 Metaspace       used 23890K, capacity 24115K, committed 24316K, reserved 1077248K
  class space    used 2547K, capacity 2674K, committed 2812K, reserved 1048576K
}
Event: 5.725 GC heap after
{Heap after GC invocations=5 (full 0):
 garbage-first heap   total 63488K, used 18071K [0x00000000c3200000, 0x0000000100000000)
  region size 1024K, 3 young (3072K), 3 survivors (3072K)
 Metaspace       used 23890K, capacity 24115K, committed 24316K, reserved 1077248K
  class space    used 2547K, capacity 2674K, committed 2812K, reserved 1048576K
}

Deoptimization events (20 events):
Event: 5.671 Thread 0x000000000041a800 DEOPT PACKING pc=0x000000000697af28 sp=0x00000000021ae200
Event: 5.671 Thread 0x000000000041a800 DEOPT UNPACKING pc=0x00000000060e673f sp=0x00000000021ad6a8 mode 0
Event: 5.671 Thread 0x000000000041a800 DEOPT PACKING pc=0x000000000697af28 sp=0x00000000021ae200
Event: 5.671 Thread 0x000000000041a800 DEOPT UNPACKING pc=0x00000000060e673f sp=0x00000000021ad6a8 mode 0
Event: 5.671 Thread 0x000000000041a800 DEOPT PACKING pc=0x000000000697af28 sp=0x00000000021ae200
Event: 5.671 Thread 0x000000000041a800 DEOPT UNPACKING pc=0x00000000060e673f sp=0x00000000021ad6a8 mode 0
Event: 5.671 Thread 0x000000000041a800 DEOPT PACKING pc=0x000000000697af28 sp=0x00000000021ae200
Event: 5.671 Thread 0x000000000041a800 DEOPT UNPACKING pc=0x00000000060e673f sp=0x00000000021ad6a8 mode 0
Event: 5.672 Thread 0x000000000041a800 DEOPT PACKING pc=0x000000000697af28 sp=0x00000000021ae200
Event: 5.672 Thread 0x000000000041a800 DEOPT UNPACKING pc=0x00000000060e673f sp=0x00000000021ad6a8 mode 0
Event: 5.672 Thread 0x000000000041a800 DEOPT PACKING pc=0x000000000697af28 sp=0x00000000021ae200
Event: 5.672 Thread 0x000000000041a800 DEOPT UNPACKING pc=0x00000000060e673f sp=0x00000000021ad6a8 mode 0
Event: 5.672 Thread 0x000000000041a800 DEOPT PACKING pc=0x000000000697af28 sp=0x00000000021ae200
Event: 5.672 Thread 0x000000000041a800 DEOPT UNPACKING pc=0x00000000060e673f sp=0x00000000021ad6a8 mode 0
Event: 5.672 Thread 0x000000000041a800 DEOPT PACKING pc=0x000000000697af28 sp=0x00000000021ae200
Event: 5.672 Thread 0x000000000041a800 DEOPT UNPACKING pc=0x00000000060e673f sp=0x00000000021ad6a8 mode 0
Event: 5.672 Thread 0x000000000041a800 DEOPT PACKING pc=0x000000000697af28 sp=0x00000000021ae200
Event: 5.672 Thread 0x000000000041a800 DEOPT UNPACKING pc=0x00000000060e673f sp=0x00000000021ad6a8 mode 0
Event: 5.672 Thread 0x000000000041a800 DEOPT PACKING pc=0x000000000697af28 sp=0x00000000021ae200
Event: 5.672 Thread 0x000000000041a800 DEOPT UNPACKING pc=0x00000000060e673f sp=0x00000000021ad6a8 mode 0

Classes redefined (0 events):
No events

Internal exceptions (6 events):
Event: 3.228 Thread 0x000000000041a800 Exception <a 'java/lang/NoSuchMethodError'{0x00000000c4c53038}: 'int java.lang.invoke.DirectMethodHandle$Holder.invokeSpecialIFC(java.lang.Object, java.lang.Object, int)'> (0x00000000c4c53038) thrown at [./src/hotspot/share/interpreter/linkResolver.cpp, line 773]
Event: 4.951 Thread 0x000000000041a800 Exception <a 'java/lang/NoSuchMethodError'{0x00000000c68ea830}: 'java.lang.Object java.lang.invoke.DirectMethodHandle$Holder.invokeStaticInit(java.lang.Object, int)'> (0x00000000c68ea830) thrown at [./src/hotspot/share/interpreter/linkResolver.cpp, line 773]
Event: 5.015 Thread 0x000000000041a800 Exception <a 'java/lang/NoSuchMethodError'{0x00000000c6675fc8}: 'long java.lang.invoke.DirectMethodHandle$Holder.invokeStatic(java.lang.Object)'> (0x00000000c6675fc8) thrown at [./src/hotspot/share/interpreter/linkResolver.cpp, line 773]
Event: 5.015 Thread 0x000000000041a800 Exception <a 'java/lang/NoSuchMethodError'{0x00000000c6678e20}: 'long java.lang.invoke.DirectMethodHandle$Holder.invokeStaticInit(java.lang.Object)'> (0x00000000c6678e20) thrown at [./src/hotspot/share/interpreter/linkResolver.cpp, line 773]
Event: 5.246 Thread 0x000000000041a800 Exception <a 'java/lang/NoSuchMethodError'{0x00000000c6d83d08}: 'int java.lang.invoke.DirectMethodHandle$Holder.invokeStaticInit(java.lang.Object, java.lang.Object, java.lang.Object)'> (0x00000000c6d83d08) thrown at [./src/hotspot/share/interpreter/linkResolver.cpp, line 773]
Event: 5.254 Thread 0x000000000041a800 Exception <a 'java/lang/NoSuchMethodError'{0x00000000c6daf700}: 'int java.lang.invoke.DirectMethodHandle$Holder.invokeStaticInit(java.lang.Object, java.lang.Object)'> (0x00000000c6daf700) thrown at [./src/hotspot/share/interpreter/linkResolver.cpp, line 773]

Events (20 events):
Event: 5.559 loading class sun/nio/ch/NativeThread done
Event: 5.559 loading class sun/nio/ch/IOStatus
Event: 5.559 loading class sun/nio/ch/IOStatus done
Event: 5.559 loading class sun/nio/ch/Util
Event: 5.582 loading class sun/nio/ch/Util done
Event: 5.582 loading class sun/nio/ch/Util$1
Event: 5.615 loading class sun/nio/ch/Util$1 done
Event: 5.615 loading class sun/nio/ch/Util$BufferCache
Event: 5.615 loading class sun/nio/ch/Util$BufferCache done
Event: 5.616 loading class java/nio/DirectByteBuffer$Deallocator
Event: 5.616 loading class java/nio/DirectByteBuffer$Deallocator done
Event: 5.688 loading class jdk/internal/util/ArraysSupport
Event: 5.688 loading class jdk/internal/util/ArraysSupport done
Event: 5.710 loading class org/jetbrains/kotlin/com/intellij/openapi/util/JDOMUtil
Event: 5.710 loading class org/jetbrains/kotlin/com/intellij/openapi/util/JDOMUtil done
Event: 5.711 loading class javax/xml/stream/XMLStreamException
Event: 5.711 loading class javax/xml/stream/XMLStreamException done
Event: 5.711 loading class org/jetbrains/kotlin/org/jdom/output/XMLOutputter
Event: 5.711 loading class org/jetbrains/kotlin/org/jdom/output/XMLOutputter done
Event: 5.713 Executing VM operation: CollectForMetadataAllocation


Dynamic libraries:
0x000000013f0a0000 - 0x000000013f0aa000 	C:\Program Files\Android\Android Studio\jre\bin\java.exe
0x0000000077a40000 - 0x0000000077be9000 	C:\Windows\SYSTEM32\ntdll.dll
0x0000000077820000 - 0x000000007793f000 	C:\Windows\system32\kernel32.dll
0x000007fefdaa0000 - 0x000007fefdb0c000 	C:\Windows\system32\KERNELBASE.dll
0x000007fef49c0000 - 0x000007fef49d9000 	C:\Program Files\Android\Android Studio\jre\bin\jli.dll
0x000007fefc460000 - 0x000007fefc654000 	C:\Windows\WinSxS\amd64_microsoft.windows.common-controls_6595b64144ccf1df_6.0.7601.17514_none_fa396087175ac9ac\COMCTL32.dll
0x000007fefdd60000 - 0x000007fefddff000 	C:\Windows\system32\msvcrt.dll
0x000007fefe590000 - 0x000007fefe5f7000 	C:\Windows\system32\GDI32.dll
0x0000000077940000 - 0x0000000077a3a000 	C:\Windows\system32\USER32.dll
0x000007feff3f0000 - 0x000007feff3fe000 	C:\Windows\system32\LPK.dll
0x000007fefe4c0000 - 0x000007fefe589000 	C:\Windows\system32\USP10.dll
0x000007fefde00000 - 0x000007fefde71000 	C:\Windows\system32\SHLWAPI.dll
0x000007fef49e0000 - 0x000007fef49f7000 	C:\Program Files\Android\Android Studio\jre\bin\VCRUNTIME140.dll
0x000007fefc040000 - 0x000007fefc044000 	C:\Windows\system32\api-ms-win-crt-runtime-l1-1-0.dll
0x000007fef3230000 - 0x000007fef3322000 	C:\Windows\system32\ucrtbase.DLL
0x000007fefb2b0000 - 0x000007fefb2b3000 	C:\Windows\system32\api-ms-win-core-timezone-l1-1-0.dll
0x000007fefb180000 - 0x000007fefb183000 	C:\Windows\system32\api-ms-win-core-file-l2-1-0.dll
0x000007fefb170000 - 0x000007fefb173000 	C:\Windows\system32\api-ms-win-core-localization-l1-2-0.dll
0x000007fef9dd0000 - 0x000007fef9dd3000 	C:\Windows\system32\api-ms-win-core-synch-l1-2-0.dll
0x000007fefb160000 - 0x000007fefb163000 	C:\Windows\system32\api-ms-win-core-processthreads-l1-1-1.dll
0x000007fefb110000 - 0x000007fefb113000 	C:\Windows\system32\api-ms-win-core-file-l1-2-0.dll
0x000007fefb0f0000 - 0x000007fefb0f4000 	C:\Windows\system32\api-ms-win-crt-string-l1-1-0.dll
0x000007fefb100000 - 0x000007fefb103000 	C:\Windows\system32\api-ms-win-crt-heap-l1-1-0.dll
0x000007fefb0e0000 - 0x000007fefb0e4000 	C:\Windows\system32\api-ms-win-crt-stdio-l1-1-0.dll
0x000007fefa650000 - 0x000007fefa654000 	C:\Windows\system32\api-ms-win-crt-convert-l1-1-0.dll
0x000007fef71e0000 - 0x000007fef71e3000 	C:\Windows\system32\api-ms-win-crt-environment-l1-1-0.dll
0x000007fef6f70000 - 0x000007fef6f73000 	C:\Windows\system32\api-ms-win-crt-filesystem-l1-1-0.dll
0x000007fef6fe0000 - 0x000007fef6fe5000 	C:\Windows\system32\api-ms-win-crt-math-l1-1-0.dll
0x000007fef4750000 - 0x000007fef4753000 	C:\Windows\system32\api-ms-win-crt-locale-l1-1-0.dll
0x000007feff4f0000 - 0x000007feff51e000 	C:\Windows\system32\IMM32.DLL
0x000007fefde80000 - 0x000007fefdf89000 	C:\Windows\system32\MSCTF.dll
0x000007fef2120000 - 0x000007fef21bd000 	C:\Program Files\Android\Android Studio\jre\bin\msvcp140.dll
0x000007fef6430000 - 0x000007fef6435000 	C:\Windows\system32\api-ms-win-crt-multibyte-l1-1-0.dll
0x000007fef6f60000 - 0x000007fef6f63000 	C:\Windows\system32\api-ms-win-crt-time-l1-1-0.dll
0x000007fef6ff0000 - 0x000007fef6ff3000 	C:\Windows\system32\api-ms-win-crt-utility-l1-1-0.dll
0x000007feedee0000 - 0x000007feee9af000 	C:\Program Files\Android\Android Studio\jre\bin\server\jvm.dll
0x000007fefe3e0000 - 0x000007fefe4bb000 	C:\Windows\system32\ADVAPI32.dll
0x000007fefe3c0000 - 0x000007fefe3df000 	C:\Windows\SYSTEM32\sechost.dll
0x000007feff520000 - 0x000007feff64d000 	C:\Windows\system32\RPCRT4.dll
0x000007fefb2c0000 - 0x000007fefb2c9000 	C:\Windows\system32\WSOCK32.dll
0x000007feff4a0000 - 0x000007feff4ed000 	C:\Windows\system32\WS2_32.dll
0x000007feff650000 - 0x000007feff658000 	C:\Windows\system32\NSI.dll
0x000007fef95e0000 - 0x000007fef961b000 	C:\Windows\system32\WINMM.dll
0x000007fefcaf0000 - 0x000007fefcafc000 	C:\Windows\system32\VERSION.dll
0x0000000077c00000 - 0x0000000077c07000 	C:\Windows\system32\PSAPI.DLL
0x000007fef6e20000 - 0x000007fef6e31000 	C:\Program Files\Android\Android Studio\jre\bin\verify.dll
0x000007fef79e0000 - 0x000007fef7b05000 	C:\Windows\system32\DBGHELP.DLL
0x000007fef6cc0000 - 0x000007fef6ce9000 	C:\Program Files\Android\Android Studio\jre\bin\java.dll
0x000007fef6cb0000 - 0x000007fef6cbb000 	C:\Program Files\Android\Android Studio\jre\bin\jimage.dll
0x000007fef6c00000 - 0x000007fef6c18000 	C:\Program Files\Android\Android Studio\jre\bin\zip.dll
0x000007fefe660000 - 0x000007feff3e8000 	C:\Windows\system32\SHELL32.dll
0x000007feff960000 - 0x000007feffb63000 	C:\Windows\system32\ole32.dll
0x000007fefd990000 - 0x000007fefd99f000 	C:\Windows\system32\profapi.dll
0x000007fef6be0000 - 0x000007fef6bfa000 	C:\Program Files\Android\Android Studio\jre\bin\net.dll
0x000007fefade0000 - 0x000007fefae51000 	C:\Windows\system32\WINHTTP.dll
0x000007fefad20000 - 0x000007fefad84000 	C:\Windows\system32\webio.dll
0x000007fefd200000 - 0x000007fefd255000 	C:\Windows\system32\mswsock.dll
0x000007fefd1f0000 - 0x000007fefd1f7000 	C:\Windows\System32\wship6.dll
0x000007fef63e0000 - 0x000007fef63f4000 	C:\Program Files\Android\Android Studio\jre\bin\nio.dll

dbghelp: loaded successfully - version: 4.0.5 - missing functions: none
symbol engine: initialized successfully - sym options: 0x614 - pdb path: .;C:\Program Files\Android\Android Studio\jre\bin;C:\Windows\SYSTEM32;C:\Windows\WinSxS\amd64_microsoft.windows.common-controls_6595b64144ccf1df_6.0.7601.17514_none_fa396087175ac9ac;C:\Program Files\Android\Android Studio\jre\bin\server

VM Arguments:
java_command: org.jetbrains.kotlin.cli.jvm.K2JVMCompiler @C:\Users\Dell\AndroidStudioProjects\NoteApp\app\build\20211020_3998631315656987231.compiler.options
java_class_path (initial): C:\Users\Dell\.gradle\caches\modules-2\files-2.1\org.jetbrains.kotlin\kotlin-compiler-embeddable\1.5.31\cc18c29253541dc57c25c3ef514d63c7953ae1a6\kotlin-compiler-embeddable-1.5.31.jar;C:\Users\Dell\.gradle\caches\modules-2\files-2.1\org.jetbrains.kotlin\kotlin-reflect\1.5.31\1523fcd842a47da0820cea772b19c51056fec8a9\kotlin-reflect-1.5.31.jar;C:\Users\Dell\.gradle\caches\modules-2\files-2.1\org.jetbrains.kotlin\kotlin-stdlib\1.5.31\6628d61d0f5603568e72d2d5915d2c034b4f1c55\kotlin-stdlib-1.5.31.jar;C:\Users\Dell\.gradle\caches\modules-2\files-2.1\org.jetbrains.kotlin\kotlin-script-runtime\1.5.31\aaea854be2cfc06373dfc11be5a6ba9ca5ca84a6\kotlin-script-runtime-1.5.31.jar;C:\Users\Dell\.gradle\caches\modules-2\files-2.1\org.jetbrains.kotlin\kotlin-daemon-embeddable\1.5.31\d19b549661e28c62781683dc7c7e34bf416974f1\kotlin-daemon-embeddable-1.5.31.jar;C:\Users\Dell\.gradle\caches\modules-2\files-2.1\org.jetbrains.intellij.deps\trove4j\1.0.20181211\216c2e14b070f334479d800987affe4054cd563f\trove4j-1.0.20181211.jar;C:\Users\Dell\.gradle\caches\modules-2\files-2.1\org.jetbrains\annotations\13.0\919f0dfe192fb4e063e7dacadee7f8bb9a2672a9\annotations-13.0.jar;C:\Users\Dell\.gradle\caches\modules-2\files-2.1\org.jetbrains.kotlin\kotlin-stdlib-common\1.5.31\43331609c7de811fed085e0dfd150874b157c32\kotlin-stdlib-common-1.5.31.jar
Launcher Type: SUN_STANDARD

[Global flags]
     intx CICompilerCount                          = 3                                         {product} {ergonomic}
     uint ConcGCThreads                            = 1                                         {product} {ergonomic}
     uint G1ConcRefinementThreads                  = 4                                         {product} {ergonomic}
   size_t G1HeapRegionSize                         = 1048576                                   {product} {ergonomic}
    uintx GCDrainStackTargetSize                   = 64                                        {product} {ergonomic}
   size_t InitialHeapSize                          = 65011712                                  {product} {ergonomic}
   size_t MarkStackSize                            = 4194304                                   {product} {ergonomic}
   size_t MaxHeapSize                              = 1021313024                                {product} {ergonomic}
   size_t MaxNewSize                               = 612368384                                 {product} {ergonomic}
   size_t MinHeapDeltaBytes                        = 1048576                                   {product} {ergonomic}
    uintx NonNMethodCodeHeapSize                   = 5830732                                {pd product} {ergonomic}
    uintx NonProfiledCodeHeapSize                  = 122913754                              {pd product} {ergonomic}
    uintx ProfiledCodeHeapSize                     = 122913754                              {pd product} {ergonomic}
    uintx ReservedCodeCacheSize                    = 251658240                              {pd product} {ergonomic}
     bool SegmentedCodeCache                       = true                                      {product} {ergonomic}
     bool UseCompressedClassPointers               = true                                 {lp64_product} {ergonomic}
     bool UseCompressedOops                        = true                                 {lp64_product} {ergonomic}
     bool UseG1GC                                  = true                                      {product} {ergonomic}
     bool UseLargePagesIndividualAllocation        = false                                  {pd product} {ergonomic}

Logging:
Log output configuration:
 #0: stdout all=warning uptime,level,tags
 #1: stderr all=off uptime,level,tags

Environment Variables:
PATH=C:\Program Files (x86)\Common Files\Oracle\Java\javapath;C:\Program Files\Java\jdk-14.0.2/bin;C:\Program Files\apktool;C:\Program Files (x86)\Paragon Software\LinuxFS for Windows\;C:\Users\Dell\AppData\Local\Programs\Python\Python38\Scripts\;C:\Users\Dell\AppData\Local\Programs\Python\Python38\
USERNAME=Dell
OS=Windows_NT
PROCESSOR_IDENTIFIER=Intel64 Family 6 Model 37 Stepping 5, GenuineIntel



---------------  S Y S T E M  ---------------

OS: Windows 7 , 64 bit Build 7601 (6.1.7601.17617)
OS uptime: 0 days 22:06 hours

CPU:total 4 (initial active 4) (2 cores per cpu, 2 threads per core) family 6 model 37 stepping 5 microcode 0x0, cmov, cx8, fxsr, mmx, sse, sse2, sse3, ssse3, sse4.1, sse4.2, popcnt, ht, tsc, tscinvbit

Memory: 4k page, system-wide physical 3894M (207M free)
TotalPageFile size 6097M (AvailPageFile size 5M)
current process WorkingSet (physical memory assigned to process): 126M, peak: 126M
current process commit charge ("private bytes"): 166M, peak: 167M

vm_info: OpenJDK 64-Bit Server VM (11.0.10+0-b96-7249189) for windows-amd64 JRE (11.0.10+0-b96-7249189), built on Mar 31 2021 21:44:00 by "builder" with MS VC++ 14.0 (VS2015)

END.
