#
# There is insufficient memory for the Java Runtime Environment to continue.
# Native memory allocation (malloc) failed to allocate 1048576 bytes for AllocateHeap
# Possible reasons:
#   The system is out of physical RAM or swap space
#   The process is running with CompressedOops enabled, and the Java Heap may be blocking the growth of the native heap
# Possible solutions:
#   Reduce memory load on the system
#   Increase physical memory or swap space
#   Check if swap backing store is full
#   Decrease Java heap size (-Xmx/-Xms)
#   Decrease number of Java threads
#   Decrease Java thread stack sizes (-Xss)
#   Set larger code cache with -XX:ReservedCodeCacheSize=
#   JVM is running with Unscaled Compressed Oops mode in which the Java heap is
#     placed in the first 4GB address space. The Java Heap base address is the
#     maximum limit for the native heap growth. Please use -XX:HeapBaseMinAddress
#     to set the Java Heap base and to place the Java Heap above 4GB virtual address.
# This output file may be truncated or incomplete.
#
#  Out of Memory Error (./src/hotspot/share/memory/allocation.cpp:46), pid=4960, tid=5700
#
# JRE version: OpenJDK Runtime Environment (11.0.10) (build 11.0.10+0-b96-7249189)
# Java VM: OpenJDK 64-Bit Server VM (11.0.10+0-b96-7249189, mixed mode, tiered, compressed oops, g1 gc, windows-amd64)
# No core dump will be written. Minidumps are not enabled by default on client versions of Windows
#

---------------  S U M M A R Y ------------

Command Line: org.jetbrains.kotlin.cli.jvm.K2JVMCompiler @C:\Users\Dell\AndroidStudioProjects\NoteApp\app\build\20211016_6115335157546331588.compiler.options

Host: Intel(R) Core(TM) i3 CPU       M 370  @ 2.40GHz, 4 cores, 3G,  Windows 7 , 64 bit Build 7601 (6.1.7601.17617)
Time: Sat Oct 16 11:07:54 2021 Sri Lanka Standard Time elapsed time: 15.233285 seconds (0d 0h 0m 15s)

---------------  T H R E A D  ---------------

Current thread (0x000000005b167800):  VMThread "VM Thread" [stack: 0x000000001a490000,0x000000001a590000] [id=5700]

Stack: [0x000000001a490000,0x000000001a590000]
[error occurred during error reporting (printing stack bounds), id 0xc0000005, EXCEPTION_ACCESS_VIOLATION (0xc0000005) at pc=0x0000000006030f3d]

Native frames: (J=compiled Java code, j=interpreted, Vv=VM code, C=native code)
V  [jvm.dll+0x5ecfaa]
V  [jvm.dll+0x722bd5]
V  [jvm.dll+0x72412d]
V  [jvm.dll+0x724745]
V  [jvm.dll+0x7246fb]
V  [jvm.dll+0x5ec348]
V  [jvm.dll+0x5ecad8]
C  [ntdll.dll+0x29d0d]
C  [ntdll.dll+0x191af]
C  [ntdll.dll+0x51278]
C  0x0000000006030f3d

VM_Operation (0x00000000021ab670): CollectForMetadataAllocation, mode: safepoint, requested by thread 0x000000000023b000


---------------  P R O C E S S  ---------------

Threads class SMR info:
_java_thread_list=0x000000005bf2b1a0, length=10, elements={
0x000000000023b000, 0x000000005b1ac000, 0x000000005b1ad800, 0x000000005b1c8800,
0x000000005b1cc800, 0x000000005b1cf800, 0x000000005b1d4000, 0x000000005b1d5000,
0x000000005b1e6800, 0x000000005bf76000
}

Java Threads: ( => current thread )
  0x000000000023b000 JavaThread "main" [_thread_blocked, id=3936, stack(0x00000000020b0000,0x00000000021b0000)]
  0x000000005b1ac000 JavaThread "Reference Handler" daemon [_thread_blocked, id=1724, stack(0x000000005b450000,0x000000005b550000)]
  0x000000005b1ad800 JavaThread "Finalizer" daemon [_thread_blocked, id=1304, stack(0x000000005b2d0000,0x000000005b3d0000)]
  0x000000005b1c8800 JavaThread "Signal Dispatcher" daemon [_thread_blocked, id=4112, stack(0x000000005b660000,0x000000005b760000)]
  0x000000005b1cc800 JavaThread "Attach Listener" daemon [_thread_blocked, id=228, stack(0x000000005b840000,0x000000005b940000)]
  0x000000005b1cf800 JavaThread "Service Thread" daemon [_thread_blocked, id=6540, stack(0x000000005ba00000,0x000000005bb00000)]
  0x000000005b1d4000 JavaThread "C2 CompilerThread0" daemon [_thread_blocked, id=6420, stack(0x000000005bc80000,0x000000005bd80000)]
  0x000000005b1d5000 JavaThread "C1 CompilerThread0" daemon [_thread_blocked, id=4132, stack(0x000000005bdc0000,0x000000005bec0000)]
  0x000000005b1e6800 JavaThread "Sweeper thread" daemon [_thread_blocked, id=3792, stack(0x000000005bb70000,0x000000005bc70000)]
  0x000000005bf76000 JavaThread "Common-Cleaner" daemon [_thread_blocked, id=6852, stack(0x000000005c5e0000,0x000000005c6e0000)]

Other Threads:
=>0x000000005b167800 VMThread "VM Thread" [stack: 0x000000001a490000,0x000000001a590000] [id=5700]
  0x000000005bf2f000 WatcherThread [stack: 0x000000005c320000,0x000000005c420000] [id=2672]
  0x0000000000254000 GCTaskThread "GC Thread#0" [stack: 0x00000000152a0000,0x00000000153a0000] [id=4012]
  0x000000005c972800 GCTaskThread "GC Thread#1" [stack: 0x000000005c450000,0x000000005c550000] [id=4724]
  0x000000000026d800 ConcurrentGCThread "G1 Main Marker" [stack: 0x0000000017cb0000,0x0000000017db0000] [id=1020]
  0x000000000026f000 ConcurrentGCThread "G1 Conc#0" [stack: 0x0000000017dd0000,0x0000000017ed0000] [id=6404]
  0x000000001a322800 ConcurrentGCThread "G1 Refine#0" [stack: 0x000000001a590000,0x000000001a690000] [id=2396]
  0x00000000002bf800 ConcurrentGCThread "G1 Young RemSet Sampling" [stack: 0x000000001a7c0000,0x000000001a8c0000] [id=4048]

Threads with active compile tasks:
C2 CompilerThread0  15242 2716       4       java.lang.PublicMethods::merge (81 bytes)

VM state:at safepoint (normal execution)

VM Mutex/Monitor currently owned by a thread:  ([mutex/lock_event])
[0x0000000000236ae0] Threads_lock - owner thread: 0x000000005b167800
[0x00000000002372c0] Heap_lock - owner thread: 0x000000000023b000

Heap address: 0x00000000c3200000, size: 974 MB, Compressed Oops mode: 32-bit
Narrow klass base: 0x0000000000000000, Narrow klass shift: 0
Compressed class space size: 1073741824 Address: 0x000000001a8c0000

Heap:
 garbage-first heap   total 63488K, used 25756K [0x00000000c3200000, 0x0000000100000000)
  region size 1024K, 1 young (1024K), 1 survivors (1024K)
 Metaspace       used 39374K, capacity 39833K, committed 40016K, reserved 1093632K
  class space    used 4705K, capacity 4875K, committed 4988K, reserved 1048576K
Heap Regions: E=young(eden), S=young(survivor), O=old, HS=humongous(starts), HC=humongous(continues), CS=collection set, F=free, A=archive, TAMS=top-at-mark-start (previous, next)
|   0|0x00000000c3200000, 0x00000000c3300000, 0x00000000c3300000|100%|HS|  |TAMS 0x00000000c3300000, 0x00000000c3300000| Complete 
|   1|0x00000000c3300000, 0x00000000c3400000, 0x00000000c3400000|100%|HC|  |TAMS 0x00000000c3400000, 0x00000000c3400000| Complete 
|   2|0x00000000c3400000, 0x00000000c3500000, 0x00000000c3500000|100%|HC|  |TAMS 0x00000000c3500000, 0x00000000c3500000| Complete 
|   3|0x00000000c3500000, 0x00000000c3600000, 0x00000000c3600000|100%| O|  |TAMS 0x00000000c3600000, 0x00000000c3600000| Untracked 
|   4|0x00000000c3600000, 0x00000000c3700000, 0x00000000c3700000|100%| O|  |TAMS 0x00000000c3700000, 0x00000000c3700000| Untracked 
|   5|0x00000000c3700000, 0x00000000c3800000, 0x00000000c3800000|100%| O|  |TAMS 0x00000000c3800000, 0x00000000c3800000| Untracked 
|   6|0x00000000c3800000, 0x00000000c3900000, 0x00000000c3900000|100%| O|  |TAMS 0x00000000c3900000, 0x00000000c3900000| Untracked 
|   7|0x00000000c3900000, 0x00000000c3a00000, 0x00000000c3a00000|100%| O|  |TAMS 0x00000000c3a00000, 0x00000000c3a00000| Untracked 
|   8|0x00000000c3a00000, 0x00000000c3b00000, 0x00000000c3b00000|100%| O|  |TAMS 0x00000000c3b00000, 0x00000000c3b00000| Untracked 
|   9|0x00000000c3b00000, 0x00000000c3c00000, 0x00000000c3c00000|100%|HS|  |TAMS 0x00000000c3c00000, 0x00000000c3c00000| Complete 
|  10|0x00000000c3c00000, 0x00000000c3d00000, 0x00000000c3d00000|100%|HC|  |TAMS 0x00000000c3d00000, 0x00000000c3d00000| Complete 
|  11|0x00000000c3d00000, 0x00000000c3e00000, 0x00000000c3e00000|100%|HC|  |TAMS 0x00000000c3e00000, 0x00000000c3e00000| Complete 
|  12|0x00000000c3e00000, 0x00000000c3f00000, 0x00000000c3f00000|100%|HS|  |TAMS 0x00000000c3f00000, 0x00000000c3f00000| Complete 
|  13|0x00000000c3f00000, 0x00000000c4000000, 0x00000000c4000000|100%|HC|  |TAMS 0x00000000c4000000, 0x00000000c4000000| Complete 
|  14|0x00000000c4000000, 0x00000000c4100000, 0x00000000c4100000|100%|HC|  |TAMS 0x00000000c4100000, 0x00000000c4100000| Complete 
|  15|0x00000000c4100000, 0x00000000c4200000, 0x00000000c4200000|100%| O|  |TAMS 0x00000000c4200000, 0x00000000c4200000| Untracked 
|  16|0x00000000c4200000, 0x00000000c4300000, 0x00000000c4300000|100%| O|  |TAMS 0x00000000c42ea600, 0x00000000c4300000| Untracked 
|  17|0x00000000c4300000, 0x00000000c4400000, 0x00000000c4400000|100%| O|  |TAMS 0x00000000c4400000, 0x00000000c4400000| Untracked 
|  18|0x00000000c4400000, 0x00000000c4500000, 0x00000000c4500000|100%| O|  |TAMS 0x00000000c4500000, 0x00000000c4500000| Untracked 
|  19|0x00000000c4500000, 0x00000000c4600000, 0x00000000c4600000|100%| O|  |TAMS 0x00000000c4600000, 0x00000000c4600000| Untracked 
|  20|0x00000000c4600000, 0x00000000c4700000, 0x00000000c4700000|100%| O|  |TAMS 0x00000000c4600000, 0x00000000c4700000| Untracked 
|  21|0x00000000c4700000, 0x00000000c4800000, 0x00000000c4800000|100%| O|  |TAMS 0x00000000c4700000, 0x00000000c4800000| Untracked 
|  22|0x00000000c4800000, 0x00000000c48ba000, 0x00000000c4900000| 72%| O|  |TAMS 0x00000000c4800000, 0x00000000c48ba000| Untracked 
|  23|0x00000000c4900000, 0x00000000c4900000, 0x00000000c4a00000|  0%| F|  |TAMS 0x00000000c4900000, 0x00000000c4900000| Untracked 
|  24|0x00000000c4a00000, 0x00000000c4b00000, 0x00000000c4b00000|100%| O|  |TAMS 0x00000000c4b00000, 0x00000000c4b00000| Untracked 
|  25|0x00000000c4b00000, 0x00000000c4c00000, 0x00000000c4c00000|100%| O|  |TAMS 0x00000000c4c00000, 0x00000000c4c00000| Untracked 
|  26|0x00000000c4c00000, 0x00000000c4c00000, 0x00000000c4d00000|  0%| F|  |TAMS 0x00000000c4c00000, 0x00000000c4c00000| Untracked 
|  27|0x00000000c4d00000, 0x00000000c4d00000, 0x00000000c4e00000|  0%| F|  |TAMS 0x00000000c4d00000, 0x00000000c4d00000| Untracked 
|  28|0x00000000c4e00000, 0x00000000c4e00000, 0x00000000c4f00000|  0%| F|  |TAMS 0x00000000c4e00000, 0x00000000c4e00000| Untracked 
|  29|0x00000000c4f00000, 0x00000000c4f00000, 0x00000000c5000000|  0%| F|  |TAMS 0x00000000c4f00000, 0x00000000c4f00000| Untracked 
|  30|0x00000000c5000000, 0x00000000c5000000, 0x00000000c5100000|  0%| F|  |TAMS 0x00000000c5000000, 0x00000000c5000000| Untracked 
|  31|0x00000000c5100000, 0x00000000c5100000, 0x00000000c5200000|  0%| F|  |TAMS 0x00000000c5100000, 0x00000000c5100000| Untracked 
|  32|0x00000000c5200000, 0x00000000c5200000, 0x00000000c5300000|  0%| F|  |TAMS 0x00000000c5200000, 0x00000000c5200000| Untracked 
|  33|0x00000000c5300000, 0x00000000c5300000, 0x00000000c5400000|  0%| F|  |TAMS 0x00000000c5300000, 0x00000000c5300000| Untracked 
|  34|0x00000000c5400000, 0x00000000c5400000, 0x00000000c5500000|  0%| F|  |TAMS 0x00000000c5400000, 0x00000000c5400000| Untracked 
|  35|0x00000000c5500000, 0x00000000c5500000, 0x00000000c5600000|  0%| F|  |TAMS 0x00000000c5500000, 0x00000000c5500000| Untracked 
|  36|0x00000000c5600000, 0x00000000c5600000, 0x00000000c5700000|  0%| F|  |TAMS 0x00000000c5600000, 0x00000000c5600000| Untracked 
|  37|0x00000000c5700000, 0x00000000c5700000, 0x00000000c5800000|  0%| F|  |TAMS 0x00000000c5700000, 0x00000000c5700000| Untracked 
|  38|0x00000000c5800000, 0x00000000c5800000, 0x00000000c5900000|  0%| F|  |TAMS 0x00000000c5800000, 0x00000000c5800000| Untracked 
|  39|0x00000000c5900000, 0x00000000c5900000, 0x00000000c5a00000|  0%| F|  |TAMS 0x00000000c5900000, 0x00000000c5900000| Untracked 
|  40|0x00000000c5a00000, 0x00000000c5a00000, 0x00000000c5b00000|  0%| F|  |TAMS 0x00000000c5a00000, 0x00000000c5a00000| Untracked 
|  41|0x00000000c5b00000, 0x00000000c5b00000, 0x00000000c5c00000|  0%| F|  |TAMS 0x00000000c5b00000, 0x00000000c5b00000| Untracked 
|  42|0x00000000c5c00000, 0x00000000c5c00000, 0x00000000c5d00000|  0%| F|  |TAMS 0x00000000c5c00000, 0x00000000c5c00000| Untracked 
|  43|0x00000000c5d00000, 0x00000000c5d00000, 0x00000000c5e00000|  0%| F|  |TAMS 0x00000000c5d00000, 0x00000000c5d00000| Untracked 
|  44|0x00000000c5e00000, 0x00000000c5e00000, 0x00000000c5f00000|  0%| F|  |TAMS 0x00000000c5e00000, 0x00000000c5e00000| Untracked 
|  45|0x00000000c5f00000, 0x00000000c5f00000, 0x00000000c6000000|  0%| F|  |TAMS 0x00000000c5f00000, 0x00000000c5f00000| Untracked 
|  46|0x00000000c6000000, 0x00000000c6000000, 0x00000000c6100000|  0%| F|  |TAMS 0x00000000c6000000, 0x00000000c6000000| Untracked 
|  47|0x00000000c6100000, 0x00000000c6100000, 0x00000000c6200000|  0%| F|  |TAMS 0x00000000c6100000, 0x00000000c6100000| Untracked 
|  48|0x00000000c6200000, 0x00000000c6200000, 0x00000000c6300000|  0%| F|  |TAMS 0x00000000c6200000, 0x00000000c6200000| Untracked 
|  49|0x00000000c6300000, 0x00000000c6300000, 0x00000000c6400000|  0%| F|  |TAMS 0x00000000c6300000, 0x00000000c6300000| Untracked 
|  50|0x00000000c6400000, 0x00000000c6400000, 0x00000000c6500000|  0%| F|  |TAMS 0x00000000c6400000, 0x00000000c6400000| Untracked 
|  51|0x00000000c6500000, 0x00000000c6500000, 0x00000000c6600000|  0%| F|  |TAMS 0x00000000c6500000, 0x00000000c6500000| Untracked 
|  52|0x00000000c6600000, 0x00000000c6600000, 0x00000000c6700000|  0%| F|  |TAMS 0x00000000c6600000, 0x00000000c6600000| Untracked 
|  53|0x00000000c6700000, 0x00000000c6700000, 0x00000000c6800000|  0%| F|  |TAMS 0x00000000c6700000, 0x00000000c6700000| Untracked 
|  54|0x00000000c6800000, 0x00000000c6800000, 0x00000000c6900000|  0%| F|  |TAMS 0x00000000c6800000, 0x00000000c6800000| Untracked 
|  55|0x00000000c6900000, 0x00000000c6900000, 0x00000000c6a00000|  0%| F|  |TAMS 0x00000000c6900000, 0x00000000c6900000| Untracked 
|  56|0x00000000c6a00000, 0x00000000c6a00000, 0x00000000c6b00000|  0%| F|  |TAMS 0x00000000c6a00000, 0x00000000c6a00000| Untracked 
|  57|0x00000000c6b00000, 0x00000000c6b00000, 0x00000000c6c00000|  0%| F|  |TAMS 0x00000000c6b00000, 0x00000000c6b00000| Untracked 
|  58|0x00000000c6c00000, 0x00000000c6c00000, 0x00000000c6d00000|  0%| F|  |TAMS 0x00000000c6c00000, 0x00000000c6c00000| Untracked 
|  59|0x00000000c6d00000, 0x00000000c6d6d2e0, 0x00000000c6e00000| 42%| S|CS|TAMS 0x00000000c6d00000, 0x00000000c6d00000| Complete 
|  60|0x00000000c6e00000, 0x00000000c6e00000, 0x00000000c6f00000|  0%| F|  |TAMS 0x00000000c6e00000, 0x00000000c6e00000| Untracked 
|  61|0x00000000c6f00000, 0x00000000c6f00000, 0x00000000c7000000|  0%| F|  |TAMS 0x00000000c6f00000, 0x00000000c6f00000| Untracked 

Card table byte_map: [0x00000000159d0000,0x0000000015bc0000] _byte_map_base: 0x00000000153b7000

Marking Bits (Prev, Next): (CMBitMap*) 0x0000000000269138, (CMBitMap*) 0x0000000000269170
 Prev Bits: [0x0000000015db0000, 0x0000000016ce8000)
 Next Bits: [0x0000000016cf0000, 0x0000000017c28000)

Polling page: 0x0000000001f40000

Metaspace:

Usage:
  Non-class:     34.14 MB capacity,    33.86 MB (>99%) used,   233.66 KB ( <1%) free+waste,    55.06 KB ( <1%) overhead. 
      Class:      4.76 MB capacity,     4.59 MB ( 97%) used,   145.98 KB (  3%) free+waste,    24.00 KB ( <1%) overhead. 
       Both:     38.90 MB capacity,    38.45 MB ( 99%) used,   379.64 KB ( <1%) free+waste,    79.06 KB ( <1%) overhead. 

Virtual space:
  Non-class space:       44.00 MB reserved,      34.21 MB ( 78%) committed 
      Class space:        1.00 GB reserved,       4.87 MB ( <1%) committed 
             Both:        1.04 GB reserved,      39.08 MB (  4%) committed 

Chunk freelists:
   Non-Class:  70.00 KB
       Class:  21.00 KB
        Both:  91.00 KB

MaxMetaspaceSize: 17179869184.00 GB
CompressedClassSpaceSize: 1.00 GB

CodeHeap 'non-profiled nmethods': size=120064Kb used=1131Kb max_used=1131Kb free=118933Kb
 bounds [0x000000000daf0000, 0x000000000dd60000, 0x0000000015030000]
CodeHeap 'profiled nmethods': size=120000Kb used=5221Kb max_used=5221Kb free=114778Kb
 bounds [0x00000000065c0000, 0x0000000006ae0000, 0x000000000daf0000]
CodeHeap 'non-nmethods': size=5696Kb used=1158Kb max_used=1195Kb free=4537Kb
 bounds [0x0000000006030000, 0x00000000062a0000, 0x00000000065c0000]
 total_blobs=3235 nmethods=2710 adapters=437
 compilation: enabled
              stopped_count=0, restarted_count=0
 full_count=0

Compilation events (20 events):
Event: 15.114 Thread 0x000000005b1d4000 nmethod 2714 0x000000000dc09f10 code [0x000000000dc0a0e0, 0x000000000dc0a858]
Event: 15.120 Thread 0x000000005b1d4000 2716       4       java.lang.PublicMethods::merge (81 bytes)
Event: 15.188 Thread 0x000000005b1d5000 2718   !   3       jdk.internal.reflect.GeneratedConstructorAccessor1::newInstance (53 bytes)
Event: 15.189 Thread 0x000000005b1d5000 nmethod 2718 0x0000000006ad3d90 code [0x0000000006ad3fe0, 0x0000000006ad4828]
Event: 15.191 Thread 0x000000005b1d5000 2719       3       java.lang.Class::getAnnotation (22 bytes)
Event: 15.191 Thread 0x000000005b1d5000 nmethod 2719 0x0000000006ad4c90 code [0x0000000006ad4e80, 0x0000000006ad52c8]
Event: 15.192 Thread 0x000000005b1d5000 2720       3       kotlin.sequences.SequencesKt__SequencesKt::generateSequence (42 bytes)
Event: 15.193 Thread 0x000000005b1d5000 nmethod 2720 0x0000000006ad5490 code [0x0000000006ad5780, 0x0000000006ad65f8]
Event: 15.193 Thread 0x000000005b1d5000 2722       3       java.util.ArrayList::remove (76 bytes)
Event: 15.193 Thread 0x000000005b1d5000 nmethod 2722 0x0000000006ad6b10 code [0x0000000006ad6d00, 0x0000000006ad71b8]
Event: 15.193 Thread 0x000000005b1d5000 2721       3       kotlin.sequences.SequencesKt__SequencesKt$generateSequence$2::<init> (11 bytes)
Event: 15.194 Thread 0x000000005b1d5000 nmethod 2721 0x0000000006ad7390 code [0x0000000006ad7540, 0x0000000006ad7758]
Event: 15.196 Thread 0x000000005b1d5000 2724       3       java.lang.Class::getConstructors (27 bytes)
Event: 15.197 Thread 0x000000005b1d5000 nmethod 2724 0x0000000006ad7890 code [0x0000000006ad7a80, 0x0000000006ad7d18]
Event: 15.197 Thread 0x000000005b1d5000 2725       3       java.lang.reflect.Executable::getGenericParameterTypes (20 bytes)
Event: 15.198 Thread 0x000000005b1d5000 nmethod 2725 0x0000000006ad7e10 code [0x0000000006ad8020, 0x0000000006ad86e8]
Event: 15.208 Thread 0x000000005b1d5000 2727       3       java.lang.reflect.Constructor::<init> (50 bytes)
Event: 15.209 Thread 0x000000005b1d5000 nmethod 2727 0x0000000006ad8890 code [0x0000000006ad8a60, 0x0000000006ad8ed8]
Event: 15.209 Thread 0x000000005b1d5000 2728       3       java.lang.reflect.Constructor::copy (72 bytes)
Event: 15.209 Thread 0x000000005b1d5000 nmethod 2728 0x0000000006ad9010 code [0x0000000006ad91e0, 0x0000000006ad9578]

GC Heap History (20 events):
Event: 1.986 GC heap before
{Heap before GC invocations=0 (full 0):
 garbage-first heap   total 63488K, used 17408K [0x00000000c3200000, 0x0000000100000000)
  region size 1024K, 14 young (14336K), 0 survivors (0K)
 Metaspace       used 9765K, capacity 9871K, committed 10112K, reserved 1058816K
  class space    used 834K, capacity 884K, committed 896K, reserved 1048576K
}
Event: 1.995 GC heap after
{Heap after GC invocations=1 (full 0):
 garbage-first heap   total 63488K, used 5223K [0x00000000c3200000, 0x0000000100000000)
  region size 1024K, 2 young (2048K), 2 survivors (2048K)
 Metaspace       used 9765K, capacity 9871K, committed 10112K, reserved 1058816K
  class space    used 834K, capacity 884K, committed 896K, reserved 1048576K
}
Event: 4.116 GC heap before
{Heap before GC invocations=1 (full 0):
 garbage-first heap   total 63488K, used 41063K [0x00000000c3200000, 0x0000000100000000)
  region size 1024K, 37 young (37888K), 2 survivors (2048K)
 Metaspace       used 17909K, capacity 18086K, committed 18304K, reserved 1064960K
  class space    used 1788K, capacity 1873K, committed 1920K, reserved 1048576K
}
Event: 4.140 GC heap after
{Heap after GC invocations=2 (full 0):
 garbage-first heap   total 63488K, used 9065K [0x00000000c3200000, 0x0000000100000000)
  region size 1024K, 5 young (5120K), 5 survivors (5120K)
 Metaspace       used 17909K, capacity 18086K, committed 18304K, reserved 1064960K
  class space    used 1788K, capacity 1873K, committed 1920K, reserved 1048576K
}
Event: 4.559 GC heap before
{Heap before GC invocations=2 (full 0):
 garbage-first heap   total 63488K, used 12137K [0x00000000c3200000, 0x0000000100000000)
  region size 1024K, 8 young (8192K), 5 survivors (5120K)
 Metaspace       used 18627K, capacity 18790K, committed 18944K, reserved 1067008K
  class space    used 1918K, capacity 2001K, committed 2048K, reserved 1048576K
}
Event: 4.579 GC heap after
{Heap after GC invocations=3 (full 0):
 garbage-first heap   total 63488K, used 9590K [0x00000000c3200000, 0x0000000100000000)
  region size 1024K, 1 young (1024K), 1 survivors (1024K)
 Metaspace       used 18627K, capacity 18790K, committed 18944K, reserved 1067008K
  class space    used 1918K, capacity 2001K, committed 2048K, reserved 1048576K
}
Event: 5.267 GC heap before
{Heap before GC invocations=3 (full 0):
 garbage-first heap   total 63488K, used 16758K [0x00000000c3200000, 0x0000000100000000)
  region size 1024K, 9 young (9216K), 1 survivors (1024K)
 Metaspace       used 20995K, capacity 21180K, committed 21248K, reserved 1069056K
  class space    used 2209K, capacity 2291K, committed 2304K, reserved 1048576K
}
Event: 5.272 GC heap after
{Heap after GC invocations=4 (full 0):
 garbage-first heap   total 63488K, used 9504K [0x00000000c3200000, 0x0000000100000000)
  region size 1024K, 1 young (1024K), 1 survivors (1024K)
 Metaspace       used 20995K, capacity 21180K, committed 21248K, reserved 1069056K
  class space    used 2209K, capacity 2291K, committed 2304K, reserved 1048576K
}
Event: 6.916 GC heap before
{Heap before GC invocations=5 (full 0):
 garbage-first heap   total 63488K, used 37152K [0x00000000c3200000, 0x0000000100000000)
  region size 1024K, 23 young (23552K), 1 survivors (1024K)
 Metaspace       used 26598K, capacity 27018K, committed 27132K, reserved 1073152K
  class space    used 2829K, capacity 2987K, committed 3068K, reserved 1048576K
}
Event: 6.923 GC heap after
{Heap after GC invocations=6 (full 0):
 garbage-first heap   total 63488K, used 17232K [0x00000000c3200000, 0x0000000100000000)
  region size 1024K, 3 young (3072K), 3 survivors (3072K)
 Metaspace       used 26598K, capacity 27018K, committed 27132K, reserved 1073152K
  class space    used 2829K, capacity 2987K, committed 3068K, reserved 1048576K
}
Event: 11.241 GC heap before
{Heap before GC invocations=6 (full 0):
 garbage-first heap   total 63488K, used 39760K [0x00000000c3200000, 0x0000000100000000)
  region size 1024K, 23 young (23552K), 3 survivors (3072K)
 Metaspace       used 30405K, capacity 30886K, committed 30972K, reserved 1077248K
  class space    used 3584K, capacity 3773K, committed 3836K, reserved 1048576K
}
Event: 11.256 GC heap after
{Heap after GC invocations=7 (full 0):
 garbage-first heap   total 63488K, used 22814K [0x00000000c3200000, 0x0000000100000000)
  region size 1024K, 3 young (3072K), 3 survivors (3072K)
 Metaspace       used 30405K, capacity 30886K, committed 30972K, reserved 1077248K
  class space    used 3584K, capacity 3773K, committed 3836K, reserved 1048576K
}
Event: 12.748 GC heap before
{Heap before GC invocations=7 (full 0):
 garbage-first heap   total 63488K, used 45342K [0x00000000c3200000, 0x0000000100000000)
  region size 1024K, 21 young (21504K), 3 survivors (3072K)
 Metaspace       used 34288K, capacity 34737K, committed 34940K, reserved 1079296K
  class space    used 4227K, capacity 4416K, committed 4476K, reserved 1048576K
}
Event: 12.766 GC heap after
{Heap after GC invocations=8 (full 0):
 garbage-first heap   total 63488K, used 24973K [0x00000000c3200000, 0x0000000100000000)
  region size 1024K, 3 young (3072K), 3 survivors (3072K)
 Metaspace       used 34288K, capacity 34737K, committed 34940K, reserved 1079296K
  class space    used 4227K, capacity 4416K, committed 4476K, reserved 1048576K
}
Event: 14.152 GC heap before
{Heap before GC invocations=8 (full 0):
 garbage-first heap   total 63488K, used 32141K [0x00000000c3200000, 0x0000000100000000)
  region size 1024K, 11 young (11264K), 3 survivors (3072K)
 Metaspace       used 35526K, capacity 35964K, committed 36048K, reserved 1081344K
  class space    used 4360K, capacity 4548K, committed 4604K, reserved 1048576K
}
Event: 14.163 GC heap after
{Heap after GC invocations=9 (full 0):
 garbage-first heap   total 63488K, used 23428K [0x00000000c3200000, 0x0000000100000000)
  region size 1024K, 1 young (1024K), 1 survivors (1024K)
 Metaspace       used 35526K, capacity 35964K, committed 36048K, reserved 1081344K
  class space    used 4360K, capacity 4548K, committed 4604K, reserved 1048576K
}
Event: 15.164 GC heap before
{Heap before GC invocations=10 (full 0):
 garbage-first heap   total 63488K, used 41860K [0x00000000c3200000, 0x0000000100000000)
  region size 1024K, 20 young (20480K), 1 survivors (1024K)
 Metaspace       used 39112K, capacity 39641K, committed 40016K, reserved 1085440K
  class space    used 4689K, capacity 4875K, committed 4988K, reserved 1048576K
}
Event: 15.174 GC heap after
{Heap after GC invocations=11 (full 0):
 garbage-first heap   total 63488K, used 25345K [0x00000000c3200000, 0x0000000100000000)
  region size 1024K, 3 young (3072K), 3 survivors (3072K)
 Metaspace       used 39112K, capacity 39641K, committed 40016K, reserved 1085440K
  class space    used 4689K, capacity 4875K, committed 4988K, reserved 1048576K
}
Event: 15.212 GC heap before
{Heap before GC invocations=11 (full 0):
 garbage-first heap   total 63488K, used 26369K [0x00000000c3200000, 0x0000000100000000)
  region size 1024K, 5 young (5120K), 3 survivors (3072K)
 Metaspace       used 39374K, capacity 39833K, committed 40016K, reserved 1091584K
  class space    used 4705K, capacity 4875K, committed 4988K, reserved 1048576K
}
Event: 15.220 GC heap after
{Heap after GC invocations=12 (full 0):
 garbage-first heap   total 63488K, used 25756K [0x00000000c3200000, 0x0000000100000000)
  region size 1024K, 1 young (1024K), 1 survivors (1024K)
 Metaspace       used 39374K, capacity 39833K, committed 40016K, reserved 1091584K
  class space    used 4705K, capacity 4875K, committed 4988K, reserved 1048576K
}

Deoptimization events (20 events):
Event: 13.074 Thread 0x000000000023b000 DEOPT PACKING pc=0x000000000dbe7834 sp=0x00000000021adce0
Event: 13.074 Thread 0x000000000023b000 DEOPT UNPACKING pc=0x0000000006056929 sp=0x00000000021adbc8 mode 2
Event: 13.074 Thread 0x000000000023b000 Uncommon trap: trap_request=0xffffffde fr.pc=0x000000000dbe7834 relative=0x0000000000000434
Event: 13.074 Thread 0x000000000023b000 Uncommon trap: reason=class_check action=maybe_recompile pc=0x000000000dbe7834 method=org.jetbrains.kotlin.protobuf.CodedInputStream.tryRefillBuffer(I)Z @ 177 c2
Event: 13.074 Thread 0x000000000023b000 DEOPT PACKING pc=0x000000000dbe7834 sp=0x00000000021adce0
Event: 13.075 Thread 0x000000000023b000 DEOPT UNPACKING pc=0x0000000006056929 sp=0x00000000021adbc8 mode 2
Event: 13.958 Thread 0x000000000023b000 DEOPT PACKING pc=0x00000000068ebd5b sp=0x00000000021ada50
Event: 13.958 Thread 0x000000000023b000 DEOPT UNPACKING pc=0x000000000605673f sp=0x00000000021acec8 mode 0
Event: 13.959 Thread 0x000000000023b000 DEOPT PACKING pc=0x00000000069a47d4 sp=0x00000000021ada10
Event: 13.959 Thread 0x000000000023b000 DEOPT UNPACKING pc=0x000000000605673f sp=0x00000000021acfb0 mode 0
Event: 14.379 Thread 0x000000000023b000 Uncommon trap: trap_request=0xffffff4d fr.pc=0x000000000db1a5b8 relative=0x00000000000005d8
Event: 14.379 Thread 0x000000000023b000 Uncommon trap: reason=unstable_if action=reinterpret pc=0x000000000db1a5b8 method=java.util.concurrent.ConcurrentHashMap.get(Ljava/lang/Object;)Ljava/lang/Object; @ 76 c2
Event: 14.379 Thread 0x000000000023b000 DEOPT PACKING pc=0x000000000db1a5b8 sp=0x00000000021aa2c0
Event: 14.379 Thread 0x000000000023b000 DEOPT UNPACKING pc=0x0000000006056929 sp=0x00000000021aa248 mode 2
Event: 15.034 Thread 0x000000000023b000 DEOPT PACKING pc=0x0000000006abfb0c sp=0x00000000021ad930
Event: 15.034 Thread 0x000000000023b000 DEOPT UNPACKING pc=0x000000000605673f sp=0x00000000021ace18 mode 0
Event: 15.116 Thread 0x000000000023b000 Uncommon trap: trap_request=0xffffff7e fr.pc=0x000000000dc0a798 relative=0x00000000000006b8
Event: 15.117 Thread 0x000000000023b000 Uncommon trap: reason=predicate action=maybe_recompile pc=0x000000000dc0a798 method=java.util.AbstractCollection.toArray([Ljava/lang/Object;)[Ljava/lang/Object; @ 43 c2
Event: 15.117 Thread 0x000000000023b000 DEOPT PACKING pc=0x000000000dc0a798 sp=0x00000000021ad480
Event: 15.117 Thread 0x000000000023b000 DEOPT UNPACKING pc=0x0000000006056929 sp=0x00000000021ad438 mode 2

Classes redefined (0 events):
No events

Internal exceptions (19 events):
Event: 3.949 Thread 0x000000000023b000 Exception <a 'java/lang/NoSuchMethodError'{0x00000000c4c54108}: 'int java.lang.invoke.DirectMethodHandle$Holder.invokeSpecialIFC(java.lang.Object, java.lang.Object, int)'> (0x00000000c4c54108) thrown at [./src/hotspot/share/interpreter/linkResolver.cpp, line 773]
Event: 5.144 Thread 0x000000000023b000 Exception <a 'java/lang/NoSuchMethodError'{0x00000000c6af4630}: 'java.lang.Object java.lang.invoke.DirectMethodHandle$Holder.invokeStaticInit(java.lang.Object, int)'> (0x00000000c6af4630) thrown at [./src/hotspot/share/interpreter/linkResolver.cpp, line 773]
Event: 5.205 Thread 0x000000000023b000 Exception <a 'java/lang/NoSuchMethodError'{0x00000000c6881ed0}: 'long java.lang.invoke.DirectMethodHandle$Holder.invokeStatic(java.lang.Object)'> (0x00000000c6881ed0) thrown at [./src/hotspot/share/interpreter/linkResolver.cpp, line 773]
Event: 5.205 Thread 0x000000000023b000 Exception <a 'java/lang/NoSuchMethodError'{0x00000000c6884d28}: 'long java.lang.invoke.DirectMethodHandle$Holder.invokeStaticInit(java.lang.Object)'> (0x00000000c6884d28) thrown at [./src/hotspot/share/interpreter/linkResolver.cpp, line 773]
Event: 5.426 Thread 0x000000000023b000 Exception <a 'java/lang/NoSuchMethodError'{0x00000000c6d8fb88}: 'int java.lang.invoke.DirectMethodHandle$Holder.invokeStaticInit(java.lang.Object, java.lang.Object, java.lang.Object)'> (0x00000000c6d8fb88) thrown at [./src/hotspot/share/interpreter/linkResolver.cpp, line 773]
Event: 5.434 Thread 0x000000000023b000 Exception <a 'java/lang/NoSuchMethodError'{0x00000000c6dbb580}: 'int java.lang.invoke.DirectMethodHandle$Holder.invokeStaticInit(java.lang.Object, java.lang.Object)'> (0x00000000c6dbb580) thrown at [./src/hotspot/share/interpreter/linkResolver.cpp, line 773]
Event: 6.128 Thread 0x000000000023b000 Exception <a 'java/lang/NoSuchMethodError'{0x00000000c62693a8}: 'java.lang.Object java.lang.invoke.DirectMethodHandle$Holder.invokeStatic(java.lang.Object, java.lang.Object, java.lang.Object, java.lang.Object, java.lang.Object, java.lang.Object, java.lang.Object, java.lang.Object, java.lang.Object, java.lang.Object, java.lang.Object, java.lang.Object, java.lang.Object, java.lang.Object, java.lang.Object)'> (0x00000000c62693a8) thrown at [./src/hotspot/share/interpreter/linkResolver.cpp, line 773]
Event: 6.132 Thread 0x000000000023b000 Exception <a 'java/lang/NoSuchMethodError'{0x00000000c6277970}: 'java.lang.Object java.lang.invoke.DirectMethodHandle$Holder.invokeStatic(java.lang.Object, java.lang.Object, java.lang.Object, java.lang.Object, java.lang.Object, java.lang.Object, java.lang.Object, java.lang.Object, java.lang.Object, java.lang.Object, java.lang.Object, java.lang.Object, java.lang.Object, java.lang.Object, java.lang.Object, java.lang.Object)'> (0x00000000c6277970) thrown at [./src/hotspot/share/interpreter/linkResolver.cpp, l
Event: 6.144 Thread 0x000000000023b000 Exception <a 'java/lang/NoSuchMethodError'{0x00000000c6285888}: 'java.lang.Object java.lang.invoke.DirectMethodHandle$Holder.invokeSpecial(java.lang.Object, java.lang.Object, int, int, java.lang.Object, java.lang.Object, java.lang.Object)'> (0x00000000c6285888) thrown at [./src/hotspot/share/interpreter/linkResolver.cpp, line 773]
Event: 6.144 Thread 0x000000000023b000 Exception <a 'java/lang/NoSuchMethodError'{0x00000000c62890c0}: 'java.lang.Object java.lang.invoke.DelegatingMethodHandle$Holder.reinvoke_L(java.lang.Object, int, int, java.lang.Object, java.lang.Object, java.lang.Object)'> (0x00000000c62890c0) thrown at [./src/hotspot/share/interpreter/linkResolver.cpp, line 773]
Event: 6.145 Thread 0x000000000023b000 Exception <a 'java/lang/NoSuchMethodError'{0x00000000c628d448}: 'java.lang.Object java.lang.invoke.DirectMethodHandle$Holder.invokeStatic(java.lang.Object, java.lang.Object, java.lang.Object, java.lang.Object, int)'> (0x00000000c628d448) thrown at [./src/hotspot/share/interpreter/linkResolver.cpp, line 773]
Event: 6.250 Thread 0x000000000023b000 Implicit null exception at 0x000000000db78f2c to 0x000000000db7905a
Event: 6.327 Thread 0x000000000023b000 Exception <a 'java/lang/NoSuchMethodError'{0x00000000c5c09850}: 'void java.lang.invoke.DirectMethodHandle$Holder.invokeStatic(java.lang.Object, java.lang.Object, java.lang.Object, java.lang.Object)'> (0x00000000c5c09850) thrown at [./src/hotspot/share/interpreter/linkResolver.cpp, line 773]
Event: 6.677 Thread 0x000000000023b000 Exception <a 'java/lang/NoSuchMethodError'{0x00000000c5b57f60}: 'void java.lang.invoke.DirectMethodHandle$Holder.invokeSpecial(java.lang.Object, java.lang.Object)'> (0x00000000c5b57f60) thrown at [./src/hotspot/share/interpreter/linkResolver.cpp, line 773]
Event: 6.925 Thread 0x000000000023b000 Exception <a 'java/lang/NoSuchMethodError'{0x00000000c6f025a8}: 'void java.lang.invoke.DirectMethodHandle$Holder.invokeStaticInit(java.lang.Object, java.lang.Object)'> (0x00000000c6f025a8) thrown at [./src/hotspot/share/interpreter/linkResolver.cpp, line 773]
Event: 6.951 Thread 0x000000000023b000 Exception <a 'java/lang/NoSuchMethodError'{0x00000000c6f40a50}: 'void java.lang.invoke.DirectMethodHandle$Holder.invokeInterface(java.lang.Object, java.lang.Object)'> (0x00000000c6f40a50) thrown at [./src/hotspot/share/interpreter/linkResolver.cpp, line 773]
Event: 7.648 Thread 0x000000000023b000 Exception <a 'java/lang/NoSuchMethodError'{0x00000000c6bdf6c0}: 'void java.lang.invoke.DirectMethodHandle$Holder.invokeVirtual(java.lang.Object, java.lang.Object)'> (0x00000000c6bdf6c0) thrown at [./src/hotspot/share/interpreter/linkResolver.cpp, line 773]
Event: 7.691 Thread 0x000000000023b000 Exception <a 'java/lang/NoSuchMethodError'{0x00000000c6a5a7d8}: 'int java.lang.invoke.DirectMethodHandle$Holder.invokeVirtual(java.lang.Object, java.lang.Object)'> (0x00000000c6a5a7d8) thrown at [./src/hotspot/share/interpreter/linkResolver.cpp, line 773]
Event: 12.940 Thread 0x000000000023b000 Exception <a 'java/lang/NoSuchMethodError'{0x00000000c6d5d9d0}: 'java.lang.Object java.lang.invoke.DirectMethodHandle$Holder.invokeVirtual(java.lang.Object, java.lang.Object, java.lang.Object)'> (0x00000000c6d5d9d0) thrown at [./src/hotspot/share/interpreter/linkResolver.cpp, line 773]

Events (20 events):
Event: 15.192 loading class org/jetbrains/kotlin/container/DefaultInstanceComponentDescriptor done
Event: 15.193 loading class org/jetbrains/kotlin/resolve/scopes/receivers/ReceiverValueWithSmartCastInfo
Event: 15.193 loading class org/jetbrains/kotlin/resolve/scopes/receivers/ReceiverValueWithSmartCastInfo done
Event: 15.194 loading class org/jetbrains/kotlin/resolve/calls/results/ResolutionResultsHandler
Event: 15.194 loading class org/jetbrains/kotlin/resolve/calls/results/ResolutionResultsHandler done
Event: 15.199 loading class org/jetbrains/kotlin/resolve/ModifiersChecker$ModifiersCheckingProcedure
Event: 15.199 loading class org/jetbrains/kotlin/resolve/ModifiersChecker$ModifiersCheckingProcedure done
Event: 15.203 loading class org/jetbrains/kotlin/types/expressions/ControlStructureTypingUtils$2
Event: 15.203 loading class org/jetbrains/kotlin/types/expressions/ControlStructureTypingUtils$2 done
Event: 15.203 loading class org/jetbrains/kotlin/types/expressions/ControlStructureTypingUtils$ControlStructureDataFlowInfo
Event: 15.203 loading class org/jetbrains/kotlin/types/expressions/ControlStructureTypingUtils$ControlStructureDataFlowInfo done
Event: 15.205 loading class org/jetbrains/kotlin/types/expressions/FakeCallKind
Event: 15.205 loading class org/jetbrains/kotlin/types/expressions/FakeCallKind done
Event: 15.205 loading class org/jetbrains/kotlin/types/expressions/FakeCallResolver$RealExpression
Event: 15.205 loading class org/jetbrains/kotlin/types/expressions/FakeCallResolver$RealExpression done
Event: 15.207 loading class org/jetbrains/kotlin/resolve/calls/context/TemporaryTraceAndCache
Event: 15.207 loading class org/jetbrains/kotlin/resolve/calls/context/TemporaryTraceAndCache done
Event: 15.209 loading class org/jetbrains/kotlin/resolve/DeclarationsChecker
Event: 15.209 loading class org/jetbrains/kotlin/resolve/DeclarationsChecker done
Event: 15.212 Executing VM operation: CollectForMetadataAllocation


Dynamic libraries:
0x000000013fca0000 - 0x000000013fcaa000 	C:\Program Files\Android\Android Studio\jre\bin\java.exe
0x00000000779c0000 - 0x0000000077b69000 	C:\Windows\SYSTEM32\ntdll.dll
0x00000000777a0000 - 0x00000000778bf000 	C:\Windows\system32\kernel32.dll
0x000007fefdc30000 - 0x000007fefdc9c000 	C:\Windows\system32\KERNELBASE.dll
0x000007fef1be0000 - 0x000007fef1bf9000 	C:\Program Files\Android\Android Studio\jre\bin\jli.dll
0x000007fefc3e0000 - 0x000007fefc5d4000 	C:\Windows\WinSxS\amd64_microsoft.windows.common-controls_6595b64144ccf1df_6.0.7601.17514_none_fa396087175ac9ac\COMCTL32.dll
0x000007feffa60000 - 0x000007feffaff000 	C:\Windows\system32\msvcrt.dll
0x000007feff5b0000 - 0x000007feff617000 	C:\Windows\system32\GDI32.dll
0x00000000778c0000 - 0x00000000779ba000 	C:\Windows\system32\USER32.dll
0x000007feff5a0000 - 0x000007feff5ae000 	C:\Windows\system32\LPK.dll
0x000007feffb00000 - 0x000007feffbc9000 	C:\Windows\system32\USP10.dll
0x000007fefed60000 - 0x000007fefedd1000 	C:\Windows\system32\SHLWAPI.dll
0x000007fef1c00000 - 0x000007fef1c17000 	C:\Program Files\Android\Android Studio\jre\bin\VCRUNTIME140.dll
0x000007fefa650000 - 0x000007fefa654000 	C:\Windows\system32\api-ms-win-crt-runtime-l1-1-0.dll
0x000007fef21d0000 - 0x000007fef22c2000 	C:\Windows\system32\ucrtbase.DLL
0x000007fefa600000 - 0x000007fefa603000 	C:\Windows\system32\api-ms-win-core-timezone-l1-1-0.dll
0x000007fef9e50000 - 0x000007fef9e53000 	C:\Windows\system32\api-ms-win-core-file-l2-1-0.dll
0x000007fef88c0000 - 0x000007fef88c3000 	C:\Windows\system32\api-ms-win-core-localization-l1-2-0.dll
0x000007fef9f70000 - 0x000007fef9f73000 	C:\Windows\system32\api-ms-win-core-synch-l1-2-0.dll
0x000007fef7c20000 - 0x000007fef7c23000 	C:\Windows\system32\api-ms-win-core-processthreads-l1-1-1.dll
0x000007fef6df0000 - 0x000007fef6df3000 	C:\Windows\system32\api-ms-win-core-file-l1-2-0.dll
0x000007fef36c0000 - 0x000007fef36c4000 	C:\Windows\system32\api-ms-win-crt-string-l1-1-0.dll
0x000007fef6b50000 - 0x000007fef6b53000 	C:\Windows\system32\api-ms-win-crt-heap-l1-1-0.dll
0x000007fef5ca0000 - 0x000007fef5ca4000 	C:\Windows\system32\api-ms-win-crt-stdio-l1-1-0.dll
0x000007fef36a0000 - 0x000007fef36a4000 	C:\Windows\system32\api-ms-win-crt-convert-l1-1-0.dll
0x000007fef36b0000 - 0x000007fef36b3000 	C:\Windows\system32\api-ms-win-crt-environment-l1-1-0.dll
0x000007fef3660000 - 0x000007fef3663000 	C:\Windows\system32\api-ms-win-crt-filesystem-l1-1-0.dll
0x000007fef3690000 - 0x000007fef3695000 	C:\Windows\system32\api-ms-win-crt-math-l1-1-0.dll
0x000007fef3200000 - 0x000007fef3203000 	C:\Windows\system32\api-ms-win-crt-locale-l1-1-0.dll
0x000007feff110000 - 0x000007feff13e000 	C:\Windows\system32\IMM32.DLL
0x000007feff670000 - 0x000007feff779000 	C:\Windows\system32\MSCTF.dll
0x000007fef0210000 - 0x000007fef02ad000 	C:\Program Files\Android\Android Studio\jre\bin\msvcp140.dll
0x000007fef5610000 - 0x000007fef5615000 	C:\Windows\system32\api-ms-win-crt-multibyte-l1-1-0.dll
0x000007fef3670000 - 0x000007fef3673000 	C:\Windows\system32\api-ms-win-crt-time-l1-1-0.dll
0x000007fef3680000 - 0x000007fef3683000 	C:\Windows\system32\api-ms-win-crt-utility-l1-1-0.dll
0x000007feed3b0000 - 0x000007feede7f000 	C:\Program Files\Android\Android Studio\jre\bin\server\jvm.dll
0x000007feffbd0000 - 0x000007feffcab000 	C:\Windows\system32\ADVAPI32.dll
0x000007feffcb0000 - 0x000007feffccf000 	C:\Windows\SYSTEM32\sechost.dll
0x000007fefedf0000 - 0x000007fefef1d000 	C:\Windows\system32\RPCRT4.dll
0x000007fefa610000 - 0x000007fefa619000 	C:\Windows\system32\WSOCK32.dll
0x000007feff620000 - 0x000007feff66d000 	C:\Windows\system32\WS2_32.dll
0x000007fefede0000 - 0x000007fefede8000 	C:\Windows\system32\NSI.dll
0x000007fef98d0000 - 0x000007fef990b000 	C:\Windows\system32\WINMM.dll
0x000007fefca70000 - 0x000007fefca7c000 	C:\Windows\system32\VERSION.dll
0x0000000077b80000 - 0x0000000077b87000 	C:\Windows\system32\PSAPI.DLL
0x000007fef35e0000 - 0x000007fef35f1000 	C:\Program Files\Android\Android Studio\jre\bin\verify.dll
0x000007fef8080000 - 0x000007fef81a5000 	C:\Windows\system32\DBGHELP.DLL
0x000007fef2b70000 - 0x000007fef2b99000 	C:\Program Files\Android\Android Studio\jre\bin\java.dll
0x000007fef3610000 - 0x000007fef361b000 	C:\Program Files\Android\Android Studio\jre\bin\jimage.dll
0x000007fef3490000 - 0x000007fef34a8000 	C:\Program Files\Android\Android Studio\jre\bin\zip.dll
0x000007fefdce0000 - 0x000007fefea68000 	C:\Windows\system32\SHELL32.dll
0x000007fefeb50000 - 0x000007fefed53000 	C:\Windows\system32\ole32.dll
0x000007fefd910000 - 0x000007fefd91f000 	C:\Windows\system32\profapi.dll
0x000007fef3470000 - 0x000007fef348a000 	C:\Program Files\Android\Android Studio\jre\bin\net.dll
0x000007fefb030000 - 0x000007fefb0a1000 	C:\Windows\system32\WINHTTP.dll
0x000007fefafc0000 - 0x000007fefb024000 	C:\Windows\system32\webio.dll
0x000007fefd180000 - 0x000007fefd1d5000 	C:\Windows\system32\mswsock.dll
0x000007fefd170000 - 0x000007fefd177000 	C:\Windows\System32\wship6.dll
0x000007fef32e0000 - 0x000007fef32f4000 	C:\Program Files\Android\Android Studio\jre\bin\nio.dll

dbghelp: loaded successfully - version: 4.0.5 - missing functions: none
symbol engine: initialized successfully - sym options: 0x614 - pdb path: .;C:\Program Files\Android\Android Studio\jre\bin;C:\Windows\SYSTEM32;C:\Windows\WinSxS\amd64_microsoft.windows.common-controls_6595b64144ccf1df_6.0.7601.17514_none_fa396087175ac9ac;C:\Program Files\Android\Android Studio\jre\bin\server

VM Arguments:
java_command: org.jetbrains.kotlin.cli.jvm.K2JVMCompiler @C:\Users\Dell\AndroidStudioProjects\NoteApp\app\build\20211016_6115335157546331588.compiler.options
java_class_path (initial): C:\Users\Dell\.gradle\caches\modules-2\files-2.1\org.jetbrains.kotlin\kotlin-compiler-embeddable\1.5.31\cc18c29253541dc57c25c3ef514d63c7953ae1a6\kotlin-compiler-embeddable-1.5.31.jar;C:\Users\Dell\.gradle\caches\modules-2\files-2.1\org.jetbrains.kotlin\kotlin-reflect\1.5.31\1523fcd842a47da0820cea772b19c51056fec8a9\kotlin-reflect-1.5.31.jar;C:\Users\Dell\.gradle\caches\modules-2\files-2.1\org.jetbrains.kotlin\kotlin-stdlib\1.5.31\6628d61d0f5603568e72d2d5915d2c034b4f1c55\kotlin-stdlib-1.5.31.jar;C:\Users\Dell\.gradle\caches\modules-2\files-2.1\org.jetbrains.kotlin\kotlin-script-runtime\1.5.31\aaea854be2cfc06373dfc11be5a6ba9ca5ca84a6\kotlin-script-runtime-1.5.31.jar;C:\Users\Dell\.gradle\caches\modules-2\files-2.1\org.jetbrains.kotlin\kotlin-daemon-embeddable\1.5.31\d19b549661e28c62781683dc7c7e34bf416974f1\kotlin-daemon-embeddable-1.5.31.jar;C:\Users\Dell\.gradle\caches\modules-2\files-2.1\org.jetbrains.intellij.deps\trove4j\1.0.20181211\216c2e14b070f334479d800987affe4054cd563f\trove4j-1.0.20181211.jar;C:\Users\Dell\.gradle\caches\modules-2\files-2.1\org.jetbrains\annotations\13.0\919f0dfe192fb4e063e7dacadee7f8bb9a2672a9\annotations-13.0.jar;C:\Users\Dell\.gradle\caches\modules-2\files-2.1\org.jetbrains.kotlin\kotlin-stdlib-common\1.5.31\43331609c7de811fed085e0dfd150874b157c32\kotlin-stdlib-common-1.5.31.jar
Launcher Type: SUN_STANDARD

[Global flags]
     intx CICompilerCount                          = 3                                         {product} {ergonomic}
     uint ConcGCThreads                            = 1                                         {product} {ergonomic}
     uint G1ConcRefinementThreads                  = 4                                         {product} {ergonomic}
   size_t G1HeapRegionSize                         = 1048576                                   {product} {ergonomic}
    uintx GCDrainStackTargetSize                   = 64                                        {product} {ergonomic}
   size_t InitialHeapSize                          = 65011712                                  {product} {ergonomic}
   size_t MarkStackSize                            = 4194304                                   {product} {ergonomic}
   size_t MaxHeapSize                              = 1021313024                                {product} {ergonomic}
   size_t MaxNewSize                               = 612368384                                 {product} {ergonomic}
   size_t MinHeapDeltaBytes                        = 1048576                                   {product} {ergonomic}
    uintx NonNMethodCodeHeapSize                   = 5830732                                {pd product} {ergonomic}
    uintx NonProfiledCodeHeapSize                  = 122913754                              {pd product} {ergonomic}
    uintx ProfiledCodeHeapSize                     = 122913754                              {pd product} {ergonomic}
    uintx ReservedCodeCacheSize                    = 251658240                              {pd product} {ergonomic}
     bool SegmentedCodeCache                       = true                                      {product} {ergonomic}
     bool UseCompressedClassPointers               = true                                 {lp64_product} {ergonomic}
     bool UseCompressedOops                        = true                                 {lp64_product} {ergonomic}
     bool UseG1GC                                  = true                                      {product} {ergonomic}
     bool UseLargePagesIndividualAllocation        = false                                  {pd product} {ergonomic}

Logging:
Log output configuration:
 #0: stdout all=warning uptime,level,tags
 #1: stderr all=off uptime,level,tags

Environment Variables:
PATH=C:\Program Files (x86)\Common Files\Oracle\Java\javapath;C:\Program Files\Java\jdk-14.0.2/bin;C:\Program Files\apktool;C:\Program Files (x86)\Paragon Software\LinuxFS for Windows\;C:\Users\Dell\AppData\Local\Programs\Python\Python38\Scripts\;C:\Users\Dell\AppData\Local\Programs\Python\Python38\
USERNAME=Dell
OS=Windows_NT
PROCESSOR_IDENTIFIER=Intel64 Family 6 Model 37 Stepping 5, GenuineIntel



---------------  S Y S T E M  ---------------

OS: Windows 7 , 64 bit Build 7601 (6.1.7601.17617)
OS uptime: 6 days 21:16 hours

CPU:total 4 (initial active 4) (2 cores per cpu, 2 threads per core) family 6 model 37 stepping 5 microcode 0x0, cmov, cx8, fxsr, mmx, sse, sse2, sse3, ssse3, sse4.1, sse4.2, popcnt, ht, tsc, tscinvbit

Memory: 4k page, system-wide physical 3894M (193M free)
TotalPageFile size 7050M (AvailPageFile size 4M)
current process WorkingSet (physical memory assigned to process): 182M, peak: 182M
current process commit charge ("private bytes"): 215M, peak: 216M

vm_info: OpenJDK 64-Bit Server VM (11.0.10+0-b96-7249189) for windows-amd64 JRE (11.0.10+0-b96-7249189), built on Mar 31 2021 21:44:00 by "builder" with MS VC++ 14.0 (VS2015)

END.
