#
# There is insufficient memory for the Java Runtime Environment to continue.
# Native memory allocation (mmap) failed to map 44040192 bytes for Failed to commit area from 0x0000000709000000 to 0x000000070ba00000 of length 44040192.
# Possible reasons:
#   The system is out of physical RAM or swap space
#   The process is running with CompressedOops enabled, and the Java Heap may be blocking the growth of the native heap
# Possible solutions:
#   Reduce memory load on the system
#   Increase physical memory or swap space
#   Check if swap backing store is full
#   Decrease Java heap size (-Xmx/-Xms)
#   Decrease number of Java threads
#   Decrease Java thread stack sizes (-Xss)
#   Set larger code cache with -XX:ReservedCodeCacheSize=
#   JVM is running with Zero Based Compressed Oops mode in which the Java heap is
#     placed in the first 32GB address space. The Java Heap base address is the
#     maximum limit for the native heap growth. Please use -XX:HeapBaseMinAddress
#     to set the Java Heap base and to place the Java Heap above 32GB virtual address.
# This output file may be truncated or incomplete.
#
#  Out of Memory Error (./src/hotspot/os/windows/os_windows.cpp:3301), pid=4124, tid=3208
#
# JRE version: OpenJDK Runtime Environment (11.0.10) (build 11.0.10+0-b96-7249189)
# Java VM: OpenJDK 64-Bit Server VM (11.0.10+0-b96-7249189, mixed mode, tiered, compressed oops, g1 gc, windows-amd64)
# No core dump will be written. Minidumps are not enabled by default on client versions of Windows
#

---------------  S U M M A R Y ------------

Command Line: --add-opens=java.base/java.util=ALL-UNNAMED --add-opens=java.base/java.lang=ALL-UNNAMED --add-opens=java.base/java.lang.invoke=ALL-UNNAMED --add-opens=java.base/java.util=ALL-UNNAMED --add-opens=java.prefs/java.util.prefs=ALL-UNNAMED --add-opens=java.prefs/java.util.prefs=ALL-UNNAMED --add-opens=java.base/java.nio.charset=ALL-UNNAMED --add-opens=java.base/java.net=ALL-UNNAMED --add-opens=java.base/java.util.concurrent.atomic=ALL-UNNAMED -Xmx4096m -Dfile.encoding=UTF-8 -Duser.country=IN -Duser.language=en -Duser.variant org.gradle.launcher.daemon.bootstrap.GradleDaemon 7.0.2

Host: Intel(R) Core(TM) i3 CPU       M 370  @ 2.40GHz, 4 cores, 3G,  Windows 7 , 64 bit Build 7601 (6.1.7601.17617)
Time: Wed Oct 27 19:21:23 2021 Sri Lanka Standard Time elapsed time: 18.792713 seconds (0d 0h 0m 18s)

---------------  T H R E A D  ---------------

Current thread (0x0000000022425800):  VMThread "VM Thread" [stack: 0x0000000022540000,0x0000000022640000] [id=3208]

Stack: [0x0000000022540000,0x0000000022640000]
[error occurred during error reporting (printing stack bounds), id 0xc0000005, EXCEPTION_ACCESS_VIOLATION (0xc0000005) at pc=0x0000000006080f3d]

Native frames: (J=compiled Java code, j=interpreted, Vv=VM code, C=native code)
V  [jvm.dll+0x5ecfaa]
V  [jvm.dll+0x722bd5]
V  [jvm.dll+0x72412d]
V  [jvm.dll+0x724745]
V  [jvm.dll+0x7246fb]
V  [jvm.dll+0x5ec348]
V  [jvm.dll+0x5ecad8]
C  [ntdll.dll+0x29d0d]
C  [ntdll.dll+0x191af]
C  [ntdll.dll+0x51278]
C  0x0000000006080f3d

VM_Operation (0x00000000243a43a0): G1CollectForAllocation, mode: safepoint, requested by thread 0x0000000024f73000


---------------  P R O C E S S  ---------------

Threads class SMR info:
_java_thread_list=0x000000002a384e80, length=42, elements={
0x0000000000309800, 0x0000000022469800, 0x000000002246a800, 0x000000002247c000,
0x000000002247f000, 0x0000000022489800, 0x0000000022492000, 0x000000002249b800,
0x000000002249d000, 0x00000000234fc800, 0x0000000024565000, 0x0000000025433000,
0x0000000024c67800, 0x0000000024db0000, 0x000000002597a800, 0x000000002594d800,
0x0000000024f73000, 0x00000000224fb800, 0x00000000224fc800, 0x00000000240bb800,
0x00000000240bc800, 0x00000000240bd000, 0x00000000240be000, 0x00000000240bf000,
0x00000000240bf800, 0x00000000240c0800, 0x00000000240c1000, 0x00000000240c2000,
0x0000000024900000, 0x0000000024901000, 0x0000000024902000, 0x0000000024902800,
0x0000000024903800, 0x0000000024904800, 0x0000000024907000, 0x000000002951e000,
0x0000000024b54800, 0x0000000024b55000, 0x0000000024b56000, 0x0000000024b56800,
0x0000000024b57800, 0x0000000024b58800
}

Java Threads: ( => current thread )
  0x0000000000309800 JavaThread "main" [_thread_blocked, id=4244, stack(0x0000000002110000,0x0000000002210000)]
  0x0000000022469800 JavaThread "Reference Handler" daemon [_thread_blocked, id=3048, stack(0x0000000022640000,0x0000000022740000)]
  0x000000002246a800 JavaThread "Finalizer" daemon [_thread_blocked, id=2332, stack(0x00000000228c0000,0x00000000229c0000)]
  0x000000002247c000 JavaThread "Signal Dispatcher" daemon [_thread_blocked, id=5584, stack(0x0000000022aa0000,0x0000000022ba0000)]
  0x000000002247f000 JavaThread "Attach Listener" daemon [_thread_blocked, id=5748, stack(0x0000000022d80000,0x0000000022e80000)]
  0x0000000022489800 JavaThread "Service Thread" daemon [_thread_blocked, id=280, stack(0x0000000022ef0000,0x0000000022ff0000)]
  0x0000000022492000 JavaThread "C2 CompilerThread0" daemon [_thread_blocked, id=2776, stack(0x0000000022bc0000,0x0000000022cc0000)]
  0x000000002249b800 JavaThread "C1 CompilerThread0" daemon [_thread_blocked, id=528, stack(0x0000000023150000,0x0000000023250000)]
  0x000000002249d000 JavaThread "Sweeper thread" daemon [_thread_blocked, id=3176, stack(0x0000000023340000,0x0000000023440000)]
  0x00000000234fc800 JavaThread "Common-Cleaner" daemon [_thread_blocked, id=3404, stack(0x00000000239b0000,0x0000000023ab0000)]
  0x0000000024565000 JavaThread "Daemon health stats" [_thread_blocked, id=5032, stack(0x0000000026b80000,0x0000000026c80000)]
  0x0000000025433000 JavaThread "Incoming local TCP Connector on port 52141" [_thread_in_native, id=964, stack(0x0000000027010000,0x0000000027110000)]
  0x0000000024c67800 JavaThread "Daemon periodic checks" [_thread_blocked, id=3408, stack(0x00000000271a0000,0x00000000272a0000)]
  0x0000000024db0000 JavaThread "Daemon" [_thread_blocked, id=4920, stack(0x0000000027580000,0x0000000027680000)]
  0x000000002597a800 JavaThread "Handler for socket connection from /127.0.0.1:52141 to /127.0.0.1:52142" [_thread_in_native, id=1668, stack(0x0000000023050000,0x0000000023150000)]
  0x000000002594d800 JavaThread "Cancel handler" [_thread_blocked, id=5324, stack(0x0000000027760000,0x0000000027860000)]
  0x0000000024f73000 JavaThread "Daemon worker" [_thread_blocked, id=5844, stack(0x00000000242b0000,0x00000000243b0000)]
  0x00000000224fb800 JavaThread "Asynchronous log dispatcher for DefaultDaemonConnection: socket connection from /127.0.0.1:52141 to /127.0.0.1:52142" [_thread_blocked, id=4672, stack(0x0000000027890000,0x0000000027990000)]
  0x00000000224fc800 JavaThread "Stdin handler" [_thread_blocked, id=4240, stack(0x00000000254c0000,0x00000000255c0000)]
  0x00000000240bb800 JavaThread "Daemon client event forwarder" [_thread_blocked, id=3868, stack(0x00000000279b0000,0x0000000027ab0000)]
  0x00000000240bc800 JavaThread "Cache worker for file hash cache (C:\Users\Dell\.gradle\caches\7.0.2\fileHashes)" [_thread_blocked, id=304, stack(0x00000000280f0000,0x00000000281f0000)]
  0x00000000240bd000 JavaThread "File lock request listener" [_thread_in_native, id=648, stack(0x0000000027e80000,0x0000000027f80000)]
  0x00000000240be000 JavaThread "Cache worker for journal cache (C:\Users\Dell\.gradle\caches\journal-1)" [_thread_blocked, id=1548, stack(0x0000000028520000,0x0000000028620000)]
  0x00000000240bf000 JavaThread "Cache worker for file hash cache (C:\Users\Dell\AndroidStudioProjects\NoteApp\.gradle\7.0.2\fileHashes)" [_thread_blocked, id=5724, stack(0x00000000243c0000,0x00000000244c0000)]
  0x00000000240bf800 JavaThread "File watcher server" daemon [_thread_in_native, id=356, stack(0x00000000286a0000,0x00000000287a0000)]
  0x00000000240c0800 JavaThread "File watcher consumer" daemon [_thread_blocked, id=2340, stack(0x0000000028ac0000,0x0000000028bc0000)]
  0x00000000240c1000 JavaThread "jar transforms" [_thread_blocked, id=5960, stack(0x00000000287c0000,0x00000000288c0000)]
  0x00000000240c2000 JavaThread "jar transforms Thread 2" [_thread_blocked, id=1632, stack(0x0000000028f70000,0x0000000029070000)]
  0x0000000024900000 JavaThread "jar transforms Thread 3" [_thread_blocked, id=4120, stack(0x00000000291a0000,0x00000000292a0000)]
  0x0000000024901000 JavaThread "jar transforms Thread 4" [_thread_blocked, id=2488, stack(0x00000000293d0000,0x00000000294d0000)]
  0x0000000024902000 JavaThread "Cache worker for checksums cache (C:\Users\Dell\AndroidStudioProjects\NoteApp\.gradle\checksums)" [_thread_blocked, id=5876, stack(0x0000000028be0000,0x0000000028ce0000)]
  0x0000000024902800 JavaThread "Cache worker for cache directory md-supplier (C:\Users\Dell\.gradle\caches\7.0.2\md-supplier)" [_thread_blocked, id=4116, stack(0x00000000283f0000,0x00000000284f0000)]
  0x0000000024903800 JavaThread "Cache worker for cache directory md-rule (C:\Users\Dell\.gradle\caches\7.0.2\md-rule)" [_thread_blocked, id=3244, stack(0x00000000290a0000,0x00000000291a0000)]
  0x0000000024904800 JavaThread "Cache worker for execution history cache (C:\Users\Dell\.gradle\caches\7.0.2\executionHistory)" [_thread_blocked, id=4104, stack(0x000000002b980000,0x000000002ba80000)]
  0x0000000024907000 JavaThread "Cache worker for file content cache (C:\Users\Dell\.gradle\caches\7.0.2\fileContent)" [_thread_blocked, id=3908, stack(0x000000002c3f0000,0x000000002c4f0000)]
  0x000000002951e000 JavaThread "C2 CompilerThread1" daemon [_thread_blocked, id=672, stack(0x000000002a750000,0x000000002a850000)]
  0x0000000024b54800 JavaThread "Cache worker for dependencies-accessors (C:\Users\Dell\AndroidStudioProjects\NoteApp\.gradle\7.0.2\dependencies-accessors)" [_thread_blocked, id=3856, stack(0x000000002b880000,0x000000002b980000)]
  0x0000000024b55000 JavaThread "Cache worker for Build Output Cleanup Cache (C:\Users\Dell\AndroidStudioProjects\NoteApp\.gradle\buildOutputCleanup)" [_thread_blocked, id=5316, stack(0x000000002e3e0000,0x000000002e4e0000)]
  0x0000000024b56000 JavaThread "Build operations" [_thread_blocked, id=4864, stack(0x00000000292c0000,0x00000000293c0000)]
  0x0000000024b56800 JavaThread "Build operations Thread 2" [_thread_blocked, id=5236, stack(0x000000002e780000,0x000000002e880000)]
  0x0000000024b57800 JavaThread "Build operations Thread 3" [_thread_blocked, id=4088, stack(0x000000002cdd0000,0x000000002ced0000)]
  0x0000000024b58800 JavaThread "Build operations Thread 4" [_thread_blocked, id=5512, stack(0x000000002e8a0000,0x000000002e9a0000)]

Other Threads:
=>0x0000000022425800 VMThread "VM Thread" [stack: 0x0000000022540000,0x0000000022640000] [id=3208]
  0x0000000023552800 WatcherThread [stack: 0x0000000023850000,0x0000000023950000] [id=4720]
  0x0000000000321800 GCTaskThread "GC Thread#0" [stack: 0x0000000015390000,0x0000000015490000] [id=5320]
  0x0000000023d20800 GCTaskThread "GC Thread#1" [stack: 0x00000000255e0000,0x00000000256e0000] [id=3296]
  0x0000000023551000 GCTaskThread "GC Thread#2" [stack: 0x0000000027d50000,0x0000000027e50000] [id=1748]
  0x000000002470a800 GCTaskThread "GC Thread#3" [stack: 0x0000000027ff0000,0x00000000280f0000] [id=5780]
  0x000000000037c800 ConcurrentGCThread "G1 Main Marker" [stack: 0x000000001f030000,0x000000001f130000] [id=4052]
  0x000000000037e000 ConcurrentGCThread "G1 Conc#0" [stack: 0x000000001f2e0000,0x000000001f3e0000] [id=4992]
  0x0000000021756800 ConcurrentGCThread "G1 Refine#0" [stack: 0x0000000021890000,0x0000000021990000] [id=3064]
  0x0000000021758800 ConcurrentGCThread "G1 Young RemSet Sampling" [stack: 0x0000000021a40000,0x0000000021b40000] [id=836]

Threads with active compile tasks:
C2 CompilerThread0  18803 6757  s    4       java.util.jar.JarFile::getInputStream (72 bytes)

VM state:at safepoint (normal execution)

VM Mutex/Monitor currently owned by a thread:  ([mutex/lock_event])
[0x0000000000305480] Threads_lock - owner thread: 0x0000000022425800
[0x0000000000305c60] Heap_lock - owner thread: 0x0000000024f73000

Heap address: 0x0000000700000000, size: 4096 MB, Compressed Oops mode: Zero based, Oop shift amount: 3
Narrow klass base: 0x0000000800000000, Narrow klass shift: 0
Compressed class space size: 1073741824 Address: 0x0000000800000000

Heap:
 garbage-first heap   total 190464K, used 82944K [0x0000000700000000, 0x0000000800000000)
  region size 1024K, 3 young (3072K), 3 survivors (3072K)
 Metaspace       used 57535K, capacity 59258K, committed 59520K, reserved 1101824K
  class space    used 7383K, capacity 7982K, committed 8064K, reserved 1048576K
Heap Regions: E=young(eden), S=young(survivor), O=old, HS=humongous(starts), HC=humongous(continues), CS=collection set, F=free, A=archive, TAMS=top-at-mark-start (previous, next)
|   0|0x0000000700000000, 0x0000000700100000, 0x0000000700100000|100%| O|  |TAMS 0x0000000700100000, 0x0000000700000000| Untracked 
|   1|0x0000000700100000, 0x0000000700200000, 0x0000000700200000|100%| O|  |TAMS 0x0000000700200000, 0x0000000700100000| Untracked 
|   2|0x0000000700200000, 0x0000000700300000, 0x0000000700300000|100%| O|  |TAMS 0x0000000700300000, 0x0000000700200000| Untracked 
|   3|0x0000000700300000, 0x0000000700400000, 0x0000000700400000|100%|HS|  |TAMS 0x0000000700400000, 0x0000000700300000| Complete 
|   4|0x0000000700400000, 0x0000000700500000, 0x0000000700500000|100%|HC|  |TAMS 0x0000000700500000, 0x0000000700400000| Complete 
|   5|0x0000000700500000, 0x0000000700600000, 0x0000000700600000|100%|HC|  |TAMS 0x0000000700600000, 0x0000000700500000| Complete 
|   6|0x0000000700600000, 0x0000000700700000, 0x0000000700700000|100%| O|  |TAMS 0x0000000700700000, 0x0000000700600000| Untracked 
|   7|0x0000000700700000, 0x0000000700800000, 0x0000000700800000|100%| O|  |TAMS 0x0000000700800000, 0x0000000700700000| Untracked 
|   8|0x0000000700800000, 0x0000000700900000, 0x0000000700900000|100%| O|  |TAMS 0x0000000700900000, 0x0000000700800000| Untracked 
|   9|0x0000000700900000, 0x0000000700a00000, 0x0000000700a00000|100%| O|  |TAMS 0x0000000700a00000, 0x0000000700900000| Untracked 
|  10|0x0000000700a00000, 0x0000000700b00000, 0x0000000700b00000|100%| O|  |TAMS 0x0000000700b00000, 0x0000000700a00000| Untracked 
|  11|0x0000000700b00000, 0x0000000700c00000, 0x0000000700c00000|100%| O|  |TAMS 0x0000000700c00000, 0x0000000700b00000| Untracked 
|  12|0x0000000700c00000, 0x0000000700d00000, 0x0000000700d00000|100%| O|  |TAMS 0x0000000700d00000, 0x0000000700c00000| Untracked 
|  13|0x0000000700d00000, 0x0000000700e00000, 0x0000000700e00000|100%| O|  |TAMS 0x0000000700e00000, 0x0000000700d00000| Untracked 
|  14|0x0000000700e00000, 0x0000000700f00000, 0x0000000700f00000|100%| O|  |TAMS 0x0000000700f00000, 0x0000000700e00000| Untracked 
|  15|0x0000000700f00000, 0x0000000701000000, 0x0000000701000000|100%| O|  |TAMS 0x0000000701000000, 0x0000000700f00000| Untracked 
|  16|0x0000000701000000, 0x0000000701100000, 0x0000000701100000|100%| O|  |TAMS 0x0000000701100000, 0x0000000701000000| Untracked 
|  17|0x0000000701100000, 0x0000000701200000, 0x0000000701200000|100%|HS|  |TAMS 0x0000000701200000, 0x0000000701100000| Complete 
|  18|0x0000000701200000, 0x0000000701300000, 0x0000000701300000|100%|HC|  |TAMS 0x0000000701300000, 0x0000000701200000| Complete 
|  19|0x0000000701300000, 0x0000000701400000, 0x0000000701400000|100%|HS|  |TAMS 0x0000000701400000, 0x0000000701300000| Complete 
|  20|0x0000000701400000, 0x0000000701500000, 0x0000000701500000|100%|HC|  |TAMS 0x0000000701500000, 0x0000000701400000| Complete 
|  21|0x0000000701500000, 0x0000000701600000, 0x0000000701600000|100%|HC|  |TAMS 0x0000000701600000, 0x0000000701500000| Complete 
|  22|0x0000000701600000, 0x0000000701700000, 0x0000000701700000|100%|HS|  |TAMS 0x0000000701700000, 0x0000000701600000| Complete 
|  23|0x0000000701700000, 0x0000000701800000, 0x0000000701800000|100%|HC|  |TAMS 0x0000000701800000, 0x0000000701700000| Complete 
|  24|0x0000000701800000, 0x0000000701900000, 0x0000000701900000|100%|HC|  |TAMS 0x0000000701900000, 0x0000000701800000| Complete 
|  25|0x0000000701900000, 0x0000000701a00000, 0x0000000701a00000|100%|HC|  |TAMS 0x0000000701a00000, 0x0000000701900000| Complete 
|  26|0x0000000701a00000, 0x0000000701b00000, 0x0000000701b00000|100%|HC|  |TAMS 0x0000000701b00000, 0x0000000701a00000| Complete 
|  27|0x0000000701b00000, 0x0000000701c00000, 0x0000000701c00000|100%| O|  |TAMS 0x0000000701c00000, 0x0000000701b00000| Untracked 
|  28|0x0000000701c00000, 0x0000000701d00000, 0x0000000701d00000|100%| O|  |TAMS 0x0000000701d00000, 0x0000000701c00000| Untracked 
|  29|0x0000000701d00000, 0x0000000701e00000, 0x0000000701e00000|100%| O|  |TAMS 0x0000000701e00000, 0x0000000701d00000| Untracked 
|  30|0x0000000701e00000, 0x0000000701f00000, 0x0000000701f00000|100%| O|  |TAMS 0x0000000701f00000, 0x0000000701e00000| Untracked 
|  31|0x0000000701f00000, 0x0000000702000000, 0x0000000702000000|100%| O|  |TAMS 0x0000000702000000, 0x0000000701f00000| Untracked 
|  32|0x0000000702000000, 0x0000000702100000, 0x0000000702100000|100%| O|  |TAMS 0x0000000702100000, 0x0000000702000000| Untracked 
|  33|0x0000000702100000, 0x0000000702200000, 0x0000000702200000|100%| O|  |TAMS 0x0000000702200000, 0x0000000702100000| Untracked 
|  34|0x0000000702200000, 0x0000000702300000, 0x0000000702300000|100%| O|  |TAMS 0x0000000702300000, 0x0000000702200000| Untracked 
|  35|0x0000000702300000, 0x0000000702400000, 0x0000000702400000|100%| O|  |TAMS 0x0000000702400000, 0x0000000702300000| Untracked 
|  36|0x0000000702400000, 0x0000000702500000, 0x0000000702500000|100%| O|  |TAMS 0x0000000702500000, 0x0000000702400000| Untracked 
|  37|0x0000000702500000, 0x0000000702600000, 0x0000000702600000|100%| O|  |TAMS 0x0000000702600000, 0x0000000702500000| Untracked 
|  38|0x0000000702600000, 0x0000000702700000, 0x0000000702700000|100%| O|  |TAMS 0x0000000702700000, 0x0000000702600000| Untracked 
|  39|0x0000000702700000, 0x0000000702800000, 0x0000000702800000|100%| O|  |TAMS 0x0000000702800000, 0x0000000702700000| Untracked 
|  40|0x0000000702800000, 0x0000000702900000, 0x0000000702900000|100%| O|  |TAMS 0x0000000702900000, 0x0000000702800000| Untracked 
|  41|0x0000000702900000, 0x0000000702a00000, 0x0000000702a00000|100%| O|  |TAMS 0x0000000702a00000, 0x0000000702900000| Untracked 
|  42|0x0000000702a00000, 0x0000000702b00000, 0x0000000702b00000|100%| O|  |TAMS 0x0000000702b00000, 0x0000000702a00000| Untracked 
|  43|0x0000000702b00000, 0x0000000702c00000, 0x0000000702c00000|100%|HS|  |TAMS 0x0000000702c00000, 0x0000000702b00000| Complete 
|  44|0x0000000702c00000, 0x0000000702d00000, 0x0000000702d00000|100%|HC|  |TAMS 0x0000000702d00000, 0x0000000702c00000| Complete 
|  45|0x0000000702d00000, 0x0000000702e00000, 0x0000000702e00000|100%|HC|  |TAMS 0x0000000702e00000, 0x0000000702d00000| Complete 
|  46|0x0000000702e00000, 0x0000000702f00000, 0x0000000702f00000|100%|HC|  |TAMS 0x0000000702f00000, 0x0000000702e00000| Complete 
|  47|0x0000000702f00000, 0x0000000703000000, 0x0000000703000000|100%|HC|  |TAMS 0x0000000703000000, 0x0000000702f00000| Complete 
|  48|0x0000000703000000, 0x0000000703100000, 0x0000000703100000|100%| O|  |TAMS 0x0000000703100000, 0x0000000703000000| Untracked 
|  49|0x0000000703100000, 0x0000000703200000, 0x0000000703200000|100%| O|  |TAMS 0x0000000703200000, 0x0000000703100000| Untracked 
|  50|0x0000000703200000, 0x0000000703300000, 0x0000000703300000|100%|HS|  |TAMS 0x0000000703300000, 0x0000000703200000| Complete 
|  51|0x0000000703300000, 0x0000000703400000, 0x0000000703400000|100%|HC|  |TAMS 0x0000000703400000, 0x0000000703300000| Complete 
|  52|0x0000000703400000, 0x0000000703500000, 0x0000000703500000|100%|HC|  |TAMS 0x0000000703500000, 0x0000000703400000| Complete 
|  53|0x0000000703500000, 0x0000000703600000, 0x0000000703600000|100%| O|  |TAMS 0x0000000703600000, 0x0000000703500000| Untracked 
|  54|0x0000000703600000, 0x0000000703700000, 0x0000000703700000|100%| O|  |TAMS 0x0000000703700000, 0x0000000703600000| Untracked 
|  55|0x0000000703700000, 0x0000000703800000, 0x0000000703800000|100%| O|  |TAMS 0x0000000703800000, 0x0000000703700000| Untracked 
|  56|0x0000000703800000, 0x0000000703900000, 0x0000000703900000|100%| O|  |TAMS 0x0000000703900000, 0x0000000703800000| Untracked 
|  57|0x0000000703900000, 0x0000000703a00000, 0x0000000703a00000|100%| O|  |TAMS 0x0000000703a00000, 0x0000000703900000| Untracked 
|  58|0x0000000703a00000, 0x0000000703b00000, 0x0000000703b00000|100%| O|  |TAMS 0x0000000703b00000, 0x0000000703a00000| Untracked 
|  59|0x0000000703b00000, 0x0000000703c00000, 0x0000000703c00000|100%|HS|  |TAMS 0x0000000703c00000, 0x0000000703b00000| Complete 
|  60|0x0000000703c00000, 0x0000000703d00000, 0x0000000703d00000|100%|HS|  |TAMS 0x0000000703d00000, 0x0000000703c00000| Complete 
|  61|0x0000000703d00000, 0x0000000703e00000, 0x0000000703e00000|100%|HS|  |TAMS 0x0000000703e00000, 0x0000000703d00000| Complete 
|  62|0x0000000703e00000, 0x0000000703f00000, 0x0000000703f00000|100%|HS|  |TAMS 0x0000000703f00000, 0x0000000703e00000| Complete 
|  63|0x0000000703f00000, 0x0000000704000000, 0x0000000704000000|100%|HC|  |TAMS 0x0000000704000000, 0x0000000703f00000| Complete 
|  64|0x0000000704000000, 0x0000000704100000, 0x0000000704100000|100%|HC|  |TAMS 0x0000000704100000, 0x0000000704000000| Complete 
|  65|0x0000000704100000, 0x0000000704200000, 0x0000000704200000|100%| O|  |TAMS 0x0000000704200000, 0x0000000704100000| Untracked 
|  66|0x0000000704200000, 0x0000000704300000, 0x0000000704300000|100%| O|  |TAMS 0x0000000704300000, 0x0000000704200000| Untracked 
|  67|0x0000000704300000, 0x0000000704400000, 0x0000000704400000|100%| O|  |TAMS 0x0000000704400000, 0x0000000704300000| Untracked 
|  68|0x0000000704400000, 0x0000000704500000, 0x0000000704500000|100%| O|  |TAMS 0x0000000704500000, 0x0000000704400000| Untracked 
|  69|0x0000000704500000, 0x0000000704600000, 0x0000000704600000|100%| O|  |TAMS 0x0000000704600000, 0x0000000704500000| Untracked 
|  70|0x0000000704600000, 0x0000000704700000, 0x0000000704700000|100%| O|  |TAMS 0x0000000704700000, 0x0000000704600000| Untracked 
|  71|0x0000000704700000, 0x0000000704800000, 0x0000000704800000|100%| O|  |TAMS 0x0000000704800000, 0x0000000704700000| Untracked 
|  72|0x0000000704800000, 0x0000000704900000, 0x0000000704900000|100%| O|  |TAMS 0x0000000704900000, 0x0000000704800000| Untracked 
|  73|0x0000000704900000, 0x0000000704a00000, 0x0000000704a00000|100%| O|  |TAMS 0x0000000704a00000, 0x0000000704900000| Untracked 
|  74|0x0000000704a00000, 0x0000000704b00000, 0x0000000704b00000|100%| O|  |TAMS 0x0000000704b00000, 0x0000000704a00000| Untracked 
|  75|0x0000000704b00000, 0x0000000704c00000, 0x0000000704c00000|100%| O|  |TAMS 0x0000000704bc2a00, 0x0000000704b00000| Untracked 
|  76|0x0000000704c00000, 0x0000000704d00000, 0x0000000704d00000|100%|HS|  |TAMS 0x0000000704c00000, 0x0000000704c00000| Complete 
|  77|0x0000000704d00000, 0x0000000704e00000, 0x0000000704e00000|100%|HC|  |TAMS 0x0000000704d00000, 0x0000000704d00000| Complete 
|  78|0x0000000704e00000, 0x0000000704e00000, 0x0000000704f00000|  0%| F|  |TAMS 0x0000000704e00000, 0x0000000704e00000| Untracked 
|  79|0x0000000704f00000, 0x0000000704f00000, 0x0000000705000000|  0%| F|  |TAMS 0x0000000704f00000, 0x0000000704f00000| Untracked 
|  80|0x0000000705000000, 0x0000000705000000, 0x0000000705100000|  0%| F|  |TAMS 0x0000000705000000, 0x0000000705000000| Untracked 
|  81|0x0000000705100000, 0x0000000705100000, 0x0000000705200000|  0%| F|  |TAMS 0x0000000705100000, 0x0000000705100000| Untracked 
|  82|0x0000000705200000, 0x0000000705200000, 0x0000000705300000|  0%| F|  |TAMS 0x0000000705200000, 0x0000000705200000| Untracked 
|  83|0x0000000705300000, 0x0000000705300000, 0x0000000705400000|  0%| F|  |TAMS 0x0000000705300000, 0x0000000705300000| Untracked 
|  84|0x0000000705400000, 0x0000000705400000, 0x0000000705500000|  0%| F|  |TAMS 0x0000000705400000, 0x0000000705400000| Untracked 
|  85|0x0000000705500000, 0x0000000705500000, 0x0000000705600000|  0%| F|  |TAMS 0x0000000705500000, 0x0000000705500000| Untracked 
|  86|0x0000000705600000, 0x0000000705600000, 0x0000000705700000|  0%| F|  |TAMS 0x0000000705600000, 0x0000000705600000| Untracked 
|  87|0x0000000705700000, 0x0000000705700000, 0x0000000705800000|  0%| F|  |TAMS 0x0000000705700000, 0x0000000705700000| Untracked 
|  88|0x0000000705800000, 0x0000000705800000, 0x0000000705900000|  0%| F|  |TAMS 0x0000000705800000, 0x0000000705800000| Untracked 
|  89|0x0000000705900000, 0x0000000705900000, 0x0000000705a00000|  0%| F|  |TAMS 0x0000000705900000, 0x0000000705900000| Untracked 
|  90|0x0000000705a00000, 0x0000000705a00000, 0x0000000705b00000|  0%| F|  |TAMS 0x0000000705a00000, 0x0000000705a00000| Untracked 
|  91|0x0000000705b00000, 0x0000000705b00000, 0x0000000705c00000|  0%| F|  |TAMS 0x0000000705b00000, 0x0000000705b00000| Untracked 
|  92|0x0000000705c00000, 0x0000000705c00000, 0x0000000705d00000|  0%| F|  |TAMS 0x0000000705c00000, 0x0000000705c00000| Untracked 
|  93|0x0000000705d00000, 0x0000000705d00000, 0x0000000705e00000|  0%| F|  |TAMS 0x0000000705d00000, 0x0000000705d00000| Untracked 
|  94|0x0000000705e00000, 0x0000000705e00000, 0x0000000705f00000|  0%| F|  |TAMS 0x0000000705e00000, 0x0000000705e00000| Untracked 
|  95|0x0000000705f00000, 0x0000000705f00000, 0x0000000706000000|  0%| F|  |TAMS 0x0000000705f00000, 0x0000000705f00000| Untracked 
|  96|0x0000000706000000, 0x0000000706000000, 0x0000000706100000|  0%| F|  |TAMS 0x0000000706000000, 0x0000000706000000| Untracked 
|  97|0x0000000706100000, 0x0000000706100000, 0x0000000706200000|  0%| F|  |TAMS 0x0000000706100000, 0x0000000706100000| Untracked 
|  98|0x0000000706200000, 0x0000000706200000, 0x0000000706300000|  0%| F|  |TAMS 0x0000000706200000, 0x0000000706200000| Untracked 
|  99|0x0000000706300000, 0x0000000706300000, 0x0000000706400000|  0%| F|  |TAMS 0x0000000706300000, 0x0000000706300000| Untracked 
| 100|0x0000000706400000, 0x0000000706400000, 0x0000000706500000|  0%| F|  |TAMS 0x0000000706400000, 0x0000000706400000| Untracked 
| 101|0x0000000706500000, 0x0000000706500000, 0x0000000706600000|  0%| F|  |TAMS 0x0000000706500000, 0x0000000706500000| Untracked 
| 102|0x0000000706600000, 0x0000000706600000, 0x0000000706700000|  0%| F|  |TAMS 0x0000000706600000, 0x0000000706600000| Untracked 
| 103|0x0000000706700000, 0x0000000706700000, 0x0000000706800000|  0%| F|  |TAMS 0x0000000706700000, 0x0000000706700000| Untracked 
| 104|0x0000000706800000, 0x0000000706800000, 0x0000000706900000|  0%| F|  |TAMS 0x0000000706800000, 0x0000000706800000| Untracked 
| 105|0x0000000706900000, 0x0000000706900000, 0x0000000706a00000|  0%| F|  |TAMS 0x0000000706900000, 0x0000000706900000| Untracked 
| 106|0x0000000706a00000, 0x0000000706a00000, 0x0000000706b00000|  0%| F|  |TAMS 0x0000000706a00000, 0x0000000706a00000| Untracked 
| 107|0x0000000706b00000, 0x0000000706b00000, 0x0000000706c00000|  0%| F|  |TAMS 0x0000000706b00000, 0x0000000706b00000| Untracked 
| 108|0x0000000706c00000, 0x0000000706c00000, 0x0000000706d00000|  0%| F|  |TAMS 0x0000000706c00000, 0x0000000706c00000| Untracked 
| 109|0x0000000706d00000, 0x0000000706d00000, 0x0000000706e00000|  0%| F|  |TAMS 0x0000000706d00000, 0x0000000706d00000| Untracked 
| 110|0x0000000706e00000, 0x0000000706e00000, 0x0000000706f00000|  0%| F|  |TAMS 0x0000000706e00000, 0x0000000706e00000| Untracked 
| 111|0x0000000706f00000, 0x0000000706f00000, 0x0000000707000000|  0%| F|  |TAMS 0x0000000706f00000, 0x0000000706f00000| Untracked 
| 112|0x0000000707000000, 0x0000000707000000, 0x0000000707100000|  0%| F|  |TAMS 0x0000000707000000, 0x0000000707000000| Untracked 
| 113|0x0000000707100000, 0x0000000707100000, 0x0000000707200000|  0%| F|  |TAMS 0x0000000707100000, 0x0000000707100000| Untracked 
| 114|0x0000000707200000, 0x0000000707200000, 0x0000000707300000|  0%| F|  |TAMS 0x0000000707200000, 0x0000000707200000| Untracked 
| 115|0x0000000707300000, 0x0000000707300000, 0x0000000707400000|  0%| F|  |TAMS 0x0000000707300000, 0x0000000707300000| Untracked 
| 116|0x0000000707400000, 0x0000000707400000, 0x0000000707500000|  0%| F|  |TAMS 0x0000000707400000, 0x0000000707400000| Untracked 
| 117|0x0000000707500000, 0x0000000707600000, 0x0000000707600000|100%| S|CS|TAMS 0x0000000707500000, 0x0000000707500000| Complete 
| 118|0x0000000707600000, 0x0000000707700000, 0x0000000707700000|100%| S|CS|TAMS 0x0000000707600000, 0x0000000707600000| Complete 
| 119|0x0000000707700000, 0x0000000707800000, 0x0000000707800000|100%| S|CS|TAMS 0x0000000707700000, 0x0000000707700000| Complete 
| 120|0x0000000707800000, 0x0000000707800000, 0x0000000707900000|  0%| F|  |TAMS 0x0000000707800000, 0x0000000707800000| Untracked 
| 121|0x0000000707900000, 0x0000000707900000, 0x0000000707a00000|  0%| F|  |TAMS 0x0000000707900000, 0x0000000707900000| Untracked 
| 122|0x0000000707a00000, 0x0000000707a00000, 0x0000000707b00000|  0%| F|  |TAMS 0x0000000707a00000, 0x0000000707a00000| Untracked 
| 123|0x0000000707b00000, 0x0000000707b00000, 0x0000000707c00000|  0%| F|  |TAMS 0x0000000707b00000, 0x0000000707b00000| Untracked 
| 124|0x0000000707c00000, 0x0000000707c00000, 0x0000000707d00000|  0%| F|  |TAMS 0x0000000707c00000, 0x0000000707c00000| Untracked 
| 125|0x0000000707d00000, 0x0000000707d00000, 0x0000000707e00000|  0%| F|  |TAMS 0x0000000707d00000, 0x0000000707d00000| Untracked 
| 126|0x0000000707e00000, 0x0000000707e00000, 0x0000000707f00000|  0%| F|  |TAMS 0x0000000707e00000, 0x0000000707e00000| Untracked 
| 127|0x0000000707f00000, 0x0000000707f00000, 0x0000000708000000|  0%| F|  |TAMS 0x0000000707f00000, 0x0000000707f00000| Untracked 
| 128|0x0000000708000000, 0x0000000708000000, 0x0000000708100000|  0%| F|  |TAMS 0x0000000708000000, 0x0000000708000000| Untracked 
| 129|0x0000000708100000, 0x0000000708100000, 0x0000000708200000|  0%| F|  |TAMS 0x0000000708100000, 0x0000000708100000| Untracked 
| 130|0x0000000708200000, 0x0000000708200000, 0x0000000708300000|  0%| F|  |TAMS 0x0000000708200000, 0x0000000708200000| Untracked 
| 131|0x0000000708300000, 0x0000000708300000, 0x0000000708400000|  0%| F|  |TAMS 0x0000000708300000, 0x0000000708300000| Untracked 
| 132|0x0000000708400000, 0x0000000708400000, 0x0000000708500000|  0%| F|  |TAMS 0x0000000708400000, 0x0000000708400000| Untracked 
| 133|0x0000000708500000, 0x0000000708500000, 0x0000000708600000|  0%| F|  |TAMS 0x0000000708500000, 0x0000000708500000| Untracked 
| 134|0x0000000708600000, 0x0000000708600000, 0x0000000708700000|  0%| F|  |TAMS 0x0000000708600000, 0x0000000708600000| Untracked 
| 135|0x0000000708700000, 0x0000000708700000, 0x0000000708800000|  0%| F|  |TAMS 0x0000000708700000, 0x0000000708700000| Untracked 
| 136|0x0000000708800000, 0x0000000708800000, 0x0000000708900000|  0%| F|  |TAMS 0x0000000708800000, 0x0000000708800000| Untracked 
| 137|0x0000000708900000, 0x0000000708900000, 0x0000000708a00000|  0%| F|  |TAMS 0x0000000708900000, 0x0000000708900000| Untracked 
| 138|0x0000000708a00000, 0x0000000708a00000, 0x0000000708b00000|  0%| F|  |TAMS 0x0000000708a00000, 0x0000000708a00000| Untracked 
| 139|0x0000000708b00000, 0x0000000708b00000, 0x0000000708c00000|  0%| F|  |TAMS 0x0000000708b00000, 0x0000000708b00000| Untracked 
| 140|0x0000000708c00000, 0x0000000708c00000, 0x0000000708d00000|  0%| F|  |TAMS 0x0000000708c00000, 0x0000000708c00000| Untracked 
| 141|0x0000000708d00000, 0x0000000708d00000, 0x0000000708e00000|  0%| F|  |TAMS 0x0000000708d00000, 0x0000000708d00000| Untracked 
| 142|0x0000000708e00000, 0x0000000708e00000, 0x0000000708f00000|  0%| F|  |TAMS 0x0000000708e00000, 0x0000000708e00000| Untracked 
| 143|0x0000000708f00000, 0x0000000708f00000, 0x0000000709000000|  0%| F|  |TAMS 0x0000000708f00000, 0x0000000708f00000| Untracked 

Card table byte_map: [0x0000000015fc0000,0x00000000167c0000] _byte_map_base: 0x00000000127c0000

Marking Bits (Prev, Next): (CMBitMap*) 0x000000000036bb58, (CMBitMap*) 0x000000000036bb90
 Prev Bits: [0x0000000016fc0000, 0x000000001afc0000)
 Next Bits: [0x000000001afc0000, 0x000000001efc0000)

Polling page: 0x0000000000230000

Metaspace:

Usage:
  Non-class:     50.07 MB capacity,    48.98 MB ( 98%) used,   965.26 KB (  2%) free+waste,   158.06 KB ( <1%) overhead. 
      Class:      7.79 MB capacity,     7.21 MB ( 92%) used,   523.65 KB (  7%) free+waste,    75.13 KB ( <1%) overhead. 
       Both:     57.87 MB capacity,    56.19 MB ( 97%) used,     1.45 MB (  3%) free+waste,   233.19 KB ( <1%) overhead. 

Virtual space:
  Non-class space:       52.00 MB reserved,      50.25 MB ( 97%) committed 
      Class space:        1.00 GB reserved,       7.88 MB ( <1%) committed 
             Both:        1.05 GB reserved,      58.13 MB (  5%) committed 

Chunk freelists:
   Non-Class:  52.00 KB
       Class:  18.00 KB
        Both:  70.00 KB

MaxMetaspaceSize: 17179869184.00 GB
CompressedClassSpaceSize: 1.00 GB

CodeHeap 'non-profiled nmethods': size=120064Kb used=3504Kb max_used=3504Kb free=116559Kb
 bounds [0x000000000db40000, 0x000000000deb0000, 0x0000000015080000]
CodeHeap 'profiled nmethods': size=120000Kb used=14182Kb max_used=14182Kb free=105817Kb
 bounds [0x0000000006610000, 0x00000000073f0000, 0x000000000db40000]
CodeHeap 'non-nmethods': size=5696Kb used=2255Kb max_used=2288Kb free=3440Kb
 bounds [0x0000000006080000, 0x00000000062f0000, 0x0000000006610000]
 total_blobs=7530 nmethods=6712 adapters=727
 compilation: enabled
              stopped_count=0, restarted_count=0
 full_count=0

Compilation events (20 events):
Event: 18.693 Thread 0x000000002249b800 6744       3       sun.security.provider.ByteArrayAccess::i2bBig4 (111 bytes)
Event: 18.694 Thread 0x000000002249b800 nmethod 6744 0x00000000073e6790 code [0x00000000073e6960, 0x00000000073e6c48]
Event: 18.694 Thread 0x0000000022492000 nmethod 6739 0x000000000dea9990 code [0x000000000dea9b80, 0x000000000deaa5d8]
Event: 18.698 Thread 0x000000002951e000 6749       4       java.lang.Class::getClassLoader (28 bytes)
Event: 18.699 Thread 0x000000002951e000 nmethod 6749 0x000000000deab410 code [0x000000000deab5a0, 0x000000000deab638]
Event: 18.701 Thread 0x0000000022492000 6750       4       org.objectweb.asm.SymbolTable::addConstantClass (8 bytes)
Event: 18.702 Thread 0x0000000022492000 nmethod 6750 0x000000000deab710 code [0x000000000deab8a0, 0x000000000deab928]
Event: 18.704 Thread 0x000000002249b800 6751       3       sun.reflect.generics.repository.GenericDeclRepository::<init> (7 bytes)
Event: 18.704 Thread 0x000000002249b800 nmethod 6751 0x00000000073e6d90 code [0x00000000073e6f60, 0x00000000073e72c8]
Event: 18.705 Thread 0x000000002249b800 6752       1       java.util.zip.ZipEntry::getName (5 bytes)
Event: 18.706 Thread 0x000000002249b800 nmethod 6752 0x000000000deaba10 code [0x000000000deabbc0, 0x000000000deabc78]
Event: 18.710 Thread 0x000000002249b800 6753       3       org.objectweb.asm.SymbolTable::addConstantUtf8 (98 bytes)
Event: 18.710 Thread 0x000000002951e000 6754       4       org.objectweb.asm.SymbolTable$Entry::<init> (17 bytes)
Event: 18.711 Thread 0x000000002249b800 nmethod 6753 0x00000000073e7410 code [0x00000000073e7660, 0x00000000073e7cf8]
Event: 18.713 Thread 0x000000002951e000 nmethod 6754 0x000000000deabd10 code [0x000000000deabea0, 0x000000000deac0b8]
Event: 18.735 Thread 0x000000002249b800 6755       3       java.util.concurrent.ConcurrentHashMap$ValuesView::iterator (34 bytes)
Event: 18.736 Thread 0x000000002249b800 nmethod 6755 0x00000000073e8090 code [0x00000000073e8280, 0x00000000073e8638]
Event: 18.738 Thread 0x000000002249b800 6756       3       org.objectweb.asm.ByteVector::putUTF8 (144 bytes)
Event: 18.739 Thread 0x000000002249b800 nmethod 6756 0x00000000073e8810 code [0x00000000073e8aa0, 0x00000000073e9608]
Event: 18.749 Thread 0x0000000022492000 6757  s    4       java.util.jar.JarFile::getInputStream (72 bytes)

GC Heap History (20 events):
Event: 12.708 GC heap after
{Heap after GC invocations=23 (full 0):
 garbage-first heap   total 92160K, used 51216K [0x0000000700000000, 0x0000000800000000)
  region size 1024K, 2 young (2048K), 2 survivors (2048K)
 Metaspace       used 44944K, capacity 46091K, committed 46336K, reserved 1089536K
  class space    used 5873K, capacity 6287K, committed 6400K, reserved 1048576K
}
Event: 12.991 GC heap before
{Heap before GC invocations=24 (full 0):
 garbage-first heap   total 92160K, used 72720K [0x0000000700000000, 0x0000000800000000)
  region size 1024K, 23 young (23552K), 2 survivors (2048K)
 Metaspace       used 44954K, capacity 46091K, committed 46336K, reserved 1089536K
  class space    used 5873K, capacity 6287K, committed 6400K, reserved 1048576K
}
Event: 13.009 GC heap after
{Heap after GC invocations=25 (full 0):
 garbage-first heap   total 92160K, used 51743K [0x0000000700000000, 0x0000000800000000)
  region size 1024K, 2 young (2048K), 2 survivors (2048K)
 Metaspace       used 44954K, capacity 46091K, committed 46336K, reserved 1089536K
  class space    used 5873K, capacity 6287K, committed 6400K, reserved 1048576K
}
Event: 13.262 GC heap before
{Heap before GC invocations=25 (full 0):
 garbage-first heap   total 92160K, used 73247K [0x0000000700000000, 0x0000000800000000)
  region size 1024K, 23 young (23552K), 2 survivors (2048K)
 Metaspace       used 44986K, capacity 46091K, committed 46336K, reserved 1089536K
  class space    used 5873K, capacity 6287K, committed 6400K, reserved 1048576K
}
Event: 13.271 GC heap after
{Heap after GC invocations=26 (full 0):
 garbage-first heap   total 117760K, used 52108K [0x0000000700000000, 0x0000000800000000)
  region size 1024K, 2 young (2048K), 2 survivors (2048K)
 Metaspace       used 44986K, capacity 46091K, committed 46336K, reserved 1089536K
  class space    used 5873K, capacity 6287K, committed 6400K, reserved 1048576K
}
Event: 14.105 GC heap before
{Heap before GC invocations=27 (full 0):
 garbage-first heap   total 117760K, used 74636K [0x0000000700000000, 0x0000000800000000)
  region size 1024K, 25 young (25600K), 2 survivors (2048K)
 Metaspace       used 47202K, capacity 48475K, committed 48640K, reserved 1091584K
  class space    used 6120K, capacity 6584K, committed 6656K, reserved 1048576K
}
Event: 14.118 GC heap after
{Heap after GC invocations=28 (full 0):
 garbage-first heap   total 117760K, used 53951K [0x0000000700000000, 0x0000000800000000)
  region size 1024K, 4 young (4096K), 4 survivors (4096K)
 Metaspace       used 47202K, capacity 48475K, committed 48640K, reserved 1091584K
  class space    used 6120K, capacity 6584K, committed 6656K, reserved 1048576K
}
Event: 14.433 GC heap before
{Heap before GC invocations=29 (full 0):
 garbage-first heap   total 117760K, used 88767K [0x0000000700000000, 0x0000000800000000)
  region size 1024K, 35 young (35840K), 4 survivors (4096K)
 Metaspace       used 47246K, capacity 48539K, committed 48640K, reserved 1091584K
  class space    used 6123K, capacity 6584K, committed 6656K, reserved 1048576K
}
Event: 14.447 GC heap after
{Heap after GC invocations=30 (full 0):
 garbage-first heap   total 117760K, used 58202K [0x0000000700000000, 0x0000000800000000)
  region size 1024K, 4 young (4096K), 4 survivors (4096K)
 Metaspace       used 47246K, capacity 48539K, committed 48640K, reserved 1091584K
  class space    used 6123K, capacity 6584K, committed 6656K, reserved 1048576K
}
Event: 15.252 GC heap before
{Heap before GC invocations=30 (full 0):
 garbage-first heap   total 117760K, used 79706K [0x0000000700000000, 0x0000000800000000)
  region size 1024K, 27 young (27648K), 4 survivors (4096K)
 Metaspace       used 48402K, capacity 49834K, committed 50048K, reserved 1093632K
  class space    used 6238K, capacity 6753K, committed 6784K, reserved 1048576K
}
Event: 15.269 GC heap after
{Heap after GC invocations=31 (full 0):
 garbage-first heap   total 117760K, used 60223K [0x0000000700000000, 0x0000000800000000)
  region size 1024K, 4 young (4096K), 4 survivors (4096K)
 Metaspace       used 48402K, capacity 49834K, committed 50048K, reserved 1093632K
  class space    used 6238K, capacity 6753K, committed 6784K, reserved 1048576K
}
Event: 15.909 GC heap before
{Heap before GC invocations=32 (full 0):
 garbage-first heap   total 117760K, used 90943K [0x0000000700000000, 0x0000000800000000)
  region size 1024K, 33 young (33792K), 4 survivors (4096K)
 Metaspace       used 50400K, capacity 51841K, committed 52096K, reserved 1093632K
  class space    used 6407K, capacity 6928K, committed 7040K, reserved 1048576K
}
Event: 15.926 GC heap after
{Heap after GC invocations=33 (full 0):
 garbage-first heap   total 147456K, used 61800K [0x0000000700000000, 0x0000000800000000)
  region size 1024K, 4 young (4096K), 4 survivors (4096K)
 Metaspace       used 50400K, capacity 51841K, committed 52096K, reserved 1093632K
  class space    used 6407K, capacity 6928K, committed 7040K, reserved 1048576K
}
Event: 16.889 GC heap before
{Heap before GC invocations=33 (full 0):
 garbage-first heap   total 147456K, used 111976K [0x0000000700000000, 0x0000000800000000)
  region size 1024K, 53 young (54272K), 4 survivors (4096K)
 Metaspace       used 53259K, capacity 54899K, committed 55168K, reserved 1097728K
  class space    used 6880K, capacity 7438K, committed 7552K, reserved 1048576K
}
Event: 16.904 GC heap after
{Heap after GC invocations=34 (full 0):
 garbage-first heap   total 147456K, used 64231K [0x0000000700000000, 0x0000000800000000)
  region size 1024K, 5 young (5120K), 5 survivors (5120K)
 Metaspace       used 53259K, capacity 54899K, committed 55168K, reserved 1097728K
  class space    used 6880K, capacity 7438K, committed 7552K, reserved 1048576K
}
Event: 18.216 GC heap before
{Heap before GC invocations=34 (full 0):
 garbage-first heap   total 147456K, used 118503K [0x0000000700000000, 0x0000000800000000)
  region size 1024K, 53 young (54272K), 5 survivors (5120K)
 Metaspace       used 55377K, capacity 57084K, committed 57216K, reserved 1099776K
  class space    used 7112K, capacity 7707K, committed 7808K, reserved 1048576K
}
Event: 18.238 GC heap after
{Heap after GC invocations=35 (full 0):
 garbage-first heap   total 147456K, used 77691K [0x0000000700000000, 0x0000000800000000)
  region size 1024K, 7 young (7168K), 7 survivors (7168K)
 Metaspace       used 55377K, capacity 57084K, committed 57216K, reserved 1099776K
  class space    used 7112K, capacity 7707K, committed 7808K, reserved 1048576K
}
Event: 18.255 GC heap before
{Heap before GC invocations=35 (full 0):
 garbage-first heap   total 147456K, used 78715K [0x0000000700000000, 0x0000000800000000)
  region size 1024K, 9 young (9216K), 7 survivors (7168K)
 Metaspace       used 55377K, capacity 57084K, committed 57216K, reserved 1099776K
  class space    used 7112K, capacity 7707K, committed 7808K, reserved 1048576K
}
Event: 18.277 GC heap after
{Heap after GC invocations=36 (full 0):
 garbage-first heap   total 147456K, used 79470K [0x0000000700000000, 0x0000000800000000)
  region size 1024K, 2 young (2048K), 2 survivors (2048K)
 Metaspace       used 55377K, capacity 57084K, committed 57216K, reserved 1099776K
  class space    used 7112K, capacity 7707K, committed 7808K, reserved 1048576K
}
Event: 18.769 GC heap before
{Heap before GC invocations=37 (full 0):
 garbage-first heap   total 147456K, used 104046K [0x0000000700000000, 0x0000000800000000)
  region size 1024K, 24 young (24576K), 2 survivors (2048K)
 Metaspace       used 57535K, capacity 59258K, committed 59520K, reserved 1101824K
  class space    used 7383K, capacity 7982K, committed 8064K, reserved 1048576K
}

Deoptimization events (20 events):
Event: 18.079 Thread 0x0000000024f73000 DEOPT PACKING pc=0x000000000677a87c sp=0x00000000243a99a0
Event: 18.079 Thread 0x0000000024f73000 DEOPT UNPACKING pc=0x00000000060a6b3f sp=0x00000000243a8ef0 mode 0
Event: 18.293 Thread 0x0000000024f73000 DEOPT PACKING pc=0x0000000006883d67 sp=0x000000002439fdf0
Event: 18.294 Thread 0x0000000024f73000 DEOPT UNPACKING pc=0x00000000060a6b3f sp=0x000000002439f378 mode 0
Event: 18.680 Thread 0x0000000024f73000 Uncommon trap: trap_request=0xffffff4d fr.pc=0x000000000dc0c1f4 relative=0x0000000000000054
Event: 18.680 Thread 0x0000000024f73000 Uncommon trap: reason=unstable_if action=reinterpret pc=0x000000000dc0c1f4 method=java.util.regex.Pattern.has(I)Z @ 6 c2
Event: 18.680 Thread 0x0000000024f73000 DEOPT PACKING pc=0x000000000dc0c1f4 sp=0x00000000243a62f0
Event: 18.680 Thread 0x0000000024f73000 DEOPT UNPACKING pc=0x00000000060a6d29 sp=0x00000000243a6280 mode 2
Event: 18.680 Thread 0x0000000024f73000 Uncommon trap: trap_request=0xffffff4d fr.pc=0x000000000ddaaa78 relative=0x0000000000001238
Event: 18.680 Thread 0x0000000024f73000 Uncommon trap: reason=unstable_if action=reinterpret pc=0x000000000ddaaa78 method=java.util.regex.Pattern.has(I)Z @ 6 c2
Event: 18.680 Thread 0x0000000024f73000 DEOPT PACKING pc=0x000000000ddaaa78 sp=0x00000000243a67f0
Event: 18.680 Thread 0x0000000024f73000 DEOPT UNPACKING pc=0x00000000060a6d29 sp=0x00000000243a66e0 mode 2
Event: 18.709 Thread 0x0000000024f73000 Uncommon trap: trap_request=0xffffff45 fr.pc=0x000000000dce6394 relative=0x0000000000000d74
Event: 18.709 Thread 0x0000000024f73000 Uncommon trap: reason=unstable_fused_if action=reinterpret pc=0x000000000dce6394 method=org.objectweb.asm.ByteVector.putUTF8(Ljava/lang/String;)Lorg/objectweb/asm/ByteVector; @ 93 c2
Event: 18.709 Thread 0x0000000024f73000 DEOPT PACKING pc=0x000000000dce6394 sp=0x00000000243a7cd0
Event: 18.709 Thread 0x0000000024f73000 DEOPT UNPACKING pc=0x00000000060a6d29 sp=0x00000000243a7c28 mode 2
Event: 18.738 Thread 0x0000000024f73000 Uncommon trap: trap_request=0xffffff45 fr.pc=0x000000000dc64bec relative=0x000000000000020c
Event: 18.738 Thread 0x0000000024f73000 Uncommon trap: reason=unstable_fused_if action=reinterpret pc=0x000000000dc64bec method=org.objectweb.asm.ByteVector.putUTF8(Ljava/lang/String;)Lorg/objectweb/asm/ByteVector; @ 93 c2
Event: 18.738 Thread 0x0000000024f73000 DEOPT PACKING pc=0x000000000dc64bec sp=0x00000000243a8040
Event: 18.738 Thread 0x0000000024f73000 DEOPT UNPACKING pc=0x00000000060a6d29 sp=0x00000000243a7fc0 mode 2

Classes redefined (0 events):
No events

Internal exceptions (20 events):
Event: 18.177 Thread 0x0000000024f73000 Exception <a 'java/security/PrivilegedActionException'{0x0000000706272988}> (0x0000000706272988) thrown at [./src/hotspot/share/prims/jvm.cpp, line 1306]
Event: 18.177 Thread 0x0000000024f73000 Exception <a 'java/security/PrivilegedActionException'{0x00000007062758f0}> (0x00000007062758f0) thrown at [./src/hotspot/share/prims/jvm.cpp, line 1306]
Event: 18.177 Thread 0x0000000024f73000 Exception <a 'java/security/PrivilegedActionException'{0x0000000706276bb0}> (0x0000000706276bb0) thrown at [./src/hotspot/share/prims/jvm.cpp, line 1306]
Event: 18.299 Thread 0x0000000024f73000 Exception <a 'java/lang/ClassNotFoundException'{0x0000000708e3dbf0}: org/gradle/api/tasks/Delete_DecoratedBeanInfo> (0x0000000708e3dbf0) thrown at [./src/hotspot/share/classfile/systemDictionary.cpp, line 231]
Event: 18.301 Thread 0x0000000024f73000 Exception <a 'java/lang/ClassNotFoundException'{0x0000000708e649c0}: org/gradle/api/tasks/DeleteBeanInfo> (0x0000000708e649c0) thrown at [./src/hotspot/share/classfile/systemDictionary.cpp, line 231]
Event: 18.303 Thread 0x0000000024f73000 Exception <a 'java/lang/ClassNotFoundException'{0x0000000708e921b8}: org/gradle/api/internal/ConventionTaskBeanInfo> (0x0000000708e921b8) thrown at [./src/hotspot/share/classfile/systemDictionary.cpp, line 231]
Event: 18.305 Thread 0x0000000024f73000 Exception <a 'java/lang/ClassNotFoundException'{0x0000000708eb8688}: org/gradle/api/DefaultTaskBeanInfo> (0x0000000708eb8688) thrown at [./src/hotspot/share/classfile/systemDictionary.cpp, line 231]
Event: 18.307 Thread 0x0000000024f73000 Exception <a 'java/lang/ClassNotFoundException'{0x0000000708ee30d0}: org/gradle/api/internal/AbstractTaskBeanInfo> (0x0000000708ee30d0) thrown at [./src/hotspot/share/classfile/systemDictionary.cpp, line 231]
Event: 18.309 Thread 0x0000000024f73000 Exception <a 'java/lang/ClassNotFoundException'{0x0000000708b0dd60}: org/gradle/api/internal/AbstractTaskCustomizer> (0x0000000708b0dd60) thrown at [./src/hotspot/share/classfile/systemDictionary.cpp, line 231]
Event: 18.318 Thread 0x0000000024f73000 Exception <a 'java/lang/ClassNotFoundException'{0x0000000708b7cc40}: org/gradle/api/DefaultTaskCustomizer> (0x0000000708b7cc40) thrown at [./src/hotspot/share/classfile/systemDictionary.cpp, line 231]
Event: 18.326 Thread 0x0000000024f73000 Exception <a 'java/lang/ClassNotFoundException'{0x0000000708bfb5c0}: org/gradle/api/internal/ConventionTaskCustomizer> (0x0000000708bfb5c0) thrown at [./src/hotspot/share/classfile/systemDictionary.cpp, line 231]
Event: 18.330 Thread 0x0000000024f73000 Exception <a 'java/lang/ClassNotFoundException'{0x0000000708a31550}: org/gradle/api/tasks/DeleteCustomizer> (0x0000000708a31550) thrown at [./src/hotspot/share/classfile/systemDictionary.cpp, line 231]
Event: 18.334 Thread 0x0000000024f73000 Exception <a 'java/lang/ClassNotFoundException'{0x0000000708a6e608}: org/gradle/api/tasks/Delete_DecoratedCustomizer> (0x0000000708a6e608) thrown at [./src/hotspot/share/classfile/systemDictionary.cpp, line 231]
Event: 18.381 Thread 0x0000000024f73000 Exception <a 'java/lang/ClassNotFoundException'{0x0000000708991340}: build_nujbmom8at40l07gyle7yfrjBeanInfo> (0x0000000708991340) thrown at [./src/hotspot/share/classfile/systemDictionary.cpp, line 231]
Event: 18.381 Thread 0x0000000024f73000 Exception <a 'java/lang/ClassNotFoundException'{0x000000070899b998}: build_nujbmom8at40l07gyle7yfrjCustomizer> (0x000000070899b998) thrown at [./src/hotspot/share/classfile/systemDictionary.cpp, line 231]
Event: 18.396 Thread 0x0000000024f73000 Exception <a 'java/lang/ClassNotFoundException'{0x000000070881cb18}: org/gradle/plugin/use/internal/PluginRequestCollector$PluginDependenciesSpecImplBeanInfo> (0x000000070881cb18) thrown at [./src/hotspot/share/classfile/systemDictionary.cpp, line 231]
Event: 18.397 Thread 0x0000000024f73000 Exception <a 'java/lang/ClassNotFoundException'{0x0000000708848cc8}: org/gradle/plugin/use/internal/PluginRequestCollector$PluginDependenciesSpecImplCustomizer> (0x0000000708848cc8) thrown at [./src/hotspot/share/classfile/systemDictionary.cpp, line 231]
Event: 18.697 Thread 0x0000000024f73000 Exception <a 'java/lang/NoSuchMethodError'{0x0000000707cbea38}: 'java.lang.Object java.lang.invoke.DirectMethodHandle$Holder.invokeStatic(java.lang.Object, java.lang.Object, java.lang.Object, java.lang.Object, int)'> (0x0000000707cbea38) thrown at [./src/hotspot/share/interpreter/linkResolver.cpp, line 773]
Event: 18.697 Thread 0x0000000024f73000 Exception <a 'java/lang/NoSuchMethodError'{0x0000000707cc3430}: 'java.lang.Object java.lang.invoke.DirectMethodHandle$Holder.invokeSpecial(java.lang.Object, java.lang.Object, java.lang.Object, java.lang.Object, java.lang.Object, int)'> (0x0000000707cc3430) thrown at [./src/hotspot/share/interpreter/linkResolver.cpp, line 773]
Event: 18.698 Thread 0x0000000024f73000 Exception <a 'java/lang/NoSuchMethodError'{0x0000000707cc7a70}: 'java.lang.Object java.lang.invoke.Invokers$Holder.linkToTargetMethod(java.lang.Object, java.lang.Object, java.lang.Object, int, java.lang.Object)'> (0x0000000707cc7a70) thrown at [./src/hotspot/share/interpreter/linkResolver.cpp, line 773]

Events (20 events):
Event: 18.763 loading class com/google/common/math/IntMath done
Event: 18.764 loading class com/google/common/math/MathPreconditions
Event: 18.764 loading class com/google/common/math/MathPreconditions done
Event: 18.765 loading class com/google/common/math/IntMath$1
Event: 18.765 loading class com/google/common/math/IntMath$1 done
Event: 18.765 loading class com/google/common/collect/Hashing
Event: 18.765 loading class com/google/common/collect/Hashing done
Event: 18.765 loading class org/gradle/api/internal/provider/sources/GradlePropertyValueSource
Event: 18.765 loading class org/gradle/api/internal/provider/sources/GradlePropertyValueSource done
Event: 18.766 loading class org/gradle/api/internal/provider/sources/AbstractPropertyValueSource
Event: 18.766 loading class org/gradle/api/internal/provider/sources/AbstractPropertyValueSource done
Event: 18.766 loading class org/gradle/api/provider/Provider
Event: 18.766 loading class org/gradle/api/provider/Provider done
Event: 18.766 loading class org/gradle/api/provider/ValueSourceSpec
Event: 18.766 loading class org/gradle/api/provider/ValueSourceSpec done
Event: 18.766 loading class org/gradle/api/provider/Provider
Event: 18.766 loading class org/gradle/api/provider/Provider done
Event: 18.768 loading class org/gradle/api/internal/provider/sources/AbstractPropertyValueSource$Parameters
Event: 18.768 loading class org/gradle/api/internal/provider/sources/AbstractPropertyValueSource$Parameters done
Event: 18.769 Executing VM operation: G1CollectForAllocation


Dynamic libraries:
0x000000013f0f0000 - 0x000000013f0fa000 	C:\Program Files\Android\Android Studio\jre\bin\java.exe
0x0000000077940000 - 0x0000000077ae9000 	C:\Windows\SYSTEM32\ntdll.dll
0x0000000077820000 - 0x000000007793f000 	C:\Windows\system32\kernel32.dll
0x000007fefdbf0000 - 0x000007fefdc5c000 	C:\Windows\system32\KERNELBASE.dll
0x000007fef4720000 - 0x000007fef4739000 	C:\Program Files\Android\Android Studio\jre\bin\jli.dll
0x000007fefc360000 - 0x000007fefc554000 	C:\Windows\WinSxS\amd64_microsoft.windows.common-controls_6595b64144ccf1df_6.0.7601.17514_none_fa396087175ac9ac\COMCTL32.dll
0x000007feff020000 - 0x000007feff0bf000 	C:\Windows\system32\msvcrt.dll
0x000007feff2a0000 - 0x000007feff307000 	C:\Windows\system32\GDI32.dll
0x0000000077720000 - 0x000000007781a000 	C:\Windows\system32\USER32.dll
0x000007feff830000 - 0x000007feff83e000 	C:\Windows\system32\LPK.dll
0x000007feff760000 - 0x000007feff829000 	C:\Windows\system32\USP10.dll
0x000007feffad0000 - 0x000007feffb41000 	C:\Windows\system32\SHLWAPI.dll
0x000007fef4920000 - 0x000007fef4937000 	C:\Program Files\Android\Android Studio\jre\bin\VCRUNTIME140.dll
0x000007fefb8d0000 - 0x000007fefb8d4000 	C:\Windows\system32\api-ms-win-crt-runtime-l1-1-0.dll
0x000007fef5520000 - 0x000007fef5612000 	C:\Windows\system32\ucrtbase.DLL
0x000007fef8830000 - 0x000007fef8833000 	C:\Windows\system32\api-ms-win-core-timezone-l1-1-0.dll
0x000007fefa8a0000 - 0x000007fefa8a3000 	C:\Windows\system32\api-ms-win-core-file-l2-1-0.dll
0x000007fef8820000 - 0x000007fef8823000 	C:\Windows\system32\api-ms-win-core-localization-l1-2-0.dll
0x000007fef9e60000 - 0x000007fef9e63000 	C:\Windows\system32\api-ms-win-core-synch-l1-2-0.dll
0x000007fef8810000 - 0x000007fef8813000 	C:\Windows\system32\api-ms-win-core-processthreads-l1-1-1.dll
0x000007fef7300000 - 0x000007fef7303000 	C:\Windows\system32\api-ms-win-core-file-l1-2-0.dll
0x000007fef7080000 - 0x000007fef7084000 	C:\Windows\system32\api-ms-win-crt-string-l1-1-0.dll
0x000007fef71a0000 - 0x000007fef71a3000 	C:\Windows\system32\api-ms-win-crt-heap-l1-1-0.dll
0x000007fef6ef0000 - 0x000007fef6ef4000 	C:\Windows\system32\api-ms-win-crt-stdio-l1-1-0.dll
0x000007fef6f40000 - 0x000007fef6f44000 	C:\Windows\system32\api-ms-win-crt-convert-l1-1-0.dll
0x000007fef69b0000 - 0x000007fef69b3000 	C:\Windows\system32\api-ms-win-crt-environment-l1-1-0.dll
0x000007fef69a0000 - 0x000007fef69a3000 	C:\Windows\system32\api-ms-win-crt-filesystem-l1-1-0.dll
0x000007fef6990000 - 0x000007fef6995000 	C:\Windows\system32\api-ms-win-crt-math-l1-1-0.dll
0x000007fef5510000 - 0x000007fef5513000 	C:\Windows\system32\api-ms-win-crt-locale-l1-1-0.dll
0x000007feff730000 - 0x000007feff75e000 	C:\Windows\system32\IMM32.DLL
0x000007feff440000 - 0x000007feff549000 	C:\Windows\system32\MSCTF.dll
0x000007fef36a0000 - 0x000007fef373d000 	C:\Program Files\Android\Android Studio\jre\bin\msvcp140.dll
0x000007fef5490000 - 0x000007fef5495000 	C:\Windows\system32\api-ms-win-crt-multibyte-l1-1-0.dll
0x000007fef6970000 - 0x000007fef6973000 	C:\Windows\system32\api-ms-win-crt-time-l1-1-0.dll
0x000007fef69c0000 - 0x000007fef69c3000 	C:\Windows\system32\api-ms-win-crt-utility-l1-1-0.dll
0x000007feef140000 - 0x000007feefc0f000 	C:\Program Files\Android\Android Studio\jre\bin\server\jvm.dll
0x000007feff1c0000 - 0x000007feff29b000 	C:\Windows\system32\ADVAPI32.dll
0x000007feffb50000 - 0x000007feffb6f000 	C:\Windows\SYSTEM32\sechost.dll
0x000007fefdc60000 - 0x000007fefdd8d000 	C:\Windows\system32\RPCRT4.dll
0x000007fefb7b0000 - 0x000007fefb7b9000 	C:\Windows\system32\WSOCK32.dll
0x000007feff840000 - 0x000007feff88d000 	C:\Windows\system32\WS2_32.dll
0x000007fefdff0000 - 0x000007fefdff8000 	C:\Windows\system32\NSI.dll
0x000007fef9a10000 - 0x000007fef9a4b000 	C:\Windows\system32\WINMM.dll
0x000007fefc9f0000 - 0x000007fefc9fc000 	C:\Windows\system32\VERSION.dll
0x0000000077b00000 - 0x0000000077b07000 	C:\Windows\system32\PSAPI.DLL
0x000007fef5950000 - 0x000007fef5961000 	C:\Program Files\Android\Android Studio\jre\bin\verify.dll
0x000007fef7840000 - 0x000007fef7965000 	C:\Windows\system32\DBGHELP.DLL
0x000007fef5920000 - 0x000007fef5949000 	C:\Program Files\Android\Android Studio\jre\bin\java.dll
0x000007fef6980000 - 0x000007fef698b000 	C:\Program Files\Android\Android Studio\jre\bin\jimage.dll
0x000007fef5970000 - 0x000007fef5988000 	C:\Program Files\Android\Android Studio\jre\bin\zip.dll
0x000007fefe290000 - 0x000007feff018000 	C:\Windows\system32\SHELL32.dll
0x000007fefe080000 - 0x000007fefe283000 	C:\Windows\system32\ole32.dll
0x000007fefd890000 - 0x000007fefd89f000 	C:\Windows\system32\profapi.dll
0x000007fef57f0000 - 0x000007fef580a000 	C:\Program Files\Android\Android Studio\jre\bin\net.dll
0x000007fefafd0000 - 0x000007fefb041000 	C:\Windows\system32\WINHTTP.dll
0x000007fefaf60000 - 0x000007fefafc4000 	C:\Windows\system32\webio.dll
0x000007fefd100000 - 0x000007fefd155000 	C:\Windows\system32\mswsock.dll
0x000007fefd0f0000 - 0x000007fefd0f7000 	C:\Windows\System32\wship6.dll
0x000007fef57d0000 - 0x000007fef57e4000 	C:\Program Files\Android\Android Studio\jre\bin\nio.dll
0x000007fef49c0000 - 0x000007fef49e7000 	C:\Users\Dell\.gradle\native\8bec1ad78214c89d9ad589b4d07fe93259594b29d510b10fafb7a158f7737e5d\windows-amd64\native-platform.dll
0x000007fef4100000 - 0x000007fef423d000 	C:\Users\Dell\.gradle\native\53dbd7edfb1c66fb8903c78663c9afc45aea4f116125fa6feffd364cf09443e8\windows-amd64\native-platform-file-events.dll
0x000007fef57b0000 - 0x000007fef57ba000 	C:\Program Files\Android\Android Studio\jre\bin\management.dll
0x000007fef57a0000 - 0x000007fef57ac000 	C:\Program Files\Android\Android Studio\jre\bin\management_ext.dll
0x000007fefd160000 - 0x000007fefd177000 	C:\Windows\system32\CRYPTSP.dll
0x000007fefce60000 - 0x000007fefcea7000 	C:\Windows\system32\rsaenh.dll
0x000007fefcbd0000 - 0x000007fefcbee000 	C:\Windows\system32\USERENV.dll
0x000007fefd7c0000 - 0x000007fefd7cf000 	C:\Windows\system32\CRYPTBASE.dll
0x000007fefb150000 - 0x000007fefb177000 	C:\Windows\system32\IPHLPAPI.DLL
0x000007fefb140000 - 0x000007fefb14b000 	C:\Windows\system32\WINNSI.DLL
0x000007fefb090000 - 0x000007fefb0a8000 	C:\Windows\system32\dhcpcsvc.DLL
0x000007fefa790000 - 0x000007fefa7a1000 	C:\Windows\system32\dhcpcsvc6.DLL

dbghelp: loaded successfully - version: 4.0.5 - missing functions: none
symbol engine: initialized successfully - sym options: 0x614 - pdb path: .;C:\Program Files\Android\Android Studio\jre\bin;C:\Windows\SYSTEM32;C:\Windows\WinSxS\amd64_microsoft.windows.common-controls_6595b64144ccf1df_6.0.7601.17514_none_fa396087175ac9ac;C:\Program Files\Android\Android Studio\jre\bin\server;C:\Users\Dell\.gradle\native\8bec1ad78214c89d9ad589b4d07fe93259594b29d510b10fafb7a158f7737e5d\windows-amd64;C:\Users\Dell\.gradle\native\53dbd7edfb1c66fb8903c78663c9afc45aea4f116125fa6feffd364cf09443e8\windows-amd64

VM Arguments:
jvm_args: --add-opens=java.base/java.util=ALL-UNNAMED --add-opens=java.base/java.lang=ALL-UNNAMED --add-opens=java.base/java.lang.invoke=ALL-UNNAMED --add-opens=java.base/java.util=ALL-UNNAMED --add-opens=java.prefs/java.util.prefs=ALL-UNNAMED --add-opens=java.prefs/java.util.prefs=ALL-UNNAMED --add-opens=java.base/java.nio.charset=ALL-UNNAMED --add-opens=java.base/java.net=ALL-UNNAMED --add-opens=java.base/java.util.concurrent.atomic=ALL-UNNAMED -Xmx4096m -Dfile.encoding=UTF-8 -Duser.country=IN -Duser.language=en -Duser.variant 
java_command: org.gradle.launcher.daemon.bootstrap.GradleDaemon 7.0.2
java_class_path (initial): C:\Users\Dell\.gradle\wrapper\dists\gradle-7.0.2-bin\857tjihv64xamwrf0h14cai3r\gradle-7.0.2\lib\gradle-launcher-7.0.2.jar
Launcher Type: SUN_STANDARD

[Global flags]
     intx CICompilerCount                          = 3                                         {product} {ergonomic}
     uint ConcGCThreads                            = 1                                         {product} {ergonomic}
     uint G1ConcRefinementThreads                  = 4                                         {product} {ergonomic}
   size_t G1HeapRegionSize                         = 1048576                                   {product} {ergonomic}
    uintx GCDrainStackTargetSize                   = 64                                        {product} {ergonomic}
   size_t InitialHeapSize                          = 65011712                                  {product} {ergonomic}
   size_t MarkStackSize                            = 4194304                                   {product} {ergonomic}
   size_t MaxHeapSize                              = 4294967296                                {product} {command line}
   size_t MaxNewSize                               = 2576351232                                {product} {ergonomic}
   size_t MinHeapDeltaBytes                        = 1048576                                   {product} {ergonomic}
    uintx NonNMethodCodeHeapSize                   = 5830732                                {pd product} {ergonomic}
    uintx NonProfiledCodeHeapSize                  = 122913754                              {pd product} {ergonomic}
    uintx ProfiledCodeHeapSize                     = 122913754                              {pd product} {ergonomic}
    uintx ReservedCodeCacheSize                    = 251658240                              {pd product} {ergonomic}
     bool SegmentedCodeCache                       = true                                      {product} {ergonomic}
     bool UseCompressedClassPointers               = true                                 {lp64_product} {ergonomic}
     bool UseCompressedOops                        = true                                 {lp64_product} {ergonomic}
     bool UseG1GC                                  = true                                      {product} {ergonomic}
     bool UseLargePagesIndividualAllocation        = false                                  {pd product} {ergonomic}

Logging:
Log output configuration:
 #0: stdout all=warning uptime,level,tags
 #1: stderr all=off uptime,level,tags

Environment Variables:
PATH=C:\Program Files (x86)\Common Files\Oracle\Java\javapath;C:\Program Files\Java\jdk-14.0.2/bin;C:\Program Files\apktool;C:\Program Files (x86)\Paragon Software\LinuxFS for Windows\;C:\Users\Dell\AppData\Local\Programs\Python\Python38\Scripts\;C:\Users\Dell\AppData\Local\Programs\Python\Python38\
USERNAME=Dell
OS=Windows_NT
PROCESSOR_IDENTIFIER=Intel64 Family 6 Model 37 Stepping 5, GenuineIntel



---------------  S Y S T E M  ---------------

OS: Windows 7 , 64 bit Build 7601 (6.1.7601.17617)
OS uptime: 3 days 4:58 hours

CPU:total 4 (initial active 4) (2 cores per cpu, 2 threads per core) family 6 model 37 stepping 5 microcode 0x0, cmov, cx8, fxsr, mmx, sse, sse2, sse3, ssse3, sse4.1, sse4.2, popcnt, ht, tsc, tscinvbit

Memory: 4k page, system-wide physical 3894M (924M free)
TotalPageFile size 6674M (AvailPageFile size 61M)
current process WorkingSet (physical memory assigned to process): 332M, peak: 332M
current process commit charge ("private bytes"): 370M, peak: 412M

vm_info: OpenJDK 64-Bit Server VM (11.0.10+0-b96-7249189) for windows-amd64 JRE (11.0.10+0-b96-7249189), built on Mar 31 2021 21:44:00 by "builder" with MS VC++ 14.0 (VS2015)

END.
