#
# There is insufficient memory for the Java Runtime Environment to continue.
# Native memory allocation (mmap) failed to map 57671680 bytes for Failed to commit area from 0x000000008ab00000 to 0x000000008e200000 of length 57671680.
# Possible reasons:
#   The system is out of physical RAM or swap space
#   The process is running with CompressedOops enabled, and the Java Heap may be blocking the growth of the native heap
# Possible solutions:
#   Reduce memory load on the system
#   Increase physical memory or swap space
#   Check if swap backing store is full
#   Decrease Java heap size (-Xmx/-Xms)
#   Decrease number of Java threads
#   Decrease Java thread stack sizes (-Xss)
#   Set larger code cache with -XX:ReservedCodeCacheSize=
#   JVM is running with Unscaled Compressed Oops mode in which the Java heap is
#     placed in the first 4GB address space. The Java Heap base address is the
#     maximum limit for the native heap growth. Please use -XX:HeapBaseMinAddress
#     to set the Java Heap base and to place the Java Heap above 4GB virtual address.
# This output file may be truncated or incomplete.
#
#  Out of Memory Error (./src/hotspot/os/windows/os_windows.cpp:3301), pid=4652, tid=1304
#
# JRE version: OpenJDK Runtime Environment (11.0.10) (build 11.0.10+0-b96-7249189)
# Java VM: OpenJDK 64-Bit Server VM (11.0.10+0-b96-7249189, mixed mode, tiered, compressed oops, g1 gc, windows-amd64)
# No core dump will be written. Minidumps are not enabled by default on client versions of Windows
#

---------------  S U M M A R Y ------------

Command Line: --add-opens=java.base/java.util=ALL-UNNAMED --add-opens=java.base/java.lang=ALL-UNNAMED --add-opens=java.base/java.lang.invoke=ALL-UNNAMED --add-opens=java.base/java.util=ALL-UNNAMED --add-opens=java.prefs/java.util.prefs=ALL-UNNAMED --add-opens=java.prefs/java.util.prefs=ALL-UNNAMED --add-opens=java.base/java.nio.charset=ALL-UNNAMED --add-opens=java.base/java.net=ALL-UNNAMED --add-opens=java.base/java.util.concurrent.atomic=ALL-UNNAMED -Xmx2048m -Dfile.encoding=UTF-8 -Duser.country=IN -Duser.language=en -Duser.variant org.gradle.launcher.daemon.bootstrap.GradleDaemon 7.0.2

Host: Intel(R) Core(TM) i3 CPU       M 370  @ 2.40GHz, 4 cores, 3G,  Windows 7 , 64 bit Build 7601 (6.1.7601.17617)
Time: Tue Oct 19 16:39:16 2021 Sri Lanka Standard Time elapsed time: 8498.848773 seconds (0d 2h 21m 38s)

---------------  T H R E A D  ---------------

Current thread (0x000000005d8ba800):  VMThread "VM Thread" [stack: 0x000000005dae0000,0x000000005dbe0000] [id=1304]

Stack: [0x000000005dae0000,0x000000005dbe0000]
[error occurred during error reporting (printing stack bounds), id 0xc0000005, EXCEPTION_ACCESS_VIOLATION (0xc0000005) at pc=0x0000000006100f3d]

Native frames: (J=compiled Java code, j=interpreted, Vv=VM code, C=native code)
V  [jvm.dll+0x5ecfaa]
V  [jvm.dll+0x722bd5]
V  [jvm.dll+0x72412d]
V  [jvm.dll+0x724745]
V  [jvm.dll+0x7246fb]
V  [jvm.dll+0x5ec348]
V  [jvm.dll+0x5ecad8]
C  [ntdll.dll+0x29d0d]
C  [ntdll.dll+0x191af]
C  [ntdll.dll+0x51278]
C  0x0000000006100f3d

VM_Operation (0x000000006985a690): G1CollectForAllocation, mode: safepoint, requested by thread 0x000000005ed01000


---------------  P R O C E S S  ---------------

Threads class SMR info:
_java_thread_list=0x0000000068479e60, length=48, elements={
0x00000000003b9800, 0x000000005d8c0000, 0x000000005d8ca000, 0x000000005d8d8000,
0x000000005d8db000, 0x000000005d8e5000, 0x000000005d8ed800, 0x000000005d8ef000,
0x000000005d8f1800, 0x000000005e9ce000, 0x0000000060dfb800, 0x000000005eac4000,
0x0000000061148000, 0x0000000060a74800, 0x0000000060a75800, 0x0000000060a76800,
0x0000000065755800, 0x0000000065756800, 0x000000006575a000, 0x000000006575b800,
0x00000000615a6000, 0x00000000615a7000, 0x00000000615a9800, 0x000000005ecfd000,
0x000000005ecfe000, 0x0000000060a74000, 0x00000000615a8800, 0x00000000615ab000,
0x00000000615aa800, 0x00000000615ac000, 0x000000006517b800, 0x000000006517a000,
0x0000000065180800, 0x000000006517d800, 0x000000006517f000, 0x000000006517e000,
0x000000006517f800, 0x000000006517c800, 0x000000005ed01000, 0x000000005ecfc000,
0x000000005ed03000, 0x000000005ed00800, 0x000000005ecff800, 0x0000000065755000,
0x0000000065757800, 0x0000000065759000, 0x0000000065758000, 0x000000005ed02000
}

Java Threads: ( => current thread )
  0x00000000003b9800 JavaThread "main" [_thread_blocked, id=4624, stack(0x0000000002320000,0x0000000002420000)]
  0x000000005d8c0000 JavaThread "Reference Handler" daemon [_thread_blocked, id=1084, stack(0x000000005dc70000,0x000000005dd70000)]
  0x000000005d8ca000 JavaThread "Finalizer" daemon [_thread_blocked, id=4236, stack(0x000000005de70000,0x000000005df70000)]
  0x000000005d8d8000 JavaThread "Signal Dispatcher" daemon [_thread_blocked, id=6092, stack(0x000000005e030000,0x000000005e130000)]
  0x000000005d8db000 JavaThread "Attach Listener" daemon [_thread_blocked, id=708, stack(0x000000005e1b0000,0x000000005e2b0000)]
  0x000000005d8e5000 JavaThread "Service Thread" daemon [_thread_blocked, id=4368, stack(0x000000005e2f0000,0x000000005e3f0000)]
  0x000000005d8ed800 JavaThread "C2 CompilerThread0" daemon [_thread_blocked, id=5428, stack(0x000000005e530000,0x000000005e630000)]
  0x000000005d8ef000 JavaThread "C1 CompilerThread0" daemon [_thread_blocked, id=3832, stack(0x000000005e660000,0x000000005e760000)]
  0x000000005d8f1800 JavaThread "Sweeper thread" daemon [_thread_blocked, id=5896, stack(0x000000005e810000,0x000000005e910000)]
  0x000000005e9ce000 JavaThread "Common-Cleaner" daemon [_thread_blocked, id=5264, stack(0x000000005edd0000,0x000000005eed0000)]
  0x0000000060dfb800 JavaThread "Daemon health stats" [_thread_blocked, id=2548, stack(0x0000000061e50000,0x0000000061f50000)]
  0x000000005eac4000 JavaThread "Incoming local TCP Connector on port 54682" [_thread_in_native, id=4100, stack(0x0000000062370000,0x0000000062470000)]
  0x0000000061148000 JavaThread "Daemon periodic checks" [_thread_blocked, id=1704, stack(0x000000005e400000,0x000000005e500000)]
  0x0000000060a74800 JavaThread "Cache worker for file hash cache (C:\Users\Dell\.gradle\caches\7.0.2\fileHashes)" [_thread_blocked, id=5544, stack(0x0000000062f80000,0x0000000063080000)]
  0x0000000060a75800 JavaThread "File lock request listener" [_thread_in_native, id=5176, stack(0x0000000063790000,0x0000000063890000)]
  0x0000000060a76800 JavaThread "Cache worker for journal cache (C:\Users\Dell\.gradle\caches\journal-1)" [_thread_blocked, id=4636, stack(0x0000000063bd0000,0x0000000063cd0000)]
  0x0000000065755800 JavaThread "File watcher server" daemon [_thread_blocked, id=4228, stack(0x0000000065ff0000,0x00000000660f0000)]
  0x0000000065756800 JavaThread "File watcher consumer" daemon [_thread_blocked, id=5488, stack(0x0000000066100000,0x0000000066200000)]
  0x000000006575a000 JavaThread "Cache worker for execution history cache (C:\Users\Dell\.gradle\caches\7.0.2\executionHistory)" [_thread_blocked, id=3572, stack(0x0000000066dd0000,0x0000000066ed0000)]
  0x000000006575b800 JavaThread "jar transforms" [_thread_blocked, id=4256, stack(0x0000000063f00000,0x0000000064000000)]
  0x00000000615a6000 JavaThread "jar transforms Thread 2" [_thread_blocked, id=4716, stack(0x0000000067190000,0x0000000067290000)]
  0x00000000615a7000 JavaThread "Cache worker for file content cache (C:\Users\Dell\.gradle\caches\7.0.2\fileContent)" [_thread_blocked, id=540, stack(0x00000000672f0000,0x00000000673f0000)]
  0x00000000615a9800 JavaThread "jar transforms Thread 3" [_thread_blocked, id=2364, stack(0x00000000678a0000,0x00000000679a0000)]
  0x000000005ecfd000 JavaThread "jar transforms Thread 4" [_thread_blocked, id=4756, stack(0x0000000063310000,0x0000000063410000)]
  0x000000005ecfe000 JavaThread "Memory manager" [_thread_blocked, id=1612, stack(0x000000006a4d0000,0x000000006a5d0000)]
  0x0000000060a74000 JavaThread "Daemon Thread 5" [_thread_blocked, id=5700, stack(0x00000000627b0000,0x00000000628b0000)]
  0x00000000615a8800 JavaThread "Handler for socket connection from /127.0.0.1:54682 to /127.0.0.1:58159" [_thread_in_native, id=5304, stack(0x0000000062910000,0x0000000062a10000)]
  0x00000000615ab000 JavaThread "Cancel handler" [_thread_blocked, id=2664, stack(0x0000000062b10000,0x0000000062c10000)]
  0x00000000615aa800 JavaThread "Daemon worker Thread 5" [_thread_blocked, id=4764, stack(0x0000000062c90000,0x0000000062d90000)]
  0x00000000615ac000 JavaThread "Asynchronous log dispatcher for DefaultDaemonConnection: socket connection from /127.0.0.1:54682 to /127.0.0.1:58159" [_thread_blocked, id=3792, stack(0x0000000063100000,0x0000000063200000)]
  0x000000006517b800 JavaThread "Stdin handler" [_thread_blocked, id=3184, stack(0x0000000063ad0000,0x0000000063bd0000)]
  0x000000006517a000 JavaThread "Daemon client event forwarder" [_thread_blocked, id=4900, stack(0x0000000062e50000,0x0000000062f50000)]
  0x0000000065180800 JavaThread "Cache worker for file hash cache (C:\Users\Dell\AndroidStudioProjects\NoteApp\.gradle\7.0.2\fileHashes)" [_thread_blocked, id=6044, stack(0x0000000066280000,0x0000000066380000)]
  0x000000006517d800 JavaThread "Cache worker for checksums cache (C:\Users\Dell\AndroidStudioProjects\NoteApp\.gradle\checksums)" [_thread_blocked, id=5716, stack(0x0000000067640000,0x0000000067740000)]
  0x000000006517f000 JavaThread "Cache worker for cache directory md-supplier (C:\Users\Dell\.gradle\caches\7.0.2\md-supplier)" [_thread_blocked, id=2888, stack(0x00000000665d0000,0x00000000666d0000)]
  0x000000006517e000 JavaThread "Cache worker for cache directory md-rule (C:\Users\Dell\.gradle\caches\7.0.2\md-rule)" [_thread_blocked, id=2828, stack(0x0000000062a10000,0x0000000062b10000)]
  0x000000006517f800 JavaThread "Cache worker for dependencies-accessors (C:\Users\Dell\AndroidStudioProjects\NoteApp\.gradle\7.0.2\dependencies-accessors)" [_thread_blocked, id=1996, stack(0x0000000069360000,0x0000000069460000)]
  0x000000006517c800 JavaThread "Cache worker for Build Output Cleanup Cache (C:\Users\Dell\AndroidStudioProjects\NoteApp\.gradle\buildOutputCleanup)" [_thread_blocked, id=2264, stack(0x0000000062670000,0x0000000062770000)]
  0x000000005ed01000 JavaThread "Build operations" [_thread_blocked, id=4668, stack(0x0000000069760000,0x0000000069860000)]
  0x000000005ecfc000 JavaThread "Build operations Thread 2" [_thread_blocked, id=5188, stack(0x0000000069890000,0x0000000069990000)]
  0x000000005ed03000 JavaThread "Build operations Thread 3" [_thread_blocked, id=288, stack(0x0000000066cc0000,0x0000000066dc0000)]
  0x000000005ed00800 JavaThread "Build operations Thread 4" [_thread_blocked, id=4748, stack(0x000000006c400000,0x000000006c500000)]
  0x000000005ecff800 JavaThread "build event listener" [_thread_blocked, id=2292, stack(0x000000006aca0000,0x000000006ada0000)]
  0x0000000065755000 JavaThread "Execution worker for ':'" [_thread_blocked, id=552, stack(0x000000006cf10000,0x000000006d010000)]
  0x0000000065757800 JavaThread "Execution worker for ':' Thread 2" [_thread_blocked, id=1808, stack(0x000000006cdc0000,0x000000006cec0000)]
  0x0000000065759000 JavaThread "Execution worker for ':' Thread 3" [_thread_blocked, id=4088, stack(0x000000006e500000,0x000000006e600000)]
  0x0000000065758000 JavaThread "Cache worker for execution history cache (C:\Users\Dell\AndroidStudioProjects\NoteApp\.gradle\7.0.2\executionHistory)" [_thread_blocked, id=3300, stack(0x000000006e600000,0x000000006e700000)]
  0x000000005ed02000 JavaThread "WorkerExecutor Queue" [_thread_blocked, id=2280, stack(0x000000006e990000,0x000000006ea90000)]

Other Threads:
=>0x000000005d8ba800 VMThread "VM Thread" [stack: 0x000000005dae0000,0x000000005dbe0000] [id=1304]
  0x000000005e9dc000 WatcherThread [stack: 0x000000005ef60000,0x000000005f060000] [id=4612]
  0x00000000003d1800 GCTaskThread "GC Thread#0" [stack: 0x00000000154b0000,0x00000000155b0000] [id=1560]
  0x000000005f9ba000 GCTaskThread "GC Thread#1" [stack: 0x000000005f100000,0x000000005f200000] [id=5972]
  0x000000005fc1c800 GCTaskThread "GC Thread#2" [stack: 0x0000000063210000,0x0000000063310000] [id=6004]
  0x0000000060e47800 GCTaskThread "GC Thread#3" [stack: 0x0000000063410000,0x0000000063510000] [id=2496]
  0x0000000000401800 ConcurrentGCThread "G1 Main Marker" [stack: 0x000000001a530000,0x000000001a630000] [id=5480]
  0x0000000000403000 ConcurrentGCThread "G1 Conc#0" [stack: 0x000000001a6c0000,0x000000001a7c0000] [id=5396]
  0x000000001cc18800 ConcurrentGCThread "G1 Refine#0" [stack: 0x000000001ced0000,0x000000001cfd0000] [id=3364]
  0x000000001cc19000 ConcurrentGCThread "G1 Young RemSet Sampling" [stack: 0x000000001cd50000,0x000000001ce50000] [id=5648]

Threads with active compile tasks:

VM state:at safepoint (normal execution)

VM Mutex/Monitor currently owned by a thread:  ([mutex/lock_event])
[0x00000000003b5480] Threads_lock - owner thread: 0x000000005d8ba800
[0x00000000003b5c60] Heap_lock - owner thread: 0x000000005ed01000

Heap address: 0x0000000080000000, size: 2048 MB, Compressed Oops mode: 32-bit
Narrow klass base: 0x0000000000000000, Narrow klass shift: 0
Compressed class space size: 1073741824 Address: 0x000000001cfd0000

Heap:
 garbage-first heap   total 231424K, used 148705K [0x0000000080000000, 0x0000000100000000)
  region size 1024K, 1 young (1024K), 1 survivors (1024K)
 Metaspace       used 108746K, capacity 111400K, committed 111564K, reserved 1146880K
  class space    used 13694K, capacity 14679K, committed 14796K, reserved 1048576K
Heap Regions: E=young(eden), S=young(survivor), O=old, HS=humongous(starts), HC=humongous(continues), CS=collection set, F=free, A=archive, TAMS=top-at-mark-start (previous, next)
|   0|0x0000000080000000, 0x0000000080100000, 0x0000000080100000|100%| O|  |TAMS 0x0000000080100000, 0x0000000080000000| Untracked 
|   1|0x0000000080100000, 0x0000000080200000, 0x0000000080200000|100%| O|  |TAMS 0x0000000080200000, 0x0000000080100000| Untracked 
|   2|0x0000000080200000, 0x0000000080300000, 0x0000000080300000|100%| O|  |TAMS 0x0000000080300000, 0x0000000080200000| Untracked 
|   3|0x0000000080300000, 0x0000000080400000, 0x0000000080400000|100%|HS|  |TAMS 0x0000000080400000, 0x0000000080300000| Complete 
|   4|0x0000000080400000, 0x0000000080500000, 0x0000000080500000|100%|HC|  |TAMS 0x0000000080500000, 0x0000000080400000| Complete 
|   5|0x0000000080500000, 0x0000000080600000, 0x0000000080600000|100%|HC|  |TAMS 0x0000000080600000, 0x0000000080500000| Complete 
|   6|0x0000000080600000, 0x0000000080700000, 0x0000000080700000|100%| O|  |TAMS 0x0000000080700000, 0x0000000080600000| Untracked 
|   7|0x0000000080700000, 0x0000000080800000, 0x0000000080800000|100%| O|  |TAMS 0x0000000080800000, 0x0000000080700000| Untracked 
|   8|0x0000000080800000, 0x0000000080900000, 0x0000000080900000|100%| O|  |TAMS 0x0000000080900000, 0x0000000080800000| Untracked 
|   9|0x0000000080900000, 0x0000000080a00000, 0x0000000080a00000|100%| O|  |TAMS 0x0000000080a00000, 0x0000000080900000| Untracked 
|  10|0x0000000080a00000, 0x0000000080b00000, 0x0000000080b00000|100%| O|  |TAMS 0x0000000080b00000, 0x0000000080a00000| Untracked 
|  11|0x0000000080b00000, 0x0000000080c00000, 0x0000000080c00000|100%| O|  |TAMS 0x0000000080c00000, 0x0000000080b00000| Untracked 
|  12|0x0000000080c00000, 0x0000000080d00000, 0x0000000080d00000|100%| O|  |TAMS 0x0000000080d00000, 0x0000000080c00000| Untracked 
|  13|0x0000000080d00000, 0x0000000080e00000, 0x0000000080e00000|100%| O|  |TAMS 0x0000000080e00000, 0x0000000080d00000| Untracked 
|  14|0x0000000080e00000, 0x0000000080f00000, 0x0000000080f00000|100%| O|  |TAMS 0x0000000080f00000, 0x0000000080e00000| Untracked 
|  15|0x0000000080f00000, 0x0000000081000000, 0x0000000081000000|100%| O|  |TAMS 0x0000000081000000, 0x0000000080f00000| Untracked 
|  16|0x0000000081000000, 0x0000000081100000, 0x0000000081100000|100%| O|  |TAMS 0x0000000081100000, 0x0000000081000000| Untracked 
|  17|0x0000000081100000, 0x0000000081200000, 0x0000000081200000|100%| O|  |TAMS 0x0000000081200000, 0x0000000081100000| Untracked 
|  18|0x0000000081200000, 0x0000000081300000, 0x0000000081300000|100%| O|  |TAMS 0x0000000081300000, 0x0000000081200000| Untracked 
|  19|0x0000000081300000, 0x0000000081400000, 0x0000000081400000|100%| O|  |TAMS 0x0000000081400000, 0x0000000081300000| Untracked 
|  20|0x0000000081400000, 0x0000000081500000, 0x0000000081500000|100%| O|  |TAMS 0x0000000081500000, 0x0000000081400000| Untracked 
|  21|0x0000000081500000, 0x0000000081600000, 0x0000000081600000|100%| O|  |TAMS 0x0000000081600000, 0x0000000081500000| Untracked 
|  22|0x0000000081600000, 0x0000000081700000, 0x0000000081700000|100%| O|  |TAMS 0x0000000081700000, 0x0000000081600000| Untracked 
|  23|0x0000000081700000, 0x0000000081800000, 0x0000000081800000|100%| O|  |TAMS 0x0000000081800000, 0x0000000081700000| Untracked 
|  24|0x0000000081800000, 0x0000000081900000, 0x0000000081900000|100%| O|  |TAMS 0x0000000081900000, 0x0000000081800000| Untracked 
|  25|0x0000000081900000, 0x0000000081a00000, 0x0000000081a00000|100%| O|  |TAMS 0x0000000081a00000, 0x0000000081900000| Untracked 
|  26|0x0000000081a00000, 0x0000000081b00000, 0x0000000081b00000|100%| O|  |TAMS 0x0000000081b00000, 0x0000000081a00000| Untracked 
|  27|0x0000000081b00000, 0x0000000081c00000, 0x0000000081c00000|100%|HS|  |TAMS 0x0000000081c00000, 0x0000000081b00000| Complete 
|  28|0x0000000081c00000, 0x0000000081d00000, 0x0000000081d00000|100%|HS|  |TAMS 0x0000000081d00000, 0x0000000081c00000| Complete 
|  29|0x0000000081d00000, 0x0000000081e00000, 0x0000000081e00000|100%|HS|  |TAMS 0x0000000081e00000, 0x0000000081d00000| Complete 
|  30|0x0000000081e00000, 0x0000000081f00000, 0x0000000081f00000|100%|HS|  |TAMS 0x0000000081f00000, 0x0000000081e00000| Complete 
|  31|0x0000000081f00000, 0x0000000082000000, 0x0000000082000000|100%|HC|  |TAMS 0x0000000082000000, 0x0000000081f00000| Complete 
|  32|0x0000000082000000, 0x0000000082100000, 0x0000000082100000|100%|HC|  |TAMS 0x0000000082100000, 0x0000000082000000| Complete 
|  33|0x0000000082100000, 0x0000000082200000, 0x0000000082200000|100%|HS|  |TAMS 0x0000000082200000, 0x0000000082100000| Complete 
|  34|0x0000000082200000, 0x0000000082300000, 0x0000000082300000|100%|HC|  |TAMS 0x0000000082300000, 0x0000000082200000| Complete 
|  35|0x0000000082300000, 0x0000000082400000, 0x0000000082400000|100%| O|  |TAMS 0x0000000082400000, 0x0000000082300000| Untracked 
|  36|0x0000000082400000, 0x0000000082500000, 0x0000000082500000|100%| O|  |TAMS 0x0000000082500000, 0x0000000082400000| Untracked 
|  37|0x0000000082500000, 0x0000000082600000, 0x0000000082600000|100%| O|  |TAMS 0x0000000082600000, 0x0000000082500000| Untracked 
|  38|0x0000000082600000, 0x0000000082700000, 0x0000000082700000|100%| O|  |TAMS 0x0000000082700000, 0x0000000082600000| Untracked 
|  39|0x0000000082700000, 0x0000000082800000, 0x0000000082800000|100%| O|  |TAMS 0x0000000082800000, 0x0000000082700000| Untracked 
|  40|0x0000000082800000, 0x0000000082900000, 0x0000000082900000|100%| O|  |TAMS 0x0000000082900000, 0x0000000082800000| Untracked 
|  41|0x0000000082900000, 0x0000000082a00000, 0x0000000082a00000|100%| O|  |TAMS 0x0000000082a00000, 0x0000000082900000| Untracked 
|  42|0x0000000082a00000, 0x0000000082b00000, 0x0000000082b00000|100%| O|  |TAMS 0x0000000082b00000, 0x0000000082a00000| Untracked 
|  43|0x0000000082b00000, 0x0000000082c00000, 0x0000000082c00000|100%| O|  |TAMS 0x0000000082c00000, 0x0000000082b00000| Untracked 
|  44|0x0000000082c00000, 0x0000000082d00000, 0x0000000082d00000|100%| O|  |TAMS 0x0000000082d00000, 0x0000000082c00000| Untracked 
|  45|0x0000000082d00000, 0x0000000082e00000, 0x0000000082e00000|100%| O|  |TAMS 0x0000000082e00000, 0x0000000082d00000| Untracked 
|  46|0x0000000082e00000, 0x0000000082f00000, 0x0000000082f00000|100%| O|  |TAMS 0x0000000082f00000, 0x0000000082e00000| Untracked 
|  47|0x0000000082f00000, 0x0000000083000000, 0x0000000083000000|100%| O|  |TAMS 0x0000000083000000, 0x0000000082f00000| Untracked 
|  48|0x0000000083000000, 0x0000000083100000, 0x0000000083100000|100%| O|  |TAMS 0x0000000083100000, 0x0000000083000000| Untracked 
|  49|0x0000000083100000, 0x0000000083200000, 0x0000000083200000|100%| O|  |TAMS 0x0000000083200000, 0x0000000083100000| Untracked 
|  50|0x0000000083200000, 0x0000000083300000, 0x0000000083300000|100%| O|  |TAMS 0x0000000083300000, 0x0000000083200000| Untracked 
|  51|0x0000000083300000, 0x0000000083400000, 0x0000000083400000|100%| O|  |TAMS 0x0000000083400000, 0x0000000083300000| Untracked 
|  52|0x0000000083400000, 0x0000000083500000, 0x0000000083500000|100%| O|  |TAMS 0x0000000083500000, 0x0000000083400000| Untracked 
|  53|0x0000000083500000, 0x0000000083600000, 0x0000000083600000|100%| O|  |TAMS 0x0000000083600000, 0x0000000083500000| Untracked 
|  54|0x0000000083600000, 0x0000000083700000, 0x0000000083700000|100%| O|  |TAMS 0x0000000083700000, 0x0000000083600000| Untracked 
|  55|0x0000000083700000, 0x0000000083800000, 0x0000000083800000|100%| O|  |TAMS 0x0000000083800000, 0x0000000083700000| Untracked 
|  56|0x0000000083800000, 0x0000000083900000, 0x0000000083900000|100%| O|  |TAMS 0x0000000083900000, 0x0000000083800000| Untracked 
|  57|0x0000000083900000, 0x0000000083a00000, 0x0000000083a00000|100%| O|  |TAMS 0x0000000083a00000, 0x0000000083900000| Untracked 
|  58|0x0000000083a00000, 0x0000000083b00000, 0x0000000083b00000|100%| O|  |TAMS 0x0000000083b00000, 0x0000000083a00000| Untracked 
|  59|0x0000000083b00000, 0x0000000083c00000, 0x0000000083c00000|100%| O|  |TAMS 0x0000000083c00000, 0x0000000083b00000| Untracked 
|  60|0x0000000083c00000, 0x0000000083d00000, 0x0000000083d00000|100%| O|  |TAMS 0x0000000083d00000, 0x0000000083c00000| Untracked 
|  61|0x0000000083d00000, 0x0000000083e00000, 0x0000000083e00000|100%| O|  |TAMS 0x0000000083e00000, 0x0000000083d00000| Untracked 
|  62|0x0000000083e00000, 0x0000000083f00000, 0x0000000083f00000|100%| O|  |TAMS 0x0000000083f00000, 0x0000000083e00000| Untracked 
|  63|0x0000000083f00000, 0x0000000084000000, 0x0000000084000000|100%| O|  |TAMS 0x0000000084000000, 0x0000000083f00000| Untracked 
|  64|0x0000000084000000, 0x0000000084100000, 0x0000000084100000|100%| O|  |TAMS 0x0000000084100000, 0x0000000084000000| Untracked 
|  65|0x0000000084100000, 0x0000000084200000, 0x0000000084200000|100%| O|  |TAMS 0x0000000084200000, 0x0000000084100000| Untracked 
|  66|0x0000000084200000, 0x0000000084300000, 0x0000000084300000|100%| O|  |TAMS 0x0000000084300000, 0x0000000084200000| Untracked 
|  67|0x0000000084300000, 0x0000000084400000, 0x0000000084400000|100%| O|  |TAMS 0x0000000084400000, 0x0000000084300000| Untracked 
|  68|0x0000000084400000, 0x0000000084500000, 0x0000000084500000|100%| O|  |TAMS 0x0000000084500000, 0x0000000084400000| Untracked 
|  69|0x0000000084500000, 0x0000000084600000, 0x0000000084600000|100%| O|  |TAMS 0x0000000084600000, 0x0000000084500000| Untracked 
|  70|0x0000000084600000, 0x0000000084700000, 0x0000000084700000|100%| O|  |TAMS 0x0000000084700000, 0x0000000084600000| Untracked 
|  71|0x0000000084700000, 0x0000000084800000, 0x0000000084800000|100%| O|  |TAMS 0x0000000084800000, 0x0000000084700000| Untracked 
|  72|0x0000000084800000, 0x0000000084900000, 0x0000000084900000|100%| O|  |TAMS 0x0000000084900000, 0x0000000084800000| Untracked 
|  73|0x0000000084900000, 0x0000000084a00000, 0x0000000084a00000|100%| O|  |TAMS 0x0000000084a00000, 0x0000000084900000| Untracked 
|  74|0x0000000084a00000, 0x0000000084b00000, 0x0000000084b00000|100%| O|  |TAMS 0x0000000084b00000, 0x0000000084a00000| Untracked 
|  75|0x0000000084b00000, 0x0000000084c00000, 0x0000000084c00000|100%| O|  |TAMS 0x0000000084c00000, 0x0000000084b00000| Untracked 
|  76|0x0000000084c00000, 0x0000000084d00000, 0x0000000084d00000|100%| O|  |TAMS 0x0000000084d00000, 0x0000000084c00000| Untracked 
|  77|0x0000000084d00000, 0x0000000084e00000, 0x0000000084e00000|100%| O|  |TAMS 0x0000000084d00000, 0x0000000084d00000| Untracked 
|  78|0x0000000084e00000, 0x0000000084f00000, 0x0000000084f00000|100%| O|  |TAMS 0x0000000084e00000, 0x0000000084e00000| Untracked 
|  79|0x0000000084f00000, 0x0000000085000000, 0x0000000085000000|100%| O|  |TAMS 0x0000000085000000, 0x0000000084f00000| Untracked 
|  80|0x0000000085000000, 0x0000000085100000, 0x0000000085100000|100%| O|  |TAMS 0x0000000085100000, 0x0000000085000000| Untracked 
|  81|0x0000000085100000, 0x0000000085200000, 0x0000000085200000|100%| O|  |TAMS 0x0000000085200000, 0x0000000085100000| Untracked 
|  82|0x0000000085200000, 0x0000000085300000, 0x0000000085300000|100%| O|  |TAMS 0x0000000085300000, 0x0000000085200000| Untracked 
|  83|0x0000000085300000, 0x0000000085400000, 0x0000000085400000|100%| O|  |TAMS 0x000000008532cc00, 0x0000000085300000| Untracked 
|  84|0x0000000085400000, 0x0000000085500000, 0x0000000085500000|100%| O|  |TAMS 0x0000000085400000, 0x0000000085400000| Untracked 
|  85|0x0000000085500000, 0x0000000085600000, 0x0000000085600000|100%| O|  |TAMS 0x0000000085500000, 0x0000000085500000| Untracked 
|  86|0x0000000085600000, 0x0000000085700000, 0x0000000085700000|100%| O|  |TAMS 0x0000000085600000, 0x0000000085600000| Untracked 
|  87|0x0000000085700000, 0x0000000085800000, 0x0000000085800000|100%| O|  |TAMS 0x0000000085700000, 0x0000000085700000| Untracked 
|  88|0x0000000085800000, 0x0000000085900000, 0x0000000085900000|100%| O|  |TAMS 0x0000000085800000, 0x0000000085800000| Untracked 
|  89|0x0000000085900000, 0x0000000085a00000, 0x0000000085a00000|100%| O|  |TAMS 0x0000000085900000, 0x0000000085900000| Untracked 
|  90|0x0000000085a00000, 0x0000000085b00000, 0x0000000085b00000|100%| O|  |TAMS 0x0000000085b00000, 0x0000000085a00000| Untracked 
|  91|0x0000000085b00000, 0x0000000085c00000, 0x0000000085c00000|100%| O|  |TAMS 0x0000000085b00000, 0x0000000085b00000| Untracked 
|  92|0x0000000085c00000, 0x0000000085d00000, 0x0000000085d00000|100%| O|  |TAMS 0x0000000085c00000, 0x0000000085c00000| Untracked 
|  93|0x0000000085d00000, 0x0000000085e00000, 0x0000000085e00000|100%| O|  |TAMS 0x0000000085d00000, 0x0000000085d00000| Untracked 
|  94|0x0000000085e00000, 0x0000000085f00000, 0x0000000085f00000|100%| O|  |TAMS 0x0000000085e00000, 0x0000000085e00000| Untracked 
|  95|0x0000000085f00000, 0x0000000086000000, 0x0000000086000000|100%| O|  |TAMS 0x0000000085f00000, 0x0000000085f00000| Untracked 
|  96|0x0000000086000000, 0x0000000086100000, 0x0000000086100000|100%| O|  |TAMS 0x0000000086100000, 0x0000000086000000| Untracked 
|  97|0x0000000086100000, 0x0000000086200000, 0x0000000086200000|100%| O|  |TAMS 0x0000000086200000, 0x0000000086100000| Untracked 
|  98|0x0000000086200000, 0x0000000086300000, 0x0000000086300000|100%| O|  |TAMS 0x0000000086300000, 0x0000000086200000| Untracked 
|  99|0x0000000086300000, 0x0000000086400000, 0x0000000086400000|100%| O|  |TAMS 0x0000000086300000, 0x0000000086300000| Untracked 
| 100|0x0000000086400000, 0x0000000086500000, 0x0000000086500000|100%| O|  |TAMS 0x0000000086400000, 0x0000000086400000| Untracked 
| 101|0x0000000086500000, 0x0000000086600000, 0x0000000086600000|100%| O|  |TAMS 0x0000000086500000, 0x0000000086500000| Untracked 
| 102|0x0000000086600000, 0x0000000086700000, 0x0000000086700000|100%| O|  |TAMS 0x0000000086600000, 0x0000000086600000| Untracked 
| 103|0x0000000086700000, 0x0000000086800000, 0x0000000086800000|100%| O|  |TAMS 0x0000000086700000, 0x0000000086700000| Untracked 
| 104|0x0000000086800000, 0x0000000086900000, 0x0000000086900000|100%| O|  |TAMS 0x0000000086800000, 0x0000000086800000| Untracked 
| 105|0x0000000086900000, 0x0000000086a00000, 0x0000000086a00000|100%| O|  |TAMS 0x0000000086900000, 0x0000000086900000| Untracked 
| 106|0x0000000086a00000, 0x0000000086b00000, 0x0000000086b00000|100%| O|  |TAMS 0x0000000086a00000, 0x0000000086a00000| Untracked 
| 107|0x0000000086b00000, 0x0000000086c00000, 0x0000000086c00000|100%| O|  |TAMS 0x0000000086b00000, 0x0000000086b00000| Untracked 
| 108|0x0000000086c00000, 0x0000000086d00000, 0x0000000086d00000|100%| O|  |TAMS 0x0000000086c00000, 0x0000000086c00000| Untracked 
| 109|0x0000000086d00000, 0x0000000086e00000, 0x0000000086e00000|100%| O|  |TAMS 0x0000000086d00000, 0x0000000086d00000| Untracked 
| 110|0x0000000086e00000, 0x0000000086f00000, 0x0000000086f00000|100%| O|  |TAMS 0x0000000086e00000, 0x0000000086e00000| Untracked 
| 111|0x0000000086f00000, 0x0000000087000000, 0x0000000087000000|100%| O|  |TAMS 0x0000000086f00000, 0x0000000086f00000| Untracked 
| 112|0x0000000087000000, 0x0000000087100000, 0x0000000087100000|100%| O|  |TAMS 0x0000000087000000, 0x0000000087000000| Untracked 
| 113|0x0000000087100000, 0x0000000087200000, 0x0000000087200000|100%| O|  |TAMS 0x0000000087100000, 0x0000000087100000| Untracked 
| 114|0x0000000087200000, 0x0000000087300000, 0x0000000087300000|100%| O|  |TAMS 0x0000000087200000, 0x0000000087200000| Untracked 
| 115|0x0000000087300000, 0x0000000087400000, 0x0000000087400000|100%| O|  |TAMS 0x0000000087300000, 0x0000000087300000| Untracked 
| 116|0x0000000087400000, 0x0000000087500000, 0x0000000087500000|100%| O|  |TAMS 0x0000000087400000, 0x0000000087400000| Untracked 
| 117|0x0000000087500000, 0x0000000087600000, 0x0000000087600000|100%| O|  |TAMS 0x0000000087500000, 0x0000000087500000| Untracked 
| 118|0x0000000087600000, 0x0000000087700000, 0x0000000087700000|100%| O|  |TAMS 0x0000000087600000, 0x0000000087600000| Untracked 
| 119|0x0000000087700000, 0x0000000087800000, 0x0000000087800000|100%| O|  |TAMS 0x0000000087700000, 0x0000000087700000| Untracked 
| 120|0x0000000087800000, 0x0000000087900000, 0x0000000087900000|100%| O|  |TAMS 0x0000000087800000, 0x0000000087800000| Untracked 
| 121|0x0000000087900000, 0x0000000087a00000, 0x0000000087a00000|100%| O|  |TAMS 0x0000000087900000, 0x0000000087900000| Untracked 
| 122|0x0000000087a00000, 0x0000000087b00000, 0x0000000087b00000|100%| O|  |TAMS 0x0000000087a00000, 0x0000000087a00000| Untracked 
| 123|0x0000000087b00000, 0x0000000087c00000, 0x0000000087c00000|100%| O|  |TAMS 0x0000000087b00000, 0x0000000087b00000| Untracked 
| 124|0x0000000087c00000, 0x0000000087d00000, 0x0000000087d00000|100%| O|  |TAMS 0x0000000087c00000, 0x0000000087c00000| Untracked 
| 125|0x0000000087d00000, 0x0000000087e00000, 0x0000000087e00000|100%| O|  |TAMS 0x0000000087d00000, 0x0000000087d00000| Untracked 
| 126|0x0000000087e00000, 0x0000000087f00000, 0x0000000087f00000|100%| O|  |TAMS 0x0000000087e00000, 0x0000000087e00000| Untracked 
| 127|0x0000000087f00000, 0x0000000088000000, 0x0000000088000000|100%| O|  |TAMS 0x0000000087f00000, 0x0000000087f00000| Untracked 
| 128|0x0000000088000000, 0x0000000088100000, 0x0000000088100000|100%| O|  |TAMS 0x0000000088000000, 0x0000000088000000| Untracked 
| 129|0x0000000088100000, 0x0000000088200000, 0x0000000088200000|100%| O|  |TAMS 0x0000000088100000, 0x0000000088100000| Untracked 
| 130|0x0000000088200000, 0x0000000088300000, 0x0000000088300000|100%| O|  |TAMS 0x0000000088200000, 0x0000000088200000| Untracked 
| 131|0x0000000088300000, 0x0000000088400000, 0x0000000088400000|100%| O|  |TAMS 0x0000000088300000, 0x0000000088300000| Untracked 
| 132|0x0000000088400000, 0x0000000088500000, 0x0000000088500000|100%| O|  |TAMS 0x0000000088400000, 0x0000000088400000| Untracked 
| 133|0x0000000088500000, 0x0000000088600000, 0x0000000088600000|100%| O|  |TAMS 0x0000000088500000, 0x0000000088500000| Untracked 
| 134|0x0000000088600000, 0x0000000088700000, 0x0000000088700000|100%| O|  |TAMS 0x0000000088600000, 0x0000000088600000| Untracked 
| 135|0x0000000088700000, 0x0000000088800000, 0x0000000088800000|100%|HS|  |TAMS 0x0000000088700000, 0x0000000088700000| Complete 
| 136|0x0000000088800000, 0x0000000088900000, 0x0000000088900000|100%|HC|  |TAMS 0x0000000088800000, 0x0000000088800000| Complete 
| 137|0x0000000088900000, 0x0000000088a00000, 0x0000000088a00000|100%| O|  |TAMS 0x0000000088900000, 0x0000000088900000| Untracked 
| 138|0x0000000088a00000, 0x0000000088b00000, 0x0000000088b00000|100%| O|  |TAMS 0x0000000088a00000, 0x0000000088a00000| Untracked 
| 139|0x0000000088b00000, 0x0000000088c00000, 0x0000000088c00000|100%| O|  |TAMS 0x0000000088b00000, 0x0000000088b00000| Untracked 
| 140|0x0000000088c00000, 0x0000000088d00000, 0x0000000088d00000|100%| O|  |TAMS 0x0000000088c00000, 0x0000000088c00000| Untracked 
| 141|0x0000000088d00000, 0x0000000088e00000, 0x0000000088e00000|100%| O|  |TAMS 0x0000000088d00000, 0x0000000088d00000| Untracked 
| 142|0x0000000088e00000, 0x0000000088f00000, 0x0000000088f00000|100%| O|  |TAMS 0x0000000088e00000, 0x0000000088e00000| Untracked 
| 143|0x0000000088f00000, 0x0000000089000000, 0x0000000089000000|100%| O|  |TAMS 0x0000000088f00000, 0x0000000088f00000| Untracked 
| 144|0x0000000089000000, 0x0000000089038600, 0x0000000089100000| 22%| O|  |TAMS 0x0000000089000000, 0x0000000089000000| Untracked 
| 145|0x0000000089100000, 0x0000000089100000, 0x0000000089200000|  0%| F|  |TAMS 0x0000000089100000, 0x0000000089100000| Untracked 
| 146|0x0000000089200000, 0x0000000089200000, 0x0000000089300000|  0%| F|  |TAMS 0x0000000089200000, 0x0000000089200000| Untracked 
| 147|0x0000000089300000, 0x0000000089300000, 0x0000000089400000|  0%| F|  |TAMS 0x0000000089300000, 0x0000000089300000| Untracked 
| 148|0x0000000089400000, 0x0000000089400000, 0x0000000089500000|  0%| F|  |TAMS 0x0000000089400000, 0x0000000089400000| Untracked 
| 149|0x0000000089500000, 0x0000000089500000, 0x0000000089600000|  0%| F|  |TAMS 0x0000000089500000, 0x0000000089500000| Untracked 
| 150|0x0000000089600000, 0x0000000089600000, 0x0000000089700000|  0%| F|  |TAMS 0x0000000089600000, 0x0000000089600000| Untracked 
| 151|0x0000000089700000, 0x0000000089700000, 0x0000000089800000|  0%| F|  |TAMS 0x0000000089700000, 0x0000000089700000| Untracked 
| 152|0x0000000089800000, 0x0000000089800000, 0x0000000089900000|  0%| F|  |TAMS 0x0000000089800000, 0x0000000089800000| Untracked 
| 153|0x0000000089900000, 0x0000000089900000, 0x0000000089a00000|  0%| F|  |TAMS 0x0000000089900000, 0x0000000089900000| Untracked 
| 154|0x0000000089a00000, 0x0000000089a00000, 0x0000000089b00000|  0%| F|  |TAMS 0x0000000089a00000, 0x0000000089a00000| Untracked 
| 155|0x0000000089b00000, 0x0000000089b00000, 0x0000000089c00000|  0%| F|  |TAMS 0x0000000089b00000, 0x0000000089b00000| Untracked 
| 156|0x0000000089c00000, 0x0000000089c00000, 0x0000000089d00000|  0%| F|  |TAMS 0x0000000089c00000, 0x0000000089c00000| Untracked 
| 157|0x0000000089d00000, 0x0000000089d00000, 0x0000000089e00000|  0%| F|  |TAMS 0x0000000089d00000, 0x0000000089d00000| Untracked 
| 158|0x0000000089e00000, 0x0000000089e00000, 0x0000000089f00000|  0%| F|  |TAMS 0x0000000089e00000, 0x0000000089e00000| Untracked 
| 159|0x0000000089f00000, 0x0000000089f00000, 0x000000008a000000|  0%| F|  |TAMS 0x0000000089f00000, 0x0000000089f00000| Untracked 
| 160|0x000000008a000000, 0x000000008a000000, 0x000000008a100000|  0%| F|  |TAMS 0x000000008a000000, 0x000000008a000000| Untracked 
| 161|0x000000008a100000, 0x000000008a100000, 0x000000008a200000|  0%| F|  |TAMS 0x000000008a100000, 0x000000008a100000| Untracked 
| 162|0x000000008a200000, 0x000000008a300000, 0x000000008a300000|100%| S|CS|TAMS 0x000000008a200000, 0x000000008a200000| Complete 
| 163|0x000000008a300000, 0x000000008a300000, 0x000000008a400000|  0%| F|  |TAMS 0x000000008a300000, 0x000000008a300000| Untracked 
| 164|0x000000008a400000, 0x000000008a400000, 0x000000008a500000|  0%| F|  |TAMS 0x000000008a400000, 0x000000008a400000| Untracked 
| 165|0x000000008a500000, 0x000000008a500000, 0x000000008a600000|  0%| F|  |TAMS 0x000000008a500000, 0x000000008a500000| Untracked 
| 166|0x000000008a600000, 0x000000008a600000, 0x000000008a700000|  0%| F|  |TAMS 0x000000008a600000, 0x000000008a600000| Untracked 
| 167|0x000000008a700000, 0x000000008a700000, 0x000000008a800000|  0%| F|  |TAMS 0x000000008a700000, 0x000000008a700000| Untracked 
| 168|0x000000008a800000, 0x000000008a800000, 0x000000008a900000|  0%| F|  |TAMS 0x000000008a800000, 0x000000008a800000| Untracked 
| 169|0x000000008a900000, 0x000000008a900000, 0x000000008aa00000|  0%| F|  |TAMS 0x000000008a900000, 0x000000008a900000| Untracked 
| 170|0x000000008aa00000, 0x000000008aa00000, 0x000000008ab00000|  0%| F|  |TAMS 0x000000008aa00000, 0x000000008aa00000| Untracked 

Card table byte_map: [0x0000000015ce0000,0x00000000160e0000] _byte_map_base: 0x00000000158e0000

Marking Bits (Prev, Next): (CMBitMap*) 0x00000000003f8958, (CMBitMap*) 0x00000000003f8990
 Prev Bits: [0x00000000164e0000, 0x00000000184e0000)
 Next Bits: [0x00000000184e0000, 0x000000001a4e0000)

Polling page: 0x0000000000230000

Metaspace:

Usage:
  Non-class:     94.45 MB capacity,    92.82 MB ( 98%) used,     1.32 MB (  1%) free+waste,   316.56 KB ( <1%) overhead. 
      Class:     14.33 MB capacity,    13.37 MB ( 93%) used,   845.69 KB (  6%) free+waste,   138.81 KB ( <1%) overhead. 
       Both:    108.79 MB capacity,   106.20 MB ( 98%) used,     2.15 MB (  2%) free+waste,   455.38 KB ( <1%) overhead. 

Virtual space:
  Non-class space:       96.00 MB reserved,      94.50 MB ( 98%) committed 
      Class space:        1.00 GB reserved,      14.45 MB (  1%) committed 
             Both:        1.09 GB reserved,     108.95 MB ( 10%) committed 

Chunk freelists:
   Non-Class:  0 bytes
       Class:  9.00 KB
        Both:  9.00 KB

MaxMetaspaceSize: 17179869184.00 GB
CompressedClassSpaceSize: 1.00 GB

CodeHeap 'non-profiled nmethods': size=120064Kb used=12882Kb max_used=12882Kb free=107182Kb
 bounds [0x000000000dbc0000, 0x000000000e880000, 0x0000000015100000]
CodeHeap 'profiled nmethods': size=120000Kb used=36521Kb max_used=37764Kb free=83478Kb
 bounds [0x0000000006690000, 0x0000000008ba0000, 0x000000000dbc0000]
CodeHeap 'non-nmethods': size=5696Kb used=2323Kb max_used=2395Kb free=3372Kb
 bounds [0x0000000006100000, 0x0000000006370000, 0x0000000006690000]
 total_blobs=17750 nmethods=16793 adapters=868
 compilation: enabled
              stopped_count=0, restarted_count=0
 full_count=0

Compilation events (20 events):
Event: 8497.814 Thread 0x000000005d8ef000 nmethod 17816 0x00000000067a3610 code [0x00000000067a3840, 0x00000000067a3f98]
Event: 8497.814 Thread 0x000000005d8ef000 17813       3       com.android.tools.r8.internal.k1::<init> (7 bytes)
Event: 8497.814 Thread 0x000000005d8ef000 nmethod 17813 0x00000000067a3290 code [0x00000000067a3440, 0x00000000067a3568]
Event: 8497.815 Thread 0x000000005d8ed800 nmethod 17790 0x000000000dd4fd10 code [0x000000000dd4fee0, 0x000000000dd508b8]
Event: 8497.815 Thread 0x000000005d8ed800 17802 %     4       com.android.tools.r8.graph.c0::a @ 4 (89 bytes)
Event: 8497.841 Thread 0x000000005d8ed800 nmethod 17802% 0x000000000dd83310 code [0x000000000dd834c0, 0x000000000dd84078]
Event: 8497.841 Thread 0x000000005d8ed800 17815       4       java.lang.String::toCharArray (25 bytes)
Event: 8497.843 Thread 0x000000005d8ed800 nmethod 17815 0x000000000dd33610 code [0x000000000dd337c0, 0x000000000dd33968]
Event: 8497.843 Thread 0x000000005d8ed800 17793       4       com.android.tools.r8.graph.S::<init> (5 bytes)
Event: 8497.843 Thread 0x000000005d8ed800 nmethod 17793 0x000000000dc9c590 code [0x000000000dc9c720, 0x000000000dc9c778]
Event: 8497.872 Thread 0x000000005d8ef000 17817       3       java.util.concurrent.atomic.AtomicReference::<init> (5 bytes)
Event: 8497.873 Thread 0x000000005d8ef000 nmethod 17817 0x00000000067a2e90 code [0x00000000067a3040, 0x00000000067a3198]
Event: 8498.438 Thread 0x000000005d8ef000 17819       3       java.lang.invoke.MemberName::getFactory (4 bytes)
Event: 8498.438 Thread 0x000000005d8ef000 nmethod 17819 0x00000000066a2410 code [0x00000000066a25c0, 0x00000000066a26b8]
Event: 8498.455 Thread 0x000000005d8ef000 17820       3       com.android.tools.r8.internal.Ij::a (12 bytes)
Event: 8498.455 Thread 0x000000005d8ef000 nmethod 17820 0x00000000067a2a90 code [0x00000000067a2c40, 0x00000000067a2d78]
Event: 8498.456 Thread 0x000000005d8ef000 17821       3       com.android.tools.r8.graph.T::a (69 bytes)
Event: 8498.457 Thread 0x000000005d8ef000 nmethod 17821 0x00000000067c0a10 code [0x00000000067c0c80, 0x00000000067c19f8]
Event: 8498.458 Thread 0x000000005d8ef000 17822       3       com.android.tools.r8.graph.X::g (62 bytes)
Event: 8498.460 Thread 0x000000005d8ef000 nmethod 17822 0x00000000067a7810 code [0x00000000067a7a60, 0x00000000067a84e8]

GC Heap History (20 events):
Event: 8485.002 GC heap after
{Heap after GC invocations=96 (full 0):
 garbage-first heap   total 175104K, used 138853K [0x0000000080000000, 0x0000000100000000)
  region size 1024K, 2 young (2048K), 2 survivors (2048K)
 Metaspace       used 105028K, capacity 107473K, committed 107596K, reserved 1142784K
  class space    used 13144K, capacity 14064K, committed 14156K, reserved 1048576K
}
Event: 8488.161 GC heap before
{Heap before GC invocations=96 (full 0):
 garbage-first heap   total 175104K, used 155237K [0x0000000080000000, 0x0000000100000000)
  region size 1024K, 15 young (15360K), 2 survivors (2048K)
 Metaspace       used 105257K, capacity 107724K, committed 107852K, reserved 1142784K
  class space    used 13185K, capacity 14105K, committed 14156K, reserved 1048576K
}
Event: 8488.326 GC heap after
{Heap after GC invocations=97 (full 0):
 garbage-first heap   total 175104K, used 141276K [0x0000000080000000, 0x0000000100000000)
  region size 1024K, 2 young (2048K), 2 survivors (2048K)
 Metaspace       used 105257K, capacity 107724K, committed 107852K, reserved 1142784K
  class space    used 13185K, capacity 14105K, committed 14156K, reserved 1048576K
}
Event: 8488.458 GC heap before
{Heap before GC invocations=97 (full 0):
 garbage-first heap   total 175104K, used 153564K [0x0000000080000000, 0x0000000100000000)
  region size 1024K, 14 young (14336K), 2 survivors (2048K)
 Metaspace       used 105272K, capacity 107724K, committed 107852K, reserved 1142784K
  class space    used 13188K, capacity 14105K, committed 14156K, reserved 1048576K
}
Event: 8488.466 GC heap after
{Heap after GC invocations=98 (full 0):
 garbage-first heap   total 175104K, used 142766K [0x0000000080000000, 0x0000000100000000)
  region size 1024K, 2 young (2048K), 2 survivors (2048K)
 Metaspace       used 105272K, capacity 107724K, committed 107852K, reserved 1142784K
  class space    used 13188K, capacity 14105K, committed 14156K, reserved 1048576K
}
Event: 8489.790 GC heap before
{Heap before GC invocations=98 (full 0):
 garbage-first heap   total 175104K, used 153006K [0x0000000080000000, 0x0000000100000000)
  region size 1024K, 12 young (12288K), 2 survivors (2048K)
 Metaspace       used 105340K, capacity 107864K, committed 108108K, reserved 1142784K
  class space    used 13200K, capacity 14109K, committed 14156K, reserved 1048576K
}
Event: 8489.798 GC heap after
{Heap after GC invocations=99 (full 0):
 garbage-first heap   total 175104K, used 144075K [0x0000000080000000, 0x0000000100000000)
  region size 1024K, 2 young (2048K), 2 survivors (2048K)
 Metaspace       used 105340K, capacity 107864K, committed 108108K, reserved 1142784K
  class space    used 13200K, capacity 14109K, committed 14156K, reserved 1048576K
}
Event: 8491.620 GC heap before
{Heap before GC invocations=99 (full 0):
 garbage-first heap   total 175104K, used 151243K [0x0000000080000000, 0x0000000100000000)
  region size 1024K, 10 young (10240K), 2 survivors (2048K)
 Metaspace       used 105591K, capacity 108126K, committed 108236K, reserved 1142784K
  class space    used 13239K, capacity 14175K, committed 14284K, reserved 1048576K
}
Event: 8491.661 GC heap after
{Heap after GC invocations=100 (full 0):
 garbage-first heap   total 175104K, used 144686K [0x0000000080000000, 0x0000000100000000)
  region size 1024K, 1 young (1024K), 1 survivors (1024K)
 Metaspace       used 105591K, capacity 108126K, committed 108236K, reserved 1142784K
  class space    used 13239K, capacity 14175K, committed 14284K, reserved 1048576K
}
Event: 8492.381 GC heap before
{Heap before GC invocations=100 (full 0):
 garbage-first heap   total 175104K, used 151854K [0x0000000080000000, 0x0000000100000000)
  region size 1024K, 9 young (9216K), 1 survivors (1024K)
 Metaspace       used 105751K, capacity 108287K, committed 108492K, reserved 1142784K
  class space    used 13267K, capacity 14186K, committed 14284K, reserved 1048576K
}
Event: 8492.440 GC heap after
{Heap after GC invocations=101 (full 0):
 garbage-first heap   total 175104K, used 145363K [0x0000000080000000, 0x0000000100000000)
  region size 1024K, 2 young (2048K), 2 survivors (2048K)
 Metaspace       used 105751K, capacity 108287K, committed 108492K, reserved 1142784K
  class space    used 13267K, capacity 14186K, committed 14284K, reserved 1048576K
}
Event: 8493.378 GC heap before
{Heap before GC invocations=101 (full 0):
 garbage-first heap   total 175104K, used 151507K [0x0000000080000000, 0x0000000100000000)
  region size 1024K, 9 young (9216K), 2 survivors (2048K)
 Metaspace       used 105843K, capacity 108360K, committed 108492K, reserved 1142784K
  class space    used 13273K, capacity 14189K, committed 14284K, reserved 1048576K
}
Event: 8493.467 GC heap after
{Heap after GC invocations=102 (full 0):
 garbage-first heap   total 175104K, used 146265K [0x0000000080000000, 0x0000000100000000)
  region size 1024K, 2 young (2048K), 2 survivors (2048K)
 Metaspace       used 105843K, capacity 108360K, committed 108492K, reserved 1142784K
  class space    used 13273K, capacity 14189K, committed 14284K, reserved 1048576K
}
Event: 8493.698 GC heap before
{Heap before GC invocations=102 (full 0):
 garbage-first heap   total 175104K, used 152409K [0x0000000080000000, 0x0000000100000000)
  region size 1024K, 8 young (8192K), 2 survivors (2048K)
 Metaspace       used 105905K, capacity 108456K, committed 108748K, reserved 1144832K
  class space    used 13282K, capacity 14221K, committed 14284K, reserved 1048576K
}
Event: 8493.706 GC heap after
{Heap after GC invocations=103 (full 0):
 garbage-first heap   total 175104K, used 146435K [0x0000000080000000, 0x0000000100000000)
  region size 1024K, 1 young (1024K), 1 survivors (1024K)
 Metaspace       used 105905K, capacity 108456K, committed 108748K, reserved 1144832K
  class space    used 13282K, capacity 14221K, committed 14284K, reserved 1048576K
}
Event: 8494.688 GC heap before
{Heap before GC invocations=103 (full 0):
 garbage-first heap   total 175104K, used 153603K [0x0000000080000000, 0x0000000100000000)
  region size 1024K, 8 young (8192K), 1 survivors (1024K)
 Metaspace       used 106478K, capacity 109003K, committed 109260K, reserved 1144832K
  class space    used 13339K, capacity 14253K, committed 14284K, reserved 1048576K
}
Event: 8494.696 GC heap after
{Heap after GC invocations=104 (full 0):
 garbage-first heap   total 175104K, used 146843K [0x0000000080000000, 0x0000000100000000)
  region size 1024K, 1 young (1024K), 1 survivors (1024K)
 Metaspace       used 106478K, capacity 109003K, committed 109260K, reserved 1144832K
  class space    used 13339K, capacity 14253K, committed 14284K, reserved 1048576K
}
Event: 8497.016 GC heap before
{Heap before GC invocations=104 (full 0):
 garbage-first heap   total 175104K, used 154011K [0x0000000080000000, 0x0000000100000000)
  region size 1024K, 8 young (8192K), 1 survivors (1024K)
 Metaspace       used 107711K, capacity 110336K, committed 110540K, reserved 1144832K
  class space    used 13540K, capacity 14515K, committed 14540K, reserved 1048576K
}
Event: 8497.098 GC heap after
{Heap after GC invocations=105 (full 0):
 garbage-first heap   total 175104K, used 147316K [0x0000000080000000, 0x0000000100000000)
  region size 1024K, 1 young (1024K), 1 survivors (1024K)
 Metaspace       used 107711K, capacity 110336K, committed 110540K, reserved 1144832K
  class space    used 13540K, capacity 14515K, committed 14540K, reserved 1048576K
}
Event: 8498.751 GC heap before
{Heap before GC invocations=105 (full 0):
 garbage-first heap   total 175104K, used 154484K [0x0000000080000000, 0x0000000100000000)
  region size 1024K, 8 young (8192K), 1 survivors (1024K)
 Metaspace       used 108746K, capacity 111400K, committed 111564K, reserved 1146880K
  class space    used 13694K, capacity 14679K, committed 14796K, reserved 1048576K
}

Deoptimization events (20 events):
Event: 8494.024 Thread 0x000000005ed00800 Uncommon trap: trap_request=0xffffff4d fr.pc=0x000000000e12ddf0 relative=0x0000000000000190
Event: 8494.024 Thread 0x000000005ed00800 Uncommon trap: reason=unstable_if action=reinterpret pc=0x000000000e12ddf0 method=com.google.common.collect.MapMakerInternalMap$Segment.getEntry(Ljava/lang/Object;I)Lcom/google/common/collect/MapMakerInternalMap$InternalEntry; @ 63 c2
Event: 8494.024 Thread 0x000000005ed00800 DEOPT PACKING pc=0x000000000e12ddf0 sp=0x000000006c4f8ce0
Event: 8494.024 Thread 0x000000005ed00800 DEOPT UNPACKING pc=0x0000000006126929 sp=0x000000006c4f8c98 mode 2
Event: 8497.240 Thread 0x000000005ed01000 Uncommon trap: trap_request=0xffffff4d fr.pc=0x000000000dcfb584 relative=0x0000000000000844
Event: 8497.240 Thread 0x000000005ed00800 Uncommon trap: trap_request=0xffffff4d fr.pc=0x000000000dcfb584 relative=0x0000000000000844
Event: 8497.240 Thread 0x000000005ed01000 Uncommon trap: reason=unstable_if action=reinterpret pc=0x000000000dcfb584 method=com.android.tools.r8.graph.c0.a(C)I @ 1 c2
Event: 8497.240 Thread 0x000000005ed00800 Uncommon trap: reason=unstable_if action=reinterpret pc=0x000000000dcfb584 method=com.android.tools.r8.graph.c0.a(C)I @ 1 c2
Event: 8497.240 Thread 0x000000005ed00800 DEOPT PACKING pc=0x000000000dcfb584 sp=0x000000006c4fac40
Event: 8497.240 Thread 0x000000005ed01000 DEOPT PACKING pc=0x000000000dcfb584 sp=0x000000006985a8f0
Event: 8497.240 Thread 0x000000005ed00800 DEOPT UNPACKING pc=0x0000000006126929 sp=0x000000006c4fab98 mode 2
Event: 8497.240 Thread 0x000000005ed01000 DEOPT UNPACKING pc=0x0000000006126929 sp=0x000000006985a848 mode 2
Event: 8497.240 Thread 0x000000005ed01000 Uncommon trap: trap_request=0xffffff4d fr.pc=0x000000000dce508c relative=0x000000000000006c
Event: 8497.240 Thread 0x000000005ed01000 Uncommon trap: reason=unstable_if action=reinterpret pc=0x000000000dce508c method=com.android.tools.r8.graph.c0.a(C[BI)I @ 1 c2
Event: 8497.240 Thread 0x000000005ed01000 DEOPT PACKING pc=0x000000000dce508c sp=0x000000006985a890
Event: 8497.240 Thread 0x000000005ed01000 DEOPT UNPACKING pc=0x0000000006126929 sp=0x000000006985a830 mode 2
Event: 8497.749 Thread 0x000000005ed01000 Uncommon trap: trap_request=0xffffff4d fr.pc=0x000000000dcf5924 relative=0x0000000000000084
Event: 8497.749 Thread 0x000000005ed01000 Uncommon trap: reason=unstable_if action=reinterpret pc=0x000000000dcf5924 method=com.android.tools.r8.internal.Ye.d(I)Z @ 45 c2
Event: 8497.749 Thread 0x000000005ed01000 DEOPT PACKING pc=0x000000000dcf5924 sp=0x000000006985a9b0
Event: 8497.749 Thread 0x000000005ed01000 DEOPT UNPACKING pc=0x0000000006126929 sp=0x000000006985a940 mode 2

Classes redefined (0 events):
No events

Internal exceptions (20 events):
Event: 7905.058 Thread 0x0000000060a74000 Implicit null exception at 0x000000000e5db0dd to 0x000000000e5dd6ec
Event: 7905.058 Thread 0x0000000060a74000 Implicit null exception at 0x000000000e5ae179 to 0x000000000e5ae8c0
Event: 8462.996 Thread 0x00000000615aa800 Exception <a 'sun/nio/fs/WindowsException'{0x00000000899eda80}> (0x00000000899eda80) thrown at [./src/hotspot/share/prims/jni.cpp, line 615]
Event: 8463.508 Thread 0x00000000615aa800 Exception <a 'sun/nio/fs/WindowsException'{0x000000008a391528}> (0x000000008a391528) thrown at [./src/hotspot/share/prims/jni.cpp, line 615]
Event: 8463.678 Thread 0x00000000615aa800 Exception <a 'sun/nio/fs/WindowsException'{0x000000008a233448}> (0x000000008a233448) thrown at [./src/hotspot/share/prims/jni.cpp, line 615]
Event: 8463.678 Thread 0x00000000615aa800 Exception <a 'sun/nio/fs/WindowsException'{0x000000008a234518}> (0x000000008a234518) thrown at [./src/hotspot/share/prims/jni.cpp, line 615]
Event: 8463.678 Thread 0x00000000615aa800 Exception <a 'sun/nio/fs/WindowsException'{0x000000008a235898}> (0x000000008a235898) thrown at [./src/hotspot/share/prims/jni.cpp, line 615]
Event: 8463.678 Thread 0x00000000615aa800 Exception <a 'sun/nio/fs/WindowsException'{0x000000008a2369b8}> (0x000000008a2369b8) thrown at [./src/hotspot/share/prims/jni.cpp, line 615]
Event: 8467.837 Thread 0x0000000065755000 Implicit null exception at 0x000000000e38aeb0 to 0x000000000e38af88
Event: 8492.468 Thread 0x000000005ed00800 Exception <a 'sun/nio/fs/WindowsException'{0x000000008aa224e0}> (0x000000008aa224e0) thrown at [./src/hotspot/share/prims/jni.cpp, line 615]
Event: 8492.468 Thread 0x000000005ecfc000 Exception <a 'sun/nio/fs/WindowsException'{0x000000008aa29388}> (0x000000008aa29388) thrown at [./src/hotspot/share/prims/jni.cpp, line 615]
Event: 8493.213 Thread 0x000000005ed01000 Exception <a 'sun/nio/fs/WindowsException'{0x000000008a71da60}> (0x000000008a71da60) thrown at [./src/hotspot/share/prims/jni.cpp, line 615]
Event: 8493.570 Thread 0x000000005ed03000 Exception <a 'sun/nio/fs/WindowsException'{0x000000008a849e90}> (0x000000008a849e90) thrown at [./src/hotspot/share/prims/jni.cpp, line 615]
Event: 8496.476 Thread 0x000000005ed03000 Exception <a 'java/lang/NoSuchMethodError'{0x000000008a6b4be8}: 'java.lang.Object java.lang.invoke.DirectMethodHandle$Holder.invokeStatic(java.lang.Object, java.lang.Object, java.lang.Object, java.lang.Object, java.lang.Object, java.lang.Object, java.lang.Object, java.lang.Object, java.lang.Object, java.lang.Object, java.lang.Object, java.lang.Object, java.lang.Object, java.lang.Object, java.lang.Object, java.lang.Object, java.lang.Object, java.lang.Object, int, java.lang.Object)'> (0x000000008a6b4be8) thr
Event: 8496.477 Thread 0x000000005ed03000 Exception <a 'java/lang/NoSuchMethodError'{0x000000008a6baec0}: 'java.lang.Object java.lang.invoke.DirectMethodHandle$Holder.invokeStaticInit(java.lang.Object, java.lang.Object, java.lang.Object, java.lang.Object, java.lang.Object, java.lang.Object, java.lang.Object, java.lang.Object, java.lang.Object, java.lang.Object, java.lang.Object, java.lang.Object, java.lang.Object, java.lang.Object, java.lang.Object, java.lang.Object, java.lang.Object, java.lang.Object, int, java.lang.Object)'> (0x000000008a6baec0)
Event: 8496.813 Thread 0x000000005ecfc000 Exception <a 'java/lang/IncompatibleClassChangeError'{0x000000008a5e2410}: Found class java.lang.Object, but interface was expected> (0x000000008a5e2410) thrown at [./src/hotspot/share/interpreter/linkResolver.cpp, line 839]
Event: 8498.454 Thread 0x000000005ed00800 Exception <a 'java/lang/NoSuchMethodError'{0x000000008a6ba118}: 'int java.lang.invoke.DirectMethodHandle$Holder.invokeVirtual(java.lang.Object, java.lang.Object, java.lang.Object, java.lang.Object)'> (0x000000008a6ba118) thrown at [./src/hotspot/share/interpreter/linkResolver.cpp, line 773]
Event: 8498.454 Thread 0x000000005ed01000 Exception <a 'java/lang/NoSuchMethodError'{0x000000008a6714a8}: 'int java.lang.invoke.DirectMethodHandle$Holder.invokeVirtual(java.lang.Object, java.lang.Object, java.lang.Object, java.lang.Object)'> (0x000000008a6714a8) thrown at [./src/hotspot/share/interpreter/linkResolver.cpp, line 773]
Event: 8498.454 Thread 0x000000005ed03000 Exception <a 'java/lang/NoSuchMethodError'{0x000000008a6c5ed8}: 'int java.lang.invoke.DirectMethodHandle$Holder.invokeVirtual(java.lang.Object, java.lang.Object, java.lang.Object, java.lang.Object)'> (0x000000008a6c5ed8) thrown at [./src/hotspot/share/interpreter/linkResolver.cpp, line 773]
Event: 8498.456 Thread 0x000000005ecfc000 Exception <a 'java/lang/NoSuchMethodError'{0x000000008a6cfb48}: 'int java.lang.invoke.DirectMethodHandle$Holder.invokeVirtual(java.lang.Object, java.lang.Object, java.lang.Object, java.lang.Object)'> (0x000000008a6cfb48) thrown at [./src/hotspot/share/interpreter/linkResolver.cpp, line 773]

Events (20 events):
Event: 8498.700 loading class com/android/tools/r8/internal/u6 done
Event: 8498.700 loading class com/android/tools/r8/graph/z
Event: 8498.700 loading class com/android/tools/r8/graph/z done
Event: 8498.700 loading class com/android/tools/r8/internal/u6
Event: 8498.700 loading class com/android/tools/r8/internal/u6 done
Event: 8498.704 loading class com/android/tools/r8/ProgramResource
Event: 8498.704 loading class com/android/tools/r8/ProgramResource done
Event: 8498.704 loading class com/android/tools/r8/ProgramResource
Event: 8498.704 loading class com/android/tools/r8/ProgramResource done
Event: 8498.704 loading class com/android/builder/dexing/r8/CachingArchiveClassFileProvider
Event: 8498.704 loading class com/android/builder/dexing/r8/CachingArchiveClassFileProvider done
Event: 8498.705 loading class com/android/tools/r8/internal/x3
Event: 8498.705 loading class com/android/tools/r8/internal/x3 done
Event: 8498.722 loading class com/android/tools/r8/internal/w3
Event: 8498.722 loading class com/android/tools/r8/internal/w3 done
Event: 8498.731 Executing VM operation: RevokeBias
Event: 8498.732 Executing coalesced safepoint VM operation: RevokeBias
Event: 8498.732 Executing coalesced safepoint VM operation: RevokeBias done
Event: 8498.732 Executing VM operation: RevokeBias done
Event: 8498.751 Executing VM operation: G1CollectForAllocation


Dynamic libraries:
0x000000013f0c0000 - 0x000000013f0ca000 	C:\Program Files\Android\Android Studio\jre\bin\java.exe
0x0000000076fe0000 - 0x0000000077189000 	C:\Windows\SYSTEM32\ntdll.dll
0x0000000076ec0000 - 0x0000000076fdf000 	C:\Windows\system32\kernel32.dll
0x000007fefd250000 - 0x000007fefd2bc000 	C:\Windows\system32\KERNELBASE.dll
0x000007fef3b70000 - 0x000007fef3b89000 	C:\Program Files\Android\Android Studio\jre\bin\jli.dll
0x000007fefba00000 - 0x000007fefbbf4000 	C:\Windows\WinSxS\amd64_microsoft.windows.common-controls_6595b64144ccf1df_6.0.7601.17514_none_fa396087175ac9ac\COMCTL32.dll
0x000007fefdd10000 - 0x000007fefddaf000 	C:\Windows\system32\msvcrt.dll
0x000007fefd5a0000 - 0x000007fefd607000 	C:\Windows\system32\GDI32.dll
0x0000000076dc0000 - 0x0000000076eba000 	C:\Windows\system32\USER32.dll
0x000007fefdd00000 - 0x000007fefdd0e000 	C:\Windows\system32\LPK.dll
0x000007fefd9b0000 - 0x000007fefda79000 	C:\Windows\system32\USP10.dll
0x000007fefddb0000 - 0x000007fefde21000 	C:\Windows\system32\SHLWAPI.dll
0x000007fef4940000 - 0x000007fef4957000 	C:\Program Files\Android\Android Studio\jre\bin\VCRUNTIME140.dll
0x000007fefa730000 - 0x000007fefa734000 	C:\Windows\system32\api-ms-win-crt-runtime-l1-1-0.dll
0x000007fef3c70000 - 0x000007fef3d62000 	C:\Windows\system32\ucrtbase.DLL
0x000007fef76b0000 - 0x000007fef76b3000 	C:\Windows\system32\api-ms-win-core-timezone-l1-1-0.dll
0x000007fef76a0000 - 0x000007fef76a3000 	C:\Windows\system32\api-ms-win-core-file-l2-1-0.dll
0x000007fef65d0000 - 0x000007fef65d3000 	C:\Windows\system32\api-ms-win-core-localization-l1-2-0.dll
0x000007fef92c0000 - 0x000007fef92c3000 	C:\Windows\system32\api-ms-win-core-synch-l1-2-0.dll
0x000007fef6510000 - 0x000007fef6513000 	C:\Windows\system32\api-ms-win-core-processthreads-l1-1-1.dll
0x000007fef6500000 - 0x000007fef6503000 	C:\Windows\system32\api-ms-win-core-file-l1-2-0.dll
0x000007fef64e0000 - 0x000007fef64e4000 	C:\Windows\system32\api-ms-win-crt-string-l1-1-0.dll
0x000007fef64f0000 - 0x000007fef64f3000 	C:\Windows\system32\api-ms-win-crt-heap-l1-1-0.dll
0x000007fef64b0000 - 0x000007fef64b4000 	C:\Windows\system32\api-ms-win-crt-stdio-l1-1-0.dll
0x000007fef6220000 - 0x000007fef6224000 	C:\Windows\system32\api-ms-win-crt-convert-l1-1-0.dll
0x000007fef6210000 - 0x000007fef6213000 	C:\Windows\system32\api-ms-win-crt-environment-l1-1-0.dll
0x000007fef61e0000 - 0x000007fef61e3000 	C:\Windows\system32\api-ms-win-crt-filesystem-l1-1-0.dll
0x000007fef61f0000 - 0x000007fef61f5000 	C:\Windows\system32\api-ms-win-crt-math-l1-1-0.dll
0x000007fef4c50000 - 0x000007fef4c53000 	C:\Windows\system32\api-ms-win-crt-locale-l1-1-0.dll
0x000007fefd610000 - 0x000007fefd63e000 	C:\Windows\system32\IMM32.DLL
0x000007fefd8a0000 - 0x000007fefd9a9000 	C:\Windows\system32\MSCTF.dll
0x000007feefbe0000 - 0x000007feefc7d000 	C:\Program Files\Android\Android Studio\jre\bin\msvcp140.dll
0x000007fef4dd0000 - 0x000007fef4dd5000 	C:\Windows\system32\api-ms-win-crt-multibyte-l1-1-0.dll
0x000007fef61d0000 - 0x000007fef61d3000 	C:\Windows\system32\api-ms-win-crt-time-l1-1-0.dll
0x000007fef6200000 - 0x000007fef6203000 	C:\Windows\system32\api-ms-win-crt-utility-l1-1-0.dll
0x000007fef1680000 - 0x000007fef214f000 	C:\Program Files\Android\Android Studio\jre\bin\server\jvm.dll
0x000007feff210000 - 0x000007feff2eb000 	C:\Windows\system32\ADVAPI32.dll
0x000007fefde30000 - 0x000007fefde4f000 	C:\Windows\SYSTEM32\sechost.dll
0x000007fefd300000 - 0x000007fefd42d000 	C:\Windows\system32\RPCRT4.dll
0x000007fefa7b0000 - 0x000007fefa7b9000 	C:\Windows\system32\WSOCK32.dll
0x000007feff1c0000 - 0x000007feff20d000 	C:\Windows\system32\WS2_32.dll
0x000007fefd590000 - 0x000007fefd598000 	C:\Windows\system32\NSI.dll
0x000007fef8ac0000 - 0x000007fef8afb000 	C:\Windows\system32\WINMM.dll
0x000007fefc090000 - 0x000007fefc09c000 	C:\Windows\system32\VERSION.dll
0x00000000771a0000 - 0x00000000771a7000 	C:\Windows\system32\PSAPI.DLL
0x000007fef4e20000 - 0x000007fef4e31000 	C:\Program Files\Android\Android Studio\jre\bin\verify.dll
0x000007fef7560000 - 0x000007fef7685000 	C:\Windows\system32\DBGHELP.DLL
0x000007fef4df0000 - 0x000007fef4e19000 	C:\Program Files\Android\Android Studio\jre\bin\java.dll
0x000007fef61c0000 - 0x000007fef61cb000 	C:\Program Files\Android\Android Studio\jre\bin\jimage.dll
0x000007fefa650000 - 0x000007fefa668000 	C:\Program Files\Android\Android Studio\jre\bin\zip.dll
0x000007fefe060000 - 0x000007fefede8000 	C:\Windows\system32\SHELL32.dll
0x000007fefde50000 - 0x000007fefe053000 	C:\Windows\system32\ole32.dll
0x000007fefcf30000 - 0x000007fefcf3f000 	C:\Windows\system32\profapi.dll
0x000007fef4db0000 - 0x000007fef4dca000 	C:\Program Files\Android\Android Studio\jre\bin\net.dll
0x000007fefa2b0000 - 0x000007fefa321000 	C:\Windows\system32\WINHTTP.dll
0x000007fefa240000 - 0x000007fefa2a4000 	C:\Windows\system32\webio.dll
0x000007fefc7a0000 - 0x000007fefc7f5000 	C:\Windows\system32\mswsock.dll
0x000007fefc790000 - 0x000007fefc797000 	C:\Windows\System32\wship6.dll
0x000007fef4d90000 - 0x000007fef4da4000 	C:\Program Files\Android\Android Studio\jre\bin\nio.dll
0x000007fef3b90000 - 0x000007fef3bb7000 	C:\Users\Dell\.gradle\native\8bec1ad78214c89d9ad589b4d07fe93259594b29d510b10fafb7a158f7737e5d\windows-amd64\native-platform.dll
0x000007feeee80000 - 0x000007feeefbd000 	C:\Users\Dell\.gradle\native\53dbd7edfb1c66fb8903c78663c9afc45aea4f116125fa6feffd364cf09443e8\windows-amd64\native-platform-file-events.dll
0x000007fef6020000 - 0x000007fef602a000 	C:\Program Files\Android\Android Studio\jre\bin\management.dll
0x000007fef4c70000 - 0x000007fef4c7c000 	C:\Program Files\Android\Android Studio\jre\bin\management_ext.dll
0x000007fefc800000 - 0x000007fefc817000 	C:\Windows\system32\CRYPTSP.dll
0x000007fefc500000 - 0x000007fefc547000 	C:\Windows\system32\rsaenh.dll
0x000007fefc270000 - 0x000007fefc28e000 	C:\Windows\system32\USERENV.dll
0x000007fefce60000 - 0x000007fefce6f000 	C:\Windows\system32\CRYPTBASE.dll
0x000007fefa3f0000 - 0x000007fefa417000 	C:\Windows\system32\IPHLPAPI.DLL
0x000007fefa490000 - 0x000007fefa49b000 	C:\Windows\system32\WINNSI.DLL
0x000007fefa370000 - 0x000007fefa388000 	C:\Windows\system32\dhcpcsvc.DLL
0x000007fef9b60000 - 0x000007fef9b71000 	C:\Windows\system32\dhcpcsvc6.DLL
0x000007fefce00000 - 0x000007fefce57000 	C:\Windows\system32\apphelp.dll
0x000007fef3210000 - 0x000007fef322e000 	C:\Users\Dell\AppData\Local\Temp\native-platform307025070650540095dir\native-platform.dll

dbghelp: loaded successfully - version: 4.0.5 - missing functions: none
symbol engine: initialized successfully - sym options: 0x614 - pdb path: .;C:\Program Files\Android\Android Studio\jre\bin;C:\Windows\SYSTEM32;C:\Windows\WinSxS\amd64_microsoft.windows.common-controls_6595b64144ccf1df_6.0.7601.17514_none_fa396087175ac9ac;C:\Program Files\Android\Android Studio\jre\bin\server;C:\Users\Dell\.gradle\native\8bec1ad78214c89d9ad589b4d07fe93259594b29d510b10fafb7a158f7737e5d\windows-amd64;C:\Users\Dell\.gradle\native\53dbd7edfb1c66fb8903c78663c9afc45aea4f116125fa6feffd364cf09443e8\windows-amd64;C:\Users\Dell\AppData\Local\Temp\native-platform307025070650540095dir

VM Arguments:
jvm_args: --add-opens=java.base/java.util=ALL-UNNAMED --add-opens=java.base/java.lang=ALL-UNNAMED --add-opens=java.base/java.lang.invoke=ALL-UNNAMED --add-opens=java.base/java.util=ALL-UNNAMED --add-opens=java.prefs/java.util.prefs=ALL-UNNAMED --add-opens=java.prefs/java.util.prefs=ALL-UNNAMED --add-opens=java.base/java.nio.charset=ALL-UNNAMED --add-opens=java.base/java.net=ALL-UNNAMED --add-opens=java.base/java.util.concurrent.atomic=ALL-UNNAMED -Xmx2048m -Dfile.encoding=UTF-8 -Duser.country=IN -Duser.language=en -Duser.variant 
java_command: org.gradle.launcher.daemon.bootstrap.GradleDaemon 7.0.2
java_class_path (initial): C:\Users\Dell\.gradle\wrapper\dists\gradle-7.0.2-bin\857tjihv64xamwrf0h14cai3r\gradle-7.0.2\lib\gradle-launcher-7.0.2.jar
Launcher Type: SUN_STANDARD

[Global flags]
     intx CICompilerCount                          = 3                                         {product} {ergonomic}
     uint ConcGCThreads                            = 1                                         {product} {ergonomic}
     uint G1ConcRefinementThreads                  = 4                                         {product} {ergonomic}
   size_t G1HeapRegionSize                         = 1048576                                   {product} {ergonomic}
    uintx GCDrainStackTargetSize                   = 64                                        {product} {ergonomic}
   size_t InitialHeapSize                          = 65011712                                  {product} {ergonomic}
   size_t MarkStackSize                            = 4194304                                   {product} {ergonomic}
   size_t MaxHeapSize                              = 2147483648                                {product} {command line}
   size_t MaxNewSize                               = 1287651328                                {product} {ergonomic}
   size_t MinHeapDeltaBytes                        = 1048576                                   {product} {ergonomic}
    uintx NonNMethodCodeHeapSize                   = 5830732                                {pd product} {ergonomic}
    uintx NonProfiledCodeHeapSize                  = 122913754                              {pd product} {ergonomic}
    uintx ProfiledCodeHeapSize                     = 122913754                              {pd product} {ergonomic}
    uintx ReservedCodeCacheSize                    = 251658240                              {pd product} {ergonomic}
     bool SegmentedCodeCache                       = true                                      {product} {ergonomic}
     bool UseCompressedClassPointers               = true                                 {lp64_product} {ergonomic}
     bool UseCompressedOops                        = true                                 {lp64_product} {ergonomic}
     bool UseG1GC                                  = true                                      {product} {ergonomic}
     bool UseLargePagesIndividualAllocation        = false                                  {pd product} {ergonomic}

Logging:
Log output configuration:
 #0: stdout all=warning uptime,level,tags
 #1: stderr all=off uptime,level,tags

Environment Variables:
PATH=C:\Program Files (x86)\Common Files\Oracle\Java\javapath;C:\Program Files\Java\jdk-14.0.2/bin;C:\Program Files\apktool;C:\Program Files (x86)\Paragon Software\LinuxFS for Windows\;C:\Users\Dell\AppData\Local\Programs\Python\Python38\Scripts\;C:\Users\Dell\AppData\Local\Programs\Python\Python38\
USERNAME=Dell
OS=Windows_NT
PROCESSOR_IDENTIFIER=Intel64 Family 6 Model 37 Stepping 5, GenuineIntel



---------------  S Y S T E M  ---------------

OS: Windows 7 , 64 bit Build 7601 (6.1.7601.17617)
OS uptime: 1 days 20:59 hours

CPU:total 4 (initial active 4) (2 cores per cpu, 2 threads per core) family 6 model 37 stepping 5 microcode 0x0, cmov, cx8, fxsr, mmx, sse, sse2, sse3, ssse3, sse4.1, sse4.2, popcnt, ht, tsc, tscinvbit

Memory: 4k page, system-wide physical 3894M (500M free)
TotalPageFile size 6133M (AvailPageFile size 47M)
current process WorkingSet (physical memory assigned to process): 303M, peak: 444M
current process commit charge ("private bytes"): 478M, peak: 533M

vm_info: OpenJDK 64-Bit Server VM (11.0.10+0-b96-7249189) for windows-amd64 JRE (11.0.10+0-b96-7249189), built on Mar 31 2021 21:44:00 by "builder" with MS VC++ 14.0 (VS2015)

END.
