#
# There is insufficient memory for the Java Runtime Environment to continue.
# Native memory allocation (malloc) failed to allocate 319888 bytes for Chunk::new
# Possible reasons:
#   The system is out of physical RAM or swap space
#   The process is running with CompressedOops enabled, and the Java Heap may be blocking the growth of the native heap
# Possible solutions:
#   Reduce memory load on the system
#   Increase physical memory or swap space
#   Check if swap backing store is full
#   Decrease Java heap size (-Xmx/-Xms)
#   Decrease number of Java threads
#   Decrease Java thread stack sizes (-Xss)
#   Set larger code cache with -XX:ReservedCodeCacheSize=
#   JVM is running with Unscaled Compressed Oops mode in which the Java heap is
#     placed in the first 4GB address space. The Java Heap base address is the
#     maximum limit for the native heap growth. Please use -XX:HeapBaseMinAddress
#     to set the Java Heap base and to place the Java Heap above 4GB virtual address.
# This output file may be truncated or incomplete.
#
#  Out of Memory Error (allocation.cpp:389), pid=2844, tid=0x0000000000000cec
#
# JRE version: Java(TM) SE Runtime Environment (8.0_301-b09) (build 1.8.0_301-b09)
# Java VM: Java HotSpot(TM) 64-Bit Server VM (25.301-b09 mixed mode windows-amd64 compressed oops)
# Failed to write core dump. Minidumps are not enabled by default on client versions of Windows
#

---------------  T H R E A D  ---------------

Current thread (0x000000005763e000):  JavaThread "C2 CompilerThread1" daemon [_thread_in_native, id=3308, stack(0x0000000058ec0000,0x0000000058fc0000)]

Stack: [0x0000000058ec0000,0x0000000058fc0000]
Native frames: (J=compiled Java code, j=interpreted, Vv=VM code, C=native code)
V  [jvm.dll+0x32ed79]


Current CompileTask:
C2:  14876 2982       4       jdk.internal.org.objectweb.asm.Frame::execute (2252 bytes)


---------------  P R O C E S S  ---------------

Java Threads: ( => current thread )
  0x000000005c246000 JavaThread "Cache worker for Build Output Cleanup Cache (C:\Users\Dell\AndroidStudioProjects\NoteApp\.gradle\buildOutputCleanup)" [_thread_blocked, id=6008, stack(0x00000000630c0000,0x00000000631c0000)]
  0x000000005c245000 JavaThread "jar transforms Thread 3" [_thread_blocked, id=4720, stack(0x0000000062ac0000,0x0000000062bc0000)]
  0x000000005c244800 JavaThread "Cache worker for dependencies-accessors (C:\Users\Dell\AndroidStudioProjects\NoteApp\.gradle\7.0.2\dependencies-accessors)" [_thread_blocked, id=5968, stack(0x00000000626c0000,0x00000000627c0000)]
  0x000000005c243000 JavaThread "Cache worker for file content cache (C:\Users\Dell\.gradle\caches\7.0.2\fileContent)" [_thread_blocked, id=5868, stack(0x00000000622d0000,0x00000000623d0000)]
  0x000000005c242000 JavaThread "jar transforms Thread 2" [_thread_blocked, id=4272, stack(0x00000000621a0000,0x00000000622a0000)]
  0x000000005c241800 JavaThread "jar transforms" [_thread_blocked, id=5908, stack(0x0000000061550000,0x0000000061650000)]
  0x000000005c240800 JavaThread "Cache worker for execution history cache (C:\Users\Dell\.gradle\caches\7.0.2\executionHistory)" [_thread_blocked, id=4160, stack(0x00000000618f0000,0x00000000619f0000)]
  0x000000005c240000 JavaThread "Cache worker for cache directory md-rule (C:\Users\Dell\.gradle\caches\7.0.2\md-rule)" [_thread_blocked, id=3824, stack(0x0000000061700000,0x0000000061800000)]
  0x000000005c23f000 JavaThread "Cache worker for cache directory md-supplier (C:\Users\Dell\.gradle\caches\7.0.2\md-supplier)" [_thread_blocked, id=1404, stack(0x0000000059440000,0x0000000059540000)]
  0x000000005c23e800 JavaThread "Cache worker for checksums cache (C:\Users\Dell\AndroidStudioProjects\NoteApp\.gradle\checksums)" [_thread_blocked, id=1504, stack(0x0000000061230000,0x0000000061330000)]
  0x000000005c23d800 JavaThread "File watcher consumer" daemon [_thread_blocked, id=1488, stack(0x000000005ff70000,0x0000000060070000)]
  0x000000005c23d000 JavaThread "File watcher server" daemon [_thread_in_native, id=2384, stack(0x000000005c9c0000,0x000000005cac0000)]
  0x000000005c23c000 JavaThread "Cache worker for file hash cache (C:\Users\Dell\AndroidStudioProjects\NoteApp\.gradle\7.0.2\fileHashes)" [_thread_blocked, id=5696, stack(0x00000000610c0000,0x00000000611c0000)]
  0x000000005c23b800 JavaThread "Cache worker for journal cache (C:\Users\Dell\.gradle\caches\journal-1)" [_thread_blocked, id=2388, stack(0x000000005f9e0000,0x000000005fae0000)]
  0x000000005c23a800 JavaThread "File lock request listener" [_thread_in_native, id=3204, stack(0x000000005e880000,0x000000005e980000)]
  0x000000005c23a000 JavaThread "Cache worker for file hash cache (C:\Users\Dell\.gradle\caches\7.0.2\fileHashes)" [_thread_blocked, id=2552, stack(0x000000005e6a0000,0x000000005e7a0000)]
  0x000000005b468800 JavaThread "Daemon client event forwarder" [_thread_blocked, id=360, stack(0x000000005cd90000,0x000000005ce90000)]
  0x000000005b0b0800 JavaThread "Stdin handler" [_thread_blocked, id=4952, stack(0x000000005d2f0000,0x000000005d3f0000)]
  0x000000005b0ad000 JavaThread "Asynchronous log dispatcher for DefaultDaemonConnection: socket connection from /127.0.0.1:63674 to /127.0.0.1:63675" [_thread_blocked, id=5744, stack(0x000000005cef0000,0x000000005cff0000)]
  0x000000005b0aa800 JavaThread "Daemon worker" [_thread_in_vm, id=4820, stack(0x000000005c740000,0x000000005c840000)]
  0x000000005b0a5800 JavaThread "Cancel handler" [_thread_blocked, id=2380, stack(0x000000005cc70000,0x000000005cd70000)]
  0x000000005abd0000 JavaThread "Handler for socket connection from /127.0.0.1:63674 to /127.0.0.1:63675" [_thread_in_native, id=5220, stack(0x000000005cac0000,0x000000005cbc0000)]
  0x000000005abc7800 JavaThread "Daemon" [_thread_blocked, id=4608, stack(0x000000005c8c0000,0x000000005c9c0000)]
  0x000000005aad0800 JavaThread "Daemon periodic checks" [_thread_blocked, id=5332, stack(0x0000000059010000,0x0000000059110000)]
  0x000000005aa37000 JavaThread "Incoming local TCP Connector on port 63674" [_thread_in_native, id=5152, stack(0x000000005c630000,0x000000005c730000)]
  0x000000005b4bf800 JavaThread "Daemon health stats" [_thread_blocked, id=3540, stack(0x0000000058ae0000,0x0000000058be0000)]
  0x00000000576b5800 JavaThread "Service Thread" daemon [_thread_blocked, id=5184, stack(0x0000000059340000,0x0000000059440000)]
  0x000000005764a000 JavaThread "C1 CompilerThread2" daemon [_thread_blocked, id=6136, stack(0x0000000059140000,0x0000000059240000)]
=>0x000000005763e000 JavaThread "C2 CompilerThread1" daemon [_thread_in_native, id=3308, stack(0x0000000058ec0000,0x0000000058fc0000)]
  0x0000000057636800 JavaThread "C2 CompilerThread0" daemon [_thread_in_native, id=5444, stack(0x0000000058d40000,0x0000000058e40000)]
  0x0000000057632000 JavaThread "Attach Listener" daemon [_thread_blocked, id=5216, stack(0x0000000058bf0000,0x0000000058cf0000)]
  0x0000000057630800 JavaThread "Signal Dispatcher" daemon [_thread_blocked, id=3256, stack(0x0000000058730000,0x0000000058830000)]
  0x000000000015b800 JavaThread "Finalizer" daemon [_thread_blocked, id=4416, stack(0x00000000589e0000,0x0000000058ae0000)]
  0x00000000575d1800 JavaThread "Reference Handler" daemon [_thread_blocked, id=4396, stack(0x0000000058890000,0x0000000058990000)]
  0x00000000000c9800 JavaThread "main" [_thread_blocked, id=4424, stack(0x00000000020b0000,0x00000000021b0000)]

Other Threads:
  0x00000000575d0000 VMThread [stack: 0x00000000585e0000,0x00000000586e0000] [id=3500]
  0x00000000576db800 WatcherThread [stack: 0x0000000059540000,0x0000000059640000] [id=2860]

VM state:not at safepoint (normal execution)

VM Mutex/Monitor currently owned by a thread: None

heap address: 0x0000000080000000, size: 2048 MB, Compressed Oops mode: 32-bit
Narrow klass base: 0x0000000000000000, Narrow klass shift: 0
Compressed class space size: 1073741824 Address: 0x0000000016b20000

Heap:
 PSYoungGen      total 93184K, used 68956K [0x00000000d5580000, 0x00000000dd900000, 0x0000000100000000)
  eden space 82432K, 83% used [0x00000000d5580000,0x00000000d98d7360,0x00000000da600000)
  from space 10752K, 0% used [0x00000000da600000,0x00000000da600000,0x00000000db080000)
  to   space 10752K, 0% used [0x00000000dce80000,0x00000000dce80000,0x00000000dd900000)
 ParOldGen       total 34816K, used 15568K [0x0000000080000000, 0x0000000082200000, 0x00000000d5580000)
  object space 34816K, 44% used [0x0000000080000000,0x0000000080f340f8,0x0000000082200000)
 Metaspace       used 36429K, capacity 38018K, committed 38144K, reserved 1081344K
  class space    used 5210K, capacity 5559K, committed 5632K, reserved 1048576K

Card table byte_map: [0x0000000011840000,0x0000000011c50000] byte_map_base: 0x0000000011440000

Marking Bits: (ParMarkBitMap*) 0x000000006fc57fe0
 Begin Bits: [0x0000000012720000, 0x0000000014720000)
 End Bits:   [0x0000000014720000, 0x0000000016720000)

Polling page: 0x0000000001f40000

CodeCache: size=245760Kb used=10123Kb max_used=10547Kb free=235636Kb
 bounds [0x0000000002480000, 0x0000000002ef0000, 0x0000000011480000]
 total_blobs=3395 nmethods=2686 adapters=621
 compilation: enabled

Compilation events (10 events):
Event: 14.799 Thread 0x000000005764a000 2997       3       com.google.common.collect.ImmutableList::asImmutableList (18 bytes)
Event: 14.800 Thread 0x000000005764a000 nmethod 2997 0x00000000026e3890 code [0x00000000026e3a20, 0x00000000026e3e50]
Event: 14.800 Thread 0x000000005764a000 2998       3       com.google.common.reflect.TypeResolver::resolveType (74 bytes)
Event: 14.802 Thread 0x000000005764a000 nmethod 2998 0x00000000026c3190 code [0x00000000026c3440, 0x00000000026c4948]
Event: 14.802 Thread 0x000000005764a000 2999       1       com.google.common.collect.LinkedHashMultimap$ValueEntry::getSuccessorInValueSet (5 bytes)
Event: 14.802 Thread 0x000000005764a000 nmethod 2999 0x0000000002762d90 code [0x0000000002762ee0, 0x0000000002762ff0]
Event: 14.804 Thread 0x000000005764a000 3000       3       com.google.common.collect.AbstractMapBasedMultimap$WrappedCollection$WrappedIterator::hasNext (14 bytes)
Event: 14.805 Thread 0x000000005764a000 nmethod 3000 0x00000000026b8b50 code [0x00000000026b8ce0, 0x00000000026b9128]
Event: 14.852 Thread 0x000000005764a000 3001       3       java.util.regex.Pattern$GroupTail::match (111 bytes)
Event: 14.853 Thread 0x000000005764a000 nmethod 3001 0x00000000028f0a50 code [0x00000000028f0be0, 0x00000000028f0f88]

GC Heap History (10 events):
Event: 7.948 GC heap before
{Heap before GC invocations=9 (full 1):
 PSYoungGen      total 67072K, used 5109K [0x00000000d5580000, 0x00000000da080000, 0x0000000100000000)
  eden space 61952K, 0% used [0x00000000d5580000,0x00000000d5580000,0x00000000d9200000)
  from space 5120K, 99% used [0x00000000d9880000,0x00000000d9d7d608,0x00000000d9d80000)
  to   space 6656K, 0% used [0x00000000d9200000,0x00000000d9200000,0x00000000d9880000)
 ParOldGen       total 42496K, used 10093K [0x0000000080000000, 0x0000000082980000, 0x00000000d5580000)
  object space 42496K, 23% used [0x0000000080000000,0x00000000809db670,0x0000000082980000)
 Metaspace       used 20422K, capacity 21134K, committed 21248K, reserved 1067008K
  class space    used 3055K, capacity 3247K, committed 3328K, reserved 1048576K
Event: 8.028 GC heap after
Heap after GC invocations=9 (full 1):
 PSYoungGen      total 67072K, used 0K [0x00000000d5580000, 0x00000000da080000, 0x0000000100000000)
  eden space 61952K, 0% used [0x00000000d5580000,0x00000000d5580000,0x00000000d9200000)
  from space 5120K, 0% used [0x00000000d9880000,0x00000000d9880000,0x00000000d9d80000)
  to   space 6656K, 0% used [0x00000000d9200000,0x00000000d9200000,0x00000000d9880000)
 ParOldGen       total 34816K, used 9545K [0x0000000080000000, 0x0000000082200000, 0x00000000d5580000)
  object space 34816K, 27% used [0x0000000080000000,0x00000000809526f0,0x0000000082200000)
 Metaspace       used 20422K, capacity 21134K, committed 21248K, reserved 1067008K
  class space    used 3055K, capacity 3247K, committed 3328K, reserved 1048576K
}
Event: 10.698 GC heap before
{Heap before GC invocations=10 (full 1):
 PSYoungGen      total 67072K, used 61952K [0x00000000d5580000, 0x00000000da080000, 0x0000000100000000)
  eden space 61952K, 100% used [0x00000000d5580000,0x00000000d9200000,0x00000000d9200000)
  from space 5120K, 0% used [0x00000000d9880000,0x00000000d9880000,0x00000000d9d80000)
  to   space 6656K, 0% used [0x00000000d9200000,0x00000000d9200000,0x00000000d9880000)
 ParOldGen       total 34816K, used 9545K [0x0000000080000000, 0x0000000082200000, 0x00000000d5580000)
  object space 34816K, 27% used [0x0000000080000000,0x00000000809526f0,0x0000000082200000)
 Metaspace       used 27317K, capacity 28280K, committed 28416K, reserved 1073152K
  class space    used 4006K, capacity 4268K, committed 4352K, reserved 1048576K
Event: 10.714 GC heap after
Heap after GC invocations=10 (full 1):
 PSYoungGen      total 68608K, used 6627K [0x00000000d5580000, 0x00000000dba00000, 0x0000000100000000)
  eden space 61952K, 0% used [0x00000000d5580000,0x00000000d5580000,0x00000000d9200000)
  from space 6656K, 99% used [0x00000000d9200000,0x00000000d9878d70,0x00000000d9880000)
  to   space 9728K, 0% used [0x00000000db080000,0x00000000db080000,0x00000000dba00000)
 ParOldGen       total 34816K, used 10099K [0x0000000080000000, 0x0000000082200000, 0x00000000d5580000)
  object space 34816K, 29% used [0x0000000080000000,0x00000000809dce88,0x0000000082200000)
 Metaspace       used 27317K, capacity 28280K, committed 28416K, reserved 1073152K
  class space    used 4006K, capacity 4268K, committed 4352K, reserved 1048576K
}
Event: 12.484 GC heap before
{Heap before GC invocations=11 (full 1):
 PSYoungGen      total 68608K, used 68579K [0x00000000d5580000, 0x00000000dba00000, 0x0000000100000000)
  eden space 61952K, 100% used [0x00000000d5580000,0x00000000d9200000,0x00000000d9200000)
  from space 6656K, 99% used [0x00000000d9200000,0x00000000d9878d70,0x00000000d9880000)
  to   space 9728K, 0% used [0x00000000db080000,0x00000000db080000,0x00000000dba00000)
 ParOldGen       total 34816K, used 10099K [0x0000000080000000, 0x0000000082200000, 0x00000000d5580000)
  object space 34816K, 29% used [0x0000000080000000,0x00000000809dce88,0x0000000082200000)
 Metaspace       used 31447K, capacity 32654K, committed 32768K, reserved 1077248K
  class space    used 4522K, capacity 4804K, committed 4864K, reserved 1048576K
Event: 12.520 GC heap after
Heap after GC invocations=11 (full 1):
 PSYoungGen      total 92160K, used 8732K [0x00000000d5580000, 0x00000000dbd00000, 0x0000000100000000)
  eden space 82432K, 0% used [0x00000000d5580000,0x00000000d5580000,0x00000000da600000)
  from space 9728K, 89% used [0x00000000db080000,0x00000000db907298,0x00000000dba00000)
  to   space 10752K, 0% used [0x00000000da600000,0x00000000da600000,0x00000000db080000)
 ParOldGen       total 34816K, used 10107K [0x0000000080000000, 0x0000000082200000, 0x00000000d5580000)
  object space 34816K, 29% used [0x0000000080000000,0x00000000809dee88,0x0000000082200000)
 Metaspace       used 31447K, capacity 32654K, committed 32768K, reserved 1077248K
  class space    used 4522K, capacity 4804K, committed 4864K, reserved 1048576K
}
Event: 13.420 GC heap before
{Heap before GC invocations=12 (full 1):
 PSYoungGen      total 92160K, used 43981K [0x00000000d5580000, 0x00000000dbd00000, 0x0000000100000000)
  eden space 82432K, 42% used [0x00000000d5580000,0x00000000d77ec1e0,0x00000000da600000)
  from space 9728K, 89% used [0x00000000db080000,0x00000000db907298,0x00000000dba00000)
  to   space 10752K, 0% used [0x00000000da600000,0x00000000da600000,0x00000000db080000)
 ParOldGen       total 34816K, used 10107K [0x0000000080000000, 0x0000000082200000, 0x00000000d5580000)
  object space 34816K, 29% used [0x0000000080000000,0x00000000809dee88,0x0000000082200000)
 Metaspace       used 33994K, capacity 35364K, committed 35416K, reserved 1079296K
  class space    used 4821K, capacity 5113K, committed 5120K, reserved 1048576K
Event: 13.440 GC heap after
Heap after GC invocations=12 (full 1):
 PSYoungGen      total 93184K, used 2727K [0x00000000d5580000, 0x00000000dd900000, 0x0000000100000000)
  eden space 82432K, 0% used [0x00000000d5580000,0x00000000d5580000,0x00000000da600000)
  from space 10752K, 25% used [0x00000000da600000,0x00000000da8a9ef8,0x00000000db080000)
  to   space 10752K, 0% used [0x00000000dce80000,0x00000000dce80000,0x00000000dd900000)
 ParOldGen       total 34816K, used 16170K [0x0000000080000000, 0x0000000082200000, 0x00000000d5580000)
  object space 34816K, 46% used [0x0000000080000000,0x0000000080fcaa68,0x0000000082200000)
 Metaspace       used 33994K, capacity 35364K, committed 35416K, reserved 1079296K
  class space    used 4821K, capacity 5113K, committed 5120K, reserved 1048576K
}
Event: 13.440 GC heap before
{Heap before GC invocations=13 (full 2):
 PSYoungGen      total 93184K, used 2727K [0x00000000d5580000, 0x00000000dd900000, 0x0000000100000000)
  eden space 82432K, 0% used [0x00000000d5580000,0x00000000d5580000,0x00000000da600000)
  from space 10752K, 25% used [0x00000000da600000,0x00000000da8a9ef8,0x00000000db080000)
  to   space 10752K, 0% used [0x00000000dce80000,0x00000000dce80000,0x00000000dd900000)
 ParOldGen       total 34816K, used 16170K [0x0000000080000000, 0x0000000082200000, 0x00000000d5580000)
  object space 34816K, 46% used [0x0000000080000000,0x0000000080fcaa68,0x0000000082200000)
 Metaspace       used 33994K, capacity 35364K, committed 35416K, reserved 1079296K
  class space    used 4821K, capacity 5113K, committed 5120K, reserved 1048576K
Event: 13.569 GC heap after
Heap after GC invocations=13 (full 2):
 PSYoungGen      total 93184K, used 0K [0x00000000d5580000, 0x00000000dd900000, 0x0000000100000000)
  eden space 82432K, 0% used [0x00000000d5580000,0x00000000d5580000,0x00000000da600000)
  from space 10752K, 0% used [0x00000000da600000,0x00000000da600000,0x00000000db080000)
  to   space 10752K, 0% used [0x00000000dce80000,0x00000000dce80000,0x00000000dd900000)
 ParOldGen       total 34816K, used 15568K [0x0000000080000000, 0x0000000082200000, 0x00000000d5580000)
  object space 34816K, 44% used [0x0000000080000000,0x0000000080f340f8,0x0000000082200000)
 Metaspace       used 33994K, capacity 35364K, committed 35416K, reserved 1079296K
  class space    used 4821K, capacity 5113K, committed 5120K, reserved 1048576K
}

Deoptimization events (10 events):
Event: 12.522 Thread 0x00000000575d1800 Uncommon trap: reason=unstable_if action=reinterpret pc=0x0000000002a8db30 method=java.lang.ref.Reference.tryHandlePending(Z)Z @ 104
Event: 12.823 Thread 0x000000005b0aa800 Uncommon trap: reason=unstable_if action=reinterpret pc=0x0000000002e7c6cc method=java.util.HashMap.getNode(ILjava/lang/Object;)Ljava/util/HashMap$Node; @ 53
Event: 12.823 Thread 0x000000005b0aa800 Uncommon trap: reason=unstable_if action=reinterpret pc=0x00000000026c3020 method=java.util.HashMap.hash(Ljava/lang/Object;)I @ 1
Event: 12.823 Thread 0x000000005b0aa800 Uncommon trap: reason=unstable_if action=reinterpret pc=0x0000000002e4d9d8 method=java.util.HashMap.putVal(ILjava/lang/Object;Ljava/lang/Object;ZZ)Ljava/lang/Object; @ 85
Event: 12.827 Thread 0x000000005b0aa800 Uncommon trap: reason=unstable_if action=reinterpret pc=0x0000000002be0104 method=org.gradle.internal.reflect.PropertyAccessorType.isGetGetterName(Ljava/lang/String;)Z @ 14
Event: 12.873 Thread 0x000000005b0aa800 Uncommon trap: reason=unstable_if action=reinterpret pc=0x0000000002b9b8f8 method=org.objectweb.asm.ByteVector.putShort(I)Lorg/objectweb/asm/ByteVector; @ 13
Event: 13.775 Thread 0x000000005b0aa800 Uncommon trap: reason=range_check action=make_not_entrant pc=0x0000000002e9b3fc method=java.lang.String.charAt(I)C @ 27
Event: 14.082 Thread 0x000000005b0aa800 Uncommon trap: reason=unstable_if action=reinterpret pc=0x00000000027561d8 method=java.net.URI.match(CJJ)Z @ 45
Event: 14.082 Thread 0x000000005b0aa800 Uncommon trap: reason=unstable_if action=reinterpret pc=0x000000000265d4c8 method=java.net.URI.match(CJJ)Z @ 19
Event: 14.083 Thread 0x000000005b0aa800 Uncommon trap: reason=unstable_if action=reinterpret pc=0x0000000002660548 method=java.net.URI.match(CJJ)Z @ 19

Classes redefined (0 events):
No events

Internal exceptions (10 events):
Event: 13.992 Thread 0x000000005b0aa800 Exception <a 'java/lang/ClassNotFoundException': groovy/lang/GString$1BeanInfo> (0x00000000d685c718) thrown at [C:\jenkins\workspace\8-2-build-windows-amd64-cygwin\jdk8u301\1513\hotspot\src\share\vm\classfile\systemDictionary.cpp, line 212]
Event: 13.995 Thread 0x000000005b0aa800 Exception <a 'java/lang/ClassNotFoundException': groovy/lang/GStringBeanInfo> (0x00000000d68ad788) thrown at [C:\jenkins\workspace\8-2-build-windows-amd64-cygwin\jdk8u301\1513\hotspot\src\share\vm\classfile\systemDictionary.cpp, line 212]
Event: 13.997 Thread 0x000000005b0aa800 Exception <a 'java/lang/ClassNotFoundException': groovy/lang/GStringCustomizer> (0x00000000d68ff390) thrown at [C:\jenkins\workspace\8-2-build-windows-amd64-cygwin\jdk8u301\1513\hotspot\src\share\vm\classfile\systemDictionary.cpp, line 212]
Event: 14.002 Thread 0x000000005b0aa800 Exception <a 'java/lang/ClassNotFoundException': groovy/lang/GString$1Customizer> (0x00000000d695cdb8) thrown at [C:\jenkins\workspace\8-2-build-windows-amd64-cygwin\jdk8u301\1513\hotspot\src\share\vm\classfile\systemDictionary.cpp, line 212]
Event: 14.038 Thread 0x000000005b0aa800 Exception <a 'java/lang/ClassNotFoundException': org/codehaus/groovy/runtime/GStringImplBeanInfo> (0x00000000d6fecb98) thrown at [C:\jenkins\workspace\8-2-build-windows-amd64-cygwin\jdk8u301\1513\hotspot\src\share\vm\classfile\systemDictionary.cpp, line 2
Event: 14.062 Thread 0x000000005b0aa800 Exception <a 'java/lang/ClassNotFoundException': org/codehaus/groovy/runtime/GStringImplCustomizer> (0x00000000d75e8528) thrown at [C:\jenkins\workspace\8-2-build-windows-amd64-cygwin\jdk8u301\1513\hotspot\src\share\vm\classfile\systemDictionary.cpp, line
Event: 14.205 Thread 0x000000005b0aa800 Exception <a 'java/lang/NoSuchMethodError': java.lang.Object.lambda$static$0(Lorg/gradle/api/internal/artifacts/configurations/MutationValidator$MutationType;)V> (0x00000000d7c94440) thrown at [C:\jenkins\workspace\8-2-build-windows-amd64-cygwin\jdk8u301\
Event: 14.557 Thread 0x000000005b0aa800 Exception <a 'java/lang/NoSuchMethodError': java.lang.Object.lambda$static$0(Lorg/gradle/internal/component/model/DependencyMetadata;)Lorg/gradle/api/internal/artifacts/ivyservice/dependencysubstitution/DependencySubstitutionApplicator$SubstitutionResult;
Event: 14.851 Thread 0x000000005b0aa800 Exception <a 'java/lang/IncompatibleClassChangeError': Found class java.lang.Object, but interface was expected> (0x00000000d9667ee8) thrown at [C:\jenkins\workspace\8-2-build-windows-amd64-cygwin\jdk8u301\1513\hotspot\src\share\vm\interpreter\linkResolve
Event: 14.853 Thread 0x000000005b0aa800 Exception <a 'java/lang/NoSuchMethodError': java.lang.Object.lambda$thenComparing$36697e65$1(Ljava/util/Comparator;Ljava/lang/Object;Ljava/lang/Object;)I> (0x00000000d9673b80) thrown at [C:\jenkins\workspace\8-2-build-windows-amd64-cygwin\jdk8u301\1513\ho

Events (10 events):
Event: 14.863 loading class org/gradle/internal/component/model/SelectedByVariantMatchingConfigurationMetadata
Event: 14.863 loading class org/gradle/internal/component/model/SelectedByVariantMatchingConfigurationMetadata done
Event: 14.864 loading class org/gradle/api/internal/artifacts/ivyservice/resolveengine/graph/builder/ReplaceSelectionWithConflictResultAction
Event: 14.864 loading class org/gradle/api/internal/artifacts/ivyservice/resolveengine/graph/builder/ReplaceSelectionWithConflictResultAction done
Event: 14.865 loading class org/gradle/api/internal/artifacts/ivyservice/resolveengine/graph/selectors/SelectorStateResolver
Event: 14.865 loading class org/gradle/api/internal/artifacts/ivyservice/resolveengine/graph/selectors/SelectorStateResolver done
Event: 14.866 loading class org/gradle/api/internal/artifacts/ivyservice/resolveengine/graph/builder/DependencyGraphBuilder$1
Event: 14.866 loading class org/gradle/api/internal/artifacts/ivyservice/resolveengine/graph/builder/DependencyGraphBuilder$1 done
Event: 14.868 loading class org/gradle/api/internal/artifacts/dependencies/DefaultImmutableVersionConstraint
Event: 14.868 loading class org/gradle/api/internal/artifacts/dependencies/DefaultImmutableVersionConstraint done


Dynamic libraries:
0x000000013fe30000 - 0x000000013fe77000 	C:\Program Files\Java\jre1.8.0_301\bin\java.exe
0x0000000076fe0000 - 0x0000000077189000 	C:\Windows\SYSTEM32\ntdll.dll
0x0000000076ec0000 - 0x0000000076fdf000 	C:\Windows\system32\kernel32.dll
0x000007fefd250000 - 0x000007fefd2bc000 	C:\Windows\system32\KERNELBASE.dll
0x000007feff210000 - 0x000007feff2eb000 	C:\Windows\system32\ADVAPI32.dll
0x000007fefdd10000 - 0x000007fefddaf000 	C:\Windows\system32\msvcrt.dll
0x000007fefde30000 - 0x000007fefde4f000 	C:\Windows\SYSTEM32\sechost.dll
0x000007fefd300000 - 0x000007fefd42d000 	C:\Windows\system32\RPCRT4.dll
0x0000000076dc0000 - 0x0000000076eba000 	C:\Windows\system32\USER32.dll
0x000007fefd5a0000 - 0x000007fefd607000 	C:\Windows\system32\GDI32.dll
0x000007fefdd00000 - 0x000007fefdd0e000 	C:\Windows\system32\LPK.dll
0x000007fefd9b0000 - 0x000007fefda79000 	C:\Windows\system32\USP10.dll
0x000007fefba00000 - 0x000007fefbbf4000 	C:\Windows\WinSxS\amd64_microsoft.windows.common-controls_6595b64144ccf1df_6.0.7601.17514_none_fa396087175ac9ac\COMCTL32.dll
0x000007fefddb0000 - 0x000007fefde21000 	C:\Windows\system32\SHLWAPI.dll
0x000007fefd610000 - 0x000007fefd63e000 	C:\Windows\system32\IMM32.DLL
0x000007fefd8a0000 - 0x000007fefd9a9000 	C:\Windows\system32\MSCTF.dll
0x000007fef92c0000 - 0x000007fef92c3000 	C:\Windows\system32\api-ms-win-core-synch-l1-2-0.DLL
0x000007fef4b00000 - 0x000007fef4b15000 	C:\Program Files\Java\jre1.8.0_301\bin\vcruntime140.dll
0x000007fef4c60000 - 0x000007fef4c64000 	C:\Program Files\Java\jre1.8.0_301\bin\api-ms-win-crt-runtime-l1-1-0.dll
0x000007feef6f0000 - 0x000007feef7ea000 	C:\Program Files\Java\jre1.8.0_301\bin\ucrtbase.DLL
0x000007fef4770000 - 0x000007fef4773000 	C:\Program Files\Java\jre1.8.0_301\bin\api-ms-win-core-localization-l1-2-0.dll
0x000007fef46f0000 - 0x000007fef46f3000 	C:\Program Files\Java\jre1.8.0_301\bin\api-ms-win-core-processthreads-l1-1-1.dll
0x000007fef46c0000 - 0x000007fef46c3000 	C:\Program Files\Java\jre1.8.0_301\bin\api-ms-win-core-file-l1-2-0.dll
0x000007fef4520000 - 0x000007fef4523000 	C:\Program Files\Java\jre1.8.0_301\bin\api-ms-win-core-timezone-l1-1-0.dll
0x000007fef4510000 - 0x000007fef4513000 	C:\Program Files\Java\jre1.8.0_301\bin\api-ms-win-core-file-l2-1-0.dll
0x000007fef4500000 - 0x000007fef4503000 	C:\Program Files\Java\jre1.8.0_301\bin\api-ms-win-crt-heap-l1-1-0.dll
0x000007fef44f0000 - 0x000007fef44f4000 	C:\Program Files\Java\jre1.8.0_301\bin\api-ms-win-crt-string-l1-1-0.dll
0x000007fef4420000 - 0x000007fef4424000 	C:\Program Files\Java\jre1.8.0_301\bin\api-ms-win-crt-stdio-l1-1-0.dll
0x000007fef4020000 - 0x000007fef4024000 	C:\Program Files\Java\jre1.8.0_301\bin\api-ms-win-crt-convert-l1-1-0.dll
0x000007fef4a60000 - 0x000007fef4afb000 	C:\Program Files\Java\jre1.8.0_301\bin\msvcp140.dll
0x000007fef4010000 - 0x000007fef4013000 	C:\Program Files\Java\jre1.8.0_301\bin\api-ms-win-crt-locale-l1-1-0.dll
0x000007fef3d70000 - 0x000007fef3d75000 	C:\Program Files\Java\jre1.8.0_301\bin\api-ms-win-crt-math-l1-1-0.dll
0x000007fef3bc0000 - 0x000007fef3bc3000 	C:\Program Files\Java\jre1.8.0_301\bin\api-ms-win-crt-filesystem-l1-1-0.dll
0x000007fef3b80000 - 0x000007fef3b83000 	C:\Program Files\Java\jre1.8.0_301\bin\api-ms-win-crt-time-l1-1-0.dll
0x000007fef3b70000 - 0x000007fef3b73000 	C:\Program Files\Java\jre1.8.0_301\bin\api-ms-win-crt-environment-l1-1-0.dll
0x000007fef3b60000 - 0x000007fef3b63000 	C:\Program Files\Java\jre1.8.0_301\bin\api-ms-win-crt-utility-l1-1-0.dll
0x000000006f470000 - 0x000000006fcd0000 	C:\Program Files\Java\jre1.8.0_301\bin\server\jvm.dll
0x000007fefa7b0000 - 0x000007fefa7b9000 	C:\Windows\system32\WSOCK32.dll
0x000007feff1c0000 - 0x000007feff20d000 	C:\Windows\system32\WS2_32.dll
0x000007fefd590000 - 0x000007fefd598000 	C:\Windows\system32\NSI.dll
0x000007fef8ac0000 - 0x000007fef8afb000 	C:\Windows\system32\WINMM.dll
0x000007fefc090000 - 0x000007fefc09c000 	C:\Windows\system32\VERSION.dll
0x00000000771a0000 - 0x00000000771a7000 	C:\Windows\system32\PSAPI.DLL
0x000007fefa6b0000 - 0x000007fefa6c0000 	C:\Program Files\Java\jre1.8.0_301\bin\verify.dll
0x000007fef4a30000 - 0x000007fef4a5b000 	C:\Program Files\Java\jre1.8.0_301\bin\java.dll
0x000007fef64c0000 - 0x000007fef64d8000 	C:\Program Files\Java\jre1.8.0_301\bin\zip.dll
0x000007fefe060000 - 0x000007fefede8000 	C:\Windows\system32\SHELL32.dll
0x000007fefde50000 - 0x000007fefe053000 	C:\Windows\system32\ole32.dll
0x000007fefcf30000 - 0x000007fefcf3f000 	C:\Windows\system32\profapi.dll
0x000007fef4940000 - 0x000007fef495c000 	C:\Program Files\Java\jre1.8.0_301\bin\net.dll
0x000007fefc7a0000 - 0x000007fefc7f5000 	C:\Windows\system32\mswsock.dll
0x000007fefc790000 - 0x000007fefc797000 	C:\Windows\System32\wship6.dll
0x000007fef4550000 - 0x000007fef4563000 	C:\Program Files\Java\jre1.8.0_301\bin\nio.dll
0x000007fef3b90000 - 0x000007fef3bb7000 	C:\Users\Dell\.gradle\native\8bec1ad78214c89d9ad589b4d07fe93259594b29d510b10fafb7a158f7737e5d\windows-amd64\native-platform.dll
0x000007feeee80000 - 0x000007feeefbd000 	C:\Users\Dell\.gradle\native\53dbd7edfb1c66fb8903c78663c9afc45aea4f116125fa6feffd364cf09443e8\windows-amd64\native-platform-file-events.dll
0x000007fef6630000 - 0x000007fef663d000 	C:\Program Files\Java\jre1.8.0_301\bin\management.dll
0x000007fefc800000 - 0x000007fefc817000 	C:\Windows\system32\CRYPTSP.dll
0x000007fefc500000 - 0x000007fefc547000 	C:\Windows\system32\rsaenh.dll
0x000007fefc270000 - 0x000007fefc28e000 	C:\Windows\system32\USERENV.dll
0x000007fefce60000 - 0x000007fefce6f000 	C:\Windows\system32\CRYPTBASE.dll
0x000007fefa3f0000 - 0x000007fefa417000 	C:\Windows\system32\IPHLPAPI.DLL
0x000007fefa490000 - 0x000007fefa49b000 	C:\Windows\system32\WINNSI.DLL
0x000007fefa370000 - 0x000007fefa388000 	C:\Windows\system32\dhcpcsvc.DLL
0x000007fef9b60000 - 0x000007fef9b71000 	C:\Windows\system32\dhcpcsvc6.DLL

VM Arguments:
jvm_args: -Xmx2048m -Dfile.encoding=UTF-8 -Duser.country=IN -Duser.language=en -Duser.variant 
java_command: org.gradle.launcher.daemon.bootstrap.GradleDaemon 7.0.2
java_class_path (initial): C:\Users\Dell\.gradle\wrapper\dists\gradle-7.0.2-bin\857tjihv64xamwrf0h14cai3r\gradle-7.0.2\lib\gradle-launcher-7.0.2.jar
Launcher Type: SUN_STANDARD

Environment Variables:
CLASSPATH=C:\Users\Dell\AndroidStudioProjects\NoteApp\\gradle\wrapper\gradle-wrapper.jar
PATH=C:\Program Files (x86)\Common Files\Oracle\Java\javapath;C:\Program Files\Java\jdk-14.0.2/bin;C:\Program Files\apktool;C:\Program Files (x86)\Paragon Software\LinuxFS for Windows\;C:\Users\Dell\AppData\Local\Programs\Python\Python38\Scripts\;C:\Users\Dell\AppData\Local\Programs\Python\Python38\
USERNAME=Dell
OS=Windows_NT
PROCESSOR_IDENTIFIER=Intel64 Family 6 Model 37 Stepping 5, GenuineIntel



---------------  S Y S T E M  ---------------

OS: Windows 7 , 64 bit Build 7601 (6.1.7601.17617)

CPU:total 4 (initial active 4) (2 cores per cpu, 2 threads per core) family 6 model 37 stepping 5, cmov, cx8, fxsr, mmx, sse, sse2, sse3, ssse3, sse4.1, sse4.2, popcnt, ht, tsc, tscinvbit

Memory: 4k page, physical 3988160k(486448k free), swap 6280452k(14904k free)

vm_info: Java HotSpot(TM) 64-Bit Server VM (25.301-b09) for windows-amd64 JRE (1.8.0_301-b09), built on Jun  9 2021 06:46:21 by "java_re" with MS VC++ 15.9 (VS2017)

time: Tue Oct 19 16:42:13 2021
timezone: Sri Lanka Standard Time
elapsed time: 14.899279 seconds (0d 0h 0m 14s)

