#
# There is insufficient memory for the Java Runtime Environment to continue.
# Native memory allocation (malloc) failed to allocate 32744 bytes for ChunkPool::allocate
# Possible reasons:
#   The system is out of physical RAM or swap space
#   The process is running with CompressedOops enabled, and the Java Heap may be blocking the growth of the native heap
# Possible solutions:
#   Reduce memory load on the system
#   Increase physical memory or swap space
#   Check if swap backing store is full
#   Decrease Java heap size (-Xmx/-Xms)
#   Decrease number of Java threads
#   Decrease Java thread stack sizes (-Xss)
#   Set larger code cache with -XX:ReservedCodeCacheSize=
#   JVM is running with Unscaled Compressed Oops mode in which the Java heap is
#     placed in the first 4GB address space. The Java Heap base address is the
#     maximum limit for the native heap growth. Please use -XX:HeapBaseMinAddress
#     to set the Java Heap base and to place the Java Heap above 4GB virtual address.
# This output file may be truncated or incomplete.
#
#  Out of Memory Error (./src/hotspot/share/memory/arena.cpp:81), pid=6808, tid=5492
#
# JRE version: OpenJDK Runtime Environment (11.0.10) (build 11.0.10+0-b96-7249189)
# Java VM: OpenJDK 64-Bit Server VM (11.0.10+0-b96-7249189, mixed mode, tiered, compressed oops, g1 gc, windows-amd64)
# No core dump will be written. Minidumps are not enabled by default on client versions of Windows
#

---------------  S U M M A R Y ------------

Command Line: org.jetbrains.kotlin.cli.jvm.K2JVMCompiler @C:\Users\Dell\AndroidStudioProjects\NoteApp\app\build\20211017_10302889876567380172.compiler.options

Host: Intel(R) Core(TM) i3 CPU       M 370  @ 2.40GHz, 4 cores, 3G,  Windows 7 , 64 bit Build 7601 (6.1.7601.17617)
Time: Sun Oct 17 19:21:21 2021 Sri Lanka Standard Time elapsed time: 76.513855 seconds (0d 0h 1m 16s)

---------------  T H R E A D  ---------------

Current thread (0x000000005b0bb800):  JavaThread "C2 CompilerThread0" daemon [_thread_in_native, id=5492, stack(0x000000005bbe0000,0x000000005bce0000)]


Current CompileTask:
C2:  76513 2951       4       java.lang.ClassLoader::loadClass (7 bytes)

Stack: [0x000000005bbe0000,0x000000005bce0000]
Native frames: (J=compiled Java code, j=interpreted, Vv=VM code, C=native code)
V  [jvm.dll+0x5ecfaa]
V  [jvm.dll+0x722bd5]
V  [jvm.dll+0x72412d]
V  [jvm.dll+0x7247e3]
V  [jvm.dll+0x242928]
V  [jvm.dll+0xbc75b]
V  [jvm.dll+0xbca0c]
V  [jvm.dll+0xbc608]
V  [jvm.dll+0x5cd2ee]
V  [jvm.dll+0x619e25]
V  [jvm.dll+0x1ff5e2]
V  [jvm.dll+0x200656]
V  [jvm.dll+0x1febb2]
V  [jvm.dll+0x1fd2d9]
V  [jvm.dll+0x1fa77f]
V  [jvm.dll+0x18354c]
V  [jvm.dll+0x208ee7]
V  [jvm.dll+0x207731]
V  [jvm.dll+0x6eb1cf]
V  [jvm.dll+0x6e3d45]
V  [jvm.dll+0x5ebe96]
C  [ucrtbase.DLL+0x682dd]
C  [kernel32.dll+0x1652d]
C  [ntdll.dll+0x2c521]


---------------  P R O C E S S  ---------------

Threads class SMR info:
_java_thread_list=0x000000005bf26410, length=10, elements={
0x000000000026b000, 0x000000005b08d800, 0x000000005b08f800, 0x000000005b0ac800,
0x000000005b0b0800, 0x000000005b0b5000, 0x000000005b0bb800, 0x000000005b0bd800,
0x000000005b0d7800, 0x000000005bf28000
}

Java Threads: ( => current thread )
  0x000000000026b000 JavaThread "main" [_thread_in_vm, id=6420, stack(0x0000000001fc0000,0x00000000020c0000)]
  0x000000005b08d800 JavaThread "Reference Handler" daemon [_thread_blocked, id=3936, stack(0x000000005b1c0000,0x000000005b2c0000)]
  0x000000005b08f800 JavaThread "Finalizer" daemon [_thread_blocked, id=2632, stack(0x000000005b3d0000,0x000000005b4d0000)]
  0x000000005b0ac800 JavaThread "Signal Dispatcher" daemon [_thread_blocked, id=3304, stack(0x000000005b5e0000,0x000000005b6e0000)]
  0x000000005b0b0800 JavaThread "Attach Listener" daemon [_thread_blocked, id=300, stack(0x000000005b8a0000,0x000000005b9a0000)]
  0x000000005b0b5000 JavaThread "Service Thread" daemon [_thread_blocked, id=5576, stack(0x000000005ba90000,0x000000005bb90000)]
=>0x000000005b0bb800 JavaThread "C2 CompilerThread0" daemon [_thread_in_native, id=5492, stack(0x000000005bbe0000,0x000000005bce0000)]
  0x000000005b0bd800 JavaThread "C1 CompilerThread0" daemon [_thread_in_native, id=2308, stack(0x000000005bd70000,0x000000005be70000)]
  0x000000005b0d7800 JavaThread "Sweeper thread" daemon [_thread_blocked, id=3792, stack(0x000000005b790000,0x000000005b890000)]
  0x000000005bf28000 JavaThread "Common-Cleaner" daemon [_thread_blocked, id=6732, stack(0x000000005c600000,0x000000005c700000)]

Other Threads:
  0x000000005b048800 VMThread "VM Thread" [stack: 0x000000005b2c0000,0x000000005b3c0000] [id=3952]
  0x000000005bee0000 WatcherThread [stack: 0x000000005c350000,0x000000005c450000] [id=6116]
  0x0000000000284000 GCTaskThread "GC Thread#0" [stack: 0x00000000153d0000,0x00000000154d0000] [id=6940]
  0x000000005bf56000 GCTaskThread "GC Thread#1" [stack: 0x000000005c4f0000,0x000000005c5f0000] [id=5248]
  0x000000000029d800 ConcurrentGCThread "G1 Main Marker" [stack: 0x0000000017e30000,0x0000000017f30000] [id=4240]
  0x000000000029f000 ConcurrentGCThread "G1 Conc#0" [stack: 0x0000000017cb0000,0x0000000017db0000] [id=1660]
  0x000000001a372800 ConcurrentGCThread "G1 Refine#0" [stack: 0x000000001a4e0000,0x000000001a5e0000] [id=2404]
  0x000000001a374000 ConcurrentGCThread "G1 Young RemSet Sampling" [stack: 0x000000001a6b0000,0x000000001a7b0000] [id=6768]

Threads with active compile tasks:
C2 CompilerThread0  76538 2951       4       java.lang.ClassLoader::loadClass (7 bytes)
C1 CompilerThread0  76538 3024       3       org.jetbrains.kotlin.lexer._JetLexer::advance (2227 bytes)

VM state:not at safepoint (normal execution)

VM Mutex/Monitor currently owned by a thread: None

Heap address: 0x00000000c3200000, size: 974 MB, Compressed Oops mode: 32-bit
Narrow klass base: 0x0000000000000000, Narrow klass shift: 0
Compressed class space size: 1073741824 Address: 0x000000001a7b0000

Heap:
 garbage-first heap   total 63488K, used 42545K [0x00000000c3200000, 0x0000000100000000)
  region size 1024K, 20 young (20480K), 3 survivors (3072K)
 Metaspace       used 42719K, capacity 43227K, committed 43392K, reserved 1087488K
  class space    used 5039K, capacity 5235K, committed 5248K, reserved 1048576K
Heap Regions: E=young(eden), S=young(survivor), O=old, HS=humongous(starts), HC=humongous(continues), CS=collection set, F=free, A=archive, TAMS=top-at-mark-start (previous, next)
|   0|0x00000000c3200000, 0x00000000c3300000, 0x00000000c3300000|100%|HS|  |TAMS 0x00000000c3300000, 0x00000000c3200000| Complete 
|   1|0x00000000c3300000, 0x00000000c3400000, 0x00000000c3400000|100%|HC|  |TAMS 0x00000000c3400000, 0x00000000c3300000| Complete 
|   2|0x00000000c3400000, 0x00000000c3500000, 0x00000000c3500000|100%|HC|  |TAMS 0x00000000c3500000, 0x00000000c3400000| Complete 
|   3|0x00000000c3500000, 0x00000000c3600000, 0x00000000c3600000|100%| O|  |TAMS 0x00000000c3600000, 0x00000000c3500000| Untracked 
|   4|0x00000000c3600000, 0x00000000c3700000, 0x00000000c3700000|100%| O|  |TAMS 0x00000000c3700000, 0x00000000c3600000| Untracked 
|   5|0x00000000c3700000, 0x00000000c3800000, 0x00000000c3800000|100%| O|  |TAMS 0x00000000c3800000, 0x00000000c3700000| Untracked 
|   6|0x00000000c3800000, 0x00000000c3900000, 0x00000000c3900000|100%| O|  |TAMS 0x00000000c3900000, 0x00000000c3800000| Untracked 
|   7|0x00000000c3900000, 0x00000000c3a00000, 0x00000000c3a00000|100%| O|  |TAMS 0x00000000c3a00000, 0x00000000c3900000| Untracked 
|   8|0x00000000c3a00000, 0x00000000c3b00000, 0x00000000c3b00000|100%| O|  |TAMS 0x00000000c3b00000, 0x00000000c3a00000| Untracked 
|   9|0x00000000c3b00000, 0x00000000c3c00000, 0x00000000c3c00000|100%|HS|  |TAMS 0x00000000c3c00000, 0x00000000c3b00000| Complete 
|  10|0x00000000c3c00000, 0x00000000c3d00000, 0x00000000c3d00000|100%|HC|  |TAMS 0x00000000c3d00000, 0x00000000c3c00000| Complete 
|  11|0x00000000c3d00000, 0x00000000c3e00000, 0x00000000c3e00000|100%|HC|  |TAMS 0x00000000c3e00000, 0x00000000c3d00000| Complete 
|  12|0x00000000c3e00000, 0x00000000c3f00000, 0x00000000c3f00000|100%|HS|  |TAMS 0x00000000c3f00000, 0x00000000c3e00000| Complete 
|  13|0x00000000c3f00000, 0x00000000c4000000, 0x00000000c4000000|100%|HC|  |TAMS 0x00000000c4000000, 0x00000000c3f00000| Complete 
|  14|0x00000000c4000000, 0x00000000c4100000, 0x00000000c4100000|100%|HC|  |TAMS 0x00000000c4100000, 0x00000000c4000000| Complete 
|  15|0x00000000c4100000, 0x00000000c4200000, 0x00000000c4200000|100%| O|  |TAMS 0x00000000c4200000, 0x00000000c4100000| Untracked 
|  16|0x00000000c4200000, 0x00000000c42f3c00, 0x00000000c4300000| 95%| O|  |TAMS 0x00000000c42f3c00, 0x00000000c4200000| Untracked 
|  17|0x00000000c4300000, 0x00000000c4400000, 0x00000000c4400000|100%| O|  |TAMS 0x00000000c4400000, 0x00000000c4300000| Untracked 
|  18|0x00000000c4400000, 0x00000000c4500000, 0x00000000c4500000|100%| O|  |TAMS 0x00000000c4500000, 0x00000000c4400000| Untracked 
|  19|0x00000000c4500000, 0x00000000c4600000, 0x00000000c4600000|100%| O|  |TAMS 0x00000000c4600000, 0x00000000c4500000| Untracked 
|  20|0x00000000c4600000, 0x00000000c4700000, 0x00000000c4700000|100%| O|  |TAMS 0x00000000c4700000, 0x00000000c4600000| Untracked 
|  21|0x00000000c4700000, 0x00000000c4700000, 0x00000000c4800000|  0%| F|  |TAMS 0x00000000c4700000, 0x00000000c4700000| Untracked 
|  22|0x00000000c4800000, 0x00000000c4800000, 0x00000000c4900000|  0%| F|  |TAMS 0x00000000c4800000, 0x00000000c4800000| Untracked 
|  23|0x00000000c4900000, 0x00000000c4900000, 0x00000000c4a00000|  0%| F|  |TAMS 0x00000000c4900000, 0x00000000c4900000| Untracked 
|  24|0x00000000c4a00000, 0x00000000c4a00000, 0x00000000c4b00000|  0%| F|  |TAMS 0x00000000c4a00000, 0x00000000c4a00000| Untracked 
|  25|0x00000000c4b00000, 0x00000000c4c00000, 0x00000000c4c00000|100%| O|  |TAMS 0x00000000c4c00000, 0x00000000c4b00000| Untracked 
|  26|0x00000000c4c00000, 0x00000000c4d00000, 0x00000000c4d00000|100%| O|  |TAMS 0x00000000c4d00000, 0x00000000c4c00000| Untracked 
|  27|0x00000000c4d00000, 0x00000000c4d00000, 0x00000000c4e00000|  0%| F|  |TAMS 0x00000000c4d00000, 0x00000000c4d00000| Untracked 
|  28|0x00000000c4e00000, 0x00000000c4e00000, 0x00000000c4f00000|  0%| F|  |TAMS 0x00000000c4e00000, 0x00000000c4e00000| Untracked 
|  29|0x00000000c4f00000, 0x00000000c4f00000, 0x00000000c5000000|  0%| F|  |TAMS 0x00000000c4f00000, 0x00000000c4f00000| Untracked 
|  30|0x00000000c5000000, 0x00000000c5000000, 0x00000000c5100000|  0%| F|  |TAMS 0x00000000c5000000, 0x00000000c5000000| Untracked 
|  31|0x00000000c5100000, 0x00000000c5100000, 0x00000000c5200000|  0%| F|  |TAMS 0x00000000c5100000, 0x00000000c5100000| Untracked 
|  32|0x00000000c5200000, 0x00000000c5200000, 0x00000000c5300000|  0%| F|  |TAMS 0x00000000c5200000, 0x00000000c5200000| Untracked 
|  33|0x00000000c5300000, 0x00000000c5300000, 0x00000000c5400000|  0%| F|  |TAMS 0x00000000c5300000, 0x00000000c5300000| Untracked 
|  34|0x00000000c5400000, 0x00000000c5400000, 0x00000000c5500000|  0%| F|  |TAMS 0x00000000c5400000, 0x00000000c5400000| Untracked 
|  35|0x00000000c5500000, 0x00000000c5500000, 0x00000000c5600000|  0%| F|  |TAMS 0x00000000c5500000, 0x00000000c5500000| Untracked 
|  36|0x00000000c5600000, 0x00000000c5600000, 0x00000000c5700000|  0%| F|  |TAMS 0x00000000c5600000, 0x00000000c5600000| Untracked 
|  37|0x00000000c5700000, 0x00000000c5700000, 0x00000000c5800000|  0%| F|  |TAMS 0x00000000c5700000, 0x00000000c5700000| Untracked 
|  38|0x00000000c5800000, 0x00000000c5800000, 0x00000000c5900000|  0%| F|  |TAMS 0x00000000c5800000, 0x00000000c5800000| Untracked 
|  39|0x00000000c5900000, 0x00000000c59988e8, 0x00000000c5a00000| 59%| S|CS|TAMS 0x00000000c5900000, 0x00000000c5900000| Complete 
|  40|0x00000000c5a00000, 0x00000000c5b00000, 0x00000000c5b00000|100%| S|CS|TAMS 0x00000000c5a00000, 0x00000000c5a00000| Complete 
|  41|0x00000000c5b00000, 0x00000000c5c00000, 0x00000000c5c00000|100%| S|CS|TAMS 0x00000000c5b00000, 0x00000000c5b00000| Complete 
|  42|0x00000000c5c00000, 0x00000000c5c00000, 0x00000000c5d00000|  0%| F|  |TAMS 0x00000000c5c00000, 0x00000000c5c00000| Untracked 
|  43|0x00000000c5d00000, 0x00000000c5d00000, 0x00000000c5e00000|  0%| F|  |TAMS 0x00000000c5d00000, 0x00000000c5d00000| Untracked 
|  44|0x00000000c5e00000, 0x00000000c5e00000, 0x00000000c5f00000|  0%| F|  |TAMS 0x00000000c5e00000, 0x00000000c5e00000| Untracked 
|  45|0x00000000c5f00000, 0x00000000c5f6cf08, 0x00000000c6000000| 42%| E|  |TAMS 0x00000000c5f00000, 0x00000000c5f00000| Complete 
|  46|0x00000000c6000000, 0x00000000c6100000, 0x00000000c6100000|100%| E|CS|TAMS 0x00000000c6000000, 0x00000000c6000000| Complete 
|  47|0x00000000c6100000, 0x00000000c6200000, 0x00000000c6200000|100%| E|CS|TAMS 0x00000000c6100000, 0x00000000c6100000| Complete 
|  48|0x00000000c6200000, 0x00000000c6300000, 0x00000000c6300000|100%| E|CS|TAMS 0x00000000c6200000, 0x00000000c6200000| Complete 
|  49|0x00000000c6300000, 0x00000000c6400000, 0x00000000c6400000|100%| E|CS|TAMS 0x00000000c6300000, 0x00000000c6300000| Complete 
|  50|0x00000000c6400000, 0x00000000c6500000, 0x00000000c6500000|100%| E|CS|TAMS 0x00000000c6400000, 0x00000000c6400000| Complete 
|  51|0x00000000c6500000, 0x00000000c6600000, 0x00000000c6600000|100%| E|CS|TAMS 0x00000000c6500000, 0x00000000c6500000| Complete 
|  52|0x00000000c6600000, 0x00000000c6700000, 0x00000000c6700000|100%| E|CS|TAMS 0x00000000c6600000, 0x00000000c6600000| Complete 
|  53|0x00000000c6700000, 0x00000000c6800000, 0x00000000c6800000|100%| E|CS|TAMS 0x00000000c6700000, 0x00000000c6700000| Complete 
|  54|0x00000000c6800000, 0x00000000c6900000, 0x00000000c6900000|100%| E|CS|TAMS 0x00000000c6800000, 0x00000000c6800000| Complete 
|  55|0x00000000c6900000, 0x00000000c6a00000, 0x00000000c6a00000|100%| E|CS|TAMS 0x00000000c6900000, 0x00000000c6900000| Complete 
|  56|0x00000000c6a00000, 0x00000000c6b00000, 0x00000000c6b00000|100%| E|CS|TAMS 0x00000000c6a00000, 0x00000000c6a00000| Complete 
|  57|0x00000000c6b00000, 0x00000000c6c00000, 0x00000000c6c00000|100%| E|CS|TAMS 0x00000000c6b00000, 0x00000000c6b00000| Complete 
|  58|0x00000000c6c00000, 0x00000000c6d00000, 0x00000000c6d00000|100%| E|CS|TAMS 0x00000000c6c00000, 0x00000000c6c00000| Complete 
|  59|0x00000000c6d00000, 0x00000000c6e00000, 0x00000000c6e00000|100%| E|CS|TAMS 0x00000000c6d00000, 0x00000000c6d00000| Complete 
|  60|0x00000000c6e00000, 0x00000000c6f00000, 0x00000000c6f00000|100%| E|CS|TAMS 0x00000000c6e00000, 0x00000000c6e00000| Complete 
|  61|0x00000000c6f00000, 0x00000000c7000000, 0x00000000c7000000|100%| E|CS|TAMS 0x00000000c6f00000, 0x00000000c6f00000| Complete 

Card table byte_map: [0x00000000159f0000,0x0000000015be0000] _byte_map_base: 0x00000000153d7000

Marking Bits (Prev, Next): (CMBitMap*) 0x0000000000299158, (CMBitMap*) 0x0000000000299190
 Prev Bits: [0x0000000015dd0000, 0x0000000016d08000)
 Next Bits: [0x0000000016d10000, 0x0000000017c48000)

Polling page: 0x0000000000330000

Metaspace:

Usage:
  Non-class:     37.10 MB capacity,    36.80 MB (>99%) used,   252.86 KB ( <1%) free+waste,    59.13 KB ( <1%) overhead. 
      Class:      5.11 MB capacity,     4.92 MB ( 96%) used,   170.28 KB (  3%) free+waste,    25.19 KB ( <1%) overhead. 
       Both:     42.21 MB capacity,    41.72 MB ( 99%) used,   423.14 KB ( <1%) free+waste,    84.31 KB ( <1%) overhead. 

Virtual space:
  Non-class space:       38.00 MB reserved,      37.25 MB ( 98%) committed 
      Class space:        1.00 GB reserved,       5.13 MB ( <1%) committed 
             Both:        1.04 GB reserved,      42.38 MB (  4%) committed 

Chunk freelists:
   Non-Class:  24.00 KB
       Class:  13.00 KB
        Both:  37.00 KB

MaxMetaspaceSize: 17179869184.00 GB
CompressedClassSpaceSize: 1.00 GB

CodeHeap 'non-profiled nmethods': size=120064Kb used=1246Kb max_used=1246Kb free=118817Kb
 bounds [0x000000000dbf0000, 0x000000000de60000, 0x0000000015130000]
CodeHeap 'profiled nmethods': size=120000Kb used=6046Kb max_used=6046Kb free=113954Kb
 bounds [0x00000000066c0000, 0x0000000006cb0000, 0x000000000dbf0000]
CodeHeap 'non-nmethods': size=5696Kb used=1167Kb max_used=1198Kb free=4528Kb
 bounds [0x0000000006130000, 0x00000000063a0000, 0x00000000066c0000]
 total_blobs=3543 nmethods=3012 adapters=443
 compilation: enabled
              stopped_count=0, restarted_count=0
 full_count=0

Compilation events (20 events):
Event: 76.484 Thread 0x000000005b0bd800 nmethod 3014 0x0000000006ca1b90 code [0x0000000006ca1d60, 0x0000000006ca1fb8]
Event: 76.484 Thread 0x000000005b0bd800 3012       3       java.lang.Math::abs (11 bytes)
Event: 76.484 Thread 0x000000005b0bd800 nmethod 3012 0x0000000006ca2090 code [0x0000000006ca2240, 0x0000000006ca2378]
Event: 76.484 Thread 0x000000005b0bd800 3011       3       org.jetbrains.kotlin.com.intellij.lang.impl.MarkerOptionalData::getDefaultBinder (14 bytes)
Event: 76.484 Thread 0x000000005b0bd800 nmethod 3011 0x0000000006ca2410 code [0x0000000006ca25c0, 0x0000000006ca2718]
Event: 76.484 Thread 0x000000005b0bd800 3016       3       org.jetbrains.kotlin.com.intellij.psi.impl.source.tree.SharedImplUtil::findFileElement (65 bytes)
Event: 76.485 Thread 0x000000005b0bd800 nmethod 3016 0x0000000006ca2790 code [0x0000000006ca29a0, 0x0000000006ca3048]
Event: 76.485 Thread 0x000000005b0bd800 3015       3       org.jetbrains.kotlin.com.intellij.psi.tree.IElementType::getLanguage (14 bytes)
Event: 76.485 Thread 0x000000005b0bd800 nmethod 3015 0x0000000006ca3210 code [0x0000000006ca33c0, 0x0000000006ca3548]
Event: 76.485 Thread 0x000000005b0bd800 3006       3       org.jetbrains.kotlin.com.intellij.openapi.progress.impl.CoreProgressManager::doCheckCanceled (43 bytes)
Event: 76.486 Thread 0x000000005b0bd800 nmethod 3006 0x0000000006ca3610 code [0x0000000006ca3860, 0x0000000006ca40f8]
Event: 76.486 Thread 0x000000005b0bd800 3017       3       org.jetbrains.kotlin.com.intellij.psi.impl.source.tree.TreeElement::<init> (23 bytes)
Event: 76.487 Thread 0x000000005b0bd800 nmethod 3017 0x0000000006ca4310 code [0x0000000006ca44e0, 0x0000000006ca4848]
Event: 76.487 Thread 0x000000005b0bd800 3018       3       org.jetbrains.kotlin.com.intellij.util.keyFMap.EmptyFMap::minus (18 bytes)
Event: 76.487 Thread 0x000000005b0bd800 nmethod 3018 0x0000000006ca4990 code [0x0000000006ca4b40, 0x0000000006ca4cc8]
Event: 76.487 Thread 0x000000005b0bd800 3019       3       org.jetbrains.kotlin.com.intellij.psi.impl.ElementBase::<init> (5 bytes)
Event: 76.487 Thread 0x000000005b0bd800 nmethod 3019 0x0000000006ca4d90 code [0x0000000006ca4f60, 0x0000000006ca5198]
Event: 76.487 Thread 0x000000005b0bd800 3020       3       org.jetbrains.kotlin.com.intellij.psi.impl.source.tree.TreeElement::rawRemoveUpToWithoutNotifications (247 bytes)
Event: 76.491 Thread 0x000000005b0bd800 nmethod 3020 0x0000000006ca5290 code [0x0000000006ca5660, 0x0000000006ca6fa8]
Event: 76.491 Thread 0x000000005b0bd800 3024       3       org.jetbrains.kotlin.lexer._JetLexer::advance (2227 bytes)

GC Heap History (16 events):
Event: 11.820 GC heap before
{Heap before GC invocations=0 (full 0):
 garbage-first heap   total 63488K, used 17408K [0x00000000c3200000, 0x0000000100000000)
  region size 1024K, 14 young (14336K), 0 survivors (0K)
 Metaspace       used 9783K, capacity 9871K, committed 10112K, reserved 1058816K
  class space    used 834K, capacity 884K, committed 896K, reserved 1048576K
}
Event: 11.827 GC heap after
{Heap after GC invocations=1 (full 0):
 garbage-first heap   total 63488K, used 5239K [0x00000000c3200000, 0x0000000100000000)
  region size 1024K, 2 young (2048K), 2 survivors (2048K)
 Metaspace       used 9783K, capacity 9871K, committed 10112K, reserved 1058816K
  class space    used 834K, capacity 884K, committed 896K, reserved 1048576K
}
Event: 19.647 GC heap before
{Heap before GC invocations=1 (full 0):
 garbage-first heap   total 63488K, used 41079K [0x00000000c3200000, 0x0000000100000000)
  region size 1024K, 37 young (37888K), 2 survivors (2048K)
 Metaspace       used 17936K, capacity 18150K, committed 18304K, reserved 1064960K
  class space    used 1789K, capacity 1873K, committed 1920K, reserved 1048576K
}
Event: 19.669 GC heap after
{Heap after GC invocations=2 (full 0):
 garbage-first heap   total 63488K, used 8928K [0x00000000c3200000, 0x0000000100000000)
  region size 1024K, 5 young (5120K), 5 survivors (5120K)
 Metaspace       used 17936K, capacity 18150K, committed 18304K, reserved 1064960K
  class space    used 1789K, capacity 1873K, committed 1920K, reserved 1048576K
}
Event: 27.013 GC heap before
{Heap before GC invocations=2 (full 0):
 garbage-first heap   total 63488K, used 19168K [0x00000000c3200000, 0x0000000100000000)
  region size 1024K, 16 young (16384K), 5 survivors (5120K)
 Metaspace       used 20974K, capacity 21180K, committed 21248K, reserved 1069056K
  class space    used 2206K, capacity 2291K, committed 2304K, reserved 1048576K
}
Event: 27.040 GC heap after
{Heap after GC invocations=3 (full 0):
 garbage-first heap   total 63488K, used 10178K [0x00000000c3200000, 0x0000000100000000)
  region size 1024K, 1 young (1024K), 1 survivors (1024K)
 Metaspace       used 20974K, capacity 21180K, committed 21248K, reserved 1069056K
  class space    used 2206K, capacity 2291K, committed 2304K, reserved 1048576K
}
Event: 34.021 GC heap before
{Heap before GC invocations=4 (full 0):
 garbage-first heap   total 63488K, used 37826K [0x00000000c3200000, 0x0000000100000000)
  region size 1024K, 23 young (23552K), 1 survivors (1024K)
 Metaspace       used 26517K, capacity 26890K, committed 27136K, reserved 1073152K
  class space    used 2824K, capacity 2987K, committed 3072K, reserved 1048576K
}
Event: 34.032 GC heap after
{Heap after GC invocations=5 (full 0):
 garbage-first heap   total 63488K, used 17473K [0x00000000c3200000, 0x0000000100000000)
  region size 1024K, 3 young (3072K), 3 survivors (3072K)
 Metaspace       used 26517K, capacity 26890K, committed 27136K, reserved 1073152K
  class space    used 2824K, capacity 2987K, committed 3072K, reserved 1048576K
}
Event: 47.087 GC heap before
{Heap before GC invocations=5 (full 0):
 garbage-first heap   total 63488K, used 41025K [0x00000000c3200000, 0x0000000100000000)
  region size 1024K, 24 young (24576K), 3 survivors (3072K)
 Metaspace       used 30413K, capacity 30822K, committed 30976K, reserved 1077248K
  class space    used 3584K, capacity 3773K, committed 3840K, reserved 1048576K
}
Event: 47.122 GC heap after
{Heap after GC invocations=6 (full 0):
 garbage-first heap   total 63488K, used 23713K [0x00000000c3200000, 0x0000000100000000)
  region size 1024K, 3 young (3072K), 3 survivors (3072K)
 Metaspace       used 30413K, capacity 30822K, committed 30976K, reserved 1077248K
  class space    used 3584K, capacity 3773K, committed 3840K, reserved 1048576K
}
Event: 56.692 GC heap before
{Heap before GC invocations=6 (full 0):
 garbage-first heap   total 63488K, used 46241K [0x00000000c3200000, 0x0000000100000000)
  region size 1024K, 21 young (21504K), 3 survivors (3072K)
 Metaspace       used 34539K, capacity 35025K, committed 35200K, reserved 1079296K
  class space    used 4255K, capacity 4448K, committed 4480K, reserved 1048576K
}
Event: 56.717 GC heap after
{Heap after GC invocations=7 (full 0):
 garbage-first heap   total 63488K, used 26109K [0x00000000c3200000, 0x0000000100000000)
  region size 1024K, 3 young (3072K), 3 survivors (3072K)
 Metaspace       used 34539K, capacity 35025K, committed 35200K, reserved 1079296K
  class space    used 4255K, capacity 4448K, committed 4480K, reserved 1048576K
}
Event: 59.536 GC heap before
{Heap before GC invocations=7 (full 0):
 garbage-first heap   total 63488K, used 30205K [0x00000000c3200000, 0x0000000100000000)
  region size 1024K, 8 young (8192K), 3 survivors (3072K)
 Metaspace       used 35268K, capacity 35650K, committed 35840K, reserved 1081344K
  class space    used 4315K, capacity 4484K, committed 4608K, reserved 1048576K
}
Event: 59.544 GC heap after
{Heap after GC invocations=8 (full 0):
 garbage-first heap   total 63488K, used 24278K [0x00000000c3200000, 0x0000000100000000)
  region size 1024K, 1 young (1024K), 1 survivors (1024K)
 Metaspace       used 35268K, capacity 35650K, committed 35840K, reserved 1081344K
  class space    used 4315K, capacity 4484K, committed 4608K, reserved 1048576K
}
Event: 69.153 GC heap before
{Heap before GC invocations=9 (full 0):
 garbage-first heap   total 63488K, used 43734K [0x00000000c3200000, 0x0000000100000000)
  region size 1024K, 20 young (20480K), 1 survivors (1024K)
 Metaspace       used 38962K, capacity 39487K, committed 39680K, reserved 1083392K
  class space    used 4669K, capacity 4843K, committed 4864K, reserved 1048576K
}
Event: 69.164 GC heap after
{Heap after GC invocations=10 (full 0):
 garbage-first heap   total 63488K, used 26161K [0x00000000c3200000, 0x0000000100000000)
  region size 1024K, 3 young (3072K), 3 survivors (3072K)
 Metaspace       used 38962K, capacity 39487K, committed 39680K, reserved 1083392K
  class space    used 4669K, capacity 4843K, committed 4864K, reserved 1048576K
}

Deoptimization events (20 events):
Event: 75.078 Thread 0x000000000026b000 Uncommon trap: trap_request=0xffffff4d fr.pc=0x000000000dd20674 relative=0x0000000000000714
Event: 75.078 Thread 0x000000000026b000 Uncommon trap: reason=unstable_if action=reinterpret pc=0x000000000dd20674 method=java.lang.String.lastIndexOf(II)I @ 4 c2
Event: 75.078 Thread 0x000000000026b000 DEOPT PACKING pc=0x000000000dd20674 sp=0x00000000020b5c70
Event: 75.078 Thread 0x000000000026b000 DEOPT UNPACKING pc=0x0000000006156929 sp=0x00000000020b5b60 mode 2
Event: 75.840 Thread 0x000000000026b000 Uncommon trap: trap_request=0xffffffde fr.pc=0x000000000dc67ccc relative=0x000000000000008c
Event: 75.841 Thread 0x000000000026b000 Uncommon trap: reason=class_check action=maybe_recompile pc=0x000000000dc67ccc method=java.lang.Character.codePointAt(Ljava/lang/CharSequence;I)I @ 2 c2
Event: 75.841 Thread 0x000000000026b000 DEOPT PACKING pc=0x000000000dc67ccc sp=0x00000000020bd890
Event: 75.841 Thread 0x000000000026b000 DEOPT UNPACKING pc=0x0000000006156929 sp=0x00000000020bd828 mode 2
Event: 75.841 Thread 0x000000000026b000 Uncommon trap: trap_request=0xffffffde fr.pc=0x000000000dc67ccc relative=0x000000000000008c
Event: 75.841 Thread 0x000000000026b000 Uncommon trap: reason=class_check action=maybe_recompile pc=0x000000000dc67ccc method=java.lang.Character.codePointAt(Ljava/lang/CharSequence;I)I @ 2 c2
Event: 75.841 Thread 0x000000000026b000 DEOPT PACKING pc=0x000000000dc67ccc sp=0x00000000020bd890
Event: 75.841 Thread 0x000000000026b000 DEOPT UNPACKING pc=0x0000000006156929 sp=0x00000000020bd828 mode 2
Event: 75.841 Thread 0x000000000026b000 Uncommon trap: trap_request=0xffffffde fr.pc=0x000000000dc67ccc relative=0x000000000000008c
Event: 75.841 Thread 0x000000000026b000 Uncommon trap: reason=class_check action=maybe_recompile pc=0x000000000dc67ccc method=java.lang.Character.codePointAt(Ljava/lang/CharSequence;I)I @ 2 c2
Event: 75.841 Thread 0x000000000026b000 DEOPT PACKING pc=0x000000000dc67ccc sp=0x00000000020bd890
Event: 75.841 Thread 0x000000000026b000 DEOPT UNPACKING pc=0x0000000006156929 sp=0x00000000020bd828 mode 2
Event: 75.841 Thread 0x000000000026b000 Uncommon trap: trap_request=0xffffffde fr.pc=0x000000000dc67ccc relative=0x000000000000008c
Event: 75.841 Thread 0x000000000026b000 Uncommon trap: reason=class_check action=maybe_recompile pc=0x000000000dc67ccc method=java.lang.Character.codePointAt(Ljava/lang/CharSequence;I)I @ 2 c2
Event: 75.841 Thread 0x000000000026b000 DEOPT PACKING pc=0x000000000dc67ccc sp=0x00000000020bd890
Event: 75.841 Thread 0x000000000026b000 DEOPT UNPACKING pc=0x0000000006156929 sp=0x00000000020bd828 mode 2

Classes redefined (0 events):
No events

Internal exceptions (19 events):
Event: 18.307 Thread 0x000000000026b000 Exception <a 'java/lang/NoSuchMethodError'{0x00000000c4c4cac8}: 'int java.lang.invoke.DirectMethodHandle$Holder.invokeSpecialIFC(java.lang.Object, java.lang.Object, int)'> (0x00000000c4c4cac8) thrown at [./src/hotspot/share/interpreter/linkResolver.cpp, line 773]
Event: 25.741 Thread 0x000000000026b000 Exception <a 'java/lang/NoSuchMethodError'{0x00000000c68e7f60}: 'java.lang.Object java.lang.invoke.DirectMethodHandle$Holder.invokeStaticInit(java.lang.Object, int)'> (0x00000000c68e7f60) thrown at [./src/hotspot/share/interpreter/linkResolver.cpp, line 773]
Event: 26.510 Thread 0x000000000026b000 Exception <a 'java/lang/NoSuchMethodError'{0x00000000c6672fa8}: 'long java.lang.invoke.DirectMethodHandle$Holder.invokeStatic(java.lang.Object)'> (0x00000000c6672fa8) thrown at [./src/hotspot/share/interpreter/linkResolver.cpp, line 773]
Event: 26.510 Thread 0x000000000026b000 Exception <a 'java/lang/NoSuchMethodError'{0x00000000c6675e00}: 'long java.lang.invoke.DirectMethodHandle$Holder.invokeStaticInit(java.lang.Object)'> (0x00000000c6675e00) thrown at [./src/hotspot/share/interpreter/linkResolver.cpp, line 773]
Event: 28.418 Thread 0x000000000026b000 Exception <a 'java/lang/NoSuchMethodError'{0x00000000c6da0bb8}: 'int java.lang.invoke.DirectMethodHandle$Holder.invokeStaticInit(java.lang.Object, java.lang.Object, java.lang.Object)'> (0x00000000c6da0bb8) thrown at [./src/hotspot/share/interpreter/linkResolver.cpp, line 773]
Event: 28.428 Thread 0x000000000026b000 Exception <a 'java/lang/NoSuchMethodError'{0x00000000c6dcc5b0}: 'int java.lang.invoke.DirectMethodHandle$Holder.invokeStaticInit(java.lang.Object, java.lang.Object)'> (0x00000000c6dcc5b0) thrown at [./src/hotspot/share/interpreter/linkResolver.cpp, line 773]
Event: 31.065 Thread 0x000000000026b000 Exception <a 'java/lang/NoSuchMethodError'{0x00000000c6280c38}: 'java.lang.Object java.lang.invoke.DirectMethodHandle$Holder.invokeStatic(java.lang.Object, java.lang.Object, java.lang.Object, java.lang.Object, java.lang.Object, java.lang.Object, java.lang.Object, java.lang.Object, java.lang.Object, java.lang.Object, java.lang.Object, java.lang.Object, java.lang.Object, java.lang.Object, java.lang.Object)'> (0x00000000c6280c38) thrown at [./src/hotspot/share/interpreter/linkResolver.cpp, line 773]
Event: 31.068 Thread 0x000000000026b000 Exception <a 'java/lang/NoSuchMethodError'{0x00000000c628ec40}: 'java.lang.Object java.lang.invoke.DirectMethodHandle$Holder.invokeStatic(java.lang.Object, java.lang.Object, java.lang.Object, java.lang.Object, java.lang.Object, java.lang.Object, java.lang.Object, java.lang.Object, java.lang.Object, java.lang.Object, java.lang.Object, java.lang.Object, java.lang.Object, java.lang.Object, java.lang.Object, java.lang.Object)'> (0x00000000c628ec40) thrown at [./src/hotspot/share/interpreter/linkResolver.cpp, l
Event: 31.072 Thread 0x000000000026b000 Exception <a 'java/lang/NoSuchMethodError'{0x00000000c629cb58}: 'java.lang.Object java.lang.invoke.DirectMethodHandle$Holder.invokeSpecial(java.lang.Object, java.lang.Object, int, int, java.lang.Object, java.lang.Object, java.lang.Object)'> (0x00000000c629cb58) thrown at [./src/hotspot/share/interpreter/linkResolver.cpp, line 773]
Event: 31.072 Thread 0x000000000026b000 Exception <a 'java/lang/NoSuchMethodError'{0x00000000c62a0390}: 'java.lang.Object java.lang.invoke.DelegatingMethodHandle$Holder.reinvoke_L(java.lang.Object, int, int, java.lang.Object, java.lang.Object, java.lang.Object)'> (0x00000000c62a0390) thrown at [./src/hotspot/share/interpreter/linkResolver.cpp, line 773]
Event: 31.073 Thread 0x000000000026b000 Exception <a 'java/lang/NoSuchMethodError'{0x00000000c62a4718}: 'java.lang.Object java.lang.invoke.DirectMethodHandle$Holder.invokeStatic(java.lang.Object, java.lang.Object, java.lang.Object, java.lang.Object, int)'> (0x00000000c62a4718) thrown at [./src/hotspot/share/interpreter/linkResolver.cpp, line 773]
Event: 31.397 Thread 0x000000000026b000 Implicit null exception at 0x000000000dc77fac to 0x000000000dc780ce
Event: 31.454 Thread 0x000000000026b000 Exception <a 'java/lang/NoSuchMethodError'{0x00000000c5c20988}: 'void java.lang.invoke.DirectMethodHandle$Holder.invokeStatic(java.lang.Object, java.lang.Object, java.lang.Object, java.lang.Object)'> (0x00000000c5c20988) thrown at [./src/hotspot/share/interpreter/linkResolver.cpp, line 773]
Event: 32.600 Thread 0x000000000026b000 Exception <a 'java/lang/NoSuchMethodError'{0x00000000c5b70148}: 'void java.lang.invoke.DirectMethodHandle$Holder.invokeSpecial(java.lang.Object, java.lang.Object)'> (0x00000000c5b70148) thrown at [./src/hotspot/share/interpreter/linkResolver.cpp, line 773]
Event: 34.066 Thread 0x000000000026b000 Exception <a 'java/lang/NoSuchMethodError'{0x00000000c6f183b8}: 'void java.lang.invoke.DirectMethodHandle$Holder.invokeStaticInit(java.lang.Object, java.lang.Object)'> (0x00000000c6f183b8) thrown at [./src/hotspot/share/interpreter/linkResolver.cpp, line 773]
Event: 34.163 Thread 0x000000000026b000 Exception <a 'java/lang/NoSuchMethodError'{0x00000000c6f56860}: 'void java.lang.invoke.DirectMethodHandle$Holder.invokeInterface(java.lang.Object, java.lang.Object)'> (0x00000000c6f56860) thrown at [./src/hotspot/share/interpreter/linkResolver.cpp, line 773]
Event: 37.138 Thread 0x000000000026b000 Exception <a 'java/lang/NoSuchMethodError'{0x00000000c6bf6eb8}: 'void java.lang.invoke.DirectMethodHandle$Holder.invokeVirtual(java.lang.Object, java.lang.Object)'> (0x00000000c6bf6eb8) thrown at [./src/hotspot/share/interpreter/linkResolver.cpp, line 773]
Event: 37.460 Thread 0x000000000026b000 Exception <a 'java/lang/NoSuchMethodError'{0x00000000c6a71d48}: 'int java.lang.invoke.DirectMethodHandle$Holder.invokeVirtual(java.lang.Object, java.lang.Object)'> (0x00000000c6a71d48) thrown at [./src/hotspot/share/interpreter/linkResolver.cpp, line 773]
Event: 57.273 Thread 0x000000000026b000 Exception <a 'java/lang/NoSuchMethodError'{0x00000000c6ff3c18}: 'java.lang.Object java.lang.invoke.DirectMethodHandle$Holder.invokeVirtual(java.lang.Object, java.lang.Object, java.lang.Object)'> (0x00000000c6ff3c18) thrown at [./src/hotspot/share/interpreter/linkResolver.cpp, line 773]

Events (20 events):
Event: 76.405 loading class org/jetbrains/kotlin/psi/KtNameReferenceExpression$Companion
Event: 76.405 loading class org/jetbrains/kotlin/psi/KtNameReferenceExpression$Companion done
Event: 76.406 loading class org/jetbrains/kotlin/psi/KtExpressionImpl$Companion
Event: 76.406 loading class org/jetbrains/kotlin/psi/KtExpressionImpl$Companion done
Event: 76.407 loading class org/jetbrains/kotlin/psi/KtSimpleNameExpressionImpl$Companion
Event: 76.407 loading class org/jetbrains/kotlin/psi/KtSimpleNameExpressionImpl$Companion done
Event: 76.407 loading class org/jetbrains/kotlin/psi/KtPsiUtil
Event: 76.407 loading class org/jetbrains/kotlin/psi/KtPsiUtil done
Event: 76.428 loading class org/jetbrains/kotlin/psi/KtPsiUtil$1
Event: 76.428 loading class org/jetbrains/kotlin/psi/KtPsiUtil$1 done
Event: 76.429 loading class org/jetbrains/kotlin/psi/KtPsiUtil$2
Event: 76.429 loading class org/jetbrains/kotlin/psi/KtPsiUtil$2 done
Event: 76.430 loading class org/jetbrains/kotlin/com/google/common/collect/LinkedHashMultimap$ValueSet
Event: 76.430 loading class org/jetbrains/kotlin/com/google/common/collect/LinkedHashMultimap$ValueSet done
Event: 76.431 loading class org/jetbrains/kotlin/com/google/common/collect/Sets$ImprovedAbstractSet
Event: 76.431 loading class org/jetbrains/kotlin/com/google/common/collect/Sets$ImprovedAbstractSet done
Event: 76.480 loading class org/jetbrains/kotlin/parsing/PrecedingDocCommentsBinder
Event: 76.480 loading class org/jetbrains/kotlin/parsing/PrecedingDocCommentsBinder done
Event: 76.495 loading class org/jetbrains/kotlin/lexer/_JetLexer$State
Event: 76.495 loading class org/jetbrains/kotlin/lexer/_JetLexer$State done


Dynamic libraries:
0x000000013f0e0000 - 0x000000013f0ea000 	C:\Program Files\Android\Android Studio\jre\bin\java.exe
0x00000000779c0000 - 0x0000000077b69000 	C:\Windows\SYSTEM32\ntdll.dll
0x00000000777a0000 - 0x00000000778bf000 	C:\Windows\system32\kernel32.dll
0x000007fefdc30000 - 0x000007fefdc9c000 	C:\Windows\system32\KERNELBASE.dll
0x000007fef1e00000 - 0x000007fef1e19000 	C:\Program Files\Android\Android Studio\jre\bin\jli.dll
0x000007fefc3e0000 - 0x000007fefc5d4000 	C:\Windows\WinSxS\amd64_microsoft.windows.common-controls_6595b64144ccf1df_6.0.7601.17514_none_fa396087175ac9ac\COMCTL32.dll
0x000007feffa60000 - 0x000007feffaff000 	C:\Windows\system32\msvcrt.dll
0x000007feff5b0000 - 0x000007feff617000 	C:\Windows\system32\GDI32.dll
0x00000000778c0000 - 0x00000000779ba000 	C:\Windows\system32\USER32.dll
0x000007feff5a0000 - 0x000007feff5ae000 	C:\Windows\system32\LPK.dll
0x000007feffb00000 - 0x000007feffbc9000 	C:\Windows\system32\USP10.dll
0x000007fefed60000 - 0x000007fefedd1000 	C:\Windows\system32\SHLWAPI.dll
0x000007fef1e20000 - 0x000007fef1e37000 	C:\Program Files\Android\Android Studio\jre\bin\VCRUNTIME140.dll
0x000007fefa650000 - 0x000007fefa654000 	C:\Windows\system32\api-ms-win-crt-runtime-l1-1-0.dll
0x000007fef21d0000 - 0x000007fef22c2000 	C:\Windows\system32\ucrtbase.DLL
0x000007fefa600000 - 0x000007fefa603000 	C:\Windows\system32\api-ms-win-core-timezone-l1-1-0.dll
0x000007fef9e50000 - 0x000007fef9e53000 	C:\Windows\system32\api-ms-win-core-file-l2-1-0.dll
0x000007fef88c0000 - 0x000007fef88c3000 	C:\Windows\system32\api-ms-win-core-localization-l1-2-0.dll
0x000007fef9f70000 - 0x000007fef9f73000 	C:\Windows\system32\api-ms-win-core-synch-l1-2-0.dll
0x000007fef7c20000 - 0x000007fef7c23000 	C:\Windows\system32\api-ms-win-core-processthreads-l1-1-1.dll
0x000007fef6df0000 - 0x000007fef6df3000 	C:\Windows\system32\api-ms-win-core-file-l1-2-0.dll
0x000007fef36c0000 - 0x000007fef36c4000 	C:\Windows\system32\api-ms-win-crt-string-l1-1-0.dll
0x000007fef6b50000 - 0x000007fef6b53000 	C:\Windows\system32\api-ms-win-crt-heap-l1-1-0.dll
0x000007fef5ca0000 - 0x000007fef5ca4000 	C:\Windows\system32\api-ms-win-crt-stdio-l1-1-0.dll
0x000007fef36a0000 - 0x000007fef36a4000 	C:\Windows\system32\api-ms-win-crt-convert-l1-1-0.dll
0x000007fef36b0000 - 0x000007fef36b3000 	C:\Windows\system32\api-ms-win-crt-environment-l1-1-0.dll
0x000007fef3660000 - 0x000007fef3663000 	C:\Windows\system32\api-ms-win-crt-filesystem-l1-1-0.dll
0x000007fef3690000 - 0x000007fef3695000 	C:\Windows\system32\api-ms-win-crt-math-l1-1-0.dll
0x000007fef3200000 - 0x000007fef3203000 	C:\Windows\system32\api-ms-win-crt-locale-l1-1-0.dll
0x000007feff110000 - 0x000007feff13e000 	C:\Windows\system32\IMM32.DLL
0x000007feff670000 - 0x000007feff779000 	C:\Windows\system32\MSCTF.dll
0x000007fef05e0000 - 0x000007fef067d000 	C:\Program Files\Android\Android Studio\jre\bin\msvcp140.dll
0x000007fef5610000 - 0x000007fef5615000 	C:\Windows\system32\api-ms-win-crt-multibyte-l1-1-0.dll
0x000007fef3670000 - 0x000007fef3673000 	C:\Windows\system32\api-ms-win-crt-time-l1-1-0.dll
0x000007fef3680000 - 0x000007fef3683000 	C:\Windows\system32\api-ms-win-crt-utility-l1-1-0.dll
0x000007feed3b0000 - 0x000007feede7f000 	C:\Program Files\Android\Android Studio\jre\bin\server\jvm.dll
0x000007feffbd0000 - 0x000007feffcab000 	C:\Windows\system32\ADVAPI32.dll
0x000007feffcb0000 - 0x000007feffccf000 	C:\Windows\SYSTEM32\sechost.dll
0x000007fefedf0000 - 0x000007fefef1d000 	C:\Windows\system32\RPCRT4.dll
0x000007fefa610000 - 0x000007fefa619000 	C:\Windows\system32\WSOCK32.dll
0x000007feff620000 - 0x000007feff66d000 	C:\Windows\system32\WS2_32.dll
0x000007fefede0000 - 0x000007fefede8000 	C:\Windows\system32\NSI.dll
0x000007fef98d0000 - 0x000007fef990b000 	C:\Windows\system32\WINMM.dll
0x000007fefca70000 - 0x000007fefca7c000 	C:\Windows\system32\VERSION.dll
0x0000000077b80000 - 0x0000000077b87000 	C:\Windows\system32\PSAPI.DLL
0x000007fef35e0000 - 0x000007fef35f1000 	C:\Program Files\Android\Android Studio\jre\bin\verify.dll
0x000007fef8080000 - 0x000007fef81a5000 	C:\Windows\system32\DBGHELP.DLL
0x000007fef2b70000 - 0x000007fef2b99000 	C:\Program Files\Android\Android Studio\jre\bin\java.dll
0x000007fef3610000 - 0x000007fef361b000 	C:\Program Files\Android\Android Studio\jre\bin\jimage.dll
0x000007fef3490000 - 0x000007fef34a8000 	C:\Program Files\Android\Android Studio\jre\bin\zip.dll
0x000007fefdce0000 - 0x000007fefea68000 	C:\Windows\system32\SHELL32.dll
0x000007fefeb50000 - 0x000007fefed53000 	C:\Windows\system32\ole32.dll
0x000007fefd910000 - 0x000007fefd91f000 	C:\Windows\system32\profapi.dll
0x000007fef3470000 - 0x000007fef348a000 	C:\Program Files\Android\Android Studio\jre\bin\net.dll
0x000007fefb030000 - 0x000007fefb0a1000 	C:\Windows\system32\WINHTTP.dll
0x000007fefafc0000 - 0x000007fefb024000 	C:\Windows\system32\webio.dll
0x000007fefd180000 - 0x000007fefd1d5000 	C:\Windows\system32\mswsock.dll
0x000007fefd170000 - 0x000007fefd177000 	C:\Windows\System32\wship6.dll
0x000007fef32e0000 - 0x000007fef32f4000 	C:\Program Files\Android\Android Studio\jre\bin\nio.dll

dbghelp: loaded successfully - version: 4.0.5 - missing functions: none
symbol engine: initialized successfully - sym options: 0x614 - pdb path: (cannot be retrieved)

VM Arguments:
java_command: org.jetbrains.kotlin.cli.jvm.K2JVMCompiler @C:\Users\Dell\AndroidStudioProjects\NoteApp\app\build\20211017_10302889876567380172.compiler.options
java_class_path (initial): C:\Users\Dell\.gradle\caches\modules-2\files-2.1\org.jetbrains.kotlin\kotlin-compiler-embeddable\1.5.31\cc18c29253541dc57c25c3ef514d63c7953ae1a6\kotlin-compiler-embeddable-1.5.31.jar;C:\Users\Dell\.gradle\caches\modules-2\files-2.1\org.jetbrains.kotlin\kotlin-reflect\1.5.31\1523fcd842a47da0820cea772b19c51056fec8a9\kotlin-reflect-1.5.31.jar;C:\Users\Dell\.gradle\caches\modules-2\files-2.1\org.jetbrains.kotlin\kotlin-stdlib\1.5.31\6628d61d0f5603568e72d2d5915d2c034b4f1c55\kotlin-stdlib-1.5.31.jar;C:\Users\Dell\.gradle\caches\modules-2\files-2.1\org.jetbrains.kotlin\kotlin-script-runtime\1.5.31\aaea854be2cfc06373dfc11be5a6ba9ca5ca84a6\kotlin-script-runtime-1.5.31.jar;C:\Users\Dell\.gradle\caches\modules-2\files-2.1\org.jetbrains.kotlin\kotlin-daemon-embeddable\1.5.31\d19b549661e28c62781683dc7c7e34bf416974f1\kotlin-daemon-embeddable-1.5.31.jar;C:\Users\Dell\.gradle\caches\modules-2\files-2.1\org.jetbrains.intellij.deps\trove4j\1.0.20181211\216c2e14b070f334479d800987affe4054cd563f\trove4j-1.0.20181211.jar;C:\Users\Dell\.gradle\caches\modules-2\files-2.1\org.jetbrains\annotations\13.0\919f0dfe192fb4e063e7dacadee7f8bb9a2672a9\annotations-13.0.jar;C:\Users\Dell\.gradle\caches\modules-2\files-2.1\org.jetbrains.kotlin\kotlin-stdlib-common\1.5.31\43331609c7de811fed085e0dfd150874b157c32\kotlin-stdlib-common-1.5.31.jar
Launcher Type: SUN_STANDARD

[Global flags]
     intx CICompilerCount                          = 3                                         {product} {ergonomic}
     uint ConcGCThreads                            = 1                                         {product} {ergonomic}
     uint G1ConcRefinementThreads                  = 4                                         {product} {ergonomic}
   size_t G1HeapRegionSize                         = 1048576                                   {product} {ergonomic}
    uintx GCDrainStackTargetSize                   = 64                                        {product} {ergonomic}
   size_t InitialHeapSize                          = 65011712                                  {product} {ergonomic}
   size_t MarkStackSize                            = 4194304                                   {product} {ergonomic}
   size_t MaxHeapSize                              = 1021313024                                {product} {ergonomic}
   size_t MaxNewSize                               = 612368384                                 {product} {ergonomic}
   size_t MinHeapDeltaBytes                        = 1048576                                   {product} {ergonomic}
    uintx NonNMethodCodeHeapSize                   = 5830732                                {pd product} {ergonomic}
    uintx NonProfiledCodeHeapSize                  = 122913754                              {pd product} {ergonomic}
    uintx ProfiledCodeHeapSize                     = 122913754                              {pd product} {ergonomic}
    uintx ReservedCodeCacheSize                    = 251658240                              {pd product} {ergonomic}
     bool SegmentedCodeCache                       = true                                      {product} {ergonomic}
     bool UseCompressedClassPointers               = true                                 {lp64_product} {ergonomic}
     bool UseCompressedOops                        = true                                 {lp64_product} {ergonomic}
     bool UseG1GC                                  = true                                      {product} {ergonomic}
     bool UseLargePagesIndividualAllocation        = false                                  {pd product} {ergonomic}

Logging:
Log output configuration:
 #0: stdout all=warning uptime,level,tags
 #1: stderr all=off uptime,level,tags

Environment Variables:
PATH=C:\Program Files (x86)\Common Files\Oracle\Java\javapath;C:\Program Files\Java\jdk-14.0.2/bin;C:\Program Files\apktool;C:\Program Files (x86)\Paragon Software\LinuxFS for Windows\;C:\Users\Dell\AppData\Local\Programs\Python\Python38\Scripts\;C:\Users\Dell\AppData\Local\Programs\Python\Python38\
USERNAME=Dell
OS=Windows_NT
PROCESSOR_IDENTIFIER=Intel64 Family 6 Model 37 Stepping 5, GenuineIntel



---------------  S Y S T E M  ---------------

OS: Windows 7 , 64 bit Build 7601 (6.1.7601.17617)
OS uptime: 8 days 5:30 hours

CPU:total 4 (initial active 4) (2 cores per cpu, 2 threads per core) family 6 model 37 stepping 5 microcode 0x0, cmov, cx8, fxsr, mmx, sse, sse2, sse3, ssse3, sse4.1, sse4.2, popcnt, ht, tsc, tscinvbit

Memory: 4k page, system-wide physical 3894M (199M free)
TotalPageFile size 7050M (AvailPageFile size 4M)
current process WorkingSet (physical memory assigned to process): 179M, peak: 179M
current process commit charge ("private bytes"): 212M, peak: 212M

vm_info: OpenJDK 64-Bit Server VM (11.0.10+0-b96-7249189) for windows-amd64 JRE (11.0.10+0-b96-7249189), built on Mar 31 2021 21:44:00 by "builder" with MS VC++ 14.0 (VS2015)

END.
