#
# There is insufficient memory for the Java Runtime Environment to continue.
# Native memory allocation (mmap) failed to map 81788928 bytes for Failed to commit area from 0x0000000089c00000 to 0x000000008ea00000 of length 81788928.
# Possible reasons:
#   The system is out of physical RAM or swap space
#   The process is running with CompressedOops enabled, and the Java Heap may be blocking the growth of the native heap
# Possible solutions:
#   Reduce memory load on the system
#   Increase physical memory or swap space
#   Check if swap backing store is full
#   Decrease Java heap size (-Xmx/-Xms)
#   Decrease number of Java threads
#   Decrease Java thread stack sizes (-Xss)
#   Set larger code cache with -XX:ReservedCodeCacheSize=
#   JVM is running with Unscaled Compressed Oops mode in which the Java heap is
#     placed in the first 4GB address space. The Java Heap base address is the
#     maximum limit for the native heap growth. Please use -XX:HeapBaseMinAddress
#     to set the Java Heap base and to place the Java Heap above 4GB virtual address.
# This output file may be truncated or incomplete.
#
#  Out of Memory Error (./src/hotspot/os/windows/os_windows.cpp:3301), pid=2228, tid=5812
#
# JRE version: OpenJDK Runtime Environment (11.0.10) (build 11.0.10+0-b96-7249189)
# Java VM: OpenJDK 64-Bit Server VM (11.0.10+0-b96-7249189, mixed mode, tiered, compressed oops, g1 gc, windows-amd64)
# No core dump will be written. Minidumps are not enabled by default on client versions of Windows
#

---------------  S U M M A R Y ------------

Command Line: --add-opens=java.base/java.util=ALL-UNNAMED --add-opens=java.base/java.lang=ALL-UNNAMED --add-opens=java.base/java.lang.invoke=ALL-UNNAMED --add-opens=java.base/java.util=ALL-UNNAMED --add-opens=java.prefs/java.util.prefs=ALL-UNNAMED --add-opens=java.prefs/java.util.prefs=ALL-UNNAMED --add-opens=java.base/java.nio.charset=ALL-UNNAMED --add-opens=java.base/java.net=ALL-UNNAMED --add-opens=java.base/java.util.concurrent.atomic=ALL-UNNAMED -Xmx2048m -Dfile.encoding=UTF-8 -Duser.country=IN -Duser.language=en -Duser.variant org.gradle.launcher.daemon.bootstrap.GradleDaemon 7.0.2

Host: Intel(R) Core(TM) i3 CPU       M 370  @ 2.40GHz, 4 cores, 3G,  Windows 7 , 64 bit Build 7601 (6.1.7601.17617)
Time: Tue Oct 19 16:48:51 2021 Sri Lanka Standard Time elapsed time: 150.760402 seconds (0d 0h 2m 30s)

---------------  T H R E A D  ---------------

Current thread (0x000000005da74800):  VMThread "VM Thread" [stack: 0x000000001ced0000,0x000000001cfd0000] [id=5812]

Stack: [0x000000001ced0000,0x000000001cfd0000]
[error occurred during error reporting (printing stack bounds), id 0xc0000005, EXCEPTION_ACCESS_VIOLATION (0xc0000005) at pc=0x0000000006300f3d]

Native frames: (J=compiled Java code, j=interpreted, Vv=VM code, C=native code)
V  [jvm.dll+0x5ecfaa]
V  [jvm.dll+0x722bd5]
V  [jvm.dll+0x72412d]
V  [jvm.dll+0x724745]
V  [jvm.dll+0x7246fb]
V  [jvm.dll+0x5ec348]
V  [jvm.dll+0x5ecad8]
C  [ntdll.dll+0x29d0d]
C  [ntdll.dll+0x191af]
C  [ntdll.dll+0x51278]
C  0x0000000006300f3d

VM_Operation (0x000000006dc0d410): G1CollectForAllocation, mode: safepoint, requested by thread 0x0000000066797000


---------------  P R O C E S S  ---------------

Threads class SMR info:
_java_thread_list=0x0000000061172950, length=51, elements={
0x00000000002e9800, 0x000000005da78000, 0x000000005da82000, 0x000000005da8f000,
0x000000005da92000, 0x000000005da94000, 0x000000005da9b000, 0x000000005da9c000,
0x000000005da9f800, 0x000000005e65e800, 0x0000000060b80000, 0x0000000060691800,
0x0000000060fa5800, 0x00000000612b4000, 0x0000000060b93800, 0x0000000061007000,
0x0000000061008000, 0x0000000061008800, 0x000000006100a800, 0x000000006100b000,
0x00000000632e3800, 0x00000000632e5000, 0x00000000632e6000, 0x00000000632e7000,
0x000000006291f800, 0x0000000062924800, 0x0000000062926000, 0x0000000061006000,
0x0000000061009800, 0x000000006100c000, 0x000000006100c800, 0x0000000062923800,
0x0000000062923000, 0x0000000062921000, 0x0000000062922000, 0x0000000062920800,
0x00000000632e9800, 0x00000000632e2800, 0x0000000066a39000, 0x0000000066a3a000,
0x0000000066a3a800, 0x0000000066a3b800, 0x0000000066a3d000, 0x0000000066a3e000,
0x0000000066a3e800, 0x0000000066a3f800, 0x000000006626f000, 0x0000000066270000,
0x0000000066271800, 0x0000000066797000, 0x0000000066797800
}

Java Threads: ( => current thread )
  0x00000000002e9800 JavaThread "main" [_thread_blocked, id=2648, stack(0x0000000002040000,0x0000000002140000)]
  0x000000005da78000 JavaThread "Reference Handler" daemon [_thread_blocked, id=1308, stack(0x000000005dcf0000,0x000000005ddf0000)]
  0x000000005da82000 JavaThread "Finalizer" daemon [_thread_blocked, id=5592, stack(0x000000005deb0000,0x000000005dfb0000)]
  0x000000005da8f000 JavaThread "Signal Dispatcher" daemon [_thread_blocked, id=5364, stack(0x000000005e0f0000,0x000000005e1f0000)]
  0x000000005da92000 JavaThread "Attach Listener" daemon [_thread_blocked, id=5636, stack(0x000000005e240000,0x000000005e340000)]
  0x000000005da94000 JavaThread "Service Thread" daemon [_thread_blocked, id=216, stack(0x000000005e390000,0x000000005e490000)]
  0x000000005da9b000 JavaThread "C2 CompilerThread0" daemon [_thread_blocked, id=6064, stack(0x000000005dbc0000,0x000000005dcc0000)]
  0x000000005da9c000 JavaThread "C1 CompilerThread0" daemon [_thread_blocked, id=352, stack(0x000000005e4a0000,0x000000005e5a0000)]
  0x000000005da9f800 JavaThread "Sweeper thread" daemon [_thread_blocked, id=4904, stack(0x000000005dfd0000,0x000000005e0d0000)]
  0x000000005e65e800 JavaThread "Common-Cleaner" daemon [_thread_blocked, id=4320, stack(0x000000005ead0000,0x000000005ebd0000)]
  0x0000000060b80000 JavaThread "Daemon health stats" [_thread_blocked, id=2944, stack(0x0000000061d20000,0x0000000061e20000)]
  0x0000000060691800 JavaThread "Incoming local TCP Connector on port 49923" [_thread_in_native, id=5060, stack(0x0000000062040000,0x0000000062140000)]
  0x0000000060fa5800 JavaThread "Daemon periodic checks" [_thread_blocked, id=4992, stack(0x0000000062270000,0x0000000062370000)]
  0x00000000612b4000 JavaThread "Daemon" [_thread_blocked, id=5148, stack(0x0000000063b50000,0x0000000063c50000)]
  0x0000000060b93800 JavaThread "Daemon worker" [_thread_blocked, id=6084, stack(0x00000000636d0000,0x00000000637d0000)]
  0x0000000061007000 JavaThread "Cache worker for file hash cache (C:\Users\Dell\.gradle\caches\7.0.2\fileHashes)" [_thread_blocked, id=2400, stack(0x000000005f5e0000,0x000000005f6e0000)]
  0x0000000061008000 JavaThread "File lock request listener" [_thread_in_native, id=3000, stack(0x0000000064460000,0x0000000064560000)]
  0x0000000061008800 JavaThread "Cache worker for journal cache (C:\Users\Dell\.gradle\caches\journal-1)" [_thread_blocked, id=4484, stack(0x00000000648d0000,0x00000000649d0000)]
  0x000000006100a800 JavaThread "File watcher server" daemon [_thread_blocked, id=2464, stack(0x0000000064f90000,0x0000000065090000)]
  0x000000006100b000 JavaThread "File watcher consumer" daemon [_thread_blocked, id=5164, stack(0x00000000650f0000,0x00000000651f0000)]
  0x00000000632e3800 JavaThread "Cache worker for execution history cache (C:\Users\Dell\.gradle\caches\7.0.2\executionHistory)" [_thread_blocked, id=2596, stack(0x00000000654d0000,0x00000000655d0000)]
  0x00000000632e5000 JavaThread "jar transforms" [_thread_blocked, id=5340, stack(0x0000000064cf0000,0x0000000064df0000)]
  0x00000000632e6000 JavaThread "jar transforms Thread 2" [_thread_blocked, id=2316, stack(0x0000000067cf0000,0x0000000067df0000)]
  0x00000000632e7000 JavaThread "Cache worker for file content cache (C:\Users\Dell\.gradle\caches\7.0.2\fileContent)" [_thread_blocked, id=6108, stack(0x0000000065850000,0x0000000065950000)]
  0x000000006291f800 JavaThread "jar transforms Thread 3" [_thread_blocked, id=3172, stack(0x0000000068500000,0x0000000068600000)]
  0x0000000062924800 JavaThread "jar transforms Thread 4" [_thread_blocked, id=1196, stack(0x00000000695c0000,0x00000000696c0000)]
  0x0000000062926000 JavaThread "Memory manager" [_thread_blocked, id=5368, stack(0x000000006a390000,0x000000006a490000)]
  0x0000000061006000 JavaThread "Handler for socket connection from /127.0.0.1:49923 to /127.0.0.1:57303" [_thread_in_native, id=4508, stack(0x0000000063410000,0x0000000063510000)]
  0x0000000061009800 JavaThread "Cancel handler" [_thread_blocked, id=5536, stack(0x0000000063530000,0x0000000063630000)]
  0x000000006100c000 JavaThread "Asynchronous log dispatcher for DefaultDaemonConnection: socket connection from /127.0.0.1:49923 to /127.0.0.1:57303" [_thread_blocked, id=5572, stack(0x0000000063a40000,0x0000000063b40000)]
  0x000000006100c800 JavaThread "Stdin handler" [_thread_blocked, id=5924, stack(0x0000000061bc0000,0x0000000061cc0000)]
  0x0000000062923800 JavaThread "Daemon client event forwarder" [_thread_blocked, id=3964, stack(0x0000000064340000,0x0000000064440000)]
  0x0000000062923000 JavaThread "Cache worker for file hash cache (C:\Users\Dell\AndroidStudioProjects\NoteApp\.gradle\7.0.2\fileHashes)" [_thread_blocked, id=2108, stack(0x0000000063d20000,0x0000000063e20000)]
  0x0000000062921000 JavaThread "Cache worker for checksums cache (C:\Users\Dell\AndroidStudioProjects\NoteApp\.gradle\checksums)" [_thread_blocked, id=4360, stack(0x0000000064bd0000,0x0000000064cd0000)]
  0x0000000062922000 JavaThread "Cache worker for cache directory md-supplier (C:\Users\Dell\.gradle\caches\7.0.2\md-supplier)" [_thread_blocked, id=3444, stack(0x00000000647a0000,0x00000000648a0000)]
  0x0000000062920800 JavaThread "Cache worker for cache directory md-rule (C:\Users\Dell\.gradle\caches\7.0.2\md-rule)" [_thread_blocked, id=3192, stack(0x0000000064e80000,0x0000000064f80000)]
  0x00000000632e9800 JavaThread "Cache worker for dependencies-accessors (C:\Users\Dell\AndroidStudioProjects\NoteApp\.gradle\7.0.2\dependencies-accessors)" [_thread_blocked, id=3128, stack(0x0000000068630000,0x0000000068730000)]
  0x00000000632e2800 JavaThread "Cache worker for Build Output Cleanup Cache (C:\Users\Dell\AndroidStudioProjects\NoteApp\.gradle\buildOutputCleanup)" [_thread_blocked, id=960, stack(0x000000005e9a0000,0x000000005eaa0000)]
  0x0000000066a39000 JavaThread "Build operations" [_thread_blocked, id=3996, stack(0x0000000065990000,0x0000000065a90000)]
  0x0000000066a3a000 JavaThread "Build operations Thread 2" [_thread_blocked, id=5508, stack(0x0000000068db0000,0x0000000068eb0000)]
  0x0000000066a3a800 JavaThread "Build operations Thread 3" [_thread_blocked, id=5284, stack(0x00000000692f0000,0x00000000693f0000)]
  0x0000000066a3b800 JavaThread "Build operations Thread 4" [_thread_blocked, id=5548, stack(0x000000006c420000,0x000000006c520000)]
  0x0000000066a3d000 JavaThread "build event listener" [_thread_blocked, id=5992, stack(0x0000000069460000,0x0000000069560000)]
  0x0000000066a3e000 JavaThread "Execution worker for ':'" [_thread_blocked, id=1984, stack(0x000000006c970000,0x000000006ca70000)]
  0x0000000066a3e800 JavaThread "Execution worker for ':' Thread 2" [_thread_blocked, id=2760, stack(0x000000006cf30000,0x000000006d030000)]
  0x0000000066a3f800 JavaThread "Execution worker for ':' Thread 3" [_thread_blocked, id=4848, stack(0x000000006d0b0000,0x000000006d1b0000)]
  0x000000006626f000 JavaThread "Cache worker for execution history cache (C:\Users\Dell\AndroidStudioProjects\NoteApp\.gradle\7.0.2\executionHistory)" [_thread_blocked, id=3592, stack(0x000000006d210000,0x000000006d310000)]
  0x0000000066270000 JavaThread "WorkerExecutor Queue" [_thread_blocked, id=6100, stack(0x000000006d310000,0x000000006d410000)]
  0x0000000066271800 JavaThread "WorkerExecutor Queue Thread 2" [_thread_blocked, id=3848, stack(0x000000006d7e0000,0x000000006d8e0000)]
  0x0000000066797000 JavaThread "WorkerExecutor Queue Thread 3" [_thread_blocked, id=4112, stack(0x000000006db10000,0x000000006dc10000)]
  0x0000000066797800 JavaThread "WorkerExecutor Queue Thread 4" [_thread_blocked, id=5516, stack(0x0000000068f10000,0x0000000069010000)]

Other Threads:
=>0x000000005da74800 VMThread "VM Thread" [stack: 0x000000001ced0000,0x000000001cfd0000] [id=5812]
  0x000000005e6a5000 WatcherThread [stack: 0x000000005ec10000,0x000000005ed10000] [id=5944]
  0x0000000000301800 GCTaskThread "GC Thread#0" [stack: 0x00000000153a0000,0x00000000154a0000] [id=4340]
  0x000000005f740800 GCTaskThread "GC Thread#1" [stack: 0x00000000606f0000,0x00000000607f0000] [id=5504]
  0x000000005f9ac000 GCTaskThread "GC Thread#2" [stack: 0x0000000063e60000,0x0000000063f60000] [id=3492]
  0x000000005fe6e800 GCTaskThread "GC Thread#3" [stack: 0x0000000064040000,0x0000000064140000] [id=5244]
  0x0000000000332000 ConcurrentGCThread "G1 Main Marker" [stack: 0x000000001a600000,0x000000001a700000] [id=3680]
  0x0000000000333800 ConcurrentGCThread "G1 Conc#0" [stack: 0x000000001a7d0000,0x000000001a8d0000] [id=5824]
  0x000000000036f800 ConcurrentGCThread "G1 Refine#0" [stack: 0x000000001cdc0000,0x000000001cec0000] [id=5892]
  0x000000001cc22800 ConcurrentGCThread "G1 Young RemSet Sampling" [stack: 0x000000001d080000,0x000000001d180000] [id=5348]

Threads with active compile tasks:
C2 CompilerThread0 150772 12803       4       com.google.protobuf.GeneratedMessageV3$Builder::onBuilt (12 bytes)
C1 CompilerThread0 150772 12795       3       com.android.aaptcompiler.proto.ProtoSerializeKt::serializeAttrToPb (170 bytes)

VM state:at safepoint (normal execution)

VM Mutex/Monitor currently owned by a thread:  ([mutex/lock_event])
[0x00000000002e5480] Threads_lock - owner thread: 0x000000005da74800
[0x00000000002e5c60] Heap_lock - owner thread: 0x0000000066797000

Heap address: 0x0000000080000000, size: 2048 MB, Compressed Oops mode: 32-bit
Narrow klass base: 0x0000000000000000, Narrow klass shift: 0
Compressed class space size: 1073741824 Address: 0x000000001d180000

Heap:
 garbage-first heap   total 239616K, used 103961K [0x0000000080000000, 0x0000000100000000)
  region size 1024K, 3 young (3072K), 3 survivors (3072K)
 Metaspace       used 94515K, capacity 96718K, committed 96972K, reserved 1134592K
  class space    used 11845K, capacity 12678K, committed 12748K, reserved 1048576K
Heap Regions: E=young(eden), S=young(survivor), O=old, HS=humongous(starts), HC=humongous(continues), CS=collection set, F=free, A=archive, TAMS=top-at-mark-start (previous, next)
|   0|0x0000000080000000, 0x0000000080100000, 0x0000000080100000|100%| O|  |TAMS 0x0000000080100000, 0x0000000080000000| Untracked 
|   1|0x0000000080100000, 0x0000000080200000, 0x0000000080200000|100%| O|  |TAMS 0x0000000080200000, 0x0000000080100000| Untracked 
|   2|0x0000000080200000, 0x0000000080300000, 0x0000000080300000|100%| O|  |TAMS 0x0000000080300000, 0x0000000080200000| Untracked 
|   3|0x0000000080300000, 0x0000000080400000, 0x0000000080400000|100%|HS|  |TAMS 0x0000000080400000, 0x0000000080300000| Complete 
|   4|0x0000000080400000, 0x0000000080500000, 0x0000000080500000|100%|HC|  |TAMS 0x0000000080500000, 0x0000000080400000| Complete 
|   5|0x0000000080500000, 0x0000000080600000, 0x0000000080600000|100%|HC|  |TAMS 0x0000000080600000, 0x0000000080500000| Complete 
|   6|0x0000000080600000, 0x0000000080700000, 0x0000000080700000|100%| O|  |TAMS 0x0000000080700000, 0x0000000080600000| Untracked 
|   7|0x0000000080700000, 0x0000000080800000, 0x0000000080800000|100%| O|  |TAMS 0x0000000080800000, 0x0000000080700000| Untracked 
|   8|0x0000000080800000, 0x0000000080900000, 0x0000000080900000|100%| O|  |TAMS 0x0000000080900000, 0x0000000080800000| Untracked 
|   9|0x0000000080900000, 0x0000000080a00000, 0x0000000080a00000|100%| O|  |TAMS 0x0000000080a00000, 0x0000000080900000| Untracked 
|  10|0x0000000080a00000, 0x0000000080b00000, 0x0000000080b00000|100%| O|  |TAMS 0x0000000080b00000, 0x0000000080a00000| Untracked 
|  11|0x0000000080b00000, 0x0000000080c00000, 0x0000000080c00000|100%| O|  |TAMS 0x0000000080c00000, 0x0000000080b00000| Untracked 
|  12|0x0000000080c00000, 0x0000000080d00000, 0x0000000080d00000|100%| O|  |TAMS 0x0000000080d00000, 0x0000000080c00000| Untracked 
|  13|0x0000000080d00000, 0x0000000080e00000, 0x0000000080e00000|100%| O|  |TAMS 0x0000000080e00000, 0x0000000080d00000| Untracked 
|  14|0x0000000080e00000, 0x0000000080f00000, 0x0000000080f00000|100%| O|  |TAMS 0x0000000080f00000, 0x0000000080e00000| Untracked 
|  15|0x0000000080f00000, 0x0000000081000000, 0x0000000081000000|100%| O|  |TAMS 0x0000000081000000, 0x0000000080f00000| Untracked 
|  16|0x0000000081000000, 0x0000000081100000, 0x0000000081100000|100%| O|  |TAMS 0x0000000081100000, 0x0000000081000000| Untracked 
|  17|0x0000000081100000, 0x0000000081200000, 0x0000000081200000|100%| O|  |TAMS 0x0000000081200000, 0x0000000081100000| Untracked 
|  18|0x0000000081200000, 0x0000000081300000, 0x0000000081300000|100%| O|  |TAMS 0x0000000081300000, 0x0000000081200000| Untracked 
|  19|0x0000000081300000, 0x0000000081400000, 0x0000000081400000|100%| O|  |TAMS 0x0000000081400000, 0x0000000081300000| Untracked 
|  20|0x0000000081400000, 0x0000000081500000, 0x0000000081500000|100%| O|  |TAMS 0x0000000081500000, 0x0000000081400000| Untracked 
|  21|0x0000000081500000, 0x0000000081600000, 0x0000000081600000|100%| O|  |TAMS 0x0000000081600000, 0x0000000081500000| Complete 
|  22|0x0000000081600000, 0x0000000081700000, 0x0000000081700000|100%| O|  |TAMS 0x0000000081700000, 0x0000000081600000| Untracked 
|  23|0x0000000081700000, 0x0000000081800000, 0x0000000081800000|100%| O|  |TAMS 0x0000000081800000, 0x0000000081700000| Complete 
|  24|0x0000000081800000, 0x0000000081900000, 0x0000000081900000|100%| O|  |TAMS 0x0000000081900000, 0x0000000081800000| Untracked 
|  25|0x0000000081900000, 0x0000000081a00000, 0x0000000081a00000|100%| O|  |TAMS 0x0000000081a00000, 0x0000000081900000| Untracked 
|  26|0x0000000081a00000, 0x0000000081b00000, 0x0000000081b00000|100%|HS|  |TAMS 0x0000000081b00000, 0x0000000081a00000| Complete 
|  27|0x0000000081b00000, 0x0000000081c00000, 0x0000000081c00000|100%|HS|  |TAMS 0x0000000081c00000, 0x0000000081b00000| Complete 
|  28|0x0000000081c00000, 0x0000000081d00000, 0x0000000081d00000|100%|HS|  |TAMS 0x0000000081d00000, 0x0000000081c00000| Complete 
|  29|0x0000000081d00000, 0x0000000081e00000, 0x0000000081e00000|100%|HS|  |TAMS 0x0000000081e00000, 0x0000000081d00000| Complete 
|  30|0x0000000081e00000, 0x0000000081f00000, 0x0000000081f00000|100%|HC|  |TAMS 0x0000000081f00000, 0x0000000081e00000| Complete 
|  31|0x0000000081f00000, 0x0000000082000000, 0x0000000082000000|100%|HC|  |TAMS 0x0000000082000000, 0x0000000081f00000| Complete 
|  32|0x0000000082000000, 0x0000000082100000, 0x0000000082100000|100%|HS|  |TAMS 0x0000000082100000, 0x0000000082000000| Complete 
|  33|0x0000000082100000, 0x0000000082200000, 0x0000000082200000|100%|HC|  |TAMS 0x0000000082200000, 0x0000000082100000| Complete 
|  34|0x0000000082200000, 0x0000000082300000, 0x0000000082300000|100%| O|  |TAMS 0x0000000082300000, 0x0000000082200000| Untracked 
|  35|0x0000000082300000, 0x0000000082400000, 0x0000000082400000|100%| O|  |TAMS 0x0000000082400000, 0x0000000082300000| Complete 
|  36|0x0000000082400000, 0x0000000082500000, 0x0000000082500000|100%| O|  |TAMS 0x0000000082500000, 0x0000000082400000| Complete 
|  37|0x0000000082500000, 0x0000000082600000, 0x0000000082600000|100%| O|  |TAMS 0x0000000082600000, 0x0000000082500000| Complete 
|  38|0x0000000082600000, 0x0000000082700000, 0x0000000082700000|100%| O|  |TAMS 0x0000000082700000, 0x0000000082600000| Complete 
|  39|0x0000000082700000, 0x0000000082800000, 0x0000000082800000|100%| O|  |TAMS 0x0000000082800000, 0x0000000082700000| Complete 
|  40|0x0000000082800000, 0x0000000082900000, 0x0000000082900000|100%| O|  |TAMS 0x0000000082900000, 0x0000000082800000| Complete 
|  41|0x0000000082900000, 0x0000000082a00000, 0x0000000082a00000|100%| O|  |TAMS 0x0000000082a00000, 0x0000000082900000| Untracked 
|  42|0x0000000082a00000, 0x0000000082b00000, 0x0000000082b00000|100%| O|  |TAMS 0x0000000082b00000, 0x0000000082a00000| Untracked 
|  43|0x0000000082b00000, 0x0000000082c00000, 0x0000000082c00000|100%| O|  |TAMS 0x0000000082c00000, 0x0000000082b00000| Untracked 
|  44|0x0000000082c00000, 0x0000000082d00000, 0x0000000082d00000|100%| O|  |TAMS 0x0000000082d00000, 0x0000000082c00000| Untracked 
|  45|0x0000000082d00000, 0x0000000082e00000, 0x0000000082e00000|100%| O|  |TAMS 0x0000000082e00000, 0x0000000082d00000| Untracked 
|  46|0x0000000082e00000, 0x0000000082f00000, 0x0000000082f00000|100%| O|  |TAMS 0x0000000082f00000, 0x0000000082e00000| Untracked 
|  47|0x0000000082f00000, 0x0000000083000000, 0x0000000083000000|100%| O|  |TAMS 0x0000000083000000, 0x0000000082f00000| Complete 
|  48|0x0000000083000000, 0x0000000083100000, 0x0000000083100000|100%| O|  |TAMS 0x0000000083100000, 0x0000000083000000| Untracked 
|  49|0x0000000083100000, 0x0000000083200000, 0x0000000083200000|100%| O|  |TAMS 0x0000000083200000, 0x0000000083100000| Untracked 
|  50|0x0000000083200000, 0x0000000083300000, 0x0000000083300000|100%| O|  |TAMS 0x0000000083300000, 0x0000000083200000| Complete 
|  51|0x0000000083300000, 0x0000000083400000, 0x0000000083400000|100%| O|  |TAMS 0x0000000083400000, 0x0000000083300000| Complete 
|  52|0x0000000083400000, 0x0000000083500000, 0x0000000083500000|100%| O|  |TAMS 0x0000000083500000, 0x0000000083400000| Complete 
|  53|0x0000000083500000, 0x0000000083600000, 0x0000000083600000|100%| O|  |TAMS 0x0000000083600000, 0x0000000083500000| Untracked 
|  54|0x0000000083600000, 0x0000000083700000, 0x0000000083700000|100%| O|  |TAMS 0x0000000083700000, 0x0000000083600000| Complete 
|  55|0x0000000083700000, 0x0000000083800000, 0x0000000083800000|100%| O|  |TAMS 0x0000000083800000, 0x0000000083700000| Untracked 
|  56|0x0000000083800000, 0x0000000083900000, 0x0000000083900000|100%| O|  |TAMS 0x0000000083900000, 0x0000000083800000| Complete 
|  57|0x0000000083900000, 0x0000000083a00000, 0x0000000083a00000|100%| O|  |TAMS 0x0000000083a00000, 0x0000000083900000| Untracked 
|  58|0x0000000083a00000, 0x0000000083b00000, 0x0000000083b00000|100%| O|  |TAMS 0x0000000083b00000, 0x0000000083a00000| Untracked 
|  59|0x0000000083b00000, 0x0000000083c00000, 0x0000000083c00000|100%| O|  |TAMS 0x0000000083c00000, 0x0000000083b00000| Complete 
|  60|0x0000000083c00000, 0x0000000083d00000, 0x0000000083d00000|100%| O|  |TAMS 0x0000000083d00000, 0x0000000083c00000| Complete 
|  61|0x0000000083d00000, 0x0000000083e00000, 0x0000000083e00000|100%| O|  |TAMS 0x0000000083e00000, 0x0000000083d00000| Untracked 
|  62|0x0000000083e00000, 0x0000000083f00000, 0x0000000083f00000|100%| O|  |TAMS 0x0000000083f00000, 0x0000000083e00000| Untracked 
|  63|0x0000000083f00000, 0x0000000084000000, 0x0000000084000000|100%| O|  |TAMS 0x0000000084000000, 0x0000000083f00000| Untracked 
|  64|0x0000000084000000, 0x0000000084100000, 0x0000000084100000|100%| O|  |TAMS 0x0000000084100000, 0x0000000084000000| Complete 
|  65|0x0000000084100000, 0x0000000084200000, 0x0000000084200000|100%| O|  |TAMS 0x0000000084200000, 0x0000000084100000| Complete 
|  66|0x0000000084200000, 0x0000000084300000, 0x0000000084300000|100%| O|  |TAMS 0x0000000084300000, 0x0000000084200000| Untracked 
|  67|0x0000000084300000, 0x0000000084400000, 0x0000000084400000|100%| O|  |TAMS 0x0000000084400000, 0x0000000084300000| Untracked 
|  68|0x0000000084400000, 0x0000000084500000, 0x0000000084500000|100%| O|  |TAMS 0x0000000084500000, 0x0000000084400000| Untracked 
|  69|0x0000000084500000, 0x0000000084600000, 0x0000000084600000|100%| O|  |TAMS 0x0000000084600000, 0x0000000084500000| Untracked 
|  70|0x0000000084600000, 0x0000000084700000, 0x0000000084700000|100%| O|  |TAMS 0x0000000084700000, 0x0000000084600000| Untracked 
|  71|0x0000000084700000, 0x0000000084800000, 0x0000000084800000|100%| O|  |TAMS 0x0000000084800000, 0x0000000084700000| Untracked 
|  72|0x0000000084800000, 0x0000000084900000, 0x0000000084900000|100%| O|  |TAMS 0x0000000084900000, 0x0000000084800000| Untracked 
|  73|0x0000000084900000, 0x0000000084a00000, 0x0000000084a00000|100%| O|  |TAMS 0x0000000084a00000, 0x0000000084900000| Complete 
|  74|0x0000000084a00000, 0x0000000084b00000, 0x0000000084b00000|100%| O|  |TAMS 0x0000000084b00000, 0x0000000084a00000| Untracked 
|  75|0x0000000084b00000, 0x0000000084c00000, 0x0000000084c00000|100%| O|  |TAMS 0x0000000084c00000, 0x0000000084b00000| Untracked 
|  76|0x0000000084c00000, 0x0000000084d00000, 0x0000000084d00000|100%| O|  |TAMS 0x0000000084d00000, 0x0000000084c00000| Untracked 
|  77|0x0000000084d00000, 0x0000000084e00000, 0x0000000084e00000|100%| O|  |TAMS 0x0000000084e00000, 0x0000000084d00000| Untracked 
|  78|0x0000000084e00000, 0x0000000084f00000, 0x0000000084f00000|100%| O|  |TAMS 0x0000000084f00000, 0x0000000084e00000| Untracked 
|  79|0x0000000084f00000, 0x0000000085000000, 0x0000000085000000|100%| O|  |TAMS 0x0000000085000000, 0x0000000084f00000| Complete 
|  80|0x0000000085000000, 0x0000000085100000, 0x0000000085100000|100%| O|  |TAMS 0x0000000085100000, 0x0000000085000000| Complete 
|  81|0x0000000085100000, 0x0000000085200000, 0x0000000085200000|100%| O|  |TAMS 0x0000000085200000, 0x0000000085100000| Complete 
|  82|0x0000000085200000, 0x0000000085300000, 0x0000000085300000|100%| O|  |TAMS 0x0000000085200000, 0x0000000085200000| Untracked 
|  83|0x0000000085300000, 0x0000000085400000, 0x0000000085400000|100%| O|  |TAMS 0x0000000085300000, 0x0000000085300000| Untracked 
|  84|0x0000000085400000, 0x0000000085500000, 0x0000000085500000|100%| O|  |TAMS 0x0000000085500000, 0x0000000085400000| Complete 
|  85|0x0000000085500000, 0x000000008554d600, 0x0000000085600000| 30%| O|  |TAMS 0x0000000085500000, 0x0000000085500000| Untracked 
|  86|0x0000000085600000, 0x0000000085600000, 0x0000000085700000|  0%| F|  |TAMS 0x0000000085600000, 0x0000000085600000| Untracked 
|  87|0x0000000085700000, 0x0000000085700000, 0x0000000085800000|  0%| F|  |TAMS 0x0000000085700000, 0x0000000085700000| Untracked 
|  88|0x0000000085800000, 0x0000000085800000, 0x0000000085900000|  0%| F|  |TAMS 0x0000000085800000, 0x0000000085800000| Untracked 
|  89|0x0000000085900000, 0x0000000085900000, 0x0000000085a00000|  0%| F|  |TAMS 0x0000000085900000, 0x0000000085900000| Untracked 
|  90|0x0000000085a00000, 0x0000000085b00000, 0x0000000085b00000|100%| O|  |TAMS 0x0000000085b00000, 0x0000000085a00000| Complete 
|  91|0x0000000085b00000, 0x0000000085b00000, 0x0000000085c00000|  0%| F|  |TAMS 0x0000000085b00000, 0x0000000085b00000| Untracked 
|  92|0x0000000085c00000, 0x0000000085c00000, 0x0000000085d00000|  0%| F|  |TAMS 0x0000000085c00000, 0x0000000085c00000| Untracked 
|  93|0x0000000085d00000, 0x0000000085e00000, 0x0000000085e00000|100%| O|  |TAMS 0x0000000085e00000, 0x0000000085d00000| Complete 
|  94|0x0000000085e00000, 0x0000000085e00000, 0x0000000085f00000|  0%| F|  |TAMS 0x0000000085e00000, 0x0000000085e00000| Untracked 
|  95|0x0000000085f00000, 0x0000000085f00000, 0x0000000086000000|  0%| F|  |TAMS 0x0000000085f00000, 0x0000000085f00000| Untracked 
|  96|0x0000000086000000, 0x0000000086100000, 0x0000000086100000|100%| O|  |TAMS 0x0000000086100000, 0x0000000086000000| Complete 
|  97|0x0000000086100000, 0x0000000086100000, 0x0000000086200000|  0%| F|  |TAMS 0x0000000086100000, 0x0000000086100000| Untracked 
|  98|0x0000000086200000, 0x0000000086300000, 0x0000000086300000|100%| O|  |TAMS 0x0000000086300000, 0x0000000086200000| Complete 
|  99|0x0000000086300000, 0x0000000086400000, 0x0000000086400000|100%| O|  |TAMS 0x0000000086400000, 0x0000000086300000| Complete 
| 100|0x0000000086400000, 0x0000000086500000, 0x0000000086500000|100%| O|  |TAMS 0x0000000086500000, 0x0000000086400000| Complete 
| 101|0x0000000086500000, 0x0000000086600000, 0x0000000086600000|100%| O|  |TAMS 0x0000000086600000, 0x0000000086500000| Complete 
| 102|0x0000000086600000, 0x0000000086700000, 0x0000000086700000|100%| O|  |TAMS 0x0000000086700000, 0x0000000086600000| Complete 
| 103|0x0000000086700000, 0x0000000086800000, 0x0000000086800000|100%| O|  |TAMS 0x0000000086800000, 0x0000000086700000| Untracked 
| 104|0x0000000086800000, 0x0000000086900000, 0x0000000086900000|100%| O|  |TAMS 0x00000000868f7c00, 0x0000000086800000| Untracked 
| 105|0x0000000086900000, 0x0000000086900000, 0x0000000086a00000|  0%| F|  |TAMS 0x0000000086900000, 0x0000000086900000| Untracked 
| 106|0x0000000086a00000, 0x0000000086a00000, 0x0000000086b00000|  0%| F|  |TAMS 0x0000000086a00000, 0x0000000086a00000| Untracked 
| 107|0x0000000086b00000, 0x0000000086b00000, 0x0000000086c00000|  0%| F|  |TAMS 0x0000000086b00000, 0x0000000086b00000| Untracked 
| 108|0x0000000086c00000, 0x0000000086d00000, 0x0000000086d00000|100%| O|  |TAMS 0x0000000086d00000, 0x0000000086c00000| Complete 
| 109|0x0000000086d00000, 0x0000000086d00000, 0x0000000086e00000|  0%| F|  |TAMS 0x0000000086d00000, 0x0000000086d00000| Untracked 
| 110|0x0000000086e00000, 0x0000000086e00000, 0x0000000086f00000|  0%| F|  |TAMS 0x0000000086e00000, 0x0000000086e00000| Untracked 
| 111|0x0000000086f00000, 0x0000000086f00000, 0x0000000087000000|  0%| F|  |TAMS 0x0000000086f00000, 0x0000000086f00000| Untracked 
| 112|0x0000000087000000, 0x0000000087000000, 0x0000000087100000|  0%| F|  |TAMS 0x0000000087000000, 0x0000000087000000| Untracked 
| 113|0x0000000087100000, 0x0000000087100000, 0x0000000087200000|  0%| F|  |TAMS 0x0000000087100000, 0x0000000087100000| Untracked 
| 114|0x0000000087200000, 0x0000000087200000, 0x0000000087300000|  0%| F|  |TAMS 0x0000000087200000, 0x0000000087200000| Untracked 
| 115|0x0000000087300000, 0x0000000087300000, 0x0000000087400000|  0%| F|  |TAMS 0x0000000087300000, 0x0000000087300000| Untracked 
| 116|0x0000000087400000, 0x0000000087400000, 0x0000000087500000|  0%| F|  |TAMS 0x0000000087400000, 0x0000000087400000| Untracked 
| 117|0x0000000087500000, 0x0000000087500000, 0x0000000087600000|  0%| F|  |TAMS 0x0000000087500000, 0x0000000087500000| Untracked 
| 118|0x0000000087600000, 0x0000000087600000, 0x0000000087700000|  0%| F|  |TAMS 0x0000000087600000, 0x0000000087600000| Untracked 
| 119|0x0000000087700000, 0x0000000087800000, 0x0000000087800000|100%| O|  |TAMS 0x0000000087800000, 0x0000000087700000| Complete 
| 120|0x0000000087800000, 0x0000000087900000, 0x0000000087900000|100%| O|  |TAMS 0x0000000087900000, 0x0000000087800000| Complete 
| 121|0x0000000087900000, 0x0000000087a00000, 0x0000000087a00000|100%| O|  |TAMS 0x0000000087a00000, 0x0000000087900000| Complete 
| 122|0x0000000087a00000, 0x0000000087a00000, 0x0000000087b00000|  0%| F|  |TAMS 0x0000000087a00000, 0x0000000087a00000| Untracked 
| 123|0x0000000087b00000, 0x0000000087b00000, 0x0000000087c00000|  0%| F|  |TAMS 0x0000000087b00000, 0x0000000087b00000| Untracked 
| 124|0x0000000087c00000, 0x0000000087c00000, 0x0000000087d00000|  0%| F|  |TAMS 0x0000000087c00000, 0x0000000087c00000| Untracked 
| 125|0x0000000087d00000, 0x0000000087d00000, 0x0000000087e00000|  0%| F|  |TAMS 0x0000000087d00000, 0x0000000087d00000| Untracked 
| 126|0x0000000087e00000, 0x0000000087e00000, 0x0000000087f00000|  0%| F|  |TAMS 0x0000000087e00000, 0x0000000087e00000| Untracked 
| 127|0x0000000087f00000, 0x0000000087f00000, 0x0000000088000000|  0%| F|  |TAMS 0x0000000087f00000, 0x0000000087f00000| Untracked 
| 128|0x0000000088000000, 0x0000000088000000, 0x0000000088100000|  0%| F|  |TAMS 0x0000000088000000, 0x0000000088000000| Untracked 
| 129|0x0000000088100000, 0x0000000088100000, 0x0000000088200000|  0%| F|  |TAMS 0x0000000088100000, 0x0000000088100000| Untracked 
| 130|0x0000000088200000, 0x0000000088200000, 0x0000000088300000|  0%| F|  |TAMS 0x0000000088200000, 0x0000000088200000| Untracked 
| 131|0x0000000088300000, 0x0000000088300000, 0x0000000088400000|  0%| F|  |TAMS 0x0000000088300000, 0x0000000088300000| Untracked 
| 132|0x0000000088400000, 0x0000000088400000, 0x0000000088500000|  0%| F|  |TAMS 0x0000000088400000, 0x0000000088400000| Untracked 
| 133|0x0000000088500000, 0x0000000088500000, 0x0000000088600000|  0%| F|  |TAMS 0x0000000088500000, 0x0000000088500000| Untracked 
| 134|0x0000000088600000, 0x0000000088639040, 0x0000000088700000| 22%| S|CS|TAMS 0x0000000088600000, 0x0000000088600000| Complete 
| 135|0x0000000088700000, 0x0000000088800000, 0x0000000088800000|100%| S|CS|TAMS 0x0000000088700000, 0x0000000088700000| Complete 
| 136|0x0000000088800000, 0x0000000088800000, 0x0000000088900000|  0%| F|  |TAMS 0x0000000088800000, 0x0000000088800000| Untracked 
| 137|0x0000000088900000, 0x0000000088900000, 0x0000000088a00000|  0%| F|  |TAMS 0x0000000088900000, 0x0000000088900000| Untracked 
| 138|0x0000000088a00000, 0x0000000088a00000, 0x0000000088b00000|  0%| F|  |TAMS 0x0000000088a00000, 0x0000000088a00000| Untracked 
| 139|0x0000000088b00000, 0x0000000088c00000, 0x0000000088c00000|100%| S|CS|TAMS 0x0000000088b00000, 0x0000000088b00000| Complete 
| 140|0x0000000088c00000, 0x0000000088c00000, 0x0000000088d00000|  0%| F|  |TAMS 0x0000000088c00000, 0x0000000088c00000| Untracked 
| 141|0x0000000088d00000, 0x0000000088d00000, 0x0000000088e00000|  0%| F|  |TAMS 0x0000000088d00000, 0x0000000088d00000| Untracked 
| 142|0x0000000088e00000, 0x0000000088e00000, 0x0000000088f00000|  0%| F|  |TAMS 0x0000000088e00000, 0x0000000088e00000| Untracked 
| 143|0x0000000088f00000, 0x0000000088f00000, 0x0000000089000000|  0%| F|  |TAMS 0x0000000088f00000, 0x0000000088f00000| Untracked 
| 144|0x0000000089000000, 0x0000000089000000, 0x0000000089100000|  0%| F|  |TAMS 0x0000000089000000, 0x0000000089000000| Untracked 
| 145|0x0000000089100000, 0x0000000089100000, 0x0000000089200000|  0%| F|  |TAMS 0x0000000089100000, 0x0000000089100000| Untracked 
| 146|0x0000000089200000, 0x0000000089200000, 0x0000000089300000|  0%| F|  |TAMS 0x0000000089200000, 0x0000000089200000| Untracked 
| 147|0x0000000089300000, 0x0000000089300000, 0x0000000089400000|  0%| F|  |TAMS 0x0000000089300000, 0x0000000089300000| Untracked 
| 148|0x0000000089400000, 0x0000000089400000, 0x0000000089500000|  0%| F|  |TAMS 0x0000000089400000, 0x0000000089400000| Untracked 
| 149|0x0000000089500000, 0x0000000089500000, 0x0000000089600000|  0%| F|  |TAMS 0x0000000089500000, 0x0000000089500000| Untracked 
| 150|0x0000000089600000, 0x0000000089600000, 0x0000000089700000|  0%| F|  |TAMS 0x0000000089600000, 0x0000000089600000| Untracked 
| 151|0x0000000089700000, 0x0000000089700000, 0x0000000089800000|  0%| F|  |TAMS 0x0000000089700000, 0x0000000089700000| Untracked 
| 152|0x0000000089800000, 0x0000000089800000, 0x0000000089900000|  0%| F|  |TAMS 0x0000000089800000, 0x0000000089800000| Untracked 
| 153|0x0000000089900000, 0x0000000089900000, 0x0000000089a00000|  0%| F|  |TAMS 0x0000000089900000, 0x0000000089900000| Untracked 
| 154|0x0000000089a00000, 0x0000000089a00000, 0x0000000089b00000|  0%| F|  |TAMS 0x0000000089a00000, 0x0000000089a00000| Untracked 
| 155|0x0000000089b00000, 0x0000000089b00000, 0x0000000089c00000|  0%| F|  |TAMS 0x0000000089b00000, 0x0000000089b00000| Untracked 

Card table byte_map: [0x0000000015ce0000,0x00000000160e0000] _byte_map_base: 0x00000000158e0000

Marking Bits (Prev, Next): (CMBitMap*) 0x0000000000329550, (CMBitMap*) 0x0000000000329518
 Prev Bits: [0x00000000184e0000, 0x000000001a4e0000)
 Next Bits: [0x00000000164e0000, 0x00000000184e0000)

Polling page: 0x0000000000230000

Metaspace:

Usage:
  Non-class:     82.07 MB capacity,    80.73 MB ( 98%) used,     1.09 MB (  1%) free+waste,   257.75 KB ( <1%) overhead. 
      Class:     12.38 MB capacity,    11.57 MB ( 93%) used,   717.90 KB (  6%) free+waste,   114.50 KB ( <1%) overhead. 
       Both:     94.45 MB capacity,    92.30 MB ( 98%) used,     1.79 MB (  2%) free+waste,   372.25 KB ( <1%) overhead. 

Virtual space:
  Non-class space:       84.00 MB reserved,      82.25 MB ( 98%) committed 
      Class space:        1.00 GB reserved,      12.45 MB (  1%) committed 
             Both:        1.08 GB reserved,      94.70 MB (  9%) committed 

Chunk freelists:
   Non-Class:  56.00 KB
       Class:  26.00 KB
        Both:  82.00 KB

MaxMetaspaceSize: 17179869184.00 GB
CompressedClassSpaceSize: 1.00 GB

CodeHeap 'non-profiled nmethods': size=120064Kb used=7932Kb max_used=7932Kb free=112131Kb
 bounds [0x000000000ddc0000, 0x000000000e580000, 0x0000000015300000]
CodeHeap 'profiled nmethods': size=120000Kb used=28151Kb max_used=28151Kb free=91849Kb
 bounds [0x0000000006890000, 0x0000000008410000, 0x000000000ddc0000]
CodeHeap 'non-nmethods': size=5696Kb used=2272Kb max_used=2315Kb free=3423Kb
 bounds [0x0000000006300000, 0x0000000006570000, 0x0000000006890000]
 total_blobs=13542 nmethods=12646 adapters=808
 compilation: enabled
              stopped_count=0, restarted_count=0
 full_count=0

Compilation events (20 events):
Event: 150.728 Thread 0x000000005da9c000 12782       3       com.android.aapt.Resources$Entry$Builder::<init> (22 bytes)
Event: 150.729 Thread 0x000000005da9c000 nmethod 12782 0x000000000840c090 code [0x000000000840c2a0, 0x000000000840c8e8]
Event: 150.729 Thread 0x000000005da9c000 12778       3       com.android.aapt.Resources$CompoundValue$Builder::<init> (5 bytes)
Event: 150.730 Thread 0x000000005da9c000 nmethod 12778 0x000000000840cb10 code [0x000000000840cd20, 0x000000000840d258]
Event: 150.730 Thread 0x000000005da9c000 12786       1       com.android.aaptcompiler.Reference::getId (5 bytes)
Event: 150.730 Thread 0x000000005da9c000 nmethod 12786 0x000000000e57df90 code [0x000000000e57e140, 0x000000000e57e1f8]
Event: 150.730 Thread 0x000000005da9c000 12787       1       com.android.aaptcompiler.Reference::getReferenceType (5 bytes)
Event: 150.730 Thread 0x000000005da9c000 nmethod 12787 0x000000000e57e290 code [0x000000000e57e440, 0x000000000e57e4f8]
Event: 150.730 Thread 0x000000005da9c000 12788       1       com.android.aaptcompiler.AttributeResource$Symbol::getValue (5 bytes)
Event: 150.730 Thread 0x000000005da9c000 nmethod 12788 0x000000000e57e590 code [0x000000000e57e740, 0x000000000e57e7f8]
Event: 150.730 Thread 0x000000005da9c000 12789       1       com.android.aaptcompiler.AttributeResource$Symbol::getType (5 bytes)
Event: 150.730 Thread 0x000000005da9c000 nmethod 12789 0x000000000e57e890 code [0x000000000e57ea40, 0x000000000e57eaf8]
Event: 150.733 Thread 0x000000005da9c000 12790       3       com.android.aapt.Resources$CompoundValue$Builder::build (19 bytes)
Event: 150.734 Thread 0x000000005da9c000 nmethod 12790 0x000000000840d490 code [0x000000000840d680, 0x000000000840da28]
Event: 150.734 Thread 0x000000005da9c000 12795       3       com.android.aaptcompiler.proto.ProtoSerializeKt::serializeAttrToPb (170 bytes)
Event: 150.734 Thread 0x000000005da9b000 12796       4       com.google.protobuf.GeneratedMessageV3$Builder::<init> (6 bytes)
Event: 150.736 Thread 0x000000005da9b000 nmethod 12796 0x000000000e57eb90 code [0x000000000e57ed20, 0x000000000e57ee78]
Event: 150.740 Thread 0x000000005da9b000 12802       4       com.google.protobuf.GeneratedMessageV3::<init> (13 bytes)
Event: 150.742 Thread 0x000000005da9b000 nmethod 12802 0x000000000e57ef10 code [0x000000000e57f0a0, 0x000000000e57f1b8]
Event: 150.742 Thread 0x000000005da9b000 12803       4       com.google.protobuf.GeneratedMessageV3$Builder::onBuilt (12 bytes)

GC Heap History (20 events):
Event: 145.409 GC heap after
{Heap after GC invocations=51 (full 0):
 garbage-first heap   total 133120K, used 105137K [0x0000000080000000, 0x0000000100000000)
  region size 1024K, 1 young (1024K), 1 survivors (1024K)
 Metaspace       used 90032K, capacity 92160K, committed 92236K, reserved 1128448K
  class space    used 11496K, capacity 12294K, committed 12364K, reserved 1048576K
}
Event: 145.837 GC heap before
{Heap before GC invocations=51 (full 0):
 garbage-first heap   total 133120K, used 112305K [0x0000000080000000, 0x0000000100000000)
  region size 1024K, 9 young (9216K), 1 survivors (1024K)
 Metaspace       used 90472K, capacity 92599K, committed 92748K, reserved 1130496K
  class space    used 11530K, capacity 12329K, committed 12364K, reserved 1048576K
}
Event: 145.842 GC heap after
{Heap after GC invocations=52 (full 0):
 garbage-first heap   total 133120K, used 105270K [0x0000000080000000, 0x0000000100000000)
  region size 1024K, 1 young (1024K), 1 survivors (1024K)
 Metaspace       used 90472K, capacity 92599K, committed 92748K, reserved 1130496K
  class space    used 11530K, capacity 12329K, committed 12364K, reserved 1048576K
}
Event: 145.907 GC heap before
{Heap before GC invocations=52 (full 0):
 garbage-first heap   total 133120K, used 113462K [0x0000000080000000, 0x0000000100000000)
  region size 1024K, 9 young (9216K), 1 survivors (1024K)
 Metaspace       used 90474K, capacity 92599K, committed 92748K, reserved 1130496K
  class space    used 11530K, capacity 12329K, committed 12364K, reserved 1048576K
}
Event: 145.911 GC heap after
{Heap after GC invocations=53 (full 0):
 garbage-first heap   total 133120K, used 105374K [0x0000000080000000, 0x0000000100000000)
  region size 1024K, 1 young (1024K), 1 survivors (1024K)
 Metaspace       used 90474K, capacity 92599K, committed 92748K, reserved 1130496K
  class space    used 11530K, capacity 12329K, committed 12364K, reserved 1048576K
}
Event: 146.009 GC heap before
{Heap before GC invocations=53 (full 0):
 garbage-first heap   total 133120K, used 113566K [0x0000000080000000, 0x0000000100000000)
  region size 1024K, 9 young (9216K), 1 survivors (1024K)
 Metaspace       used 90476K, capacity 92599K, committed 92748K, reserved 1130496K
  class space    used 11530K, capacity 12329K, committed 12364K, reserved 1048576K
}
Event: 146.013 GC heap after
{Heap after GC invocations=54 (full 0):
 garbage-first heap   total 133120K, used 105236K [0x0000000080000000, 0x0000000100000000)
  region size 1024K, 1 young (1024K), 1 survivors (1024K)
 Metaspace       used 90476K, capacity 92599K, committed 92748K, reserved 1130496K
  class space    used 11530K, capacity 12329K, committed 12364K, reserved 1048576K
}
Event: 146.115 GC heap before
{Heap before GC invocations=54 (full 0):
 garbage-first heap   total 133120K, used 114452K [0x0000000080000000, 0x0000000100000000)
  region size 1024K, 10 young (10240K), 1 survivors (1024K)
 Metaspace       used 90483K, capacity 92599K, committed 92748K, reserved 1130496K
  class space    used 11530K, capacity 12329K, committed 12364K, reserved 1048576K
}
Event: 146.118 GC heap after
{Heap after GC invocations=55 (full 0):
 garbage-first heap   total 133120K, used 105248K [0x0000000080000000, 0x0000000100000000)
  region size 1024K, 1 young (1024K), 1 survivors (1024K)
 Metaspace       used 90483K, capacity 92599K, committed 92748K, reserved 1130496K
  class space    used 11530K, capacity 12329K, committed 12364K, reserved 1048576K
}
Event: 146.202 GC heap before
{Heap before GC invocations=55 (full 0):
 garbage-first heap   total 133120K, used 114464K [0x0000000080000000, 0x0000000100000000)
  region size 1024K, 10 young (10240K), 1 survivors (1024K)
 Metaspace       used 90484K, capacity 92599K, committed 92748K, reserved 1130496K
  class space    used 11530K, capacity 12329K, committed 12364K, reserved 1048576K
}
Event: 146.204 GC heap after
{Heap after GC invocations=56 (full 0):
 garbage-first heap   total 133120K, used 105251K [0x0000000080000000, 0x0000000100000000)
  region size 1024K, 1 young (1024K), 1 survivors (1024K)
 Metaspace       used 90484K, capacity 92599K, committed 92748K, reserved 1130496K
  class space    used 11530K, capacity 12329K, committed 12364K, reserved 1048576K
}
Event: 146.287 GC heap before
{Heap before GC invocations=56 (full 0):
 garbage-first heap   total 133120K, used 114467K [0x0000000080000000, 0x0000000100000000)
  region size 1024K, 10 young (10240K), 1 survivors (1024K)
 Metaspace       used 90485K, capacity 92599K, committed 92748K, reserved 1130496K
  class space    used 11530K, capacity 12329K, committed 12364K, reserved 1048576K
}
Event: 146.292 GC heap after
{Heap after GC invocations=57 (full 0):
 garbage-first heap   total 159744K, used 105234K [0x0000000080000000, 0x0000000100000000)
  region size 1024K, 1 young (1024K), 1 survivors (1024K)
 Metaspace       used 90485K, capacity 92599K, committed 92748K, reserved 1130496K
  class space    used 11530K, capacity 12329K, committed 12364K, reserved 1048576K
}
Event: 146.800 GC heap before
{Heap before GC invocations=58 (full 0):
 garbage-first heap   total 159744K, used 121618K [0x0000000080000000, 0x0000000100000000)
  region size 1024K, 18 young (18432K), 1 survivors (1024K)
 Metaspace       used 90572K, capacity 92701K, committed 92876K, reserved 1130496K
  class space    used 11538K, capacity 12363K, committed 12492K, reserved 1048576K
}
Event: 146.818 GC heap after
{Heap after GC invocations=59 (full 0):
 garbage-first heap   total 159744K, used 109483K [0x0000000080000000, 0x0000000100000000)
  region size 1024K, 3 young (3072K), 3 survivors (3072K)
 Metaspace       used 90572K, capacity 92701K, committed 92876K, reserved 1130496K
  class space    used 11538K, capacity 12363K, committed 12492K, reserved 1048576K
}
Event: 147.492 GC heap before
{Heap before GC invocations=60 (full 0):
 garbage-first heap   total 159744K, used 141227K [0x0000000080000000, 0x0000000100000000)
  region size 1024K, 20 young (20480K), 3 survivors (3072K)
 Metaspace       used 91025K, capacity 93181K, committed 93388K, reserved 1130496K
  class space    used 11566K, capacity 12381K, committed 12492K, reserved 1048576K
}
Event: 147.511 GC heap after
{Heap after GC invocations=61 (full 0):
 garbage-first heap   total 159744K, used 111508K [0x0000000080000000, 0x0000000100000000)
  region size 1024K, 3 young (3072K), 3 survivors (3072K)
 Metaspace       used 91025K, capacity 93181K, committed 93388K, reserved 1130496K
  class space    used 11566K, capacity 12381K, committed 12492K, reserved 1048576K
}
Event: 148.249 GC heap before
{Heap before GC invocations=61 (full 0):
 garbage-first heap   total 159744K, used 127892K [0x0000000080000000, 0x0000000100000000)
  region size 1024K, 20 young (20480K), 3 survivors (3072K)
 Metaspace       used 92560K, capacity 94798K, committed 95052K, reserved 1132544K
  class space    used 11677K, capacity 12486K, committed 12620K, reserved 1048576K
}
Event: 148.266 GC heap after
{Heap after GC invocations=62 (full 0):
 garbage-first heap   total 159744K, used 114168K [0x0000000080000000, 0x0000000100000000)
  region size 1024K, 3 young (3072K), 3 survivors (3072K)
 Metaspace       used 92560K, capacity 94798K, committed 95052K, reserved 1132544K
  class space    used 11677K, capacity 12486K, committed 12620K, reserved 1048576K
}
Event: 150.742 GC heap before
{Heap before GC invocations=63 (full 0):
 garbage-first heap   total 159744K, used 117240K [0x0000000080000000, 0x0000000100000000)
  region size 1024K, 19 young (19456K), 3 survivors (3072K)
 Metaspace       used 94515K, capacity 96718K, committed 96972K, reserved 1134592K
  class space    used 11845K, capacity 12678K, committed 12748K, reserved 1048576K
}

Deoptimization events (20 events):
Event: 148.170 Thread 0x0000000066797000 DEOPT PACKING pc=0x000000000836e684 sp=0x000000006dc0cbc0
Event: 148.170 Thread 0x0000000066797000 DEOPT UNPACKING pc=0x000000000632673f sp=0x000000006dc0c138 mode 0
Event: 148.237 Thread 0x0000000066797000 DEOPT PACKING pc=0x00000000083888db sp=0x000000006dc0c970
Event: 148.237 Thread 0x0000000066797000 DEOPT UNPACKING pc=0x000000000632673f sp=0x000000006dc0beb0 mode 0
Event: 148.297 Thread 0x0000000066797000 DEOPT PACKING pc=0x000000000838d7ec sp=0x000000006dc0cf00
Event: 148.297 Thread 0x0000000066797000 DEOPT UNPACKING pc=0x000000000632673f sp=0x000000006dc0c428 mode 0
Event: 148.302 Thread 0x0000000066797000 DEOPT PACKING pc=0x00000000083097c1 sp=0x000000006dc0d160
Event: 148.302 Thread 0x0000000066797000 DEOPT UNPACKING pc=0x000000000632673f sp=0x000000006dc0c5f0 mode 0
Event: 148.421 Thread 0x0000000066797000 Uncommon trap: trap_request=0xffffff4d fr.pc=0x000000000e2874e8 relative=0x00000000000004a8
Event: 148.421 Thread 0x0000000066797000 Uncommon trap: reason=unstable_if action=reinterpret pc=0x000000000e2874e8 method=java.lang.String.substring(II)Ljava/lang/String; @ 31 c2
Event: 148.421 Thread 0x0000000066797000 DEOPT PACKING pc=0x000000000e2874e8 sp=0x000000006dc0d020
Event: 148.421 Thread 0x0000000066797000 DEOPT UNPACKING pc=0x0000000006326929 sp=0x000000006dc0cf68 mode 2
Event: 148.422 Thread 0x0000000066797000 Uncommon trap: trap_request=0xffffff4d fr.pc=0x000000000de09cfc relative=0x00000000000004bc
Event: 148.422 Thread 0x0000000066797000 Uncommon trap: reason=unstable_if action=reinterpret pc=0x000000000de09cfc method=java.lang.String.substring(II)Ljava/lang/String; @ 31 c2
Event: 148.422 Thread 0x0000000066797000 DEOPT PACKING pc=0x000000000de09cfc sp=0x000000006dc0cf90
Event: 148.422 Thread 0x0000000066797000 DEOPT UNPACKING pc=0x0000000006326929 sp=0x000000006dc0cf60 mode 2
Event: 148.442 Thread 0x0000000066797000 DEOPT PACKING pc=0x00000000083be0e8 sp=0x000000006dc0cdb0
Event: 148.442 Thread 0x0000000066797000 DEOPT UNPACKING pc=0x000000000632673f sp=0x000000006dc0c2f8 mode 0
Event: 148.465 Thread 0x0000000066797000 DEOPT PACKING pc=0x00000000083097c1 sp=0x000000006dc0cf00
Event: 148.465 Thread 0x0000000066797000 DEOPT UNPACKING pc=0x000000000632673f sp=0x000000006dc0c390 mode 0

Classes redefined (0 events):
No events

Internal exceptions (20 events):
Event: 131.311 Thread 0x0000000066a3a800 Implicit null exception at 0x000000000e3b8cf0 to 0x000000000e3b955c
Event: 134.151 Thread 0x0000000066a3e000 Exception <a 'java/lang/NoSuchMethodError'{0x0000000086f46fa8}: 'void java.lang.invoke.DirectMethodHandle$Holder.invokeStatic(java.lang.Object, java.lang.Object, java.lang.Object, java.lang.Object, java.lang.Object, java.lang.Object, java.lang.Object)'> (0x0000000086f46fa8) thrown at [./src/hotspot/share/interpreter/linkResolver.cpp, line 773]
Event: 143.430 Thread 0x0000000066a3e800 Exception <a 'java/lang/NoSuchMethodError'{0x00000000878784d8}: <clinit>> (0x00000000878784d8) thrown at [./src/hotspot/share/prims/jni.cpp, line 1362]
Event: 143.432 Thread 0x0000000066a3e800 Exception <a 'java/lang/NoSuchMethodError'{0x0000000087888a10}: <clinit>> (0x0000000087888a10) thrown at [./src/hotspot/share/prims/jni.cpp, line 1362]
Event: 143.457 Thread 0x0000000066a3e800 Exception <a 'java/lang/NoSuchMethodError'{0x00000000878f91b8}: <clinit>> (0x00000000878f91b8) thrown at [./src/hotspot/share/prims/jni.cpp, line 1362]
Event: 143.458 Thread 0x0000000066a3e800 Exception <a 'java/lang/NoSuchMethodError'{0x00000000878fbd80}: <clinit>> (0x00000000878fbd80) thrown at [./src/hotspot/share/prims/jni.cpp, line 1362]
Event: 143.458 Thread 0x0000000066a3e800 Exception <a 'java/lang/NoSuchMethodError'{0x0000000087700c40}: <clinit>> (0x0000000087700c40) thrown at [./src/hotspot/share/prims/jni.cpp, line 1362]
Event: 143.459 Thread 0x0000000066a3e800 Exception <a 'java/lang/NoSuchMethodError'{0x000000008770c3e0}: <clinit>> (0x000000008770c3e0) thrown at [./src/hotspot/share/prims/jni.cpp, line 1362]
Event: 143.467 Thread 0x0000000066a3e800 Exception <a 'java/lang/NoSuchMethodError'{0x0000000087775668}: <clinit>> (0x0000000087775668) thrown at [./src/hotspot/share/prims/jni.cpp, line 1362]
Event: 143.470 Thread 0x0000000066a3e800 Exception <a 'java/lang/NoSuchMethodError'{0x00000000877a7510}: <clinit>> (0x00000000877a7510) thrown at [./src/hotspot/share/prims/jni.cpp, line 1362]
Event: 143.471 Thread 0x0000000066a3e800 Exception <a 'java/lang/NoSuchMethodError'{0x00000000877aa978}: <clinit>> (0x00000000877aa978) thrown at [./src/hotspot/share/prims/jni.cpp, line 1362]
Event: 143.471 Thread 0x0000000066a3e800 Exception <a 'java/lang/NoSuchMethodError'{0x00000000877ad5e8}: <clinit>> (0x00000000877ad5e8) thrown at [./src/hotspot/share/prims/jni.cpp, line 1362]
Event: 143.472 Thread 0x0000000066a3e800 Exception <a 'java/lang/NoSuchMethodError'{0x00000000877c5c60}: <clinit>> (0x00000000877c5c60) thrown at [./src/hotspot/share/prims/jni.cpp, line 1362]
Event: 143.474 Thread 0x0000000066a3e800 Exception <a 'java/lang/NoSuchMethodError'{0x00000000877dcf68}: <clinit>> (0x00000000877dcf68) thrown at [./src/hotspot/share/prims/jni.cpp, line 1362]
Event: 143.476 Thread 0x0000000066a3e800 Exception <a 'java/lang/NoSuchMethodError'{0x00000000877f1c28}: <clinit>> (0x00000000877f1c28) thrown at [./src/hotspot/share/prims/jni.cpp, line 1362]
Event: 143.494 Thread 0x0000000066a3e800 Exception <a 'java/lang/NoSuchMethodError'{0x0000000088115938}: <clinit>> (0x0000000088115938) thrown at [./src/hotspot/share/prims/jni.cpp, line 1362]
Event: 143.499 Thread 0x0000000066a3e800 Exception <a 'java/lang/NoSuchMethodError'{0x000000008813b148}: <clinit>> (0x000000008813b148) thrown at [./src/hotspot/share/prims/jni.cpp, line 1362]
Event: 143.501 Thread 0x0000000066a3e800 Exception <a 'java/lang/NoSuchMethodError'{0x000000008814ffc8}: <clinit>> (0x000000008814ffc8) thrown at [./src/hotspot/share/prims/jni.cpp, line 1362]
Event: 146.906 Thread 0x0000000066a3e800 Implicit null exception at 0x000000000e4e4979 to 0x000000000e4ea23c
Event: 147.187 Thread 0x0000000066a3e800 Exception <a 'java/lang/NoSuchMethodError'{0x00000000898937d0}: <clinit>> (0x00000000898937d0) thrown at [./src/hotspot/share/prims/jni.cpp, line 1362]

Events (20 events):
Event: 150.684 loading class com/android/aaptcompiler/buffer/BigBuffer$BlockRef done
Event: 150.686 loading class com/google/protobuf/ByteString
Event: 150.686 loading class com/google/protobuf/ByteString done
Event: 150.691 Executing VM operation: RevokeBias
Event: 150.693 Executing VM operation: RevokeBias done
Event: 150.693 Executing VM operation: RevokeBias
Event: 150.694 Executing VM operation: RevokeBias done
Event: 150.707 loading class com/google/protobuf/ByteString$LiteralByteString
Event: 150.707 loading class com/google/protobuf/ByteString$LiteralByteString done
Event: 150.728 loading class com/google/protobuf/ByteString$LeafByteString
Event: 150.728 loading class com/google/protobuf/ByteString$LeafByteString done
Event: 150.730 loading class com/google/protobuf/ByteString$ByteArrayCopier
Event: 150.730 loading class com/google/protobuf/ByteString$ByteArrayCopier done
Event: 150.731 loading class java/nio/charset/UnsupportedCharsetException
Event: 150.731 loading class java/nio/charset/UnsupportedCharsetException done
Event: 150.731 loading class com/google/protobuf/ByteString$ByteIterator
Event: 150.731 loading class com/google/protobuf/ByteString$ByteIterator done
Event: 150.732 loading class com/google/protobuf/NioByteString
Event: 150.732 loading class com/google/protobuf/NioByteString done
Event: 150.742 Executing VM operation: G1CollectForAllocation


Dynamic libraries:
0x000000013fcd0000 - 0x000000013fcda000 	C:\Program Files\Android\Android Studio\jre\bin\java.exe
0x0000000076fe0000 - 0x0000000077189000 	C:\Windows\SYSTEM32\ntdll.dll
0x0000000076ec0000 - 0x0000000076fdf000 	C:\Windows\system32\kernel32.dll
0x000007fefd250000 - 0x000007fefd2bc000 	C:\Windows\system32\KERNELBASE.dll
0x000007fef64c0000 - 0x000007fef64d9000 	C:\Program Files\Android\Android Studio\jre\bin\jli.dll
0x000007fefba00000 - 0x000007fefbbf4000 	C:\Windows\WinSxS\amd64_microsoft.windows.common-controls_6595b64144ccf1df_6.0.7601.17514_none_fa396087175ac9ac\COMCTL32.dll
0x000007fefdd10000 - 0x000007fefddaf000 	C:\Windows\system32\msvcrt.dll
0x000007fefd5a0000 - 0x000007fefd607000 	C:\Windows\system32\GDI32.dll
0x0000000076dc0000 - 0x0000000076eba000 	C:\Windows\system32\USER32.dll
0x000007fefdd00000 - 0x000007fefdd0e000 	C:\Windows\system32\LPK.dll
0x000007fefd9b0000 - 0x000007fefda79000 	C:\Windows\system32\USP10.dll
0x000007fefddb0000 - 0x000007fefde21000 	C:\Windows\system32\SHLWAPI.dll
0x000007fef4ab0000 - 0x000007fef4ac7000 	C:\Program Files\Android\Android Studio\jre\bin\VCRUNTIME140.dll
0x000007fefa730000 - 0x000007fefa734000 	C:\Windows\system32\api-ms-win-crt-runtime-l1-1-0.dll
0x000007fef3c70000 - 0x000007fef3d62000 	C:\Windows\system32\ucrtbase.DLL
0x000007fef76b0000 - 0x000007fef76b3000 	C:\Windows\system32\api-ms-win-core-timezone-l1-1-0.dll
0x000007fef76a0000 - 0x000007fef76a3000 	C:\Windows\system32\api-ms-win-core-file-l2-1-0.dll
0x000007fef65d0000 - 0x000007fef65d3000 	C:\Windows\system32\api-ms-win-core-localization-l1-2-0.dll
0x000007fef92c0000 - 0x000007fef92c3000 	C:\Windows\system32\api-ms-win-core-synch-l1-2-0.dll
0x000007fef6510000 - 0x000007fef6513000 	C:\Windows\system32\api-ms-win-core-processthreads-l1-1-1.dll
0x000007fef6500000 - 0x000007fef6503000 	C:\Windows\system32\api-ms-win-core-file-l1-2-0.dll
0x000007fef64e0000 - 0x000007fef64e4000 	C:\Windows\system32\api-ms-win-crt-string-l1-1-0.dll
0x000007fef64f0000 - 0x000007fef64f3000 	C:\Windows\system32\api-ms-win-crt-heap-l1-1-0.dll
0x000007fef64b0000 - 0x000007fef64b4000 	C:\Windows\system32\api-ms-win-crt-stdio-l1-1-0.dll
0x000007fef6220000 - 0x000007fef6224000 	C:\Windows\system32\api-ms-win-crt-convert-l1-1-0.dll
0x000007fef6210000 - 0x000007fef6213000 	C:\Windows\system32\api-ms-win-crt-environment-l1-1-0.dll
0x000007fef61e0000 - 0x000007fef61e3000 	C:\Windows\system32\api-ms-win-crt-filesystem-l1-1-0.dll
0x000007fef61f0000 - 0x000007fef61f5000 	C:\Windows\system32\api-ms-win-crt-math-l1-1-0.dll
0x000007fef4c50000 - 0x000007fef4c53000 	C:\Windows\system32\api-ms-win-crt-locale-l1-1-0.dll
0x000007fefd610000 - 0x000007fefd63e000 	C:\Windows\system32\IMM32.DLL
0x000007fefd8a0000 - 0x000007fefd9a9000 	C:\Windows\system32\MSCTF.dll
0x000007fef2420000 - 0x000007fef24bd000 	C:\Program Files\Android\Android Studio\jre\bin\msvcp140.dll
0x000007fef4dd0000 - 0x000007fef4dd5000 	C:\Windows\system32\api-ms-win-crt-multibyte-l1-1-0.dll
0x000007fef61d0000 - 0x000007fef61d3000 	C:\Windows\system32\api-ms-win-crt-time-l1-1-0.dll
0x000007fef6200000 - 0x000007fef6203000 	C:\Windows\system32\api-ms-win-crt-utility-l1-1-0.dll
0x000007fef1680000 - 0x000007fef214f000 	C:\Program Files\Android\Android Studio\jre\bin\server\jvm.dll
0x000007feff210000 - 0x000007feff2eb000 	C:\Windows\system32\ADVAPI32.dll
0x000007fefde30000 - 0x000007fefde4f000 	C:\Windows\SYSTEM32\sechost.dll
0x000007fefd300000 - 0x000007fefd42d000 	C:\Windows\system32\RPCRT4.dll
0x000007fefa7b0000 - 0x000007fefa7b9000 	C:\Windows\system32\WSOCK32.dll
0x000007feff1c0000 - 0x000007feff20d000 	C:\Windows\system32\WS2_32.dll
0x000007fefd590000 - 0x000007fefd598000 	C:\Windows\system32\NSI.dll
0x000007fef8ac0000 - 0x000007fef8afb000 	C:\Windows\system32\WINMM.dll
0x000007fefc090000 - 0x000007fefc09c000 	C:\Windows\system32\VERSION.dll
0x00000000771a0000 - 0x00000000771a7000 	C:\Windows\system32\PSAPI.DLL
0x000007fef4e20000 - 0x000007fef4e31000 	C:\Program Files\Android\Android Studio\jre\bin\verify.dll
0x000007fef7560000 - 0x000007fef7685000 	C:\Windows\system32\DBGHELP.DLL
0x000007fef4df0000 - 0x000007fef4e19000 	C:\Program Files\Android\Android Studio\jre\bin\java.dll
0x000007fef61c0000 - 0x000007fef61cb000 	C:\Program Files\Android\Android Studio\jre\bin\jimage.dll
0x000007fefa650000 - 0x000007fefa668000 	C:\Program Files\Android\Android Studio\jre\bin\zip.dll
0x000007fefe060000 - 0x000007fefede8000 	C:\Windows\system32\SHELL32.dll
0x000007fefde50000 - 0x000007fefe053000 	C:\Windows\system32\ole32.dll
0x000007fefcf30000 - 0x000007fefcf3f000 	C:\Windows\system32\profapi.dll
0x000007fef4db0000 - 0x000007fef4dca000 	C:\Program Files\Android\Android Studio\jre\bin\net.dll
0x000007fefa2b0000 - 0x000007fefa321000 	C:\Windows\system32\WINHTTP.dll
0x000007fefa240000 - 0x000007fefa2a4000 	C:\Windows\system32\webio.dll
0x000007fefc7a0000 - 0x000007fefc7f5000 	C:\Windows\system32\mswsock.dll
0x000007fefc790000 - 0x000007fefc797000 	C:\Windows\System32\wship6.dll
0x000007fef4d90000 - 0x000007fef4da4000 	C:\Program Files\Android\Android Studio\jre\bin\nio.dll
0x000007fef3b90000 - 0x000007fef3bb7000 	C:\Users\Dell\.gradle\native\8bec1ad78214c89d9ad589b4d07fe93259594b29d510b10fafb7a158f7737e5d\windows-amd64\native-platform.dll
0x000007feeee80000 - 0x000007feeefbd000 	C:\Users\Dell\.gradle\native\53dbd7edfb1c66fb8903c78663c9afc45aea4f116125fa6feffd364cf09443e8\windows-amd64\native-platform-file-events.dll
0x000007fef6020000 - 0x000007fef602a000 	C:\Program Files\Android\Android Studio\jre\bin\management.dll
0x000007fef4c70000 - 0x000007fef4c7c000 	C:\Program Files\Android\Android Studio\jre\bin\management_ext.dll
0x000007fefc800000 - 0x000007fefc817000 	C:\Windows\system32\CRYPTSP.dll
0x000007fefc500000 - 0x000007fefc547000 	C:\Windows\system32\rsaenh.dll
0x000007fefc270000 - 0x000007fefc28e000 	C:\Windows\system32\USERENV.dll
0x000007fefce60000 - 0x000007fefce6f000 	C:\Windows\system32\CRYPTBASE.dll
0x000007fefa3f0000 - 0x000007fefa417000 	C:\Windows\system32\IPHLPAPI.DLL
0x000007fefa490000 - 0x000007fefa49b000 	C:\Windows\system32\WINNSI.DLL
0x000007fefa370000 - 0x000007fefa388000 	C:\Windows\system32\dhcpcsvc.DLL
0x000007fef9b60000 - 0x000007fef9b71000 	C:\Windows\system32\dhcpcsvc6.DLL

dbghelp: loaded successfully - version: 4.0.5 - missing functions: none
symbol engine: initialized successfully - sym options: 0x614 - pdb path: .;C:\Program Files\Android\Android Studio\jre\bin;C:\Windows\SYSTEM32;C:\Windows\WinSxS\amd64_microsoft.windows.common-controls_6595b64144ccf1df_6.0.7601.17514_none_fa396087175ac9ac;C:\Program Files\Android\Android Studio\jre\bin\server;C:\Users\Dell\.gradle\native\8bec1ad78214c89d9ad589b4d07fe93259594b29d510b10fafb7a158f7737e5d\windows-amd64;C:\Users\Dell\.gradle\native\53dbd7edfb1c66fb8903c78663c9afc45aea4f116125fa6feffd364cf09443e8\windows-amd64

VM Arguments:
jvm_args: --add-opens=java.base/java.util=ALL-UNNAMED --add-opens=java.base/java.lang=ALL-UNNAMED --add-opens=java.base/java.lang.invoke=ALL-UNNAMED --add-opens=java.base/java.util=ALL-UNNAMED --add-opens=java.prefs/java.util.prefs=ALL-UNNAMED --add-opens=java.prefs/java.util.prefs=ALL-UNNAMED --add-opens=java.base/java.nio.charset=ALL-UNNAMED --add-opens=java.base/java.net=ALL-UNNAMED --add-opens=java.base/java.util.concurrent.atomic=ALL-UNNAMED -Xmx2048m -Dfile.encoding=UTF-8 -Duser.country=IN -Duser.language=en -Duser.variant 
java_command: org.gradle.launcher.daemon.bootstrap.GradleDaemon 7.0.2
java_class_path (initial): C:\Users\Dell\.gradle\wrapper\dists\gradle-7.0.2-bin\857tjihv64xamwrf0h14cai3r\gradle-7.0.2\lib\gradle-launcher-7.0.2.jar
Launcher Type: SUN_STANDARD

[Global flags]
     intx CICompilerCount                          = 3                                         {product} {ergonomic}
     uint ConcGCThreads                            = 1                                         {product} {ergonomic}
     uint G1ConcRefinementThreads                  = 4                                         {product} {ergonomic}
   size_t G1HeapRegionSize                         = 1048576                                   {product} {ergonomic}
    uintx GCDrainStackTargetSize                   = 64                                        {product} {ergonomic}
   size_t InitialHeapSize                          = 65011712                                  {product} {ergonomic}
   size_t MarkStackSize                            = 4194304                                   {product} {ergonomic}
   size_t MaxHeapSize                              = 2147483648                                {product} {command line}
   size_t MaxNewSize                               = 1287651328                                {product} {ergonomic}
   size_t MinHeapDeltaBytes                        = 1048576                                   {product} {ergonomic}
    uintx NonNMethodCodeHeapSize                   = 5830732                                {pd product} {ergonomic}
    uintx NonProfiledCodeHeapSize                  = 122913754                              {pd product} {ergonomic}
    uintx ProfiledCodeHeapSize                     = 122913754                              {pd product} {ergonomic}
    uintx ReservedCodeCacheSize                    = 251658240                              {pd product} {ergonomic}
     bool SegmentedCodeCache                       = true                                      {product} {ergonomic}
     bool UseCompressedClassPointers               = true                                 {lp64_product} {ergonomic}
     bool UseCompressedOops                        = true                                 {lp64_product} {ergonomic}
     bool UseG1GC                                  = true                                      {product} {ergonomic}
     bool UseLargePagesIndividualAllocation        = false                                  {pd product} {ergonomic}

Logging:
Log output configuration:
 #0: stdout all=warning uptime,level,tags
 #1: stderr all=off uptime,level,tags

Environment Variables:
PATH=C:\Program Files (x86)\Common Files\Oracle\Java\javapath;C:\Program Files\Java\jdk-14.0.2/bin;C:\Program Files\apktool;C:\Program Files (x86)\Paragon Software\LinuxFS for Windows\;C:\Users\Dell\AppData\Local\Programs\Python\Python38\Scripts\;C:\Users\Dell\AppData\Local\Programs\Python\Python38\
USERNAME=Dell
OS=Windows_NT
PROCESSOR_IDENTIFIER=Intel64 Family 6 Model 37 Stepping 5, GenuineIntel



---------------  S Y S T E M  ---------------

OS: Windows 7 , 64 bit Build 7601 (6.1.7601.17617)
OS uptime: 1 days 21:09 hours

CPU:total 4 (initial active 4) (2 cores per cpu, 2 threads per core) family 6 model 37 stepping 5 microcode 0x0, cmov, cx8, fxsr, mmx, sse, sse2, sse3, ssse3, sse4.1, sse4.2, popcnt, ht, tsc, tscinvbit

Memory: 4k page, system-wide physical 3894M (286M free)
TotalPageFile size 6133M (AvailPageFile size 33M)
current process WorkingSet (physical memory assigned to process): 417M, peak: 419M
current process commit charge ("private bytes"): 451M, peak: 529M

vm_info: OpenJDK 64-Bit Server VM (11.0.10+0-b96-7249189) for windows-amd64 JRE (11.0.10+0-b96-7249189), built on Mar 31 2021 21:44:00 by "builder" with MS VC++ 14.0 (VS2015)

END.
