#
# There is insufficient memory for the Java Runtime Environment to continue.
# Native memory allocation (mmap) failed to map 28311552 bytes for Failed to commit area from 0x0000000708300000 to 0x0000000709e00000 of length 28311552.
# Possible reasons:
#   The system is out of physical RAM or swap space
#   The process is running with CompressedOops enabled, and the Java Heap may be blocking the growth of the native heap
# Possible solutions:
#   Reduce memory load on the system
#   Increase physical memory or swap space
#   Check if swap backing store is full
#   Decrease Java heap size (-Xmx/-Xms)
#   Decrease number of Java threads
#   Decrease Java thread stack sizes (-Xss)
#   Set larger code cache with -XX:ReservedCodeCacheSize=
#   JVM is running with Zero Based Compressed Oops mode in which the Java heap is
#     placed in the first 32GB address space. The Java Heap base address is the
#     maximum limit for the native heap growth. Please use -XX:HeapBaseMinAddress
#     to set the Java Heap base and to place the Java Heap above 32GB virtual address.
# This output file may be truncated or incomplete.
#
#  Out of Memory Error (./src/hotspot/os/windows/os_windows.cpp:3301), pid=964, tid=1632
#
# JRE version: OpenJDK Runtime Environment (11.0.10) (build 11.0.10+0-b96-7249189)
# Java VM: OpenJDK 64-Bit Server VM (11.0.10+0-b96-7249189, mixed mode, tiered, compressed oops, g1 gc, windows-amd64)
# No core dump will be written. Minidumps are not enabled by default on client versions of Windows
#

---------------  S U M M A R Y ------------

Command Line: --add-opens=java.base/java.util=ALL-UNNAMED --add-opens=java.base/java.lang=ALL-UNNAMED --add-opens=java.base/java.lang.invoke=ALL-UNNAMED --add-opens=java.base/java.util=ALL-UNNAMED --add-opens=java.prefs/java.util.prefs=ALL-UNNAMED --add-opens=java.prefs/java.util.prefs=ALL-UNNAMED --add-opens=java.base/java.nio.charset=ALL-UNNAMED --add-opens=java.base/java.net=ALL-UNNAMED --add-opens=java.base/java.util.concurrent.atomic=ALL-UNNAMED -Xmx4096m -Dfile.encoding=UTF-8 -Duser.country=IN -Duser.language=en -Duser.variant org.gradle.launcher.daemon.bootstrap.GradleDaemon 7.0.2

Host: Intel(R) Core(TM) i3 CPU       M 370  @ 2.40GHz, 4 cores, 3G,  Windows 7 , 64 bit Build 7601 (6.1.7601.17617)
Time: Wed Oct 27 19:27:05 2021 Sri Lanka Standard Time elapsed time: 16.659837 seconds (0d 0h 0m 16s)

---------------  T H R E A D  ---------------

Current thread (0x00000000225c6800):  VMThread "VM Thread" [stack: 0x00000000227d0000,0x00000000228d0000] [id=1632]

Stack: [0x00000000227d0000,0x00000000228d0000]
[error occurred during error reporting (printing stack bounds), id 0xc0000005, EXCEPTION_ACCESS_VIOLATION (0xc0000005) at pc=0x0000000006300f3d]

Native frames: (J=compiled Java code, j=interpreted, Vv=VM code, C=native code)
V  [jvm.dll+0x5ecfaa]
V  [jvm.dll+0x722bd5]
V  [jvm.dll+0x72412d]
V  [jvm.dll+0x724745]
V  [jvm.dll+0x7246fb]
V  [jvm.dll+0x5ec348]
V  [jvm.dll+0x5ecad8]
C  [ntdll.dll+0x29d0d]
C  [ntdll.dll+0x191af]
C  [ntdll.dll+0x51278]
C  0x0000000006300f3d

VM_Operation (0x0000000026ae3f30): G1CollectForAllocation, mode: safepoint, requested by thread 0x0000000024c51000


---------------  P R O C E S S  ---------------

Threads class SMR info:
_java_thread_list=0x000000002d22ab20, length=43, elements={
0x0000000000329800, 0x000000002260c000, 0x000000002260d000, 0x000000002261e000,
0x000000002262a800, 0x000000002262e000, 0x000000002262f800, 0x0000000022635800,
0x000000002268e000, 0x0000000023395800, 0x0000000025c81800, 0x0000000025621800,
0x000000002506f800, 0x0000000025ac6000, 0x000000002570e000, 0x0000000024c26800,
0x0000000024c51000, 0x0000000025342000, 0x0000000024d84000, 0x0000000025aa7800,
0x0000000025aa8800, 0x0000000025aa9000, 0x0000000025aaa000, 0x00000000279c5800,
0x0000000025aaa800, 0x0000000025aab800, 0x0000000025aac800, 0x0000000025aad000,
0x0000000025aae000, 0x0000000027c51000, 0x0000000027c52000, 0x0000000027c53000,
0x0000000027c53800, 0x0000000027c54800, 0x0000000027c55000, 0x0000000027c57000,
0x0000000023db1000, 0x0000000023db2000, 0x0000000023db2800, 0x0000000023db3800,
0x0000000023db4800, 0x0000000023db5000, 0x0000000023db6000
}

Java Threads: ( => current thread )
  0x0000000000329800 JavaThread "main" [_thread_blocked, id=1548, stack(0x00000000022c0000,0x00000000023c0000)]
  0x000000002260c000 JavaThread "Reference Handler" daemon [_thread_blocked, id=4120, stack(0x00000000229d0000,0x0000000022ad0000)]
  0x000000002260d000 JavaThread "Finalizer" daemon [_thread_blocked, id=2488, stack(0x0000000022be0000,0x0000000022ce0000)]
  0x000000002261e000 JavaThread "Signal Dispatcher" daemon [_thread_blocked, id=5876, stack(0x00000000228d0000,0x00000000229d0000)]
  0x000000002262a800 JavaThread "Attach Listener" daemon [_thread_blocked, id=4116, stack(0x0000000022e00000,0x0000000022f00000)]
  0x000000002262e000 JavaThread "Service Thread" daemon [_thread_blocked, id=672, stack(0x0000000022f80000,0x0000000023080000)]
  0x000000002262f800 JavaThread "C2 CompilerThread0" daemon [_thread_in_native, id=3244, stack(0x00000000230e0000,0x00000000231e0000)]
  0x0000000022635800 JavaThread "C1 CompilerThread0" daemon [_thread_blocked, id=4104, stack(0x0000000021910000,0x0000000021a10000)]
  0x000000002268e000 JavaThread "Sweeper thread" daemon [_thread_blocked, id=3908, stack(0x00000000231f0000,0x00000000232f0000)]
  0x0000000023395800 JavaThread "Common-Cleaner" daemon [_thread_blocked, id=5316, stack(0x0000000023710000,0x0000000023810000)]
  0x0000000025c81800 JavaThread "Daemon health stats" [_thread_blocked, id=4280, stack(0x0000000022ad0000,0x0000000022bd0000)]
  0x0000000025621800 JavaThread "Incoming local TCP Connector on port 52154" [_thread_in_native, id=844, stack(0x0000000023810000,0x0000000023910000)]
  0x000000002506f800 JavaThread "Daemon periodic checks" [_thread_blocked, id=3360, stack(0x0000000027020000,0x0000000027120000)]
  0x0000000025ac6000 JavaThread "Daemon" [_thread_blocked, id=1628, stack(0x00000000274a0000,0x00000000275a0000)]
  0x000000002570e000 JavaThread "Handler for socket connection from /127.0.0.1:52154 to /127.0.0.1:52155" [_thread_in_native, id=1112, stack(0x00000000275d0000,0x00000000276d0000)]
  0x0000000024c26800 JavaThread "Cancel handler" [_thread_blocked, id=4480, stack(0x0000000026cc0000,0x0000000026dc0000)]
  0x0000000024c51000 JavaThread "Daemon worker" [_thread_blocked, id=2172, stack(0x00000000269f0000,0x0000000026af0000)]
  0x0000000025342000 JavaThread "Asynchronous log dispatcher for DefaultDaemonConnection: socket connection from /127.0.0.1:52154 to /127.0.0.1:52155" [_thread_blocked, id=2028, stack(0x0000000026eb0000,0x0000000026fb0000)]
  0x0000000024d84000 JavaThread "Stdin handler" [_thread_blocked, id=792, stack(0x0000000028800000,0x0000000028900000)]
  0x0000000025aa7800 JavaThread "Daemon client event forwarder" [_thread_blocked, id=4628, stack(0x0000000028990000,0x0000000028a90000)]
  0x0000000025aa8800 JavaThread "Cache worker for file hash cache (C:\Users\Dell\.gradle\caches\7.0.2\fileHashes)" [_thread_blocked, id=572, stack(0x0000000028c90000,0x0000000028d90000)]
  0x0000000025aa9000 JavaThread "File lock request listener" [_thread_in_native, id=5472, stack(0x0000000022ce0000,0x0000000022de0000)]
  0x0000000025aaa000 JavaThread "Cache worker for journal cache (C:\Users\Dell\.gradle\caches\journal-1)" [_thread_blocked, id=1376, stack(0x0000000029130000,0x0000000029230000)]
  0x00000000279c5800 JavaThread "C2 CompilerThread1" daemon [_thread_in_native, id=2580, stack(0x00000000296c0000,0x00000000297c0000)]
  0x0000000025aaa800 JavaThread "Cache worker for file hash cache (C:\Users\Dell\AndroidStudioProjects\NoteApp\.gradle\7.0.2\fileHashes)" [_thread_blocked, id=1936, stack(0x0000000029560000,0x0000000029660000)]
  0x0000000025aab800 JavaThread "File watcher server" daemon [_thread_in_native, id=5852, stack(0x0000000028fe0000,0x00000000290e0000)]
  0x0000000025aac800 JavaThread "File watcher consumer" daemon [_thread_blocked, id=5664, stack(0x0000000029440000,0x0000000029540000)]
  0x0000000025aad000 JavaThread "jar transforms" [_thread_blocked, id=4436, stack(0x0000000029b90000,0x0000000029c90000)]
  0x0000000025aae000 JavaThread "jar transforms Thread 2" [_thread_blocked, id=3452, stack(0x0000000029d10000,0x0000000029e10000)]
  0x0000000027c51000 JavaThread "jar transforms Thread 3" [_thread_blocked, id=296, stack(0x0000000029ed0000,0x0000000029fd0000)]
  0x0000000027c52000 JavaThread "jar transforms Thread 4" [_thread_blocked, id=1300, stack(0x000000002a090000,0x000000002a190000)]
  0x0000000027c53000 JavaThread "Cache worker for checksums cache (C:\Users\Dell\AndroidStudioProjects\NoteApp\.gradle\checksums)" [_thread_blocked, id=4284, stack(0x000000002b7a0000,0x000000002b8a0000)]
  0x0000000027c53800 JavaThread "Cache worker for cache directory md-supplier (C:\Users\Dell\.gradle\caches\7.0.2\md-supplier)" [_thread_blocked, id=4640, stack(0x000000002b600000,0x000000002b700000)]
  0x0000000027c54800 JavaThread "Cache worker for cache directory md-rule (C:\Users\Dell\.gradle\caches\7.0.2\md-rule)" [_thread_blocked, id=4816, stack(0x000000002a210000,0x000000002a310000)]
  0x0000000027c55000 JavaThread "Cache worker for execution history cache (C:\Users\Dell\.gradle\caches\7.0.2\executionHistory)" [_thread_blocked, id=3068, stack(0x00000000299c0000,0x0000000029ac0000)]
  0x0000000027c57000 JavaThread "Cache worker for file content cache (C:\Users\Dell\.gradle\caches\7.0.2\fileContent)" [_thread_blocked, id=5612, stack(0x000000002c3b0000,0x000000002c4b0000)]
  0x0000000023db1000 JavaThread "Cache worker for dependencies-accessors (C:\Users\Dell\AndroidStudioProjects\NoteApp\.gradle\7.0.2\dependencies-accessors)" [_thread_blocked, id=5884, stack(0x000000002da80000,0x000000002db80000)]
  0x0000000023db2000 JavaThread "Cache worker for Build Output Cleanup Cache (C:\Users\Dell\AndroidStudioProjects\NoteApp\.gradle\buildOutputCleanup)" [_thread_blocked, id=3252, stack(0x000000002e080000,0x000000002e180000)]
  0x0000000023db2800 JavaThread "Build operations" [_thread_blocked, id=5208, stack(0x000000002de00000,0x000000002df00000)]
  0x0000000023db3800 JavaThread "Build operations Thread 2" [_thread_blocked, id=5280, stack(0x000000002d8f0000,0x000000002d9f0000)]
  0x0000000023db4800 JavaThread "Build operations Thread 3" [_thread_blocked, id=5696, stack(0x000000002df70000,0x000000002e070000)]
  0x0000000023db5000 JavaThread "Build operations Thread 4" [_thread_blocked, id=5572, stack(0x000000002e530000,0x000000002e630000)]
  0x0000000023db6000 JavaThread "Memory manager" [_thread_blocked, id=5868, stack(0x0000000030fa0000,0x00000000310a0000)]

Other Threads:
=>0x00000000225c6800 VMThread "VM Thread" [stack: 0x00000000227d0000,0x00000000228d0000] [id=1632]
  0x00000000233f2000 WatcherThread [stack: 0x0000000023980000,0x0000000023a80000] [id=4864]
  0x0000000000341800 GCTaskThread "GC Thread#0" [stack: 0x00000000154e0000,0x00000000155e0000] [id=5724]
  0x0000000024235000 GCTaskThread "GC Thread#1" [stack: 0x0000000023a80000,0x0000000023b80000] [id=4056]
  0x00000000247e5800 GCTaskThread "GC Thread#2" [stack: 0x00000000286c0000,0x00000000287c0000] [id=5040]
  0x0000000025887000 GCTaskThread "GC Thread#3" [stack: 0x0000000027390000,0x0000000027490000] [id=5668]
  0x000000000039d800 ConcurrentGCThread "G1 Main Marker" [stack: 0x000000001f2b0000,0x000000001f3b0000] [id=356]
  0x000000000039e800 ConcurrentGCThread "G1 Conc#0" [stack: 0x000000001f3e0000,0x000000001f4e0000] [id=2340]
  0x000000002174a000 ConcurrentGCThread "G1 Refine#0" [stack: 0x0000000021ab0000,0x0000000021bb0000] [id=4672]
  0x000000002174b000 ConcurrentGCThread "G1 Young RemSet Sampling" [stack: 0x0000000021be0000,0x0000000021ce0000] [id=5960]

Threads with active compile tasks:
C2 CompilerThread0  16675 6183   !   4       java.util.jar.Attributes::read (390 bytes)
C2 CompilerThread1  16675 6046       4       org.objectweb.asm.Frame::execute (2318 bytes)

VM state:at safepoint (normal execution)

VM Mutex/Monitor currently owned by a thread:  ([mutex/lock_event])
[0x0000000000325480] Threads_lock - owner thread: 0x00000000225c6800
[0x0000000000325c60] Heap_lock - owner thread: 0x0000000024c51000

Heap address: 0x0000000700000000, size: 4096 MB, Compressed Oops mode: Zero based, Oop shift amount: 3
Narrow klass base: 0x0000000800000000, Narrow klass shift: 0
Compressed class space size: 1073741824 Address: 0x0000000800000000

Heap:
 garbage-first heap   total 161792K, used 80277K [0x0000000700000000, 0x0000000800000000)
  region size 1024K, 4 young (4096K), 4 survivors (4096K)
 Metaspace       used 61395K, capacity 63102K, committed 63204K, reserved 1103872K
  class space    used 7804K, capacity 8408K, committed 8448K, reserved 1048576K
Heap Regions: E=young(eden), S=young(survivor), O=old, HS=humongous(starts), HC=humongous(continues), CS=collection set, F=free, A=archive, TAMS=top-at-mark-start (previous, next)
|   0|0x0000000700000000, 0x0000000700100000, 0x0000000700100000|100%| O|  |TAMS 0x0000000700100000, 0x0000000700000000| Untracked 
|   1|0x0000000700100000, 0x0000000700200000, 0x0000000700200000|100%| O|  |TAMS 0x0000000700200000, 0x0000000700100000| Untracked 
|   2|0x0000000700200000, 0x0000000700300000, 0x0000000700300000|100%| O|  |TAMS 0x0000000700300000, 0x0000000700200000| Untracked 
|   3|0x0000000700300000, 0x0000000700400000, 0x0000000700400000|100%|HS|  |TAMS 0x0000000700400000, 0x0000000700300000| Complete 
|   4|0x0000000700400000, 0x0000000700500000, 0x0000000700500000|100%|HC|  |TAMS 0x0000000700500000, 0x0000000700400000| Complete 
|   5|0x0000000700500000, 0x0000000700600000, 0x0000000700600000|100%|HC|  |TAMS 0x0000000700600000, 0x0000000700500000| Complete 
|   6|0x0000000700600000, 0x0000000700700000, 0x0000000700700000|100%| O|  |TAMS 0x0000000700700000, 0x0000000700600000| Untracked 
|   7|0x0000000700700000, 0x0000000700800000, 0x0000000700800000|100%| O|  |TAMS 0x0000000700800000, 0x0000000700700000| Untracked 
|   8|0x0000000700800000, 0x0000000700900000, 0x0000000700900000|100%| O|  |TAMS 0x0000000700900000, 0x0000000700800000| Untracked 
|   9|0x0000000700900000, 0x0000000700a00000, 0x0000000700a00000|100%| O|  |TAMS 0x0000000700a00000, 0x0000000700900000| Untracked 
|  10|0x0000000700a00000, 0x0000000700b00000, 0x0000000700b00000|100%| O|  |TAMS 0x0000000700b00000, 0x0000000700a00000| Untracked 
|  11|0x0000000700b00000, 0x0000000700c00000, 0x0000000700c00000|100%| O|  |TAMS 0x0000000700c00000, 0x0000000700b00000| Untracked 
|  12|0x0000000700c00000, 0x0000000700d00000, 0x0000000700d00000|100%| O|  |TAMS 0x0000000700d00000, 0x0000000700c00000| Untracked 
|  13|0x0000000700d00000, 0x0000000700e00000, 0x0000000700e00000|100%| O|  |TAMS 0x0000000700e00000, 0x0000000700d00000| Untracked 
|  14|0x0000000700e00000, 0x0000000700f00000, 0x0000000700f00000|100%| O|  |TAMS 0x0000000700f00000, 0x0000000700e00000| Untracked 
|  15|0x0000000700f00000, 0x0000000701000000, 0x0000000701000000|100%| O|  |TAMS 0x0000000701000000, 0x0000000700f00000| Untracked 
|  16|0x0000000701000000, 0x0000000701100000, 0x0000000701100000|100%|HS|  |TAMS 0x0000000701100000, 0x0000000701000000| Complete 
|  17|0x0000000701100000, 0x0000000701200000, 0x0000000701200000|100%|HC|  |TAMS 0x0000000701200000, 0x0000000701100000| Complete 
|  18|0x0000000701200000, 0x0000000701300000, 0x0000000701300000|100%|HS|  |TAMS 0x0000000701300000, 0x0000000701200000| Complete 
|  19|0x0000000701300000, 0x0000000701400000, 0x0000000701400000|100%|HC|  |TAMS 0x0000000701400000, 0x0000000701300000| Complete 
|  20|0x0000000701400000, 0x0000000701500000, 0x0000000701500000|100%|HC|  |TAMS 0x0000000701500000, 0x0000000701400000| Complete 
|  21|0x0000000701500000, 0x0000000701600000, 0x0000000701600000|100%|HS|  |TAMS 0x0000000701600000, 0x0000000701500000| Complete 
|  22|0x0000000701600000, 0x0000000701700000, 0x0000000701700000|100%|HC|  |TAMS 0x0000000701700000, 0x0000000701600000| Complete 
|  23|0x0000000701700000, 0x0000000701800000, 0x0000000701800000|100%|HC|  |TAMS 0x0000000701800000, 0x0000000701700000| Complete 
|  24|0x0000000701800000, 0x0000000701900000, 0x0000000701900000|100%|HC|  |TAMS 0x0000000701900000, 0x0000000701800000| Complete 
|  25|0x0000000701900000, 0x0000000701a00000, 0x0000000701a00000|100%|HC|  |TAMS 0x0000000701a00000, 0x0000000701900000| Complete 
|  26|0x0000000701a00000, 0x0000000701b00000, 0x0000000701b00000|100%| O|  |TAMS 0x0000000701b00000, 0x0000000701a00000| Untracked 
|  27|0x0000000701b00000, 0x0000000701c00000, 0x0000000701c00000|100%| O|  |TAMS 0x0000000701c00000, 0x0000000701b00000| Untracked 
|  28|0x0000000701c00000, 0x0000000701d00000, 0x0000000701d00000|100%| O|  |TAMS 0x0000000701d00000, 0x0000000701c00000| Untracked 
|  29|0x0000000701d00000, 0x0000000701e00000, 0x0000000701e00000|100%| O|  |TAMS 0x0000000701e00000, 0x0000000701d00000| Untracked 
|  30|0x0000000701e00000, 0x0000000701f00000, 0x0000000701f00000|100%| O|  |TAMS 0x0000000701f00000, 0x0000000701e00000| Untracked 
|  31|0x0000000701f00000, 0x0000000702000000, 0x0000000702000000|100%| O|  |TAMS 0x0000000702000000, 0x0000000701f00000| Untracked 
|  32|0x0000000702000000, 0x0000000702100000, 0x0000000702100000|100%| O|  |TAMS 0x0000000702100000, 0x0000000702000000| Untracked 
|  33|0x0000000702100000, 0x0000000702200000, 0x0000000702200000|100%| O|  |TAMS 0x0000000702200000, 0x0000000702100000| Untracked 
|  34|0x0000000702200000, 0x0000000702300000, 0x0000000702300000|100%| O|  |TAMS 0x0000000702300000, 0x0000000702200000| Untracked 
|  35|0x0000000702300000, 0x0000000702400000, 0x0000000702400000|100%| O|  |TAMS 0x0000000702400000, 0x0000000702300000| Untracked 
|  36|0x0000000702400000, 0x0000000702500000, 0x0000000702500000|100%| O|  |TAMS 0x0000000702500000, 0x0000000702400000| Untracked 
|  37|0x0000000702500000, 0x0000000702600000, 0x0000000702600000|100%| O|  |TAMS 0x0000000702600000, 0x0000000702500000| Untracked 
|  38|0x0000000702600000, 0x0000000702700000, 0x0000000702700000|100%| O|  |TAMS 0x0000000702700000, 0x0000000702600000| Untracked 
|  39|0x0000000702700000, 0x0000000702800000, 0x0000000702800000|100%| O|  |TAMS 0x0000000702800000, 0x0000000702700000| Untracked 
|  40|0x0000000702800000, 0x0000000702900000, 0x0000000702900000|100%|HS|  |TAMS 0x0000000702900000, 0x0000000702800000| Complete 
|  41|0x0000000702900000, 0x0000000702a00000, 0x0000000702a00000|100%|HC|  |TAMS 0x0000000702a00000, 0x0000000702900000| Complete 
|  42|0x0000000702a00000, 0x0000000702b00000, 0x0000000702b00000|100%|HC|  |TAMS 0x0000000702b00000, 0x0000000702a00000| Complete 
|  43|0x0000000702b00000, 0x0000000702c00000, 0x0000000702c00000|100%|HC|  |TAMS 0x0000000702c00000, 0x0000000702b00000| Complete 
|  44|0x0000000702c00000, 0x0000000702d00000, 0x0000000702d00000|100%|HC|  |TAMS 0x0000000702d00000, 0x0000000702c00000| Complete 
|  45|0x0000000702d00000, 0x0000000702e00000, 0x0000000702e00000|100%|HS|  |TAMS 0x0000000702e00000, 0x0000000702d00000| Complete 
|  46|0x0000000702e00000, 0x0000000702f00000, 0x0000000702f00000|100%|HC|  |TAMS 0x0000000702f00000, 0x0000000702e00000| Complete 
|  47|0x0000000702f00000, 0x0000000703000000, 0x0000000703000000|100%|HC|  |TAMS 0x0000000703000000, 0x0000000702f00000| Complete 
|  48|0x0000000703000000, 0x0000000703100000, 0x0000000703100000|100%| O|  |TAMS 0x0000000703100000, 0x0000000703000000| Untracked 
|  49|0x0000000703100000, 0x0000000703200000, 0x0000000703200000|100%| O|  |TAMS 0x0000000703200000, 0x0000000703100000| Untracked 
|  50|0x0000000703200000, 0x0000000703300000, 0x0000000703300000|100%| O|  |TAMS 0x0000000703300000, 0x0000000703200000| Untracked 
|  51|0x0000000703300000, 0x0000000703400000, 0x0000000703400000|100%| O|  |TAMS 0x0000000703400000, 0x0000000703300000| Untracked 
|  52|0x0000000703400000, 0x0000000703500000, 0x0000000703500000|100%| O|  |TAMS 0x0000000703500000, 0x0000000703400000| Untracked 
|  53|0x0000000703500000, 0x0000000703600000, 0x0000000703600000|100%| O|  |TAMS 0x0000000703600000, 0x0000000703500000| Untracked 
|  54|0x0000000703600000, 0x0000000703700000, 0x0000000703700000|100%| O|  |TAMS 0x0000000703700000, 0x0000000703600000| Untracked 
|  55|0x0000000703700000, 0x0000000703800000, 0x0000000703800000|100%|HS|  |TAMS 0x0000000703800000, 0x0000000703700000| Complete 
|  56|0x0000000703800000, 0x0000000703900000, 0x0000000703900000|100%|HS|  |TAMS 0x0000000703900000, 0x0000000703800000| Complete 
|  57|0x0000000703900000, 0x0000000703a00000, 0x0000000703a00000|100%|HS|  |TAMS 0x0000000703a00000, 0x0000000703900000| Complete 
|  58|0x0000000703a00000, 0x0000000703b00000, 0x0000000703b00000|100%| O|  |TAMS 0x0000000703b00000, 0x0000000703a00000| Untracked 
|  59|0x0000000703b00000, 0x0000000703c00000, 0x0000000703c00000|100%|HS|  |TAMS 0x0000000703c00000, 0x0000000703b00000| Complete 
|  60|0x0000000703c00000, 0x0000000703d00000, 0x0000000703d00000|100%|HC|  |TAMS 0x0000000703d00000, 0x0000000703c00000| Complete 
|  61|0x0000000703d00000, 0x0000000703e00000, 0x0000000703e00000|100%|HC|  |TAMS 0x0000000703e00000, 0x0000000703d00000| Complete 
|  62|0x0000000703e00000, 0x0000000703f00000, 0x0000000703f00000|100%|HS|  |TAMS 0x0000000703f00000, 0x0000000703e00000| Complete 
|  63|0x0000000703f00000, 0x0000000704000000, 0x0000000704000000|100%|HC|  |TAMS 0x0000000704000000, 0x0000000703f00000| Complete 
|  64|0x0000000704000000, 0x0000000704100000, 0x0000000704100000|100%| O|  |TAMS 0x0000000704100000, 0x0000000704000000| Untracked 
|  65|0x0000000704100000, 0x0000000704200000, 0x0000000704200000|100%| O|  |TAMS 0x0000000704200000, 0x0000000704100000| Untracked 
|  66|0x0000000704200000, 0x0000000704300000, 0x0000000704300000|100%| O|  |TAMS 0x0000000704300000, 0x0000000704200000| Untracked 
|  67|0x0000000704300000, 0x0000000704400000, 0x0000000704400000|100%| O|  |TAMS 0x0000000704400000, 0x0000000704300000| Untracked 
|  68|0x0000000704400000, 0x0000000704500000, 0x0000000704500000|100%| O|  |TAMS 0x0000000704500000, 0x0000000704400000| Untracked 
|  69|0x0000000704500000, 0x0000000704600000, 0x0000000704600000|100%| O|  |TAMS 0x0000000704600000, 0x0000000704500000| Untracked 
|  70|0x0000000704600000, 0x0000000704700000, 0x0000000704700000|100%| O|  |TAMS 0x0000000704700000, 0x0000000704600000| Untracked 
|  71|0x0000000704700000, 0x0000000704800000, 0x0000000704800000|100%| O|  |TAMS 0x0000000704800000, 0x0000000704700000| Untracked 
|  72|0x0000000704800000, 0x0000000704900000, 0x0000000704900000|100%| O|  |TAMS 0x0000000704900000, 0x0000000704800000| Untracked 
|  73|0x0000000704900000, 0x0000000704a00000, 0x0000000704a00000|100%| O|  |TAMS 0x0000000704a00000, 0x0000000704900000| Untracked 
|  74|0x0000000704a00000, 0x0000000704a65600, 0x0000000704b00000| 39%| O|  |TAMS 0x0000000704a00000, 0x0000000704a00000| Untracked 
|  75|0x0000000704b00000, 0x0000000704b00000, 0x0000000704c00000|  0%| F|  |TAMS 0x0000000704b00000, 0x0000000704b00000| Untracked 
|  76|0x0000000704c00000, 0x0000000704c00000, 0x0000000704d00000|  0%| F|  |TAMS 0x0000000704c00000, 0x0000000704c00000| Untracked 
|  77|0x0000000704d00000, 0x0000000704d00000, 0x0000000704e00000|  0%| F|  |TAMS 0x0000000704d00000, 0x0000000704d00000| Untracked 
|  78|0x0000000704e00000, 0x0000000704e00000, 0x0000000704f00000|  0%| F|  |TAMS 0x0000000704e00000, 0x0000000704e00000| Untracked 
|  79|0x0000000704f00000, 0x0000000704f00000, 0x0000000705000000|  0%| F|  |TAMS 0x0000000704f00000, 0x0000000704f00000| Untracked 
|  80|0x0000000705000000, 0x0000000705000000, 0x0000000705100000|  0%| F|  |TAMS 0x0000000705000000, 0x0000000705000000| Untracked 
|  81|0x0000000705100000, 0x0000000705100000, 0x0000000705200000|  0%| F|  |TAMS 0x0000000705100000, 0x0000000705100000| Untracked 
|  82|0x0000000705200000, 0x0000000705200000, 0x0000000705300000|  0%| F|  |TAMS 0x0000000705200000, 0x0000000705200000| Untracked 
|  83|0x0000000705300000, 0x0000000705300000, 0x0000000705400000|  0%| F|  |TAMS 0x0000000705300000, 0x0000000705300000| Untracked 
|  84|0x0000000705400000, 0x0000000705400000, 0x0000000705500000|  0%| F|  |TAMS 0x0000000705400000, 0x0000000705400000| Untracked 
|  85|0x0000000705500000, 0x0000000705500000, 0x0000000705600000|  0%| F|  |TAMS 0x0000000705500000, 0x0000000705500000| Untracked 
|  86|0x0000000705600000, 0x0000000705600000, 0x0000000705700000|  0%| F|  |TAMS 0x0000000705600000, 0x0000000705600000| Untracked 
|  87|0x0000000705700000, 0x0000000705700000, 0x0000000705800000|  0%| F|  |TAMS 0x0000000705700000, 0x0000000705700000| Untracked 
|  88|0x0000000705800000, 0x0000000705800000, 0x0000000705900000|  0%| F|  |TAMS 0x0000000705800000, 0x0000000705800000| Untracked 
|  89|0x0000000705900000, 0x0000000705900000, 0x0000000705a00000|  0%| F|  |TAMS 0x0000000705900000, 0x0000000705900000| Untracked 
|  90|0x0000000705a00000, 0x0000000705a00000, 0x0000000705b00000|  0%| F|  |TAMS 0x0000000705a00000, 0x0000000705a00000| Untracked 
|  91|0x0000000705b00000, 0x0000000705b00000, 0x0000000705c00000|  0%| F|  |TAMS 0x0000000705b00000, 0x0000000705b00000| Untracked 
|  92|0x0000000705c00000, 0x0000000705c00000, 0x0000000705d00000|  0%| F|  |TAMS 0x0000000705c00000, 0x0000000705c00000| Untracked 
|  93|0x0000000705d00000, 0x0000000705d00000, 0x0000000705e00000|  0%| F|  |TAMS 0x0000000705d00000, 0x0000000705d00000| Untracked 
|  94|0x0000000705e00000, 0x0000000705e00000, 0x0000000705f00000|  0%| F|  |TAMS 0x0000000705e00000, 0x0000000705e00000| Untracked 
|  95|0x0000000705f00000, 0x0000000706000000, 0x0000000706000000|100%| S|CS|TAMS 0x0000000705f00000, 0x0000000705f00000| Complete 
|  96|0x0000000706000000, 0x0000000706100000, 0x0000000706100000|100%| S|CS|TAMS 0x0000000706000000, 0x0000000706000000| Complete 
|  97|0x0000000706100000, 0x0000000706200000, 0x0000000706200000|100%| S|CS|TAMS 0x0000000706100000, 0x0000000706100000| Complete 
|  98|0x0000000706200000, 0x0000000706300000, 0x0000000706300000|100%| S|CS|TAMS 0x0000000706200000, 0x0000000706200000| Complete 
|  99|0x0000000706300000, 0x0000000706300000, 0x0000000706400000|  0%| F|  |TAMS 0x0000000706300000, 0x0000000706300000| Untracked 
| 100|0x0000000706400000, 0x0000000706400000, 0x0000000706500000|  0%| F|  |TAMS 0x0000000706400000, 0x0000000706400000| Untracked 
| 101|0x0000000706500000, 0x0000000706500000, 0x0000000706600000|  0%| F|  |TAMS 0x0000000706500000, 0x0000000706500000| Untracked 
| 102|0x0000000706600000, 0x0000000706600000, 0x0000000706700000|  0%| F|  |TAMS 0x0000000706600000, 0x0000000706600000| Untracked 
| 103|0x0000000706700000, 0x0000000706700000, 0x0000000706800000|  0%| F|  |TAMS 0x0000000706700000, 0x0000000706700000| Untracked 
| 104|0x0000000706800000, 0x0000000706800000, 0x0000000706900000|  0%| F|  |TAMS 0x0000000706800000, 0x0000000706800000| Untracked 
| 105|0x0000000706900000, 0x0000000706900000, 0x0000000706a00000|  0%| F|  |TAMS 0x0000000706900000, 0x0000000706900000| Untracked 
| 106|0x0000000706a00000, 0x0000000706a00000, 0x0000000706b00000|  0%| F|  |TAMS 0x0000000706a00000, 0x0000000706a00000| Untracked 
| 107|0x0000000706b00000, 0x0000000706b00000, 0x0000000706c00000|  0%| F|  |TAMS 0x0000000706b00000, 0x0000000706b00000| Untracked 
| 108|0x0000000706c00000, 0x0000000706c00000, 0x0000000706d00000|  0%| F|  |TAMS 0x0000000706c00000, 0x0000000706c00000| Untracked 
| 109|0x0000000706d00000, 0x0000000706d00000, 0x0000000706e00000|  0%| F|  |TAMS 0x0000000706d00000, 0x0000000706d00000| Untracked 
| 110|0x0000000706e00000, 0x0000000706e00000, 0x0000000706f00000|  0%| F|  |TAMS 0x0000000706e00000, 0x0000000706e00000| Untracked 
| 111|0x0000000706f00000, 0x0000000706f00000, 0x0000000707000000|  0%| F|  |TAMS 0x0000000706f00000, 0x0000000706f00000| Untracked 
| 112|0x0000000707000000, 0x0000000707000000, 0x0000000707100000|  0%| F|  |TAMS 0x0000000707000000, 0x0000000707000000| Untracked 
| 113|0x0000000707100000, 0x0000000707100000, 0x0000000707200000|  0%| F|  |TAMS 0x0000000707100000, 0x0000000707100000| Untracked 
| 114|0x0000000707200000, 0x0000000707200000, 0x0000000707300000|  0%| F|  |TAMS 0x0000000707200000, 0x0000000707200000| Untracked 
| 115|0x0000000707300000, 0x0000000707300000, 0x0000000707400000|  0%| F|  |TAMS 0x0000000707300000, 0x0000000707300000| Untracked 
| 116|0x0000000707400000, 0x0000000707400000, 0x0000000707500000|  0%| F|  |TAMS 0x0000000707400000, 0x0000000707400000| Untracked 
| 117|0x0000000707500000, 0x0000000707500000, 0x0000000707600000|  0%| F|  |TAMS 0x0000000707500000, 0x0000000707500000| Untracked 
| 118|0x0000000707600000, 0x0000000707600000, 0x0000000707700000|  0%| F|  |TAMS 0x0000000707600000, 0x0000000707600000| Untracked 
| 119|0x0000000707700000, 0x0000000707700000, 0x0000000707800000|  0%| F|  |TAMS 0x0000000707700000, 0x0000000707700000| Untracked 
| 120|0x0000000707800000, 0x0000000707800000, 0x0000000707900000|  0%| F|  |TAMS 0x0000000707800000, 0x0000000707800000| Untracked 
| 121|0x0000000707900000, 0x0000000707900000, 0x0000000707a00000|  0%| F|  |TAMS 0x0000000707900000, 0x0000000707900000| Untracked 
| 122|0x0000000707a00000, 0x0000000707a00000, 0x0000000707b00000|  0%| F|  |TAMS 0x0000000707a00000, 0x0000000707a00000| Untracked 
| 123|0x0000000707b00000, 0x0000000707b00000, 0x0000000707c00000|  0%| F|  |TAMS 0x0000000707b00000, 0x0000000707b00000| Untracked 
| 124|0x0000000707c00000, 0x0000000707c00000, 0x0000000707d00000|  0%| F|  |TAMS 0x0000000707c00000, 0x0000000707c00000| Untracked 
| 125|0x0000000707d00000, 0x0000000707d00000, 0x0000000707e00000|  0%| F|  |TAMS 0x0000000707d00000, 0x0000000707d00000| Untracked 
| 126|0x0000000707e00000, 0x0000000707e00000, 0x0000000707f00000|  0%| F|  |TAMS 0x0000000707e00000, 0x0000000707e00000| Untracked 
| 127|0x0000000707f00000, 0x0000000707f00000, 0x0000000708000000|  0%| F|  |TAMS 0x0000000707f00000, 0x0000000707f00000| Untracked 
| 128|0x0000000708000000, 0x0000000708000000, 0x0000000708100000|  0%| F|  |TAMS 0x0000000708000000, 0x0000000708000000| Untracked 
| 129|0x0000000708100000, 0x0000000708100000, 0x0000000708200000|  0%| F|  |TAMS 0x0000000708100000, 0x0000000708100000| Untracked 
| 130|0x0000000708200000, 0x0000000708200000, 0x0000000708300000|  0%| F|  |TAMS 0x0000000708200000, 0x0000000708200000| Untracked 

Card table byte_map: [0x0000000016110000,0x0000000016910000] _byte_map_base: 0x0000000012910000

Marking Bits (Prev, Next): (CMBitMap*) 0x000000000038c750, (CMBitMap*) 0x000000000038c718
 Prev Bits: [0x000000001b110000, 0x000000001f110000)
 Next Bits: [0x0000000017110000, 0x000000001b110000)

Polling page: 0x0000000000230000

Metaspace:

Usage:
  Non-class:     53.41 MB capacity,    52.34 MB ( 98%) used,   942.02 KB (  2%) free+waste,   160.75 KB ( <1%) overhead. 
      Class:      8.21 MB capacity,     7.62 MB ( 93%) used,   527.01 KB (  6%) free+waste,    76.50 KB ( <1%) overhead. 
       Both:     61.62 MB capacity,    59.96 MB ( 97%) used,     1.43 MB (  2%) free+waste,   237.25 KB ( <1%) overhead. 

Virtual space:
  Non-class space:       54.00 MB reserved,      53.47 MB (>99%) committed 
      Class space:        1.00 GB reserved,       8.25 MB ( <1%) committed 
             Both:        1.05 GB reserved,      61.72 MB (  6%) committed 

Chunk freelists:
   Non-Class:  62.00 KB
       Class:  8.00 KB
        Both:  70.00 KB

MaxMetaspaceSize: 17179869184.00 GB
CompressedClassSpaceSize: 1.00 GB

CodeHeap 'non-profiled nmethods': size=120064Kb used=3193Kb max_used=3193Kb free=116870Kb
 bounds [0x000000000ddc0000, 0x000000000e0e0000, 0x0000000015300000]
CodeHeap 'profiled nmethods': size=120000Kb used=12913Kb max_used=12913Kb free=107086Kb
 bounds [0x0000000006890000, 0x0000000007530000, 0x000000000ddc0000]
CodeHeap 'non-nmethods': size=5696Kb used=2260Kb max_used=2297Kb free=3435Kb
 bounds [0x0000000006300000, 0x0000000006570000, 0x0000000006890000]
 total_blobs=7036 nmethods=6190 adapters=758
 compilation: enabled
              stopped_count=0, restarted_count=0
 full_count=0

Compilation events (20 events):
Event: 16.583 Thread 0x0000000022635800 6272       2       org.gradle.api.internal.provider.DefaultValueSourceProviderFactory$ConfigurationTimeProvider::<init> (6 bytes)
Event: 16.583 Thread 0x0000000022635800 nmethod 6272 0x0000000007525e10 code [0x0000000007525fc0, 0x0000000007526118]
Event: 16.587 Thread 0x0000000022635800 6276       2       org.gradle.internal.instantiation.generator.AbstractClassGenerator$GeneratedClassImpl::getGeneratedClass (11 bytes)
Event: 16.588 Thread 0x0000000022635800 nmethod 6276 0x0000000007526190 code [0x0000000007526340, 0x0000000007526438]
Event: 16.591 Thread 0x0000000022635800 6278       2       org.gradle.internal.concurrent.CompositeStoppable::add (35 bytes)
Event: 16.591 Thread 0x0000000022635800 nmethod 6278 0x0000000007526510 code [0x00000000075266e0, 0x0000000007526a78]
Event: 16.591 Thread 0x0000000022635800 6277       2       org.gradle.internal.concurrent.CompositeStoppable::stoppable (12 bytes)
Event: 16.592 Thread 0x0000000022635800 nmethod 6277 0x0000000007526c90 code [0x0000000007526e80, 0x00000000075273d8]
Event: 16.592 Thread 0x0000000022635800 6280       2       java.util.LinkedHashMap::get (33 bytes)
Event: 16.593 Thread 0x0000000022635800 nmethod 6280 0x0000000007527610 code [0x00000000075277e0, 0x00000000075279c8]
Event: 16.593 Thread 0x0000000022635800 6279       2       org.gradle.internal.isolated.IsolationScheme::parameterTypeFor (115 bytes)
Event: 16.593 Thread 0x0000000022635800 nmethod 6279 0x0000000007527b10 code [0x0000000007527d60, 0x00000000075281e8]
Event: 16.611 Thread 0x0000000022635800 6281       2       java.lang.String::<init> (74 bytes)
Event: 16.612 Thread 0x0000000022635800 nmethod 6281 0x0000000007528490 code [0x0000000007528680, 0x0000000007528ad8]
Event: 16.617 Thread 0x0000000022635800 6282       2       org.gradle.internal.instantiation.generator.AbstractClassGenerator::assembleProperties (239 bytes)
Event: 16.621 Thread 0x0000000022635800 nmethod 6282 0x0000000007528d10 code [0x00000000075290e0, 0x000000000752a598]
Event: 16.621 Thread 0x0000000022635800 6283       2       jdk.internal.reflect.ConstantPool::getIntAt (10 bytes)
Event: 16.621 Thread 0x0000000022635800 nmethod 6283 0x000000000752b010 code [0x000000000752b1c0, 0x000000000752b2e8]
Event: 16.622 Thread 0x0000000022635800 6285       2       sun.reflect.annotation.AnnotationParser::parseArray (226 bytes)
Event: 16.624 Thread 0x0000000022635800 nmethod 6285 0x000000000752b390 code [0x000000000752b680, 0x000000000752c078]

GC Heap History (20 events):
Event: 9.295 GC heap after
{Heap after GC invocations=16 (full 0):
 garbage-first heap   total 92160K, used 39169K [0x0000000700000000, 0x0000000800000000)
  region size 1024K, 2 young (2048K), 2 survivors (2048K)
 Metaspace       used 39768K, capacity 40729K, committed 40804K, reserved 1085440K
  class space    used 5076K, capacity 5432K, committed 5504K, reserved 1048576K
}
Event: 10.056 GC heap before
{Heap before GC invocations=16 (full 0):
 garbage-first heap   total 92160K, used 64769K [0x0000000700000000, 0x0000000800000000)
  region size 1024K, 27 young (27648K), 2 survivors (2048K)
 Metaspace       used 41771K, capacity 42847K, committed 42980K, reserved 1087488K
  class space    used 5383K, capacity 5779K, committed 5888K, reserved 1048576K
}
Event: 10.064 GC heap after
{Heap after GC invocations=17 (full 0):
 garbage-first heap   total 92160K, used 40067K [0x0000000700000000, 0x0000000800000000)
  region size 1024K, 3 young (3072K), 3 survivors (3072K)
 Metaspace       used 41771K, capacity 42847K, committed 42980K, reserved 1087488K
  class space    used 5383K, capacity 5779K, committed 5888K, reserved 1048576K
}
Event: 10.151 GC heap before
{Heap before GC invocations=17 (full 0):
 garbage-first heap   total 92160K, used 41091K [0x0000000700000000, 0x0000000800000000)
  region size 1024K, 5 young (5120K), 3 survivors (3072K)
 Metaspace       used 41854K, capacity 42911K, committed 43236K, reserved 1087488K
  class space    used 5391K, capacity 5779K, committed 5888K, reserved 1048576K
}
Event: 10.161 GC heap after
{Heap after GC invocations=18 (full 0):
 garbage-first heap   total 110592K, used 40394K [0x0000000700000000, 0x0000000800000000)
  region size 1024K, 2 young (2048K), 2 survivors (2048K)
 Metaspace       used 41854K, capacity 42911K, committed 43236K, reserved 1087488K
  class space    used 5391K, capacity 5779K, committed 5888K, reserved 1048576K
}
Event: 11.132 GC heap before
{Heap before GC invocations=19 (full 0):
 garbage-first heap   total 110592K, used 82378K [0x0000000700000000, 0x0000000800000000)
  region size 1024K, 35 young (35840K), 2 survivors (2048K)
 Metaspace       used 44405K, capacity 45666K, committed 45796K, reserved 1089536K
  class space    used 5591K, capacity 6048K, committed 6144K, reserved 1048576K
}
Event: 11.152 GC heap after
{Heap after GC invocations=20 (full 0):
 garbage-first heap   total 110592K, used 53014K [0x0000000700000000, 0x0000000800000000)
  region size 1024K, 5 young (5120K), 5 survivors (5120K)
 Metaspace       used 44405K, capacity 45666K, committed 45796K, reserved 1089536K
  class space    used 5591K, capacity 6048K, committed 6144K, reserved 1048576K
}
Event: 11.714 GC heap before
{Heap before GC invocations=20 (full 0):
 garbage-first heap   total 110592K, used 81686K [0x0000000700000000, 0x0000000800000000)
  region size 1024K, 33 young (33792K), 5 survivors (5120K)
 Metaspace       used 45692K, capacity 46923K, committed 47204K, reserved 1089536K
  class space    used 5800K, capacity 6232K, committed 6272K, reserved 1048576K
}
Event: 11.733 GC heap after
{Heap after GC invocations=21 (full 0):
 garbage-first heap   total 110592K, used 55769K [0x0000000700000000, 0x0000000800000000)
  region size 1024K, 3 young (3072K), 3 survivors (3072K)
 Metaspace       used 45692K, capacity 46923K, committed 47204K, reserved 1089536K
  class space    used 5800K, capacity 6232K, committed 6272K, reserved 1048576K
}
Event: 12.310 GC heap before
{Heap before GC invocations=21 (full 0):
 garbage-first heap   total 110592K, used 84441K [0x0000000700000000, 0x0000000800000000)
  region size 1024K, 31 young (31744K), 3 survivors (3072K)
 Metaspace       used 47396K, capacity 48822K, committed 49124K, reserved 1091584K
  class space    used 6090K, capacity 6589K, committed 6656K, reserved 1048576K
}
Event: 12.326 GC heap after
{Heap after GC invocations=22 (full 0):
 garbage-first heap   total 110592K, used 57241K [0x0000000700000000, 0x0000000800000000)
  region size 1024K, 2 young (2048K), 2 survivors (2048K)
 Metaspace       used 47396K, capacity 48822K, committed 49124K, reserved 1091584K
  class space    used 6090K, capacity 6589K, committed 6656K, reserved 1048576K
}
Event: 12.959 GC heap before
{Heap before GC invocations=23 (full 0):
 garbage-first heap   total 110592K, used 85913K [0x0000000700000000, 0x0000000800000000)
  region size 1024K, 30 young (30720K), 2 survivors (2048K)
 Metaspace       used 48828K, capacity 50250K, committed 50532K, reserved 1093632K
  class space    used 6267K, capacity 6741K, committed 6784K, reserved 1048576K
}
Event: 12.971 GC heap after
{Heap after GC invocations=24 (full 0):
 garbage-first heap   total 134144K, used 58421K [0x0000000700000000, 0x0000000800000000)
  region size 1024K, 3 young (3072K), 3 survivors (3072K)
 Metaspace       used 48828K, capacity 50250K, committed 50532K, reserved 1093632K
  class space    used 6267K, capacity 6741K, committed 6784K, reserved 1048576K
}
Event: 13.747 GC heap before
{Heap before GC invocations=24 (full 0):
 garbage-first heap   total 134144K, used 89141K [0x0000000700000000, 0x0000000800000000)
  region size 1024K, 32 young (32768K), 3 survivors (3072K)
 Metaspace       used 49701K, capacity 51200K, committed 51428K, reserved 1093632K
  class space    used 6353K, capacity 6857K, committed 6912K, reserved 1048576K
}
Event: 13.763 GC heap after
{Heap after GC invocations=25 (full 0):
 garbage-first heap   total 134144K, used 66334K [0x0000000700000000, 0x0000000800000000)
  region size 1024K, 6 young (6144K), 6 survivors (6144K)
 Metaspace       used 49701K, capacity 51200K, committed 51428K, reserved 1093632K
  class space    used 6353K, capacity 6857K, committed 6912K, reserved 1048576K
}
Event: 14.607 GC heap before
{Heap before GC invocations=26 (full 0):
 garbage-first heap   total 134144K, used 106270K [0x0000000700000000, 0x0000000800000000)
  region size 1024K, 40 young (40960K), 6 survivors (6144K)
 Metaspace       used 53024K, capacity 54603K, committed 54756K, reserved 1097728K
  class space    used 6783K, capacity 7346K, committed 7424K, reserved 1048576K
}
Event: 14.622 GC heap after
{Heap after GC invocations=27 (full 0):
 garbage-first heap   total 134144K, used 76132K [0x0000000700000000, 0x0000000800000000)
  region size 1024K, 5 young (5120K), 5 survivors (5120K)
 Metaspace       used 53024K, capacity 54603K, committed 54756K, reserved 1097728K
  class space    used 6783K, capacity 7346K, committed 7424K, reserved 1048576K
}
Event: 15.698 GC heap before
{Heap before GC invocations=27 (full 0):
 garbage-first heap   total 134144K, used 106852K [0x0000000700000000, 0x0000000800000000)
  region size 1024K, 35 young (35840K), 5 survivors (5120K)
 Metaspace       used 57743K, capacity 59374K, committed 59620K, reserved 1101824K
  class space    used 7345K, capacity 7933K, committed 7936K, reserved 1048576K
}
Event: 15.712 GC heap after
{Heap after GC invocations=28 (full 0):
 garbage-first heap   total 134144K, used 77221K [0x0000000700000000, 0x0000000800000000)
  region size 1024K, 2 young (2048K), 2 survivors (2048K)
 Metaspace       used 57743K, capacity 59374K, committed 59620K, reserved 1101824K
  class space    used 7345K, capacity 7933K, committed 7936K, reserved 1048576K
}
Event: 16.643 GC heap before
{Heap before GC invocations=29 (full 0):
 garbage-first heap   total 134144K, used 106917K [0x0000000700000000, 0x0000000800000000)
  region size 1024K, 32 young (32768K), 2 survivors (2048K)
 Metaspace       used 61395K, capacity 63102K, committed 63204K, reserved 1103872K
  class space    used 7804K, capacity 8408K, committed 8448K, reserved 1048576K
}

Deoptimization events (20 events):
Event: 16.419 Thread 0x0000000024c51000 Uncommon trap: trap_request=0xffffff4d fr.pc=0x000000000e0b8660 relative=0x0000000000001c60
Event: 16.421 Thread 0x0000000024c51000 Uncommon trap: reason=unstable_if action=reinterpret pc=0x000000000e0b8660 method=java.security.CodeSource.<init>(Ljava/net/URL;[Ljava/security/CodeSigner;)V @ 37 c2
Event: 16.421 Thread 0x0000000024c51000 DEOPT PACKING pc=0x000000000e0b8660 sp=0x0000000026ae4f60
Event: 16.421 Thread 0x0000000024c51000 DEOPT UNPACKING pc=0x0000000006326d29 sp=0x0000000026ae4f68 mode 2
Event: 16.421 Thread 0x0000000024c51000 Uncommon trap: trap_request=0xffffff4d fr.pc=0x000000000df03790 relative=0x0000000000000070
Event: 16.421 Thread 0x0000000024c51000 Uncommon trap: reason=unstable_if action=reinterpret pc=0x000000000df03790 method=java.security.CodeSource.getCertificates()[Ljava/security/cert/Certificate; @ 22 c2
Event: 16.421 Thread 0x0000000024c51000 DEOPT PACKING pc=0x000000000df03790 sp=0x0000000026ae4cf0
Event: 16.421 Thread 0x0000000024c51000 DEOPT UNPACKING pc=0x0000000006326d29 sp=0x0000000026ae4c78 mode 2
Event: 16.423 Thread 0x0000000024c51000 Uncommon trap: trap_request=0xffffff4d fr.pc=0x000000000e06a03c relative=0x000000000000139c
Event: 16.423 Thread 0x0000000024c51000 Uncommon trap: reason=unstable_if action=reinterpret pc=0x000000000e06a03c method=java.security.CodeSource.matchCerts(Ljava/security/CodeSource;Z)Z @ 11 c2
Event: 16.423 Thread 0x0000000024c51000 DEOPT PACKING pc=0x000000000e06a03c sp=0x0000000026ae1e80
Event: 16.423 Thread 0x0000000024c51000 DEOPT UNPACKING pc=0x0000000006326d29 sp=0x0000000026ae1d10 mode 2
Event: 16.457 Thread 0x0000000024c51000 Uncommon trap: trap_request=0xffffff4d fr.pc=0x000000000e0d7ed4 relative=0x0000000000000294
Event: 16.457 Thread 0x0000000024c51000 Uncommon trap: reason=unstable_if action=reinterpret pc=0x000000000e0d7ed4 method=java.util.LinkedHashMap.get(Ljava/lang/Object;)Ljava/lang/Object; @ 20 c2
Event: 16.457 Thread 0x0000000024c51000 DEOPT PACKING pc=0x000000000e0d7ed4 sp=0x0000000026ae4280
Event: 16.457 Thread 0x0000000024c51000 DEOPT UNPACKING pc=0x0000000006326d29 sp=0x0000000026ae4238 mode 2
Event: 16.494 Thread 0x0000000024c51000 DEOPT PACKING pc=0x000000000750fc63 sp=0x0000000026ae3df0
Event: 16.494 Thread 0x0000000024c51000 DEOPT UNPACKING pc=0x0000000006326b3f sp=0x0000000026ae32b0 mode 0
Event: 16.495 Thread 0x0000000024c51000 DEOPT PACKING pc=0x000000000750f4d0 sp=0x0000000026ae3da0
Event: 16.495 Thread 0x0000000024c51000 DEOPT UNPACKING pc=0x0000000006326b3f sp=0x0000000026ae3218 mode 0

Classes redefined (0 events):
No events

Internal exceptions (20 events):
Event: 13.847 Thread 0x0000000024c51000 Exception <a 'java/lang/ClassNotFoundException'{0x0000000707d02b08}: org/gradle/api/internal/AbstractTaskBeanInfo> (0x0000000707d02b08) thrown at [./src/hotspot/share/classfile/systemDictionary.cpp, line 231]
Event: 13.849 Thread 0x0000000024c51000 Exception <a 'java/lang/ClassNotFoundException'{0x0000000707d2f9d0}: org/gradle/api/internal/AbstractTaskCustomizer> (0x0000000707d2f9d0) thrown at [./src/hotspot/share/classfile/systemDictionary.cpp, line 231]
Event: 13.859 Thread 0x0000000024c51000 Exception <a 'java/lang/ClassNotFoundException'{0x0000000707da0fd8}: org/gradle/api/DefaultTaskCustomizer> (0x0000000707da0fd8) thrown at [./src/hotspot/share/classfile/systemDictionary.cpp, line 231]
Event: 13.868 Thread 0x0000000024c51000 Exception <a 'java/lang/ClassNotFoundException'{0x0000000707c222e0}: org/gradle/api/internal/ConventionTaskCustomizer> (0x0000000707c222e0) thrown at [./src/hotspot/share/classfile/systemDictionary.cpp, line 231]
Event: 13.871 Thread 0x0000000024c51000 Exception <a 'java/lang/ClassNotFoundException'{0x0000000707c5a4f8}: org/gradle/api/tasks/DeleteCustomizer> (0x0000000707c5a4f8) thrown at [./src/hotspot/share/classfile/systemDictionary.cpp, line 231]
Event: 13.875 Thread 0x0000000024c51000 Exception <a 'java/lang/ClassNotFoundException'{0x0000000707c99ca8}: org/gradle/api/tasks/Delete_DecoratedCustomizer> (0x0000000707c99ca8) thrown at [./src/hotspot/share/classfile/systemDictionary.cpp, line 231]
Event: 13.958 Thread 0x0000000024c51000 Exception <a 'java/lang/ClassNotFoundException'{0x0000000707a02018}: build_nujbmom8at40l07gyle7yfrjBeanInfo> (0x0000000707a02018) thrown at [./src/hotspot/share/classfile/systemDictionary.cpp, line 231]
Event: 13.959 Thread 0x0000000024c51000 Exception <a 'java/lang/ClassNotFoundException'{0x0000000707a0cf20}: build_nujbmom8at40l07gyle7yfrjCustomizer> (0x0000000707a0cf20) thrown at [./src/hotspot/share/classfile/systemDictionary.cpp, line 231]
Event: 13.975 Thread 0x0000000024c51000 Exception <a 'java/lang/ClassNotFoundException'{0x0000000707a90c58}: org/gradle/plugin/use/internal/PluginRequestCollector$PluginDependenciesSpecImplBeanInfo> (0x0000000707a90c58) thrown at [./src/hotspot/share/classfile/systemDictionary.cpp, line 231]
Event: 13.977 Thread 0x0000000024c51000 Exception <a 'java/lang/ClassNotFoundException'{0x0000000707abeb08}: org/gradle/plugin/use/internal/PluginRequestCollector$PluginDependenciesSpecImplCustomizer> (0x0000000707abeb08) thrown at [./src/hotspot/share/classfile/systemDictionary.cpp, line 231]
Event: 14.268 Thread 0x0000000024c51000 Exception <a 'java/lang/NoSuchMethodError'{0x0000000706d6ab88}: 'java.lang.Object java.lang.invoke.DirectMethodHandle$Holder.invokeStatic(java.lang.Object, java.lang.Object, java.lang.Object, java.lang.Object, int)'> (0x0000000706d6ab88) thrown at [./src/hotspot/share/interpreter/linkResolver.cpp, line 773]
Event: 14.269 Thread 0x0000000024c51000 Exception <a 'java/lang/NoSuchMethodError'{0x0000000706d6f580}: 'java.lang.Object java.lang.invoke.DirectMethodHandle$Holder.invokeSpecial(java.lang.Object, java.lang.Object, java.lang.Object, java.lang.Object, java.lang.Object, int)'> (0x0000000706d6f580) thrown at [./src/hotspot/share/interpreter/linkResolver.cpp, line 773]
Event: 14.269 Thread 0x0000000024c51000 Exception <a 'java/lang/NoSuchMethodError'{0x0000000706d73bc0}: 'java.lang.Object java.lang.invoke.Invokers$Holder.linkToTargetMethod(java.lang.Object, java.lang.Object, java.lang.Object, int, java.lang.Object)'> (0x0000000706d73bc0) thrown at [./src/hotspot/share/interpreter/linkResolver.cpp, line 773]
Event: 14.672 Thread 0x0000000024c51000 Exception <a 'java/lang/NoSuchMethodError'{0x00000007080250c0}: 'java.lang.Object java.lang.invoke.DirectMethodHandle$Holder.invokeSpecial(java.lang.Object, java.lang.Object, int, int, java.lang.Object, java.lang.Object, java.lang.Object)'> (0x00000007080250c0) thrown at [./src/hotspot/share/interpreter/linkResolver.cpp, line 773]
Event: 14.672 Thread 0x0000000024c51000 Exception <a 'java/lang/NoSuchMethodError'{0x0000000708029640}: 'java.lang.Object java.lang.invoke.DelegatingMethodHandle$Holder.reinvoke_L(java.lang.Object, int, int, java.lang.Object, java.lang.Object, java.lang.Object)'> (0x0000000708029640) thrown at [./src/hotspot/share/interpreter/linkResolver.cpp, line 773]
Event: 15.140 Thread 0x0000000024c51000 Exception <a 'java/lang/NoSuchMethodError'{0x000000070741b1c8}: 'int java.lang.invoke.DirectMethodHandle$Holder.invokeInterface(java.lang.Object, java.lang.Object, java.lang.Object, java.lang.Object)'> (0x000000070741b1c8) thrown at [./src/hotspot/share/interpreter/linkResolver.cpp, line 773]
Event: 15.668 Thread 0x0000000024c51000 Exception <a 'java/lang/NoSuchMethodError'{0x00000007066b10a8}: 'void java.lang.invoke.DirectMethodHandle$Holder.invokeInterface(java.lang.Object, java.lang.Object, java.lang.Object, java.lang.Object)'> (0x00000007066b10a8) thrown at [./src/hotspot/share/interpreter/linkResolver.cpp, line 773]
Event: 15.982 Thread 0x0000000024c51000 Exception <a 'java/lang/IncompatibleClassChangeError'{0x0000000707c6a568}: Found class java.lang.Object, but interface was expected> (0x0000000707c6a568) thrown at [./src/hotspot/share/interpreter/linkResolver.cpp, line 839]
Event: 16.245 Thread 0x0000000024c51000 Implicit null exception at 0x000000000e03b02d to 0x000000000e03b334
Event: 16.596 Thread 0x0000000024c51000 Exception <a 'sun/nio/fs/WindowsException'{0x0000000706625288}> (0x0000000706625288) thrown at [./src/hotspot/share/prims/jni.cpp, line 615]

Events (20 events):
Event: 16.619 Executing VM operation: ICBufferFull done
Event: 16.619 loading class org/gradle/api/Incubating
Event: 16.619 loading class org/gradle/api/Incubating done
Event: 16.622 loading class kotlin/jvm/JvmStatic
Event: 16.622 loading class kotlin/jvm/JvmStatic done
Event: 16.622 loading class kotlin/jvm/JvmStatic
Event: 16.622 loading class kotlin/jvm/JvmStatic done
Event: 16.626 loading class kotlin/ReplaceWith
Event: 16.626 loading class kotlin/ReplaceWith done
Event: 16.637 loading class com/google/common/collect/Sets
Event: 16.637 loading class com/google/common/collect/Sets done
Event: 16.640 loading class com/google/common/collect/Sets$SetView
Event: 16.640 loading class com/google/common/collect/Sets$SetView done
Event: 16.641 loading class com/google/common/collect/Sets$1
Event: 16.641 loading class com/google/common/collect/Sets$1 done
Event: 16.642 loading class com/google/common/collect/Sets$4
Event: 16.642 loading class com/google/common/collect/Sets$4 done
Event: 16.642 loading class com/google/common/collect/ImmutableEnumSet
Event: 16.642 loading class com/google/common/collect/ImmutableEnumSet done
Event: 16.642 Executing VM operation: G1CollectForAllocation


Dynamic libraries:
0x000000013f740000 - 0x000000013f74a000 	C:\Program Files\Android\Android Studio\jre\bin\java.exe
0x0000000077940000 - 0x0000000077ae9000 	C:\Windows\SYSTEM32\ntdll.dll
0x0000000077820000 - 0x000000007793f000 	C:\Windows\system32\kernel32.dll
0x000007fefdbf0000 - 0x000007fefdc5c000 	C:\Windows\system32\KERNELBASE.dll
0x000007fef4360000 - 0x000007fef4379000 	C:\Program Files\Android\Android Studio\jre\bin\jli.dll
0x000007fefc360000 - 0x000007fefc554000 	C:\Windows\WinSxS\amd64_microsoft.windows.common-controls_6595b64144ccf1df_6.0.7601.17514_none_fa396087175ac9ac\COMCTL32.dll
0x000007feff020000 - 0x000007feff0bf000 	C:\Windows\system32\msvcrt.dll
0x000007feff2a0000 - 0x000007feff307000 	C:\Windows\system32\GDI32.dll
0x0000000077720000 - 0x000000007781a000 	C:\Windows\system32\USER32.dll
0x000007feff830000 - 0x000007feff83e000 	C:\Windows\system32\LPK.dll
0x000007feff760000 - 0x000007feff829000 	C:\Windows\system32\USP10.dll
0x000007feffad0000 - 0x000007feffb41000 	C:\Windows\system32\SHLWAPI.dll
0x000007fef4920000 - 0x000007fef4937000 	C:\Program Files\Android\Android Studio\jre\bin\VCRUNTIME140.dll
0x000007fefb8d0000 - 0x000007fefb8d4000 	C:\Windows\system32\api-ms-win-crt-runtime-l1-1-0.dll
0x000007fef5520000 - 0x000007fef5612000 	C:\Windows\system32\ucrtbase.DLL
0x000007fef8830000 - 0x000007fef8833000 	C:\Windows\system32\api-ms-win-core-timezone-l1-1-0.dll
0x000007fefa8a0000 - 0x000007fefa8a3000 	C:\Windows\system32\api-ms-win-core-file-l2-1-0.dll
0x000007fef8820000 - 0x000007fef8823000 	C:\Windows\system32\api-ms-win-core-localization-l1-2-0.dll
0x000007fef9e60000 - 0x000007fef9e63000 	C:\Windows\system32\api-ms-win-core-synch-l1-2-0.dll
0x000007fef8810000 - 0x000007fef8813000 	C:\Windows\system32\api-ms-win-core-processthreads-l1-1-1.dll
0x000007fef7300000 - 0x000007fef7303000 	C:\Windows\system32\api-ms-win-core-file-l1-2-0.dll
0x000007fef7080000 - 0x000007fef7084000 	C:\Windows\system32\api-ms-win-crt-string-l1-1-0.dll
0x000007fef71a0000 - 0x000007fef71a3000 	C:\Windows\system32\api-ms-win-crt-heap-l1-1-0.dll
0x000007fef6ef0000 - 0x000007fef6ef4000 	C:\Windows\system32\api-ms-win-crt-stdio-l1-1-0.dll
0x000007fef6f40000 - 0x000007fef6f44000 	C:\Windows\system32\api-ms-win-crt-convert-l1-1-0.dll
0x000007fef69b0000 - 0x000007fef69b3000 	C:\Windows\system32\api-ms-win-crt-environment-l1-1-0.dll
0x000007fef69a0000 - 0x000007fef69a3000 	C:\Windows\system32\api-ms-win-crt-filesystem-l1-1-0.dll
0x000007fef6990000 - 0x000007fef6995000 	C:\Windows\system32\api-ms-win-crt-math-l1-1-0.dll
0x000007fef5510000 - 0x000007fef5513000 	C:\Windows\system32\api-ms-win-crt-locale-l1-1-0.dll
0x000007feff730000 - 0x000007feff75e000 	C:\Windows\system32\IMM32.DLL
0x000007feff440000 - 0x000007feff549000 	C:\Windows\system32\MSCTF.dll
0x000007fef3e90000 - 0x000007fef3f2d000 	C:\Program Files\Android\Android Studio\jre\bin\msvcp140.dll
0x000007fef5490000 - 0x000007fef5495000 	C:\Windows\system32\api-ms-win-crt-multibyte-l1-1-0.dll
0x000007fef6970000 - 0x000007fef6973000 	C:\Windows\system32\api-ms-win-crt-time-l1-1-0.dll
0x000007fef69c0000 - 0x000007fef69c3000 	C:\Windows\system32\api-ms-win-crt-utility-l1-1-0.dll
0x000007feef140000 - 0x000007feefc0f000 	C:\Program Files\Android\Android Studio\jre\bin\server\jvm.dll
0x000007feff1c0000 - 0x000007feff29b000 	C:\Windows\system32\ADVAPI32.dll
0x000007feffb50000 - 0x000007feffb6f000 	C:\Windows\SYSTEM32\sechost.dll
0x000007fefdc60000 - 0x000007fefdd8d000 	C:\Windows\system32\RPCRT4.dll
0x000007fefb7b0000 - 0x000007fefb7b9000 	C:\Windows\system32\WSOCK32.dll
0x000007feff840000 - 0x000007feff88d000 	C:\Windows\system32\WS2_32.dll
0x000007fefdff0000 - 0x000007fefdff8000 	C:\Windows\system32\NSI.dll
0x000007fef9a10000 - 0x000007fef9a4b000 	C:\Windows\system32\WINMM.dll
0x000007fefc9f0000 - 0x000007fefc9fc000 	C:\Windows\system32\VERSION.dll
0x0000000077b00000 - 0x0000000077b07000 	C:\Windows\system32\PSAPI.DLL
0x000007fef5950000 - 0x000007fef5961000 	C:\Program Files\Android\Android Studio\jre\bin\verify.dll
0x000007fef7840000 - 0x000007fef7965000 	C:\Windows\system32\DBGHELP.DLL
0x000007fef5920000 - 0x000007fef5949000 	C:\Program Files\Android\Android Studio\jre\bin\java.dll
0x000007fef6980000 - 0x000007fef698b000 	C:\Program Files\Android\Android Studio\jre\bin\jimage.dll
0x000007fef5970000 - 0x000007fef5988000 	C:\Program Files\Android\Android Studio\jre\bin\zip.dll
0x000007fefe290000 - 0x000007feff018000 	C:\Windows\system32\SHELL32.dll
0x000007fefe080000 - 0x000007fefe283000 	C:\Windows\system32\ole32.dll
0x000007fefd890000 - 0x000007fefd89f000 	C:\Windows\system32\profapi.dll
0x000007fef57f0000 - 0x000007fef580a000 	C:\Program Files\Android\Android Studio\jre\bin\net.dll
0x000007fefafd0000 - 0x000007fefb041000 	C:\Windows\system32\WINHTTP.dll
0x000007fefaf60000 - 0x000007fefafc4000 	C:\Windows\system32\webio.dll
0x000007fefd100000 - 0x000007fefd155000 	C:\Windows\system32\mswsock.dll
0x000007fefd0f0000 - 0x000007fefd0f7000 	C:\Windows\System32\wship6.dll
0x000007fef57d0000 - 0x000007fef57e4000 	C:\Program Files\Android\Android Studio\jre\bin\nio.dll
0x000007fef49c0000 - 0x000007fef49e7000 	C:\Users\Dell\.gradle\native\8bec1ad78214c89d9ad589b4d07fe93259594b29d510b10fafb7a158f7737e5d\windows-amd64\native-platform.dll
0x000007fef4100000 - 0x000007fef423d000 	C:\Users\Dell\.gradle\native\53dbd7edfb1c66fb8903c78663c9afc45aea4f116125fa6feffd364cf09443e8\windows-amd64\native-platform-file-events.dll
0x000007fef57b0000 - 0x000007fef57ba000 	C:\Program Files\Android\Android Studio\jre\bin\management.dll
0x000007fef57a0000 - 0x000007fef57ac000 	C:\Program Files\Android\Android Studio\jre\bin\management_ext.dll
0x000007fefd160000 - 0x000007fefd177000 	C:\Windows\system32\CRYPTSP.dll
0x000007fefce60000 - 0x000007fefcea7000 	C:\Windows\system32\rsaenh.dll
0x000007fefcbd0000 - 0x000007fefcbee000 	C:\Windows\system32\USERENV.dll
0x000007fefd7c0000 - 0x000007fefd7cf000 	C:\Windows\system32\CRYPTBASE.dll
0x000007fefb150000 - 0x000007fefb177000 	C:\Windows\system32\IPHLPAPI.DLL
0x000007fefb140000 - 0x000007fefb14b000 	C:\Windows\system32\WINNSI.DLL
0x000007fefb090000 - 0x000007fefb0a8000 	C:\Windows\system32\dhcpcsvc.DLL
0x000007fefa790000 - 0x000007fefa7a1000 	C:\Windows\system32\dhcpcsvc6.DLL

dbghelp: loaded successfully - version: 4.0.5 - missing functions: none
symbol engine: initialized successfully - sym options: 0x614 - pdb path: .;C:\Program Files\Android\Android Studio\jre\bin;C:\Windows\SYSTEM32;C:\Windows\WinSxS\amd64_microsoft.windows.common-controls_6595b64144ccf1df_6.0.7601.17514_none_fa396087175ac9ac;C:\Program Files\Android\Android Studio\jre\bin\server;C:\Users\Dell\.gradle\native\8bec1ad78214c89d9ad589b4d07fe93259594b29d510b10fafb7a158f7737e5d\windows-amd64;C:\Users\Dell\.gradle\native\53dbd7edfb1c66fb8903c78663c9afc45aea4f116125fa6feffd364cf09443e8\windows-amd64

VM Arguments:
jvm_args: --add-opens=java.base/java.util=ALL-UNNAMED --add-opens=java.base/java.lang=ALL-UNNAMED --add-opens=java.base/java.lang.invoke=ALL-UNNAMED --add-opens=java.base/java.util=ALL-UNNAMED --add-opens=java.prefs/java.util.prefs=ALL-UNNAMED --add-opens=java.prefs/java.util.prefs=ALL-UNNAMED --add-opens=java.base/java.nio.charset=ALL-UNNAMED --add-opens=java.base/java.net=ALL-UNNAMED --add-opens=java.base/java.util.concurrent.atomic=ALL-UNNAMED -Xmx4096m -Dfile.encoding=UTF-8 -Duser.country=IN -Duser.language=en -Duser.variant 
java_command: org.gradle.launcher.daemon.bootstrap.GradleDaemon 7.0.2
java_class_path (initial): C:\Users\Dell\.gradle\wrapper\dists\gradle-7.0.2-bin\857tjihv64xamwrf0h14cai3r\gradle-7.0.2\lib\gradle-launcher-7.0.2.jar
Launcher Type: SUN_STANDARD

[Global flags]
     intx CICompilerCount                          = 3                                         {product} {ergonomic}
     uint ConcGCThreads                            = 1                                         {product} {ergonomic}
     uint G1ConcRefinementThreads                  = 4                                         {product} {ergonomic}
   size_t G1HeapRegionSize                         = 1048576                                   {product} {ergonomic}
    uintx GCDrainStackTargetSize                   = 64                                        {product} {ergonomic}
   size_t InitialHeapSize                          = 65011712                                  {product} {ergonomic}
   size_t MarkStackSize                            = 4194304                                   {product} {ergonomic}
   size_t MaxHeapSize                              = 4294967296                                {product} {command line}
   size_t MaxNewSize                               = 2576351232                                {product} {ergonomic}
   size_t MinHeapDeltaBytes                        = 1048576                                   {product} {ergonomic}
    uintx NonNMethodCodeHeapSize                   = 5830732                                {pd product} {ergonomic}
    uintx NonProfiledCodeHeapSize                  = 122913754                              {pd product} {ergonomic}
    uintx ProfiledCodeHeapSize                     = 122913754                              {pd product} {ergonomic}
    uintx ReservedCodeCacheSize                    = 251658240                              {pd product} {ergonomic}
     bool SegmentedCodeCache                       = true                                      {product} {ergonomic}
     bool UseCompressedClassPointers               = true                                 {lp64_product} {ergonomic}
     bool UseCompressedOops                        = true                                 {lp64_product} {ergonomic}
     bool UseG1GC                                  = true                                      {product} {ergonomic}
     bool UseLargePagesIndividualAllocation        = false                                  {pd product} {ergonomic}

Logging:
Log output configuration:
 #0: stdout all=warning uptime,level,tags
 #1: stderr all=off uptime,level,tags

Environment Variables:
PATH=C:\Program Files (x86)\Common Files\Oracle\Java\javapath;C:\Program Files\Java\jdk-14.0.2/bin;C:\Program Files\apktool;C:\Program Files (x86)\Paragon Software\LinuxFS for Windows\;C:\Users\Dell\AppData\Local\Programs\Python\Python38\Scripts\;C:\Users\Dell\AppData\Local\Programs\Python\Python38\
USERNAME=Dell
OS=Windows_NT
PROCESSOR_IDENTIFIER=Intel64 Family 6 Model 37 Stepping 5, GenuineIntel



---------------  S Y S T E M  ---------------

OS: Windows 7 , 64 bit Build 7601 (6.1.7601.17617)
OS uptime: 3 days 5:04 hours

CPU:total 4 (initial active 4) (2 cores per cpu, 2 threads per core) family 6 model 37 stepping 5 microcode 0x0, cmov, cx8, fxsr, mmx, sse, sse2, sse3, ssse3, sse4.1, sse4.2, popcnt, ht, tsc, tscinvbit

Memory: 4k page, system-wide physical 3894M (808M free)
TotalPageFile size 6699M (AvailPageFile size 8M)
current process WorkingSet (physical memory assigned to process): 333M, peak: 335M
current process commit charge ("private bytes"): 371M, peak: 400M

vm_info: OpenJDK 64-Bit Server VM (11.0.10+0-b96-7249189) for windows-amd64 JRE (11.0.10+0-b96-7249189), built on Mar 31 2021 21:44:00 by "builder" with MS VC++ 14.0 (VS2015)

END.
