#
# There is insufficient memory for the Java Runtime Environment to continue.
# Native memory allocation (malloc) failed to allocate 348176 bytes for Chunk::new
# Possible reasons:
#   The system is out of physical RAM or swap space
#   The process is running with CompressedOops enabled, and the Java Heap may be blocking the growth of the native heap
# Possible solutions:
#   Reduce memory load on the system
#   Increase physical memory or swap space
#   Check if swap backing store is full
#   Decrease Java heap size (-Xmx/-Xms)
#   Decrease number of Java threads
#   Decrease Java thread stack sizes (-Xss)
#   Set larger code cache with -XX:ReservedCodeCacheSize=
#   JVM is running with Zero Based Compressed Oops mode in which the Java heap is
#     placed in the first 32GB address space. The Java Heap base address is the
#     maximum limit for the native heap growth. Please use -XX:HeapBaseMinAddress
#     to set the Java Heap base and to place the Java Heap above 32GB virtual address.
# This output file may be truncated or incomplete.
#
#  Out of Memory Error (./src/hotspot/share/memory/arena.cpp:197), pid=4584, tid=1600
#
# JRE version: OpenJDK Runtime Environment (11.0.10) (build 11.0.10+0-b96-7249189)
# Java VM: OpenJDK 64-Bit Server VM (11.0.10+0-b96-7249189, mixed mode, tiered, compressed oops, g1 gc, windows-amd64)
# No core dump will be written. Minidumps are not enabled by default on client versions of Windows
#

---------------  S U M M A R Y ------------

Command Line: --add-opens=java.base/java.util=ALL-UNNAMED --add-opens=java.base/java.lang=ALL-UNNAMED --add-opens=java.base/java.lang.invoke=ALL-UNNAMED --add-opens=java.base/java.util=ALL-UNNAMED --add-opens=java.prefs/java.util.prefs=ALL-UNNAMED --add-opens=java.prefs/java.util.prefs=ALL-UNNAMED --add-opens=java.base/java.nio.charset=ALL-UNNAMED --add-opens=java.base/java.net=ALL-UNNAMED --add-opens=java.base/java.util.concurrent.atomic=ALL-UNNAMED -Xmx4096m -Dfile.encoding=UTF-8 -Duser.country=IN -Duser.language=en -Duser.variant org.gradle.launcher.daemon.bootstrap.GradleDaemon 7.0.2

Host: Intel(R) Core(TM) i3 CPU       M 370  @ 2.40GHz, 4 cores, 3G,  Windows 7 , 64 bit Build 7601 (6.1.7601.18015)
Time: Mon Jan  3 12:45:21 2022 Sri Lanka Standard Time elapsed time: 52.399364 seconds (0d 0h 0m 52s)

---------------  T H R E A D  ---------------

Current thread (0x0000000024659000):  JavaThread "C2 CompilerThread1" daemon [_thread_in_native, id=1600, stack(0x000000002e2d0000,0x000000002e3d0000)]


Current CompileTask:
C2:  52399 6761   !   4       com.sun.beans.TypeResolver::resolve (261 bytes)

Stack: [0x000000002e2d0000,0x000000002e3d0000]
Native frames: (J=compiled Java code, j=interpreted, Vv=VM code, C=native code)
V  [jvm.dll+0x5ecfaa]
V  [jvm.dll+0x722bd5]
V  [jvm.dll+0x72412d]
V  [jvm.dll+0x7247e3]
V  [jvm.dll+0x242928]
V  [jvm.dll+0xbc4fc]
V  [jvm.dll+0xbca0c]
V  [jvm.dll+0x4ea18d]
V  [jvm.dll+0x320b02]
V  [jvm.dll+0x31ffca]
V  [jvm.dll+0x1fb602]
V  [jvm.dll+0x1fa7f4]
V  [jvm.dll+0x18354c]
V  [jvm.dll+0x208ee7]
V  [jvm.dll+0x207731]
V  [jvm.dll+0x6eb1cf]
V  [jvm.dll+0x6e3d45]
V  [jvm.dll+0x5ebe96]
C  [ucrtbase.DLL+0x682dd]
C  [kernel32.dll+0x1652d]
C  [ntdll.dll+0x2c541]


---------------  P R O C E S S  ---------------

Threads class SMR info:
_java_thread_list=0x0000000026329ef0, length=43, elements={
0x00000000003df800, 0x000000002254b000, 0x0000000022555000, 0x0000000022566000,
0x0000000022569800, 0x000000002256a800, 0x0000000022573800, 0x0000000022575800,
0x000000002257a000, 0x0000000023394000, 0x000000002606e800, 0x0000000025157800,
0x0000000025360000, 0x0000000024f57800, 0x000000002635c000, 0x000000002775f800,
0x00000000266e1800, 0x000000002763e000, 0x0000000027a26000, 0x0000000027818800,
0x0000000027819000, 0x000000002781a000, 0x000000002781b000, 0x000000002781b800,
0x000000002781c800, 0x000000002781d800, 0x000000002781e000, 0x000000002781f000,
0x0000000027a27800, 0x0000000027a28000, 0x0000000027a2a000, 0x0000000027a2a800,
0x0000000027a2b800, 0x0000000027a2d000, 0x0000000027a2e000, 0x0000000025dbc800,
0x0000000025dbd000, 0x0000000025dbe000, 0x0000000025dbf000, 0x0000000025dbf800,
0x0000000025dc0800, 0x0000000025dc1000, 0x0000000024659000
}

Java Threads: ( => current thread )
  0x00000000003df800 JavaThread "main" [_thread_blocked, id=1264, stack(0x0000000002150000,0x0000000002250000)]
  0x000000002254b000 JavaThread "Reference Handler" daemon [_thread_blocked, id=328, stack(0x0000000022750000,0x0000000022850000)]
  0x0000000022555000 JavaThread "Finalizer" daemon [_thread_blocked, id=2908, stack(0x0000000022910000,0x0000000022a10000)]
  0x0000000022566000 JavaThread "Signal Dispatcher" daemon [_thread_blocked, id=3792, stack(0x0000000022a60000,0x0000000022b60000)]
  0x0000000022569800 JavaThread "Attach Listener" daemon [_thread_blocked, id=3452, stack(0x0000000022d30000,0x0000000022e30000)]
  0x000000002256a800 JavaThread "Service Thread" daemon [_thread_blocked, id=4784, stack(0x0000000022ee0000,0x0000000022fe0000)]
  0x0000000022573800 JavaThread "C2 CompilerThread0" daemon [_thread_in_native, id=1100, stack(0x0000000022bb0000,0x0000000022cb0000)]
  0x0000000022575800 JavaThread "C1 CompilerThread0" daemon [_thread_blocked, id=3820, stack(0x00000000230d0000,0x00000000231d0000)]
  0x000000002257a000 JavaThread "Sweeper thread" daemon [_thread_blocked, id=4320, stack(0x00000000231e0000,0x00000000232e0000)]
  0x0000000023394000 JavaThread "Common-Cleaner" daemon [_thread_blocked, id=1660, stack(0x0000000023880000,0x0000000023980000)]
  0x000000002606e800 JavaThread "Daemon health stats" [_thread_blocked, id=3904, stack(0x00000000236f0000,0x00000000237f0000)]
  0x0000000025157800 JavaThread "Incoming local TCP Connector on port 57124" [_thread_in_native, id=3712, stack(0x00000000283f0000,0x00000000284f0000)]
  0x0000000025360000 JavaThread "Daemon periodic checks" [_thread_blocked, id=5068, stack(0x0000000028570000,0x0000000028670000)]
  0x0000000024f57800 JavaThread "Daemon" [_thread_blocked, id=1800, stack(0x00000000282e0000,0x00000000283e0000)]
  0x000000002635c000 JavaThread "Handler for socket connection from /127.0.0.1:57124 to /127.0.0.1:57125" [_thread_in_native, id=976, stack(0x0000000028890000,0x0000000028990000)]
  0x000000002775f800 JavaThread "Cancel handler" [_thread_blocked, id=216, stack(0x0000000023ac0000,0x0000000023bc0000)]
  0x00000000266e1800 JavaThread "Daemon worker" [_thread_in_vm, id=3852, stack(0x0000000026dc0000,0x0000000026ec0000)]
  0x000000002763e000 JavaThread "Asynchronous log dispatcher for DefaultDaemonConnection: socket connection from /127.0.0.1:57124 to /127.0.0.1:57125" [_thread_blocked, id=3364, stack(0x0000000028a20000,0x0000000028b20000)]
  0x0000000027a26000 JavaThread "Stdin handler" [_thread_blocked, id=4084, stack(0x0000000028190000,0x0000000028290000)]
  0x0000000027818800 JavaThread "Daemon client event forwarder" [_thread_blocked, id=4116, stack(0x0000000028c00000,0x0000000028d00000)]
  0x0000000027819000 JavaThread "Cache worker for file hash cache (C:\Users\Dell\.gradle\caches\7.0.2\fileHashes)" [_thread_blocked, id=3432, stack(0x0000000029330000,0x0000000029430000)]
  0x000000002781a000 JavaThread "File lock request listener" [_thread_in_native, id=4244, stack(0x0000000029550000,0x0000000029650000)]
  0x000000002781b000 JavaThread "Cache worker for journal cache (C:\Users\Dell\.gradle\caches\journal-1)" [_thread_blocked, id=3184, stack(0x00000000298c0000,0x00000000299c0000)]
  0x000000002781b800 JavaThread "Cache worker for file hash cache (C:\Users\Dell\AndroidStudioProjects\NoteApp\.gradle\7.0.2\fileHashes)" [_thread_blocked, id=2092, stack(0x0000000029440000,0x0000000029540000)]
  0x000000002781c800 JavaThread "File watcher server" daemon [_thread_in_native, id=2616, stack(0x0000000029bd0000,0x0000000029cd0000)]
  0x000000002781d800 JavaThread "File watcher consumer" daemon [_thread_blocked, id=4744, stack(0x0000000025830000,0x0000000025930000)]
  0x000000002781e000 JavaThread "Cache worker for checksums cache (C:\Users\Dell\AndroidStudioProjects\NoteApp\.gradle\checksums)" [_thread_blocked, id=1960, stack(0x000000002a080000,0x000000002a180000)]
  0x000000002781f000 JavaThread "Cache worker for cache directory md-supplier (C:\Users\Dell\.gradle\caches\7.0.2\md-supplier)" [_thread_blocked, id=2172, stack(0x0000000029ed0000,0x0000000029fd0000)]
  0x0000000027a27800 JavaThread "Cache worker for cache directory md-rule (C:\Users\Dell\.gradle\caches\7.0.2\md-rule)" [_thread_blocked, id=4564, stack(0x000000002a260000,0x000000002a360000)]
  0x0000000027a28000 JavaThread "Cache worker for execution history cache (C:\Users\Dell\.gradle\caches\7.0.2\executionHistory)" [_thread_blocked, id=4548, stack(0x000000002a810000,0x000000002a910000)]
  0x0000000027a2a000 JavaThread "jar transforms" [_thread_blocked, id=3948, stack(0x000000002ae10000,0x000000002af10000)]
  0x0000000027a2a800 JavaThread "jar transforms Thread 2" [_thread_blocked, id=2716, stack(0x000000002c080000,0x000000002c180000)]
  0x0000000027a2b800 JavaThread "Cache worker for file content cache (C:\Users\Dell\.gradle\caches\7.0.2\fileContent)" [_thread_blocked, id=3428, stack(0x000000002c710000,0x000000002c810000)]
  0x0000000027a2d000 JavaThread "Cache worker for dependencies-accessors (C:\Users\Dell\AndroidStudioProjects\NoteApp\.gradle\7.0.2\dependencies-accessors)" [_thread_blocked, id=1936, stack(0x000000002c210000,0x000000002c310000)]
  0x0000000027a2e000 JavaThread "jar transforms Thread 3" [_thread_blocked, id=4472, stack(0x000000002cae0000,0x000000002cbe0000)]
  0x0000000025dbc800 JavaThread "Cache worker for Build Output Cleanup Cache (C:\Users\Dell\AndroidStudioProjects\NoteApp\.gradle\buildOutputCleanup)" [_thread_blocked, id=2080, stack(0x000000002bf20000,0x000000002c020000)]
  0x0000000025dbd000 JavaThread "Build operations" [_thread_blocked, id=2328, stack(0x000000002d120000,0x000000002d220000)]
  0x0000000025dbe000 JavaThread "Build operations Thread 2" [_thread_blocked, id=4704, stack(0x000000002d350000,0x000000002d450000)]
  0x0000000025dbf000 JavaThread "Build operations Thread 3" [_thread_blocked, id=4012, stack(0x000000002d4c0000,0x000000002d5c0000)]
  0x0000000025dbf800 JavaThread "Build operations Thread 4" [_thread_blocked, id=4520, stack(0x000000002d6b0000,0x000000002d7b0000)]
  0x0000000025dc0800 JavaThread "jar transforms Thread 4" [_thread_blocked, id=4108, stack(0x000000002cfe0000,0x000000002d0e0000)]
  0x0000000025dc1000 JavaThread "Memory manager" [_thread_blocked, id=4124, stack(0x000000002e630000,0x000000002e730000)]
=>0x0000000024659000 JavaThread "C2 CompilerThread1" daemon [_thread_in_native, id=1600, stack(0x000000002e2d0000,0x000000002e3d0000)]

Other Threads:
  0x0000000022505000 VMThread "VM Thread" [stack: 0x0000000022610000,0x0000000022710000] [id=4328]
  0x0000000023397000 WatcherThread [stack: 0x00000000239b0000,0x0000000023ab0000] [id=3648]
  0x00000000003f7800 GCTaskThread "GC Thread#0" [stack: 0x0000000015330000,0x0000000015430000] [id=4100]
  0x0000000023f81000 GCTaskThread "GC Thread#1" [stack: 0x00000000254f0000,0x00000000255f0000] [id=2192]
  0x0000000027a26800 GCTaskThread "GC Thread#2" [stack: 0x0000000028d20000,0x0000000028e20000] [id=2412]
  0x0000000025268000 GCTaskThread "GC Thread#3" [stack: 0x0000000028f00000,0x0000000029000000] [id=3972]
  0x0000000000452800 ConcurrentGCThread "G1 Main Marker" [stack: 0x000000001f220000,0x000000001f320000] [id=2084]
  0x0000000000454000 ConcurrentGCThread "G1 Conc#0" [stack: 0x000000001f3f0000,0x000000001f4f0000] [id=3560]
  0x000000002164f000 ConcurrentGCThread "G1 Refine#0" [stack: 0x0000000021b10000,0x0000000021c10000] [id=1424]
  0x0000000021650000 ConcurrentGCThread "G1 Young RemSet Sampling" [stack: 0x00000000219f0000,0x0000000021af0000] [id=896]

Threads with active compile tasks:
C2 CompilerThread0  52589 6769       4       com.sun.beans.TypeResolver::resolve (37 bytes)
C2 CompilerThread1  52589 6761   !   4       com.sun.beans.TypeResolver::resolve (261 bytes)

VM state:not at safepoint (normal execution)

VM Mutex/Monitor currently owned by a thread: None

Heap address: 0x0000000700000000, size: 4096 MB, Compressed Oops mode: Zero based, Oop shift amount: 3
Narrow klass base: 0x0000000800000000, Narrow klass shift: 0
Compressed class space size: 1073741824 Address: 0x0000000800000000

Heap:
 garbage-first heap   total 93184K, used 70619K [0x0000000700000000, 0x0000000800000000)
  region size 1024K, 13 young (13312K), 3 survivors (3072K)
 Metaspace       used 66220K, capacity 67820K, committed 67916K, reserved 1107968K
  class space    used 8374K, capacity 8988K, committed 9036K, reserved 1048576K
Heap Regions: E=young(eden), S=young(survivor), O=old, HS=humongous(starts), HC=humongous(continues), CS=collection set, F=free, A=archive, TAMS=top-at-mark-start (previous, next)
|   0|0x0000000700000000, 0x0000000700100000, 0x0000000700100000|100%| O|  |TAMS 0x0000000700100000, 0x0000000700000000| Untracked 
|   1|0x0000000700100000, 0x0000000700200000, 0x0000000700200000|100%| O|  |TAMS 0x0000000700200000, 0x0000000700100000| Untracked 
|   2|0x0000000700200000, 0x0000000700300000, 0x0000000700300000|100%| O|  |TAMS 0x0000000700300000, 0x0000000700200000| Untracked 
|   3|0x0000000700300000, 0x0000000700400000, 0x0000000700400000|100%|HS|  |TAMS 0x0000000700400000, 0x0000000700300000| Complete 
|   4|0x0000000700400000, 0x0000000700500000, 0x0000000700500000|100%|HC|  |TAMS 0x0000000700500000, 0x0000000700400000| Complete 
|   5|0x0000000700500000, 0x0000000700600000, 0x0000000700600000|100%|HC|  |TAMS 0x0000000700600000, 0x0000000700500000| Complete 
|   6|0x0000000700600000, 0x0000000700700000, 0x0000000700700000|100%| O|  |TAMS 0x0000000700700000, 0x0000000700600000| Untracked 
|   7|0x0000000700700000, 0x0000000700800000, 0x0000000700800000|100%| O|  |TAMS 0x0000000700800000, 0x0000000700700000| Untracked 
|   8|0x0000000700800000, 0x0000000700900000, 0x0000000700900000|100%| O|  |TAMS 0x0000000700900000, 0x0000000700800000| Untracked 
|   9|0x0000000700900000, 0x0000000700a00000, 0x0000000700a00000|100%| O|  |TAMS 0x0000000700a00000, 0x0000000700900000| Untracked 
|  10|0x0000000700a00000, 0x0000000700b00000, 0x0000000700b00000|100%| O|  |TAMS 0x0000000700b00000, 0x0000000700a00000| Untracked 
|  11|0x0000000700b00000, 0x0000000700c00000, 0x0000000700c00000|100%| O|  |TAMS 0x0000000700c00000, 0x0000000700b00000| Untracked 
|  12|0x0000000700c00000, 0x0000000700d00000, 0x0000000700d00000|100%| O|  |TAMS 0x0000000700d00000, 0x0000000700c00000| Untracked 
|  13|0x0000000700d00000, 0x0000000700e00000, 0x0000000700e00000|100%| O|  |TAMS 0x0000000700e00000, 0x0000000700d00000| Untracked 
|  14|0x0000000700e00000, 0x0000000700f00000, 0x0000000700f00000|100%| O|  |TAMS 0x0000000700f00000, 0x0000000700e00000| Untracked 
|  15|0x0000000700f00000, 0x0000000701000000, 0x0000000701000000|100%| O|  |TAMS 0x0000000701000000, 0x0000000700f00000| Untracked 
|  16|0x0000000701000000, 0x0000000701100000, 0x0000000701100000|100%| O|  |TAMS 0x0000000701100000, 0x0000000701000000| Untracked 
|  17|0x0000000701100000, 0x0000000701200000, 0x0000000701200000|100%| O|  |TAMS 0x0000000701200000, 0x0000000701100000| Untracked 
|  18|0x0000000701200000, 0x0000000701300000, 0x0000000701300000|100%| O|  |TAMS 0x0000000701300000, 0x0000000701200000| Untracked 
|  19|0x0000000701300000, 0x0000000701400000, 0x0000000701400000|100%| O|  |TAMS 0x0000000701400000, 0x0000000701300000| Untracked 
|  20|0x0000000701400000, 0x0000000701500000, 0x0000000701500000|100%| O|  |TAMS 0x0000000701500000, 0x0000000701400000| Untracked 
|  21|0x0000000701500000, 0x0000000701600000, 0x0000000701600000|100%| O|  |TAMS 0x0000000701600000, 0x0000000701500000| Untracked 
|  22|0x0000000701600000, 0x0000000701700000, 0x0000000701700000|100%| O|  |TAMS 0x0000000701700000, 0x0000000701600000| Untracked 
|  23|0x0000000701700000, 0x0000000701800000, 0x0000000701800000|100%| O|  |TAMS 0x0000000701800000, 0x0000000701700000| Untracked 
|  24|0x0000000701800000, 0x0000000701900000, 0x0000000701900000|100%| O|  |TAMS 0x0000000701900000, 0x0000000701800000| Untracked 
|  25|0x0000000701900000, 0x0000000701a00000, 0x0000000701a00000|100%| O|  |TAMS 0x0000000701a00000, 0x0000000701900000| Untracked 
|  26|0x0000000701a00000, 0x0000000701b00000, 0x0000000701b00000|100%| O|  |TAMS 0x0000000701b00000, 0x0000000701a00000| Untracked 
|  27|0x0000000701b00000, 0x0000000701c00000, 0x0000000701c00000|100%| O|  |TAMS 0x0000000701c00000, 0x0000000701b00000| Untracked 
|  28|0x0000000701c00000, 0x0000000701d00000, 0x0000000701d00000|100%|HS|  |TAMS 0x0000000701d00000, 0x0000000701c00000| Complete 
|  29|0x0000000701d00000, 0x0000000701e00000, 0x0000000701e00000|100%|HS|  |TAMS 0x0000000701e00000, 0x0000000701d00000| Complete 
|  30|0x0000000701e00000, 0x0000000701f00000, 0x0000000701f00000|100%|HS|  |TAMS 0x0000000701f00000, 0x0000000701e00000| Complete 
|  31|0x0000000701f00000, 0x0000000702000000, 0x0000000702000000|100%|HS|  |TAMS 0x0000000702000000, 0x0000000701f00000| Complete 
|  32|0x0000000702000000, 0x0000000702100000, 0x0000000702100000|100%|HC|  |TAMS 0x0000000702100000, 0x0000000702000000| Complete 
|  33|0x0000000702100000, 0x0000000702200000, 0x0000000702200000|100%|HC|  |TAMS 0x0000000702200000, 0x0000000702100000| Complete 
|  34|0x0000000702200000, 0x0000000702300000, 0x0000000702300000|100%|HS|  |TAMS 0x0000000702300000, 0x0000000702200000| Complete 
|  35|0x0000000702300000, 0x0000000702400000, 0x0000000702400000|100%|HC|  |TAMS 0x0000000702400000, 0x0000000702300000| Complete 
|  36|0x0000000702400000, 0x0000000702500000, 0x0000000702500000|100%| O|  |TAMS 0x0000000702500000, 0x0000000702400000| Untracked 
|  37|0x0000000702500000, 0x0000000702600000, 0x0000000702600000|100%| O|  |TAMS 0x0000000702600000, 0x0000000702500000| Untracked 
|  38|0x0000000702600000, 0x0000000702700000, 0x0000000702700000|100%| O|  |TAMS 0x0000000702700000, 0x0000000702600000| Untracked 
|  39|0x0000000702700000, 0x0000000702800000, 0x0000000702800000|100%| O|  |TAMS 0x0000000702800000, 0x0000000702700000| Untracked 
|  40|0x0000000702800000, 0x0000000702900000, 0x0000000702900000|100%| O|  |TAMS 0x0000000702900000, 0x0000000702800000| Untracked 
|  41|0x0000000702900000, 0x0000000702a00000, 0x0000000702a00000|100%| O|  |TAMS 0x0000000702a00000, 0x0000000702900000| Untracked 
|  42|0x0000000702a00000, 0x0000000702b00000, 0x0000000702b00000|100%| O|  |TAMS 0x0000000702b00000, 0x0000000702a00000| Untracked 
|  43|0x0000000702b00000, 0x0000000702c00000, 0x0000000702c00000|100%| O|  |TAMS 0x0000000702c00000, 0x0000000702b00000| Untracked 
|  44|0x0000000702c00000, 0x0000000702d00000, 0x0000000702d00000|100%| O|  |TAMS 0x0000000702d00000, 0x0000000702c00000| Untracked 
|  45|0x0000000702d00000, 0x0000000702e00000, 0x0000000702e00000|100%| O|  |TAMS 0x0000000702e00000, 0x0000000702d00000| Untracked 
|  46|0x0000000702e00000, 0x0000000702f00000, 0x0000000702f00000|100%| O|  |TAMS 0x0000000702f00000, 0x0000000702e00000| Untracked 
|  47|0x0000000702f00000, 0x0000000703000000, 0x0000000703000000|100%| O|  |TAMS 0x0000000703000000, 0x0000000702f00000| Untracked 
|  48|0x0000000703000000, 0x0000000703100000, 0x0000000703100000|100%| O|  |TAMS 0x0000000703100000, 0x0000000703000000| Untracked 
|  49|0x0000000703100000, 0x0000000703200000, 0x0000000703200000|100%| O|  |TAMS 0x0000000703200000, 0x0000000703100000| Untracked 
|  50|0x0000000703200000, 0x0000000703300000, 0x0000000703300000|100%| O|  |TAMS 0x0000000703300000, 0x0000000703200000| Untracked 
|  51|0x0000000703300000, 0x0000000703400000, 0x0000000703400000|100%| O|  |TAMS 0x0000000703400000, 0x0000000703300000| Untracked 
|  52|0x0000000703400000, 0x0000000703500000, 0x0000000703500000|100%| O|  |TAMS 0x0000000703500000, 0x0000000703400000| Untracked 
|  53|0x0000000703500000, 0x0000000703600000, 0x0000000703600000|100%| O|  |TAMS 0x00000007035dd200, 0x0000000703500000| Untracked 
|  54|0x0000000703600000, 0x0000000703700000, 0x0000000703700000|100%| O|  |TAMS 0x0000000703700000, 0x0000000703600000| Untracked 
|  55|0x0000000703700000, 0x00000007037f6c00, 0x0000000703800000| 96%| O|  |TAMS 0x0000000703700000, 0x0000000703700000| Untracked 
|  56|0x0000000703800000, 0x0000000703800000, 0x0000000703900000|  0%| F|  |TAMS 0x0000000703800000, 0x0000000703800000| Untracked 
|  57|0x0000000703900000, 0x0000000703900000, 0x0000000703a00000|  0%| F|  |TAMS 0x0000000703900000, 0x0000000703900000| Untracked 
|  58|0x0000000703a00000, 0x0000000703a00000, 0x0000000703b00000|  0%| F|  |TAMS 0x0000000703a00000, 0x0000000703a00000| Untracked 
|  59|0x0000000703b00000, 0x0000000703b00000, 0x0000000703c00000|  0%| F|  |TAMS 0x0000000703b00000, 0x0000000703b00000| Untracked 
|  60|0x0000000703c00000, 0x0000000703c00000, 0x0000000703d00000|  0%| F|  |TAMS 0x0000000703c00000, 0x0000000703c00000| Untracked 
|  61|0x0000000703d00000, 0x0000000703d00000, 0x0000000703e00000|  0%| F|  |TAMS 0x0000000703d00000, 0x0000000703d00000| Untracked 
|  62|0x0000000703e00000, 0x0000000703e00000, 0x0000000703f00000|  0%| F|  |TAMS 0x0000000703e00000, 0x0000000703e00000| Untracked 
|  63|0x0000000703f00000, 0x0000000703f00000, 0x0000000704000000|  0%| F|  |TAMS 0x0000000703f00000, 0x0000000703f00000| Untracked 
|  64|0x0000000704000000, 0x0000000704000000, 0x0000000704100000|  0%| F|  |TAMS 0x0000000704000000, 0x0000000704000000| Untracked 
|  65|0x0000000704100000, 0x0000000704100000, 0x0000000704200000|  0%| F|  |TAMS 0x0000000704100000, 0x0000000704100000| Untracked 
|  66|0x0000000704200000, 0x0000000704200000, 0x0000000704300000|  0%| F|  |TAMS 0x0000000704200000, 0x0000000704200000| Untracked 
|  67|0x0000000704300000, 0x0000000704400000, 0x0000000704400000|100%| S|CS|TAMS 0x0000000704300000, 0x0000000704300000| Complete 
|  68|0x0000000704400000, 0x0000000704400000, 0x0000000704500000|  0%| F|  |TAMS 0x0000000704400000, 0x0000000704400000| Untracked 
|  69|0x0000000704500000, 0x0000000704500000, 0x0000000704600000|  0%| F|  |TAMS 0x0000000704500000, 0x0000000704500000| Untracked 
|  70|0x0000000704600000, 0x0000000704700000, 0x0000000704700000|100%| S|CS|TAMS 0x0000000704600000, 0x0000000704600000| Complete 
|  71|0x0000000704700000, 0x0000000704800000, 0x0000000704800000|100%| S|CS|TAMS 0x0000000704700000, 0x0000000704700000| Complete 
|  72|0x0000000704800000, 0x0000000704800000, 0x0000000704900000|  0%| F|  |TAMS 0x0000000704800000, 0x0000000704800000| Untracked 
|  73|0x0000000704900000, 0x0000000704900000, 0x0000000704a00000|  0%| F|  |TAMS 0x0000000704900000, 0x0000000704900000| Untracked 
|  74|0x0000000704a00000, 0x0000000704a00000, 0x0000000704b00000|  0%| F|  |TAMS 0x0000000704a00000, 0x0000000704a00000| Untracked 
|  75|0x0000000704b00000, 0x0000000704b00000, 0x0000000704c00000|  0%| F|  |TAMS 0x0000000704b00000, 0x0000000704b00000| Untracked 
|  76|0x0000000704c00000, 0x0000000704c00000, 0x0000000704d00000|  0%| F|  |TAMS 0x0000000704c00000, 0x0000000704c00000| Untracked 
|  77|0x0000000704d00000, 0x0000000704d00000, 0x0000000704e00000|  0%| F|  |TAMS 0x0000000704d00000, 0x0000000704d00000| Untracked 
|  78|0x0000000704e00000, 0x0000000704e00000, 0x0000000704f00000|  0%| F|  |TAMS 0x0000000704e00000, 0x0000000704e00000| Untracked 
|  79|0x0000000704f00000, 0x0000000704f00000, 0x0000000705000000|  0%| F|  |TAMS 0x0000000704f00000, 0x0000000704f00000| Untracked 
|  80|0x0000000705000000, 0x00000007050f0230, 0x0000000705100000| 93%| E|  |TAMS 0x0000000705000000, 0x0000000705000000| Complete 
|  81|0x0000000705100000, 0x0000000705200000, 0x0000000705200000|100%| E|CS|TAMS 0x0000000705100000, 0x0000000705100000| Complete 
|  82|0x0000000705200000, 0x0000000705300000, 0x0000000705300000|100%| E|CS|TAMS 0x0000000705200000, 0x0000000705200000| Complete 
|  83|0x0000000705300000, 0x0000000705400000, 0x0000000705400000|100%| E|CS|TAMS 0x0000000705300000, 0x0000000705300000| Complete 
|  84|0x0000000705400000, 0x0000000705500000, 0x0000000705500000|100%| E|CS|TAMS 0x0000000705400000, 0x0000000705400000| Complete 
|  85|0x0000000705500000, 0x0000000705600000, 0x0000000705600000|100%| E|CS|TAMS 0x0000000705500000, 0x0000000705500000| Complete 
|  86|0x0000000705600000, 0x0000000705700000, 0x0000000705700000|100%| E|CS|TAMS 0x0000000705600000, 0x0000000705600000| Complete 
|  87|0x0000000705700000, 0x0000000705800000, 0x0000000705800000|100%| E|CS|TAMS 0x0000000705700000, 0x0000000705700000| Complete 
|  88|0x0000000705800000, 0x0000000705900000, 0x0000000705900000|100%| E|CS|TAMS 0x0000000705800000, 0x0000000705800000| Complete 
|  89|0x0000000705900000, 0x0000000705a00000, 0x0000000705a00000|100%| E|CS|TAMS 0x0000000705900000, 0x0000000705900000| Complete 
|  90|0x0000000705a00000, 0x0000000705b00000, 0x0000000705b00000|100%| O|  |TAMS 0x0000000705b00000, 0x0000000705a00000| Untracked 

Card table byte_map: [0x0000000016070000,0x0000000016870000] _byte_map_base: 0x0000000012870000

Marking Bits (Prev, Next): (CMBitMap*) 0x0000000000442040, (CMBitMap*) 0x0000000000442008
 Prev Bits: [0x000000001b070000, 0x000000001f070000)
 Next Bits: [0x0000000017070000, 0x000000001b070000)

Polling page: 0x0000000000340000

Metaspace:

Usage:
  Non-class:     57.45 MB capacity,    56.49 MB ( 98%) used,   818.91 KB (  1%) free+waste,   167.56 KB ( <1%) overhead. 
      Class:      8.78 MB capacity,     8.18 MB ( 93%) used,   535.77 KB (  6%) free+waste,    77.63 KB ( <1%) overhead. 
       Both:     66.23 MB capacity,    64.67 MB ( 98%) used,     1.32 MB (  2%) free+waste,   245.19 KB ( <1%) overhead. 

Virtual space:
  Non-class space:       58.00 MB reserved,      57.50 MB (>99%) committed 
      Class space:        1.00 GB reserved,       8.82 MB ( <1%) committed 
             Both:        1.06 GB reserved,      66.32 MB (  6%) committed 

Chunk freelists:
   Non-Class:  48.00 KB
       Class:  4.00 KB
        Both:  52.00 KB

MaxMetaspaceSize: 17179869184.00 GB
CompressedClassSpaceSize: 1.00 GB

CodeHeap 'non-profiled nmethods': size=120064Kb used=3917Kb max_used=3917Kb free=116146Kb
 bounds [0x000000000dc30000, 0x000000000e010000, 0x0000000015170000]
CodeHeap 'profiled nmethods': size=120000Kb used=14850Kb max_used=14850Kb free=105149Kb
 bounds [0x0000000006700000, 0x0000000007590000, 0x000000000dc30000]
CodeHeap 'non-nmethods': size=5696Kb used=2262Kb max_used=2303Kb free=3433Kb
 bounds [0x0000000006170000, 0x00000000063e0000, 0x0000000006700000]
 total_blobs=7624 nmethods=6772 adapters=764
 compilation: enabled
              stopped_count=0, restarted_count=0
 full_count=0

Compilation events (20 events):
Event: 52.153 Thread 0x0000000022573800 nmethod 6767 0x000000000e001c10 code [0x000000000e001e40, 0x000000000e0028e0]
Event: 52.153 Thread 0x0000000022573800 6770       4       java.util.Hashtable$Enumerator::hasMoreElements (53 bytes)
Event: 52.159 Thread 0x0000000022573800 nmethod 6770 0x000000000e003010 code [0x000000000e0031a0, 0x000000000e0033d8]
Event: 52.159 Thread 0x0000000022573800 6769       4       com.sun.beans.TypeResolver::resolve (37 bytes)
Event: 52.226 Thread 0x0000000022575800 6776       3       java.util.LinkedList::linkFirst (59 bytes)
Event: 52.227 Thread 0x0000000022575800 nmethod 6776 0x000000000757d310 code [0x000000000757d4e0, 0x000000000757d978]
Event: 52.238 Thread 0x0000000022575800 6778       3       java.util.stream.Nodes$SpinedNodeBuilder::asArray (29 bytes)
Event: 52.239 Thread 0x0000000022575800 nmethod 6778 0x000000000757db10 code [0x000000000757dcc0, 0x000000000757de08]
Event: 52.239 Thread 0x0000000022575800 6781       3       java.util.stream.SpinedBuffer::copyInto (129 bytes)
Event: 52.240 Thread 0x0000000022575800 nmethod 6781 0x000000000757de90 code [0x000000000757e0e0, 0x000000000757eb98]
Event: 52.240 Thread 0x0000000022575800 6779       3       java.util.stream.SpinedBuffer::asArray (46 bytes)
Event: 52.241 Thread 0x0000000022575800 nmethod 6779 0x000000000757ee90 code [0x000000000757f0a0, 0x000000000757f6e8]
Event: 52.241 Thread 0x0000000022575800 6780       3       java.util.stream.Nodes$SpinedNodeBuilder::copyInto (30 bytes)
Event: 52.241 Thread 0x0000000022575800 nmethod 6780 0x000000000757f890 code [0x000000000757fa40, 0x000000000757fb88]
Event: 52.241 Thread 0x0000000022575800 6782       1       org.codehaus.groovy.runtime.callsite.AbstractCallSite::getArray (5 bytes)
Event: 52.241 Thread 0x0000000022575800 nmethod 6782 0x000000000e003490 code [0x000000000e003640, 0x000000000e0036f8]
Event: 52.382 Thread 0x0000000022575800 6784       3       com.sun.beans.util.Cache::index (7 bytes)
Event: 52.383 Thread 0x0000000022575800 nmethod 6784 0x000000000757fc10 code [0x000000000757fdc0, 0x000000000757feb8]
Event: 52.383 Thread 0x0000000022575800 6783       3       com.sun.beans.util.Cache$Kind$Soft::isStale (14 bytes)
Event: 52.383 Thread 0x0000000022575800 nmethod 6783 0x000000000757ff90 code [0x0000000007580160, 0x0000000007580478]

GC Heap History (20 events):
Event: 35.099 GC heap before
{Heap before GC invocations=17 (full 0):
 garbage-first heap   total 92160K, used 68325K [0x0000000700000000, 0x0000000800000000)
  region size 1024K, 42 young (43008K), 4 survivors (4096K)
 Metaspace       used 47205K, capacity 48415K, committed 48460K, reserved 1091584K
  class space    used 6014K, capacity 6460K, committed 6476K, reserved 1048576K
}
Event: 35.121 GC heap after
{Heap after GC invocations=18 (full 0):
 garbage-first heap   total 92160K, used 34423K [0x0000000700000000, 0x0000000800000000)
  region size 1024K, 6 young (6144K), 6 survivors (6144K)
 Metaspace       used 47205K, capacity 48415K, committed 48460K, reserved 1091584K
  class space    used 6014K, capacity 6460K, committed 6476K, reserved 1048576K
}
Event: 42.601 GC heap before
{Heap before GC invocations=18 (full 0):
 garbage-first heap   total 92160K, used 79479K [0x0000000700000000, 0x0000000800000000)
  region size 1024K, 42 young (43008K), 6 survivors (6144K)
 Metaspace       used 49985K, capacity 51356K, committed 51532K, reserved 1093632K
  class space    used 6351K, capacity 6870K, committed 6988K, reserved 1048576K
}
Event: 42.623 GC heap after
{Heap after GC invocations=19 (full 0):
 garbage-first heap   total 93184K, used 50084K [0x0000000700000000, 0x0000000800000000)
  region size 1024K, 6 young (6144K), 6 survivors (6144K)
 Metaspace       used 49985K, capacity 51356K, committed 51532K, reserved 1093632K
  class space    used 6351K, capacity 6870K, committed 6988K, reserved 1048576K
}
Event: 43.797 GC heap before
{Heap before GC invocations=19 (full 0):
 garbage-first heap   total 93184K, used 74660K [0x0000000700000000, 0x0000000800000000)
  region size 1024K, 30 young (30720K), 6 survivors (6144K)
 Metaspace       used 53336K, capacity 54660K, committed 54732K, reserved 1097728K
  class space    used 6796K, capacity 7309K, committed 7372K, reserved 1048576K
}
Event: 43.825 GC heap after
{Heap after GC invocations=20 (full 0):
 garbage-first heap   total 93184K, used 52755K [0x0000000700000000, 0x0000000800000000)
  region size 1024K, 2 young (2048K), 2 survivors (2048K)
 Metaspace       used 53336K, capacity 54660K, committed 54732K, reserved 1097728K
  class space    used 6796K, capacity 7309K, committed 7372K, reserved 1048576K
}
Event: 45.871 GC heap before
{Heap before GC invocations=21 (full 0):
 garbage-first heap   total 93184K, used 75283K [0x0000000700000000, 0x0000000800000000)
  region size 1024K, 25 young (25600K), 2 survivors (2048K)
 Metaspace       used 56635K, capacity 58102K, committed 58188K, reserved 1099776K
  class space    used 7186K, capacity 7727K, committed 7756K, reserved 1048576K
}
Event: 45.880 GC heap after
{Heap after GC invocations=22 (full 0):
 garbage-first heap   total 93184K, used 52845K [0x0000000700000000, 0x0000000800000000)
  region size 1024K, 2 young (2048K), 2 survivors (2048K)
 Metaspace       used 56635K, capacity 58102K, committed 58188K, reserved 1099776K
  class space    used 7186K, capacity 7727K, committed 7756K, reserved 1048576K
}
Event: 46.977 GC heap before
{Heap before GC invocations=22 (full 0):
 garbage-first heap   total 93184K, used 75373K [0x0000000700000000, 0x0000000800000000)
  region size 1024K, 25 young (25600K), 2 survivors (2048K)
 Metaspace       used 59749K, capacity 61360K, committed 61516K, reserved 1101824K
  class space    used 7551K, capacity 8131K, committed 8268K, reserved 1048576K
}
Event: 46.991 GC heap after
{Heap after GC invocations=23 (full 0):
 garbage-first heap   total 93184K, used 55582K [0x0000000700000000, 0x0000000800000000)
  region size 1024K, 4 young (4096K), 4 survivors (4096K)
 Metaspace       used 59749K, capacity 61360K, committed 61516K, reserved 1101824K
  class space    used 7551K, capacity 8131K, committed 8268K, reserved 1048576K
}
Event: 48.290 GC heap before
{Heap before GC invocations=24 (full 0):
 garbage-first heap   total 93184K, used 76062K [0x0000000700000000, 0x0000000800000000)
  region size 1024K, 24 young (24576K), 4 survivors (4096K)
 Metaspace       used 61780K, capacity 63361K, committed 63564K, reserved 1103872K
  class space    used 7810K, capacity 8427K, committed 8524K, reserved 1048576K
}
Event: 48.305 GC heap after
{Heap after GC invocations=25 (full 0):
 garbage-first heap   total 93184K, used 57582K [0x0000000700000000, 0x0000000800000000)
  region size 1024K, 2 young (2048K), 2 survivors (2048K)
 Metaspace       used 61780K, capacity 63361K, committed 63564K, reserved 1103872K
  class space    used 7810K, capacity 8427K, committed 8524K, reserved 1048576K
}
Event: 48.711 GC heap before
{Heap before GC invocations=25 (full 0):
 garbage-first heap   total 93184K, used 65774K [0x0000000700000000, 0x0000000800000000)
  region size 1024K, 12 young (12288K), 2 survivors (2048K)
 Metaspace       used 62715K, capacity 64258K, committed 64460K, reserved 1105920K
  class space    used 7935K, capacity 8533K, committed 8652K, reserved 1048576K
}
Event: 48.725 GC heap after
{Heap after GC invocations=26 (full 0):
 garbage-first heap   total 93184K, used 58086K [0x0000000700000000, 0x0000000800000000)
  region size 1024K, 1 young (1024K), 1 survivors (1024K)
 Metaspace       used 62715K, capacity 64258K, committed 64460K, reserved 1105920K
  class space    used 7935K, capacity 8533K, committed 8652K, reserved 1048576K
}
Event: 49.884 GC heap before
{Heap before GC invocations=27 (full 0):
 garbage-first heap   total 93184K, used 76518K [0x0000000700000000, 0x0000000800000000)
  region size 1024K, 18 young (18432K), 1 survivors (1024K)
 Metaspace       used 64384K, capacity 66022K, committed 66124K, reserved 1105920K
  class space    used 8162K, capacity 8755K, committed 8780K, reserved 1048576K
}
Event: 49.899 GC heap after
{Heap after GC invocations=28 (full 0):
 garbage-first heap   total 93184K, used 58361K [0x0000000700000000, 0x0000000800000000)
  region size 1024K, 2 young (2048K), 2 survivors (2048K)
 Metaspace       used 64384K, capacity 66022K, committed 66124K, reserved 1105920K
  class space    used 8162K, capacity 8755K, committed 8780K, reserved 1048576K
}
Event: 51.508 GC heap before
{Heap before GC invocations=28 (full 0):
 garbage-first heap   total 93184K, used 74745K [0x0000000700000000, 0x0000000800000000)
  region size 1024K, 19 young (19456K), 2 survivors (2048K)
 Metaspace       used 65752K, capacity 67346K, committed 67660K, reserved 1107968K
  class space    used 8315K, capacity 8916K, committed 9036K, reserved 1048576K
}
Event: 51.521 GC heap after
{Heap after GC invocations=29 (full 0):
 garbage-first heap   total 93184K, used 59357K [0x0000000700000000, 0x0000000800000000)
  region size 1024K, 3 young (3072K), 3 survivors (3072K)
 Metaspace       used 65752K, capacity 67346K, committed 67660K, reserved 1107968K
  class space    used 8315K, capacity 8916K, committed 9036K, reserved 1048576K
}
Event: 52.065 GC heap before
{Heap before GC invocations=30 (full 0):
 garbage-first heap   total 93184K, used 76765K [0x0000000700000000, 0x0000000800000000)
  region size 1024K, 20 young (20480K), 3 survivors (3072K)
 Metaspace       used 66037K, capacity 67692K, committed 67916K, reserved 1107968K
  class space    used 8367K, capacity 8988K, committed 9036K, reserved 1048576K
}
Event: 52.083 GC heap after
{Heap after GC invocations=31 (full 0):
 garbage-first heap   total 93184K, used 61403K [0x0000000700000000, 0x0000000800000000)
  region size 1024K, 3 young (3072K), 3 survivors (3072K)
 Metaspace       used 66037K, capacity 67692K, committed 67916K, reserved 1107968K
  class space    used 8367K, capacity 8988K, committed 9036K, reserved 1048576K
}

Deoptimization events (20 events):
Event: 50.707 Thread 0x00000000266e1800 Uncommon trap: trap_request=0xffffff4d fr.pc=0x000000000dd6ced0 relative=0x00000000000052d0
Event: 50.707 Thread 0x00000000266e1800 Uncommon trap: reason=unstable_if action=reinterpret pc=0x000000000dd6ced0 method=sun.net.www.protocol.jar.Handler.parseURL(Ljava/net/URL;Ljava/lang/String;II)V @ 116 c2
Event: 50.707 Thread 0x00000000266e1800 DEOPT PACKING pc=0x000000000dd6ced0 sp=0x0000000026eb8380
Event: 50.707 Thread 0x00000000266e1800 DEOPT UNPACKING pc=0x0000000006196d29 sp=0x0000000026eb8278 mode 2
Event: 51.250 Thread 0x00000000266e1800 Uncommon trap: trap_request=0xffffff4d fr.pc=0x000000000df37a58 relative=0x00000000000015d8
Event: 51.250 Thread 0x00000000266e1800 Uncommon trap: reason=unstable_if action=reinterpret pc=0x000000000df37a58 method=java.util.concurrent.ConcurrentHashMap.putVal(Ljava/lang/Object;Ljava/lang/Object;Z)Ljava/lang/Object; @ 245 c2
Event: 51.250 Thread 0x00000000266e1800 DEOPT PACKING pc=0x000000000df37a58 sp=0x0000000026eb7660
Event: 51.250 Thread 0x00000000266e1800 DEOPT UNPACKING pc=0x0000000006196d29 sp=0x0000000026eb75d8 mode 2
Event: 51.938 Thread 0x00000000266e1800 Uncommon trap: trap_request=0xffffff4d fr.pc=0x000000000ddbec9c relative=0x000000000000035c
Event: 51.938 Thread 0x00000000266e1800 Uncommon trap: reason=unstable_if action=reinterpret pc=0x000000000ddbec9c method=java.util.StringJoiner.add(Ljava/lang/CharSequence;)Ljava/util/StringJoiner; @ 33 c2
Event: 51.938 Thread 0x00000000266e1800 DEOPT PACKING pc=0x000000000ddbec9c sp=0x0000000026eb6110
Event: 51.938 Thread 0x00000000266e1800 DEOPT UNPACKING pc=0x0000000006196d29 sp=0x0000000026eb60c0 mode 2
Event: 51.960 Thread 0x00000000266e1800 Uncommon trap: trap_request=0xffffff4d fr.pc=0x000000000dff4bcc relative=0x00000000000006cc
Event: 51.960 Thread 0x00000000266e1800 Uncommon trap: reason=unstable_if action=reinterpret pc=0x000000000dff4bcc method=groovy.lang.MetaClassImpl.filterPropertyMethod(Ljava/lang/Object;ZZ)Ljava/lang/Object; @ 60 c2
Event: 51.960 Thread 0x00000000266e1800 DEOPT PACKING pc=0x000000000dff4bcc sp=0x0000000026eb8650
Event: 51.960 Thread 0x00000000266e1800 DEOPT UNPACKING pc=0x0000000006196d29 sp=0x0000000026eb85c8 mode 2
Event: 52.126 Thread 0x00000000266e1800 Uncommon trap: trap_request=0xfffffff4 fr.pc=0x000000000dfff3a0 relative=0x0000000000000900
Event: 52.126 Thread 0x00000000266e1800 Uncommon trap: reason=null_check action=make_not_entrant pc=0x000000000dfff3a0 method=com.sun.beans.introspect.MethodInfo$MethodOrder.compare(Ljava/lang/reflect/Method;Ljava/lang/reflect/Method;)I @ 133 c2
Event: 52.126 Thread 0x00000000266e1800 DEOPT PACKING pc=0x000000000dfff3a0 sp=0x0000000026eb2f80
Event: 52.126 Thread 0x00000000266e1800 DEOPT UNPACKING pc=0x0000000006196d29 sp=0x0000000026eb2eb0 mode 2

Classes redefined (0 events):
No events

Internal exceptions (20 events):
Event: 52.128 Thread 0x00000000266e1800 Exception <a 'java/lang/ClassNotFoundException'{0x00000007056e07a0}: com/android/build/gradle/internal/dsl/BuildTypeCustomizer> (0x00000007056e07a0) thrown at [./src/hotspot/share/classfile/systemDictionary.cpp, line 231]
Event: 52.133 Thread 0x00000000266e1800 Exception <a 'java/lang/ClassNotFoundException'{0x0000000705570210}: com/android/build/gradle/internal/dsl/BuildType_DecoratedCustomizer> (0x0000000705570210) thrown at [./src/hotspot/share/classfile/systemDictionary.cpp, line 231]
Event: 52.141 Thread 0x00000000266e1800 Exception <a 'java/lang/ClassNotFoundException'{0x0000000705433cc8}: build_nujbmom8at40l07gyle7yfrj$_run_closure1$_closure4BeanInfo> (0x0000000705433cc8) thrown at [./src/hotspot/share/classfile/systemDictionary.cpp, line 231]
Event: 52.141 Thread 0x00000000266e1800 Exception <a 'java/lang/ClassNotFoundException'{0x0000000705445908}: build_nujbmom8at40l07gyle7yfrj$_run_closure1$_closure4Customizer> (0x0000000705445908) thrown at [./src/hotspot/share/classfile/systemDictionary.cpp, line 231]
Event: 52.145 Thread 0x00000000266e1800 Exception <a 'java/lang/ClassNotFoundException'{0x000000070546fbe0}: build_nujbmom8at40l07gyle7yfrj$_run_closure1BeanInfo> (0x000000070546fbe0) thrown at [./src/hotspot/share/classfile/systemDictionary.cpp, line 231]
Event: 52.146 Thread 0x00000000266e1800 Exception <a 'java/lang/ClassNotFoundException'{0x0000000705480ce0}: build_nujbmom8at40l07gyle7yfrj$_run_closure1Customizer> (0x0000000705480ce0) thrown at [./src/hotspot/share/classfile/systemDictionary.cpp, line 231]
Event: 52.220 Thread 0x00000000266e1800 Exception <a 'java/lang/ClassNotFoundException'{0x00000007054df2e0}: org/gradle/api/JavaVersionBeanInfo> (0x00000007054df2e0) thrown at [./src/hotspot/share/classfile/systemDictionary.cpp, line 231]
Event: 52.222 Thread 0x00000000266e1800 Exception <a 'java/lang/ClassNotFoundException'{0x000000070530ac70}: org/gradle/api/JavaVersionCustomizer> (0x000000070530ac70) thrown at [./src/hotspot/share/classfile/systemDictionary.cpp, line 231]
Event: 52.229 Thread 0x00000000266e1800 Exception <a 'java/lang/ClassNotFoundException'{0x0000000705362050}: com/android/build/gradle/internal/CompileOptions_DecoratedBeanInfo> (0x0000000705362050) thrown at [./src/hotspot/share/classfile/systemDictionary.cpp, line 231]
Event: 52.230 Thread 0x00000000266e1800 Exception <a 'java/lang/ClassNotFoundException'{0x000000070537bb28}: com/android/build/gradle/internal/CompileOptionsBeanInfo> (0x000000070537bb28) thrown at [./src/hotspot/share/classfile/systemDictionary.cpp, line 231]
Event: 52.230 Thread 0x00000000266e1800 Exception <a 'java/lang/ClassNotFoundException'{0x0000000705395f50}: com/android/build/gradle/internal/CompileOptionsCustomizer> (0x0000000705395f50) thrown at [./src/hotspot/share/classfile/systemDictionary.cpp, line 231]
Event: 52.232 Thread 0x00000000266e1800 Exception <a 'java/lang/ClassNotFoundException'{0x00000007053bd4f8}: com/android/build/gradle/internal/CompileOptions_DecoratedCustomizer> (0x00000007053bd4f8) thrown at [./src/hotspot/share/classfile/systemDictionary.cpp, line 231]
Event: 52.364 Thread 0x00000000266e1800 Exception <a 'java/lang/ClassNotFoundException'{0x0000000705116618}: org/jetbrains/kotlin/gradle/dsl/KotlinJvmOptionsImplBeanInfo> (0x0000000705116618) thrown at [./src/hotspot/share/classfile/systemDictionary.cpp, line 231]
Event: 52.365 Thread 0x00000000266e1800 Exception <a 'java/lang/ClassNotFoundException'{0x0000000705131318}: org/jetbrains/kotlin/gradle/dsl/KotlinJvmOptionsBaseBeanInfo> (0x0000000705131318) thrown at [./src/hotspot/share/classfile/systemDictionary.cpp, line 231]
Event: 52.366 Thread 0x00000000266e1800 Exception <a 'java/lang/ClassNotFoundException'{0x000000070514c220}: org/jetbrains/kotlin/gradle/dsl/KotlinJvmOptionsBaseCustomizer> (0x000000070514c220) thrown at [./src/hotspot/share/classfile/systemDictionary.cpp, line 231]
Event: 52.368 Thread 0x00000000266e1800 Exception <a 'java/lang/ClassNotFoundException'{0x0000000705181440}: org/jetbrains/kotlin/gradle/dsl/KotlinJvmOptionsImplCustomizer> (0x0000000705181440) thrown at [./src/hotspot/share/classfile/systemDictionary.cpp, line 231]
Event: 52.380 Thread 0x00000000266e1800 Exception <a 'java/lang/ClassNotFoundException'{0x0000000705007d18}: com/android/build/gradle/internal/dsl/ApplicationBuildFeaturesImpl_DecoratedBeanInfo> (0x0000000705007d18) thrown at [./src/hotspot/share/classfile/systemDictionary.cpp, line 231]
Event: 52.381 Thread 0x00000000266e1800 Exception <a 'java/lang/ClassNotFoundException'{0x0000000705024cc8}: com/android/build/gradle/internal/dsl/ApplicationBuildFeaturesImplBeanInfo> (0x0000000705024cc8) thrown at [./src/hotspot/share/classfile/systemDictionary.cpp, line 231]
Event: 52.381 Thread 0x00000000266e1800 Exception <a 'java/lang/ClassNotFoundException'{0x000000070503fd40}: com/android/build/gradle/internal/dsl/BuildFeaturesImplBeanInfo> (0x000000070503fd40) thrown at [./src/hotspot/share/classfile/systemDictionary.cpp, line 231]
Event: 52.382 Thread 0x00000000266e1800 Exception <a 'java/lang/ClassNotFoundException'{0x000000070505b050}: com/android/build/gradle/internal/dsl/BuildFeaturesImplCustomizer> (0x000000070505b050) thrown at [./src/hotspot/share/classfile/systemDictionary.cpp, line 231]

Events (20 events):
Event: 52.374 loading class groovy/runtime/metaclass/com/android/build/gradle/internal/dsl/ApplicationBuildFeaturesImpl_DecoratedMetaClass
Event: 52.374 loading class groovy/runtime/metaclass/com/android/build/gradle/internal/dsl/ApplicationBuildFeaturesImpl_DecoratedMetaClass done
Event: 52.379 loading class com/android/build/gradle/internal/dsl/ApplicationBuildFeaturesImpl_DecoratedBeanInfo
Event: 52.379 loading class com/android/build/gradle/internal/dsl/ApplicationBuildFeaturesImpl_DecoratedBeanInfo done
Event: 52.380 loading class com/android/build/gradle/internal/dsl/ApplicationBuildFeaturesImpl_DecoratedBeanInfo
Event: 52.380 loading class com/android/build/gradle/internal/dsl/ApplicationBuildFeaturesImpl_DecoratedBeanInfo done
Event: 52.380 loading class com/android/build/gradle/internal/dsl/ApplicationBuildFeaturesImplBeanInfo
Event: 52.380 loading class com/android/build/gradle/internal/dsl/ApplicationBuildFeaturesImplBeanInfo done
Event: 52.381 loading class com/android/build/gradle/internal/dsl/ApplicationBuildFeaturesImplBeanInfo
Event: 52.381 loading class com/android/build/gradle/internal/dsl/ApplicationBuildFeaturesImplBeanInfo done
Event: 52.381 loading class com/android/build/gradle/internal/dsl/BuildFeaturesImplBeanInfo
Event: 52.381 loading class com/android/build/gradle/internal/dsl/BuildFeaturesImplBeanInfo done
Event: 52.381 loading class com/android/build/gradle/internal/dsl/BuildFeaturesImplBeanInfo
Event: 52.381 loading class com/android/build/gradle/internal/dsl/BuildFeaturesImplBeanInfo done
Event: 52.382 loading class com/android/build/gradle/internal/dsl/BuildFeaturesImplCustomizer
Event: 52.382 loading class com/android/build/gradle/internal/dsl/BuildFeaturesImplCustomizer done
Event: 52.382 loading class com/android/build/gradle/internal/dsl/BuildFeaturesImplCustomizer
Event: 52.382 loading class com/android/build/gradle/internal/dsl/BuildFeaturesImplCustomizer done
Event: 52.383 loading class com/android/build/gradle/internal/dsl/ApplicationBuildFeaturesImplCustomizer
Event: 52.383 loading class com/android/build/gradle/internal/dsl/ApplicationBuildFeaturesImplCustomizer done


Dynamic libraries:
0x000000013f9a0000 - 0x000000013f9aa000 	C:\Program Files\Android\Android Studio\jre\bin\java.exe
0x0000000076d70000 - 0x0000000076f19000 	C:\Windows\SYSTEM32\ntdll.dll
0x0000000076b50000 - 0x0000000076c6f000 	C:\Windows\system32\kernel32.dll
0x000007fefce50000 - 0x000007fefcebb000 	C:\Windows\system32\KERNELBASE.dll
0x000007fef61e0000 - 0x000007fef61f9000 	C:\Program Files\Android\Android Studio\jre\bin\jli.dll
0x000007fefb930000 - 0x000007fefbb24000 	C:\Windows\WinSxS\amd64_microsoft.windows.common-controls_6595b64144ccf1df_6.0.7601.17514_none_fa396087175ac9ac\COMCTL32.dll
0x000007fefd200000 - 0x000007fefd29f000 	C:\Windows\system32\msvcrt.dll
0x000007fefd190000 - 0x000007fefd1f7000 	C:\Windows\system32\GDI32.dll
0x0000000076c70000 - 0x0000000076d6a000 	C:\Windows\system32\USER32.dll
0x000007fefd840000 - 0x000007fefd84e000 	C:\Windows\system32\LPK.dll
0x000007fefe100000 - 0x000007fefe1c9000 	C:\Windows\system32\USP10.dll
0x000007fefd110000 - 0x000007fefd181000 	C:\Windows\system32\SHLWAPI.dll
0x000007fef59b0000 - 0x000007fef59c7000 	C:\Program Files\Android\Android Studio\jre\bin\VCRUNTIME140.dll
0x000007fef6310000 - 0x000007fef6314000 	C:\Windows\system32\api-ms-win-crt-runtime-l1-1-0.dll
0x000007fef3f70000 - 0x000007fef4062000 	C:\Windows\system32\ucrtbase.DLL
0x000007fef6180000 - 0x000007fef6183000 	C:\Windows\system32\api-ms-win-core-timezone-l1-1-0.dll
0x000007fef5d00000 - 0x000007fef5d03000 	C:\Windows\system32\api-ms-win-core-file-l2-1-0.dll
0x000007fef5cf0000 - 0x000007fef5cf3000 	C:\Windows\system32\api-ms-win-core-localization-l1-2-0.dll
0x000007fef89a0000 - 0x000007fef89a3000 	C:\Windows\system32\api-ms-win-core-synch-l1-2-0.dll
0x000007fef5a40000 - 0x000007fef5a43000 	C:\Windows\system32\api-ms-win-core-processthreads-l1-1-1.dll
0x000007fef5610000 - 0x000007fef5613000 	C:\Windows\system32\api-ms-win-core-file-l1-2-0.dll
0x000007fef4b10000 - 0x000007fef4b14000 	C:\Windows\system32\api-ms-win-crt-string-l1-1-0.dll
0x000007fef4b20000 - 0x000007fef4b23000 	C:\Windows\system32\api-ms-win-crt-heap-l1-1-0.dll
0x000007fef4b00000 - 0x000007fef4b04000 	C:\Windows\system32\api-ms-win-crt-stdio-l1-1-0.dll
0x000007fef4af0000 - 0x000007fef4af4000 	C:\Windows\system32\api-ms-win-crt-convert-l1-1-0.dll
0x000007fef4ae0000 - 0x000007fef4ae3000 	C:\Windows\system32\api-ms-win-crt-environment-l1-1-0.dll
0x000007fef48a0000 - 0x000007fef48a3000 	C:\Windows\system32\api-ms-win-crt-filesystem-l1-1-0.dll
0x000007fef48b0000 - 0x000007fef48b5000 	C:\Windows\system32\api-ms-win-crt-math-l1-1-0.dll
0x000007fef4070000 - 0x000007fef4073000 	C:\Windows\system32\api-ms-win-crt-locale-l1-1-0.dll
0x000007fefdd70000 - 0x000007fefdd9e000 	C:\Windows\system32\IMM32.DLL
0x000007fefd9b0000 - 0x000007fefdab9000 	C:\Windows\system32\MSCTF.dll
0x000007fef3e30000 - 0x000007fef3ecd000 	C:\Program Files\Android\Android Studio\jre\bin\msvcp140.dll
0x000007fef6240000 - 0x000007fef6245000 	C:\Windows\system32\api-ms-win-crt-multibyte-l1-1-0.dll
0x000007fef4890000 - 0x000007fef4893000 	C:\Windows\system32\api-ms-win-crt-time-l1-1-0.dll
0x000007fef4ad0000 - 0x000007fef4ad3000 	C:\Windows\system32\api-ms-win-crt-utility-l1-1-0.dll
0x000007feefa60000 - 0x000007fef052f000 	C:\Program Files\Android\Android Studio\jre\bin\server\jvm.dll
0x000007fefd850000 - 0x000007fefd92b000 	C:\Windows\system32\ADVAPI32.dll
0x000007fefd090000 - 0x000007fefd0af000 	C:\Windows\SYSTEM32\sechost.dll
0x000007fefdc40000 - 0x000007fefdd6d000 	C:\Windows\system32\RPCRT4.dll
0x000007fef6b50000 - 0x000007fef6b59000 	C:\Windows\system32\WSOCK32.dll
0x000007fefd0c0000 - 0x000007fefd10d000 	C:\Windows\system32\WS2_32.dll
0x000007fefd0b0000 - 0x000007fefd0b8000 	C:\Windows\system32\NSI.dll
0x000007fef8fa0000 - 0x000007fef8fdb000 	C:\Windows\system32\WINMM.dll
0x000007fefbe20000 - 0x000007fefbe2c000 	C:\Windows\system32\VERSION.dll
0x0000000076f30000 - 0x0000000076f37000 	C:\Windows\system32\PSAPI.DLL
0x000007fef4230000 - 0x000007fef4241000 	C:\Program Files\Android\Android Studio\jre\bin\verify.dll
0x000007fef7910000 - 0x000007fef7a35000 	C:\Windows\system32\DBGHELP.DLL
0x000007fef3f40000 - 0x000007fef3f69000 	C:\Program Files\Android\Android Studio\jre\bin\java.dll
0x000007fef3f30000 - 0x000007fef3f3b000 	C:\Program Files\Android\Android Studio\jre\bin\jimage.dll
0x000007fef3f10000 - 0x000007fef3f28000 	C:\Program Files\Android\Android Studio\jre\bin\zip.dll
0x000007fefe250000 - 0x000007fefefd8000 	C:\Windows\system32\SHELL32.dll
0x000007fefd500000 - 0x000007fefd703000 	C:\Windows\system32\ole32.dll
0x000007fefccc0000 - 0x000007fefcccf000 	C:\Windows\system32\profapi.dll
0x000007fef3ef0000 - 0x000007fef3f0a000 	C:\Program Files\Android\Android Studio\jre\bin\net.dll
0x000007fefa390000 - 0x000007fefa401000 	C:\Windows\system32\WINHTTP.dll
0x000007fefa280000 - 0x000007fefa2e4000 	C:\Windows\system32\webio.dll
0x000007fefc530000 - 0x000007fefc585000 	C:\Windows\system32\mswsock.dll
0x000007fefc520000 - 0x000007fefc527000 	C:\Windows\System32\wship6.dll
0x000007fef3ed0000 - 0x000007fef3ee4000 	C:\Program Files\Android\Android Studio\jre\bin\nio.dll
0x000007fef56b0000 - 0x000007fef56d7000 	C:\Users\Dell\.gradle\native\8bec1ad78214c89d9ad589b4d07fe93259594b29d510b10fafb7a158f7737e5d\windows-amd64\native-platform.dll
0x000007fef1e20000 - 0x000007fef1f5d000 	C:\Users\Dell\.gradle\native\53dbd7edfb1c66fb8903c78663c9afc45aea4f116125fa6feffd364cf09443e8\windows-amd64\native-platform-file-events.dll
0x000007fef3df0000 - 0x000007fef3dfa000 	C:\Program Files\Android\Android Studio\jre\bin\management.dll
0x000007fef3c20000 - 0x000007fef3c2c000 	C:\Program Files\Android\Android Studio\jre\bin\management_ext.dll
0x000007fefc590000 - 0x000007fefc5a7000 	C:\Windows\system32\CRYPTSP.dll
0x000007fefc290000 - 0x000007fefc2d7000 	C:\Windows\system32\rsaenh.dll
0x000007fefc010000 - 0x000007fefc02e000 	C:\Windows\system32\USERENV.dll
0x000007fefcbf0000 - 0x000007fefcbff000 	C:\Windows\system32\CRYPTBASE.dll
0x000007fefa580000 - 0x000007fefa5a7000 	C:\Windows\system32\IPHLPAPI.DLL
0x000007fefa540000 - 0x000007fefa54b000 	C:\Windows\system32\WINNSI.DLL
0x000007fefa450000 - 0x000007fefa468000 	C:\Windows\system32\dhcpcsvc.DLL
0x000007fefa0d0000 - 0x000007fefa0e1000 	C:\Windows\system32\dhcpcsvc6.DLL

dbghelp: loaded successfully - version: 4.0.5 - missing functions: none
symbol engine: initialized successfully - sym options: 0x614 - pdb path: .;C:\Program Files\Android\Android Studio\jre\bin;C:\Windows\SYSTEM32;C:\Windows\WinSxS\amd64_microsoft.windows.common-controls_6595b64144ccf1df_6.0.7601.17514_none_fa396087175ac9ac;C:\Program Files\Android\Android Studio\jre\bin\server;C:\Users\Dell\.gradle\native\8bec1ad78214c89d9ad589b4d07fe93259594b29d510b10fafb7a158f7737e5d\windows-amd64;C:\Users\Dell\.gradle\native\53dbd7edfb1c66fb8903c78663c9afc45aea4f116125fa6feffd364cf09443e8\windows-amd64

VM Arguments:
jvm_args: --add-opens=java.base/java.util=ALL-UNNAMED --add-opens=java.base/java.lang=ALL-UNNAMED --add-opens=java.base/java.lang.invoke=ALL-UNNAMED --add-opens=java.base/java.util=ALL-UNNAMED --add-opens=java.prefs/java.util.prefs=ALL-UNNAMED --add-opens=java.prefs/java.util.prefs=ALL-UNNAMED --add-opens=java.base/java.nio.charset=ALL-UNNAMED --add-opens=java.base/java.net=ALL-UNNAMED --add-opens=java.base/java.util.concurrent.atomic=ALL-UNNAMED -Xmx4096m -Dfile.encoding=UTF-8 -Duser.country=IN -Duser.language=en -Duser.variant 
java_command: org.gradle.launcher.daemon.bootstrap.GradleDaemon 7.0.2
java_class_path (initial): C:\Users\Dell\.gradle\wrapper\dists\gradle-7.0.2-bin\857tjihv64xamwrf0h14cai3r\gradle-7.0.2\lib\gradle-launcher-7.0.2.jar
Launcher Type: SUN_STANDARD

[Global flags]
     intx CICompilerCount                          = 3                                         {product} {ergonomic}
     uint ConcGCThreads                            = 1                                         {product} {ergonomic}
     uint G1ConcRefinementThreads                  = 4                                         {product} {ergonomic}
   size_t G1HeapRegionSize                         = 1048576                                   {product} {ergonomic}
    uintx GCDrainStackTargetSize                   = 64                                        {product} {ergonomic}
   size_t InitialHeapSize                          = 65011712                                  {product} {ergonomic}
   size_t MarkStackSize                            = 4194304                                   {product} {ergonomic}
   size_t MaxHeapSize                              = 4294967296                                {product} {command line}
   size_t MaxNewSize                               = 2576351232                                {product} {ergonomic}
   size_t MinHeapDeltaBytes                        = 1048576                                   {product} {ergonomic}
    uintx NonNMethodCodeHeapSize                   = 5830732                                {pd product} {ergonomic}
    uintx NonProfiledCodeHeapSize                  = 122913754                              {pd product} {ergonomic}
    uintx ProfiledCodeHeapSize                     = 122913754                              {pd product} {ergonomic}
    uintx ReservedCodeCacheSize                    = 251658240                              {pd product} {ergonomic}
     bool SegmentedCodeCache                       = true                                      {product} {ergonomic}
     bool UseCompressedClassPointers               = true                                 {lp64_product} {ergonomic}
     bool UseCompressedOops                        = true                                 {lp64_product} {ergonomic}
     bool UseG1GC                                  = true                                      {product} {ergonomic}
     bool UseLargePagesIndividualAllocation        = false                                  {pd product} {ergonomic}

Logging:
Log output configuration:
 #0: stdout all=warning uptime,level,tags
 #1: stderr all=off uptime,level,tags

Environment Variables:
PATH=C:\Program Files (x86)\Common Files\Oracle\Java\javapath;C:\Program Files\Java\jdk-14.0.2/bin;C:\Program Files\apktool;C:\Program Files (x86)\Paragon Software\LinuxFS for Windows\;C:\Program Files\dotnet\;C:\Users\Dell\AppData\Local\Programs\Python\Python38\Scripts\;C:\Users\Dell\AppData\Local\Programs\Python\Python38\;C:\Users\Dell\.dotnet\tools
USERNAME=Dell
OS=Windows_NT
PROCESSOR_IDENTIFIER=Intel64 Family 6 Model 37 Stepping 5, GenuineIntel



---------------  S Y S T E M  ---------------

OS: Windows 7 , 64 bit Build 7601 (6.1.7601.18015)
OS uptime: 1 days 18:41 hours

CPU:total 4 (initial active 4) (2 cores per cpu, 2 threads per core) family 6 model 37 stepping 5 microcode 0x0, cmov, cx8, fxsr, mmx, sse, sse2, sse3, ssse3, sse4.1, sse4.2, popcnt, ht, tsc, tscinvbit

Memory: 4k page, system-wide physical 3894M (783M free)
TotalPageFile size 5042M (AvailPageFile size 4M)
current process WorkingSet (physical memory assigned to process): 288M, peak: 288M
current process commit charge ("private bytes"): 326M, peak: 327M

vm_info: OpenJDK 64-Bit Server VM (11.0.10+0-b96-7249189) for windows-amd64 JRE (11.0.10+0-b96-7249189), built on Mar 31 2021 21:44:00 by "builder" with MS VC++ 14.0 (VS2015)

END.
