#
# There is insufficient memory for the Java Runtime Environment to continue.
# Native memory allocation (malloc) failed to allocate 1610256 bytes for Chunk::new
# Possible reasons:
#   The system is out of physical RAM or swap space
#   The process is running with CompressedOops enabled, and the Java Heap may be blocking the growth of the native heap
# Possible solutions:
#   Reduce memory load on the system
#   Increase physical memory or swap space
#   Check if swap backing store is full
#   Decrease Java heap size (-Xmx/-Xms)
#   Decrease number of Java threads
#   Decrease Java thread stack sizes (-Xss)
#   Set larger code cache with -XX:ReservedCodeCacheSize=
#   JVM is running with Unscaled Compressed Oops mode in which the Java heap is
#     placed in the first 4GB address space. The Java Heap base address is the
#     maximum limit for the native heap growth. Please use -XX:HeapBaseMinAddress
#     to set the Java Heap base and to place the Java Heap above 4GB virtual address.
# This output file may be truncated or incomplete.
#
#  Out of Memory Error (./src/hotspot/share/memory/arena.cpp:197), pid=3264, tid=5252
#
# JRE version: OpenJDK Runtime Environment (11.0.10) (build 11.0.10+0-b96-7249189)
# Java VM: OpenJDK 64-Bit Server VM (11.0.10+0-b96-7249189, mixed mode, tiered, compressed oops, g1 gc, windows-amd64)
# No core dump will be written. Minidumps are not enabled by default on client versions of Windows
#

---------------  S U M M A R Y ------------

Command Line: org.jetbrains.kotlin.cli.jvm.K2JVMCompiler @C:\Users\Dell\AndroidStudioProjects\NoteApp\app\build\20211017_9470241331033765999.compiler.options

Host: Intel(R) Core(TM) i3 CPU       M 370  @ 2.40GHz, 4 cores, 3G,  Windows 7 , 64 bit Build 7601 (6.1.7601.17617)
Time: Sun Oct 17 19:09:06 2021 Sri Lanka Standard Time elapsed time: 19.053839 seconds (0d 0h 0m 19s)

---------------  T H R E A D  ---------------

Current thread (0x000000005afcc000):  JavaThread "C2 CompilerThread0" daemon [_thread_in_native, id=5252, stack(0x000000005ba50000,0x000000005bb50000)]


Current CompileTask:
C2:  19053 3493       4       jdk.internal.loader.BuiltinClassLoader::defineClass (121 bytes)

Stack: [0x000000005ba50000,0x000000005bb50000]
Native frames: (J=compiled Java code, j=interpreted, Vv=VM code, C=native code)
V  [jvm.dll+0x5ecfaa]
V  [jvm.dll+0x722bd5]
V  [jvm.dll+0x72412d]
V  [jvm.dll+0x7247e3]
V  [jvm.dll+0x242928]
V  [jvm.dll+0xbc4fc]
V  [jvm.dll+0xbca0c]
V  [jvm.dll+0x352d3b]
V  [jvm.dll+0x320ad3]
V  [jvm.dll+0x31ffca]
V  [jvm.dll+0x1fb602]
V  [jvm.dll+0x1fa7f4]
V  [jvm.dll+0x18354c]
V  [jvm.dll+0x208ee7]
V  [jvm.dll+0x207731]
V  [jvm.dll+0x6eb1cf]
V  [jvm.dll+0x6e3d45]
V  [jvm.dll+0x5ebe96]
C  [ucrtbase.DLL+0x682dd]
C  [kernel32.dll+0x1652d]
C  [ntdll.dll+0x2c521]


---------------  P R O C E S S  ---------------

Threads class SMR info:
_java_thread_list=0x000000005c05e0d0, length=10, elements={
0x00000000003ab000, 0x000000005af9d800, 0x000000005afa8800, 0x000000005afbc800,
0x000000005afc1800, 0x000000005afc4800, 0x000000005afcc000, 0x000000005afcd800,
0x000000005afd8800, 0x000000005c062000
}

Java Threads: ( => current thread )
  0x00000000003ab000 JavaThread "main" [_thread_in_Java, id=4944, stack(0x0000000001fe0000,0x00000000020e0000)]
  0x000000005af9d800 JavaThread "Reference Handler" daemon [_thread_blocked, id=6280, stack(0x000000005b3d0000,0x000000005b4d0000)]
  0x000000005afa8800 JavaThread "Finalizer" daemon [_thread_blocked, id=7116, stack(0x000000005b4f0000,0x000000005b5f0000)]
  0x000000005afbc800 JavaThread "Signal Dispatcher" daemon [_thread_blocked, id=3728, stack(0x000000005b690000,0x000000005b790000)]
  0x000000005afc1800 JavaThread "Attach Listener" daemon [_thread_blocked, id=4320, stack(0x000000005b800000,0x000000005b900000)]
  0x000000005afc4800 JavaThread "Service Thread" daemon [_thread_blocked, id=4248, stack(0x000000005b190000,0x000000005b290000)]
=>0x000000005afcc000 JavaThread "C2 CompilerThread0" daemon [_thread_in_native, id=5252, stack(0x000000005ba50000,0x000000005bb50000)]
  0x000000005afcd800 JavaThread "C1 CompilerThread0" daemon [_thread_in_vm, id=5312, stack(0x000000005bca0000,0x000000005bda0000)]
  0x000000005afd8800 JavaThread "Sweeper thread" daemon [_thread_blocked, id=1224, stack(0x000000005beb0000,0x000000005bfb0000)]
  0x000000005c062000 JavaThread "Common-Cleaner" daemon [_thread_blocked, id=6168, stack(0x000000005c620000,0x000000005c720000)]

Other Threads:
  0x000000005af58800 VMThread "VM Thread" [stack: 0x000000005b2b0000,0x000000005b3b0000] [id=7060]
  0x000000005c019000 WatcherThread [stack: 0x000000005c4b0000,0x000000005c5b0000] [id=4044]
  0x00000000003c4000 GCTaskThread "GC Thread#0" [stack: 0x00000000153c0000,0x00000000154c0000] [id=6008]
  0x000000005c844000 GCTaskThread "GC Thread#1" [stack: 0x000000005bb60000,0x000000005bc60000] [id=4984]
  0x00000000003dd800 ConcurrentGCThread "G1 Main Marker" [stack: 0x0000000017c40000,0x0000000017d40000] [id=6596]
  0x00000000003df000 ConcurrentGCThread "G1 Conc#0" [stack: 0x0000000017dc0000,0x0000000017ec0000] [id=5204]
  0x000000001a302800 ConcurrentGCThread "G1 Refine#0" [stack: 0x000000001a490000,0x000000001a590000] [id=5508]
  0x000000001a304000 ConcurrentGCThread "G1 Young RemSet Sampling" [stack: 0x000000001a5c0000,0x000000001a6c0000] [id=2732]

Threads with active compile tasks:
C2 CompilerThread0  19186 3493       4       jdk.internal.loader.BuiltinClassLoader::defineClass (121 bytes)
C1 CompilerThread0  19186 3576       3       java.util.concurrent.locks.AbstractQueuedSynchronizer::tryAcquireNanos (37 bytes)

VM state:not at safepoint (normal execution)

VM Mutex/Monitor currently owned by a thread: None

Heap address: 0x00000000c3200000, size: 974 MB, Compressed Oops mode: 32-bit
Narrow klass base: 0x0000000000000000, Narrow klass shift: 0
Compressed class space size: 1073741824 Address: 0x000000001a6c0000

Heap:
 garbage-first heap   total 63488K, used 34555K [0x00000000c3200000, 0x0000000100000000)
  region size 1024K, 7 young (7168K), 3 survivors (3072K)
 Metaspace       used 47633K, capacity 48229K, committed 48336K, reserved 1091584K
  class space    used 5575K, capacity 5833K, committed 5884K, reserved 1048576K
Heap Regions: E=young(eden), S=young(survivor), O=old, HS=humongous(starts), HC=humongous(continues), CS=collection set, F=free, A=archive, TAMS=top-at-mark-start (previous, next)
|   0|0x00000000c3200000, 0x00000000c3300000, 0x00000000c3300000|100%|HS|  |TAMS 0x00000000c3300000, 0x00000000c3200000| Complete 
|   1|0x00000000c3300000, 0x00000000c3400000, 0x00000000c3400000|100%|HC|  |TAMS 0x00000000c3400000, 0x00000000c3300000| Complete 
|   2|0x00000000c3400000, 0x00000000c3500000, 0x00000000c3500000|100%|HC|  |TAMS 0x00000000c3500000, 0x00000000c3400000| Complete 
|   3|0x00000000c3500000, 0x00000000c3600000, 0x00000000c3600000|100%| O|  |TAMS 0x00000000c3600000, 0x00000000c3500000| Untracked 
|   4|0x00000000c3600000, 0x00000000c3700000, 0x00000000c3700000|100%| O|  |TAMS 0x00000000c3700000, 0x00000000c3600000| Untracked 
|   5|0x00000000c3700000, 0x00000000c3800000, 0x00000000c3800000|100%| O|  |TAMS 0x00000000c3800000, 0x00000000c3700000| Untracked 
|   6|0x00000000c3800000, 0x00000000c3900000, 0x00000000c3900000|100%| O|  |TAMS 0x00000000c3900000, 0x00000000c3800000| Untracked 
|   7|0x00000000c3900000, 0x00000000c3a00000, 0x00000000c3a00000|100%| O|  |TAMS 0x00000000c3a00000, 0x00000000c3900000| Untracked 
|   8|0x00000000c3a00000, 0x00000000c3b00000, 0x00000000c3b00000|100%| O|  |TAMS 0x00000000c3b00000, 0x00000000c3a00000| Untracked 
|   9|0x00000000c3b00000, 0x00000000c3c00000, 0x00000000c3c00000|100%|HS|  |TAMS 0x00000000c3c00000, 0x00000000c3b00000| Complete 
|  10|0x00000000c3c00000, 0x00000000c3d00000, 0x00000000c3d00000|100%|HC|  |TAMS 0x00000000c3d00000, 0x00000000c3c00000| Complete 
|  11|0x00000000c3d00000, 0x00000000c3e00000, 0x00000000c3e00000|100%|HC|  |TAMS 0x00000000c3e00000, 0x00000000c3d00000| Complete 
|  12|0x00000000c3e00000, 0x00000000c3f00000, 0x00000000c3f00000|100%|HS|  |TAMS 0x00000000c3f00000, 0x00000000c3e00000| Complete 
|  13|0x00000000c3f00000, 0x00000000c4000000, 0x00000000c4000000|100%|HC|  |TAMS 0x00000000c4000000, 0x00000000c3f00000| Complete 
|  14|0x00000000c4000000, 0x00000000c4100000, 0x00000000c4100000|100%|HC|  |TAMS 0x00000000c4100000, 0x00000000c4000000| Complete 
|  15|0x00000000c4100000, 0x00000000c4200000, 0x00000000c4200000|100%| O|  |TAMS 0x00000000c4200000, 0x00000000c4100000| Untracked 
|  16|0x00000000c4200000, 0x00000000c4300000, 0x00000000c4300000|100%| O|  |TAMS 0x00000000c423ba00, 0x00000000c4200000| Untracked 
|  17|0x00000000c4300000, 0x00000000c4400000, 0x00000000c4400000|100%| O|  |TAMS 0x00000000c4400000, 0x00000000c4300000| Untracked 
|  18|0x00000000c4400000, 0x00000000c4500000, 0x00000000c4500000|100%| O|  |TAMS 0x00000000c4500000, 0x00000000c4400000| Untracked 
|  19|0x00000000c4500000, 0x00000000c4600000, 0x00000000c4600000|100%| O|  |TAMS 0x00000000c4600000, 0x00000000c4500000| Untracked 
|  20|0x00000000c4600000, 0x00000000c4700000, 0x00000000c4700000|100%| O|  |TAMS 0x00000000c4600000, 0x00000000c4600000| Untracked 
|  21|0x00000000c4700000, 0x00000000c4800000, 0x00000000c4800000|100%| O|  |TAMS 0x00000000c4700000, 0x00000000c4700000| Untracked 
|  22|0x00000000c4800000, 0x00000000c4900000, 0x00000000c4900000|100%|HS|  |TAMS 0x00000000c4800000, 0x00000000c4800000| Complete 
|  23|0x00000000c4900000, 0x00000000c4a00000, 0x00000000c4a00000|100%|HC|  |TAMS 0x00000000c4900000, 0x00000000c4900000| Complete 
|  24|0x00000000c4a00000, 0x00000000c4b00000, 0x00000000c4b00000|100%| O|  |TAMS 0x00000000c4b00000, 0x00000000c4a00000| Untracked 
|  25|0x00000000c4b00000, 0x00000000c4c00000, 0x00000000c4c00000|100%| O|  |TAMS 0x00000000c4c00000, 0x00000000c4b00000| Untracked 
|  26|0x00000000c4c00000, 0x00000000c4d00000, 0x00000000c4d00000|100%| O|  |TAMS 0x00000000c4d00000, 0x00000000c4c00000| Untracked 
|  27|0x00000000c4d00000, 0x00000000c4dbec00, 0x00000000c4e00000| 74%| O|  |TAMS 0x00000000c4d00000, 0x00000000c4d00000| Untracked 
|  28|0x00000000c4e00000, 0x00000000c4e00000, 0x00000000c4f00000|  0%| F|  |TAMS 0x00000000c4e00000, 0x00000000c4e00000| Untracked 
|  29|0x00000000c4f00000, 0x00000000c4f00000, 0x00000000c5000000|  0%| F|  |TAMS 0x00000000c4f00000, 0x00000000c4f00000| Untracked 
|  30|0x00000000c5000000, 0x00000000c5000000, 0x00000000c5100000|  0%| F|  |TAMS 0x00000000c5000000, 0x00000000c5000000| Untracked 
|  31|0x00000000c5100000, 0x00000000c5100000, 0x00000000c5200000|  0%| F|  |TAMS 0x00000000c5100000, 0x00000000c5100000| Untracked 
|  32|0x00000000c5200000, 0x00000000c5200000, 0x00000000c5300000|  0%| F|  |TAMS 0x00000000c5200000, 0x00000000c5200000| Untracked 
|  33|0x00000000c5300000, 0x00000000c5300000, 0x00000000c5400000|  0%| F|  |TAMS 0x00000000c5300000, 0x00000000c5300000| Untracked 
|  34|0x00000000c5400000, 0x00000000c5400000, 0x00000000c5500000|  0%| F|  |TAMS 0x00000000c5400000, 0x00000000c5400000| Untracked 
|  35|0x00000000c5500000, 0x00000000c5500000, 0x00000000c5600000|  0%| F|  |TAMS 0x00000000c5500000, 0x00000000c5500000| Untracked 
|  36|0x00000000c5600000, 0x00000000c5600000, 0x00000000c5700000|  0%| F|  |TAMS 0x00000000c5600000, 0x00000000c5600000| Untracked 
|  37|0x00000000c5700000, 0x00000000c5700000, 0x00000000c5800000|  0%| F|  |TAMS 0x00000000c5700000, 0x00000000c5700000| Untracked 
|  38|0x00000000c5800000, 0x00000000c5800000, 0x00000000c5900000|  0%| F|  |TAMS 0x00000000c5800000, 0x00000000c5800000| Untracked 
|  39|0x00000000c5900000, 0x00000000c5a00000, 0x00000000c5a00000|100%| S|CS|TAMS 0x00000000c5900000, 0x00000000c5900000| Complete 
|  40|0x00000000c5a00000, 0x00000000c5b00000, 0x00000000c5b00000|100%| S|CS|TAMS 0x00000000c5a00000, 0x00000000c5a00000| Complete 
|  41|0x00000000c5b00000, 0x00000000c5c00000, 0x00000000c5c00000|100%| S|CS|TAMS 0x00000000c5b00000, 0x00000000c5b00000| Complete 
|  42|0x00000000c5c00000, 0x00000000c5c00000, 0x00000000c5d00000|  0%| F|  |TAMS 0x00000000c5c00000, 0x00000000c5c00000| Untracked 
|  43|0x00000000c5d00000, 0x00000000c5d00000, 0x00000000c5e00000|  0%| F|  |TAMS 0x00000000c5d00000, 0x00000000c5d00000| Untracked 
|  44|0x00000000c5e00000, 0x00000000c5e00000, 0x00000000c5f00000|  0%| F|  |TAMS 0x00000000c5e00000, 0x00000000c5e00000| Untracked 
|  45|0x00000000c5f00000, 0x00000000c5f00000, 0x00000000c6000000|  0%| F|  |TAMS 0x00000000c5f00000, 0x00000000c5f00000| Untracked 
|  46|0x00000000c6000000, 0x00000000c6000000, 0x00000000c6100000|  0%| F|  |TAMS 0x00000000c6000000, 0x00000000c6000000| Untracked 
|  47|0x00000000c6100000, 0x00000000c6100000, 0x00000000c6200000|  0%| F|  |TAMS 0x00000000c6100000, 0x00000000c6100000| Untracked 
|  48|0x00000000c6200000, 0x00000000c6200000, 0x00000000c6300000|  0%| F|  |TAMS 0x00000000c6200000, 0x00000000c6200000| Untracked 
|  49|0x00000000c6300000, 0x00000000c6300000, 0x00000000c6400000|  0%| F|  |TAMS 0x00000000c6300000, 0x00000000c6300000| Untracked 
|  50|0x00000000c6400000, 0x00000000c6400000, 0x00000000c6500000|  0%| F|  |TAMS 0x00000000c6400000, 0x00000000c6400000| Untracked 
|  51|0x00000000c6500000, 0x00000000c6500000, 0x00000000c6600000|  0%| F|  |TAMS 0x00000000c6500000, 0x00000000c6500000| Untracked 
|  52|0x00000000c6600000, 0x00000000c6600000, 0x00000000c6700000|  0%| F|  |TAMS 0x00000000c6600000, 0x00000000c6600000| Untracked 
|  53|0x00000000c6700000, 0x00000000c6700000, 0x00000000c6800000|  0%| F|  |TAMS 0x00000000c6700000, 0x00000000c6700000| Untracked 
|  54|0x00000000c6800000, 0x00000000c6800000, 0x00000000c6900000|  0%| F|  |TAMS 0x00000000c6800000, 0x00000000c6800000| Untracked 
|  55|0x00000000c6900000, 0x00000000c6900000, 0x00000000c6a00000|  0%| F|  |TAMS 0x00000000c6900000, 0x00000000c6900000| Untracked 
|  56|0x00000000c6a00000, 0x00000000c6a00000, 0x00000000c6b00000|  0%| F|  |TAMS 0x00000000c6a00000, 0x00000000c6a00000| Untracked 
|  57|0x00000000c6b00000, 0x00000000c6b00000, 0x00000000c6c00000|  0%| F|  |TAMS 0x00000000c6b00000, 0x00000000c6b00000| Untracked 
|  58|0x00000000c6c00000, 0x00000000c6d00000, 0x00000000c6d00000|100%| E|  |TAMS 0x00000000c6c00000, 0x00000000c6c00000| Complete 
|  59|0x00000000c6d00000, 0x00000000c6e00000, 0x00000000c6e00000|100%| E|CS|TAMS 0x00000000c6d00000, 0x00000000c6d00000| Complete 
|  60|0x00000000c6e00000, 0x00000000c6f00000, 0x00000000c6f00000|100%| E|CS|TAMS 0x00000000c6e00000, 0x00000000c6e00000| Complete 
|  61|0x00000000c6f00000, 0x00000000c7000000, 0x00000000c7000000|100%| E|CS|TAMS 0x00000000c6f00000, 0x00000000c6f00000| Complete 

Card table byte_map: [0x00000000159e0000,0x0000000015bd0000] _byte_map_base: 0x00000000153c7000

Marking Bits (Prev, Next): (CMBitMap*) 0x00000000003d9138, (CMBitMap*) 0x00000000003d9170
 Prev Bits: [0x0000000015dc0000, 0x0000000016cf8000)
 Next Bits: [0x0000000016d00000, 0x0000000017c38000)

Polling page: 0x0000000001f40000

Metaspace:

Usage:
  Non-class:     41.40 MB capacity,    41.07 MB (>99%) used,   267.58 KB ( <1%) free+waste,    69.94 KB ( <1%) overhead. 
      Class:      5.70 MB capacity,     5.45 MB ( 96%) used,   225.61 KB (  4%) free+waste,    31.56 KB ( <1%) overhead. 
       Both:     47.10 MB capacity,    46.52 MB ( 99%) used,   493.19 KB (  1%) free+waste,   101.50 KB ( <1%) overhead. 

Virtual space:
  Non-class space:       42.00 MB reserved,      41.46 MB ( 99%) committed 
      Class space:        1.00 GB reserved,       5.75 MB ( <1%) committed 
             Both:        1.04 GB reserved,      47.20 MB (  4%) committed 

Chunk freelists:
   Non-Class:  56.00 KB
       Class:  23.00 KB
        Both:  79.00 KB

MaxMetaspaceSize: 17179869184.00 GB
CompressedClassSpaceSize: 1.00 GB

CodeHeap 'non-profiled nmethods': size=120064Kb used=1485Kb max_used=1485Kb free=118578Kb
 bounds [0x000000000dc20000, 0x000000000de90000, 0x0000000015160000]
CodeHeap 'profiled nmethods': size=120000Kb used=7590Kb max_used=7590Kb free=112409Kb
 bounds [0x00000000066f0000, 0x0000000006e60000, 0x000000000dc20000]
CodeHeap 'non-nmethods': size=5696Kb used=1167Kb max_used=1210Kb free=4528Kb
 bounds [0x0000000006160000, 0x00000000063d0000, 0x00000000066f0000]
 total_blobs=4088 nmethods=3552 adapters=447
 compilation: enabled
              stopped_count=0, restarted_count=0
 full_count=0

Compilation events (20 events):
Event: 18.944 Thread 0x000000005afcd800 3548       3       org.jetbrains.kotlin.storage.LockBasedStorageManager::createMemoizedFunction (29 bytes)
Event: 18.944 Thread 0x000000005afcd800 nmethod 3548 0x0000000006e49390 code [0x0000000006e495a0, 0x0000000006e49988]
Event: 18.944 Thread 0x000000005afcd800 3545       1       org.jetbrains.kotlin.descriptors.impl.ModuleDescriptorImpl::isValid (5 bytes)
Event: 18.945 Thread 0x000000005afcd800 nmethod 3545 0x000000000dd91810 code [0x000000000dd919c0, 0x000000000dd91a78]
Event: 18.945 Thread 0x000000005afcd800 3542       3       org.jetbrains.kotlin.load.java.structure.impl.classFiles.AnnotationsAndParameterCollectorMethodVisitor::visitAnnotableParameterCount (18 bytes)
Event: 18.945 Thread 0x000000005afcd800 nmethod 3542 0x0000000006e49b10 code [0x0000000006e49cc0, 0x0000000006e49e18]
Event: 18.945 Thread 0x000000005afcd800 3549       1       kotlin.sequences.TransformingSequence::access$getSequence$p (5 bytes)
Event: 18.945 Thread 0x000000005afcd800 nmethod 3549 0x000000000dd91b10 code [0x000000000dd91cc0, 0x000000000dd91d58]
Event: 18.945 Thread 0x000000005afcd800 3552       1       org.jetbrains.kotlin.cli.jvm.index.JvmDependenciesIndexImpl$TraverseRequest::getAcceptedRootTypes (5 bytes)
Event: 18.945 Thread 0x000000005afcd800 nmethod 3552 0x000000000dd91e10 code [0x000000000dd91fc0, 0x000000000dd92078]
Event: 18.945 Thread 0x000000005afcd800 3553       1       kotlin.sequences.FilteringSequence::access$getSequence$p (5 bytes)
Event: 18.946 Thread 0x000000005afcd800 nmethod 3553 0x000000000dd92110 code [0x000000000dd922c0, 0x000000000dd92358]
Event: 18.946 Thread 0x000000005afcd800 3554       3       org.jetbrains.kotlin.name.Name::getIdentifier (47 bytes)
Event: 18.947 Thread 0x000000005afcd800 nmethod 3554 0x0000000006e49e90 code [0x0000000006e4a140, 0x0000000006e4abf8]
Event: 18.995 Thread 0x000000005afcd800 3555       3       org.jetbrains.kotlin.load.java.structure.impl.classFiles.BinaryJavaClass::isSet (6 bytes)
Event: 18.996 Thread 0x000000005afcd800 nmethod 3555 0x0000000006e4b010 code [0x0000000006e4b1e0, 0x0000000006e4b478]
Event: 18.996 Thread 0x000000005afcd800 3556       3       org.jetbrains.kotlin.load.java.structure.impl.classFiles.BinaryJavaModifierListOwner$DefaultImpls::isSet (17 bytes)
Event: 18.996 Thread 0x000000005afcd800 nmethod 3556 0x0000000006e4b590 code [0x0000000006e4b7e0, 0x0000000006e4bec8]
Event: 18.996 Thread 0x000000005afcd800 3557       3       java.util.LinkedHashMap$LinkedEntrySet::<init> (10 bytes)
Event: 18.997 Thread 0x000000005afcd800 nmethod 3557 0x0000000006e4c190 code [0x0000000006e4c360, 0x0000000006e4c5d8]

GC Heap History (20 events):
Event: 1.963 GC heap before
{Heap before GC invocations=0 (full 0):
 garbage-first heap   total 63488K, used 17408K [0x00000000c3200000, 0x0000000100000000)
  region size 1024K, 14 young (14336K), 0 survivors (0K)
 Metaspace       used 9754K, capacity 9871K, committed 10112K, reserved 1058816K
  class space    used 834K, capacity 884K, committed 896K, reserved 1048576K
}
Event: 1.969 GC heap after
{Heap after GC invocations=1 (full 0):
 garbage-first heap   total 63488K, used 5260K [0x00000000c3200000, 0x0000000100000000)
  region size 1024K, 2 young (2048K), 2 survivors (2048K)
 Metaspace       used 9754K, capacity 9871K, committed 10112K, reserved 1058816K
  class space    used 834K, capacity 884K, committed 896K, reserved 1048576K
}
Event: 4.038 GC heap before
{Heap before GC invocations=1 (full 0):
 garbage-first heap   total 63488K, used 41100K [0x00000000c3200000, 0x0000000100000000)
  region size 1024K, 37 young (37888K), 2 survivors (2048K)
 Metaspace       used 17945K, capacity 18150K, committed 18304K, reserved 1064960K
  class space    used 1788K, capacity 1873K, committed 1920K, reserved 1048576K
}
Event: 4.059 GC heap after
{Heap after GC invocations=2 (full 0):
 garbage-first heap   total 63488K, used 9103K [0x00000000c3200000, 0x0000000100000000)
  region size 1024K, 5 young (5120K), 5 survivors (5120K)
 Metaspace       used 17945K, capacity 18150K, committed 18304K, reserved 1064960K
  class space    used 1788K, capacity 1873K, committed 1920K, reserved 1048576K
}
Event: 5.501 GC heap before
{Heap before GC invocations=2 (full 0):
 garbage-first heap   total 63488K, used 19343K [0x00000000c3200000, 0x0000000100000000)
  region size 1024K, 16 young (16384K), 5 survivors (5120K)
 Metaspace       used 20977K, capacity 21180K, committed 21248K, reserved 1069056K
  class space    used 2203K, capacity 2291K, committed 2304K, reserved 1048576K
}
Event: 5.520 GC heap after
{Heap after GC invocations=3 (full 0):
 garbage-first heap   total 63488K, used 9642K [0x00000000c3200000, 0x0000000100000000)
  region size 1024K, 1 young (1024K), 1 survivors (1024K)
 Metaspace       used 20977K, capacity 21180K, committed 21248K, reserved 1069056K
  class space    used 2203K, capacity 2291K, committed 2304K, reserved 1048576K
}
Event: 7.135 GC heap before
{Heap before GC invocations=4 (full 0):
 garbage-first heap   total 63488K, used 38314K [0x00000000c3200000, 0x0000000100000000)
  region size 1024K, 23 young (23552K), 1 survivors (1024K)
 Metaspace       used 26600K, capacity 27018K, committed 27132K, reserved 1073152K
  class space    used 2829K, capacity 2987K, committed 3068K, reserved 1048576K
}
Event: 7.141 GC heap after
{Heap after GC invocations=5 (full 0):
 garbage-first heap   total 63488K, used 17403K [0x00000000c3200000, 0x0000000100000000)
  region size 1024K, 3 young (3072K), 3 survivors (3072K)
 Metaspace       used 26600K, capacity 27018K, committed 27132K, reserved 1073152K
  class space    used 2829K, capacity 2987K, committed 3068K, reserved 1048576K
}
Event: 10.891 GC heap before
{Heap before GC invocations=5 (full 0):
 garbage-first heap   total 63488K, used 40955K [0x00000000c3200000, 0x0000000100000000)
  region size 1024K, 24 young (24576K), 3 survivors (3072K)
 Metaspace       used 30391K, capacity 30822K, committed 30972K, reserved 1077248K
  class space    used 3583K, capacity 3773K, committed 3836K, reserved 1048576K
}
Event: 10.912 GC heap after
{Heap after GC invocations=6 (full 0):
 garbage-first heap   total 63488K, used 23349K [0x00000000c3200000, 0x0000000100000000)
  region size 1024K, 3 young (3072K), 3 survivors (3072K)
 Metaspace       used 30391K, capacity 30822K, committed 30972K, reserved 1077248K
  class space    used 3583K, capacity 3773K, committed 3836K, reserved 1048576K
}
Event: 12.546 GC heap before
{Heap before GC invocations=6 (full 0):
 garbage-first heap   total 63488K, used 46901K [0x00000000c3200000, 0x0000000100000000)
  region size 1024K, 22 young (22528K), 3 survivors (3072K)
 Metaspace       used 34669K, capacity 35153K, committed 35196K, reserved 1079296K
  class space    used 4264K, capacity 4448K, committed 4476K, reserved 1048576K
}
Event: 12.559 GC heap after
{Heap after GC invocations=7 (full 0):
 garbage-first heap   total 63488K, used 25294K [0x00000000c3200000, 0x0000000100000000)
  region size 1024K, 3 young (3072K), 3 survivors (3072K)
 Metaspace       used 34669K, capacity 35153K, committed 35196K, reserved 1079296K
  class space    used 4264K, capacity 4448K, committed 4476K, reserved 1048576K
}
Event: 13.571 GC heap before
{Heap before GC invocations=7 (full 0):
 garbage-first heap   total 63488K, used 29390K [0x00000000c3200000, 0x0000000100000000)
  region size 1024K, 8 young (8192K), 3 survivors (3072K)
 Metaspace       used 35469K, capacity 35874K, committed 36048K, reserved 1081344K
  class space    used 4345K, capacity 4516K, committed 4604K, reserved 1048576K
}
Event: 13.582 GC heap after
{Heap after GC invocations=8 (full 0):
 garbage-first heap   total 63488K, used 23759K [0x00000000c3200000, 0x0000000100000000)
  region size 1024K, 1 young (1024K), 1 survivors (1024K)
 Metaspace       used 35469K, capacity 35874K, committed 36048K, reserved 1081344K
  class space    used 4345K, capacity 4516K, committed 4604K, reserved 1048576K
}
Event: 15.076 GC heap before
{Heap before GC invocations=9 (full 0):
 garbage-first heap   total 63488K, used 42191K [0x00000000c3200000, 0x0000000100000000)
  region size 1024K, 20 young (20480K), 1 survivors (1024K)
 Metaspace       used 39104K, capacity 39615K, committed 40016K, reserved 1085440K
  class space    used 4681K, capacity 4843K, committed 4988K, reserved 1048576K
}
Event: 15.086 GC heap after
{Heap after GC invocations=10 (full 0):
 garbage-first heap   total 63488K, used 25645K [0x00000000c3200000, 0x0000000100000000)
  region size 1024K, 3 young (3072K), 3 survivors (3072K)
 Metaspace       used 39104K, capacity 39615K, committed 40016K, reserved 1085440K
  class space    used 4681K, capacity 4843K, committed 4988K, reserved 1048576K
}
Event: 16.883 GC heap before
{Heap before GC invocations=10 (full 0):
 garbage-first heap   total 63488K, used 44077K [0x00000000c3200000, 0x0000000100000000)
  region size 1024K, 21 young (21504K), 3 survivors (3072K)
 Metaspace       used 43493K, capacity 44051K, committed 44240K, reserved 1087488K
  class space    used 5122K, capacity 5338K, committed 5372K, reserved 1048576K
}
Event: 16.898 GC heap after
{Heap after GC invocations=11 (full 0):
 garbage-first heap   total 63488K, used 26850K [0x00000000c3200000, 0x0000000100000000)
  region size 1024K, 2 young (2048K), 2 survivors (2048K)
 Metaspace       used 43493K, capacity 44051K, committed 44240K, reserved 1087488K
  class space    used 5122K, capacity 5338K, committed 5372K, reserved 1048576K
}
Event: 18.786 GC heap before
{Heap before GC invocations=11 (full 0):
 garbage-first heap   total 63488K, used 47330K [0x00000000c3200000, 0x0000000100000000)
  region size 1024K, 20 young (20480K), 2 survivors (2048K)
 Metaspace       used 46915K, capacity 47536K, committed 47824K, reserved 1091584K
  class space    used 5481K, capacity 5732K, committed 5884K, reserved 1048576K
}
Event: 18.800 GC heap after
{Heap after GC invocations=12 (full 0):
 garbage-first heap   total 63488K, used 31483K [0x00000000c3200000, 0x0000000100000000)
  region size 1024K, 3 young (3072K), 3 survivors (3072K)
 Metaspace       used 46915K, capacity 47536K, committed 47824K, reserved 1091584K
  class space    used 5481K, capacity 5732K, committed 5884K, reserved 1048576K
}

Deoptimization events (20 events):
Event: 17.316 Thread 0x00000000003ab000 DEOPT PACKING pc=0x000000000dcea348 sp=0x00000000020dc7a0
Event: 17.316 Thread 0x00000000003ab000 DEOPT UNPACKING pc=0x0000000006186929 sp=0x00000000020dc758 mode 2
Event: 18.035 Thread 0x00000000003ab000 DEOPT PACKING pc=0x0000000006c5e17f sp=0x00000000020db880
Event: 18.035 Thread 0x00000000003ab000 DEOPT UNPACKING pc=0x000000000618673f sp=0x00000000020dacd0 mode 0
Event: 18.754 Thread 0x00000000003ab000 Uncommon trap: trap_request=0xffffffc6 fr.pc=0x000000000dd88594 relative=0x0000000000000bf4
Event: 18.755 Thread 0x00000000003ab000 Uncommon trap: reason=bimorphic_or_optimized_type_check action=maybe_recompile pc=0x000000000dd88594 method=gnu.trove.TObjectHash.insertionIndex(Ljava/lang/Object;)I @ 30 c2
Event: 18.755 Thread 0x00000000003ab000 DEOPT PACKING pc=0x000000000dd88594 sp=0x00000000020dc3f0
Event: 18.755 Thread 0x00000000003ab000 DEOPT UNPACKING pc=0x0000000006186929 sp=0x00000000020dc390 mode 2
Event: 18.755 Thread 0x00000000003ab000 Uncommon trap: trap_request=0xffffffc6 fr.pc=0x000000000dd88594 relative=0x0000000000000bf4
Event: 18.755 Thread 0x00000000003ab000 Uncommon trap: reason=bimorphic_or_optimized_type_check action=maybe_recompile pc=0x000000000dd88594 method=gnu.trove.TObjectHash.insertionIndex(Ljava/lang/Object;)I @ 30 c2
Event: 18.755 Thread 0x00000000003ab000 DEOPT PACKING pc=0x000000000dd88594 sp=0x00000000020dc3f0
Event: 18.755 Thread 0x00000000003ab000 DEOPT UNPACKING pc=0x0000000006186929 sp=0x00000000020dc390 mode 2
Event: 18.755 Thread 0x00000000003ab000 Uncommon trap: trap_request=0xffffffc6 fr.pc=0x000000000dd88594 relative=0x0000000000000bf4
Event: 18.755 Thread 0x00000000003ab000 Uncommon trap: reason=bimorphic_or_optimized_type_check action=maybe_recompile pc=0x000000000dd88594 method=gnu.trove.TObjectHash.insertionIndex(Ljava/lang/Object;)I @ 30 c2
Event: 18.755 Thread 0x00000000003ab000 DEOPT PACKING pc=0x000000000dd88594 sp=0x00000000020dc3f0
Event: 18.755 Thread 0x00000000003ab000 DEOPT UNPACKING pc=0x0000000006186929 sp=0x00000000020dc390 mode 2
Event: 18.755 Thread 0x00000000003ab000 Uncommon trap: trap_request=0xffffffc6 fr.pc=0x000000000dd88594 relative=0x0000000000000bf4
Event: 18.755 Thread 0x00000000003ab000 Uncommon trap: reason=bimorphic_or_optimized_type_check action=maybe_recompile pc=0x000000000dd88594 method=gnu.trove.TObjectHash.insertionIndex(Ljava/lang/Object;)I @ 30 c2
Event: 18.755 Thread 0x00000000003ab000 DEOPT PACKING pc=0x000000000dd88594 sp=0x00000000020dc3f0
Event: 18.755 Thread 0x00000000003ab000 DEOPT UNPACKING pc=0x0000000006186929 sp=0x00000000020dc390 mode 2

Classes redefined (0 events):
No events

Internal exceptions (20 events):
Event: 3.749 Thread 0x00000000003ab000 Exception <a 'java/lang/NoSuchMethodError'{0x00000000c4c53038}: 'int java.lang.invoke.DirectMethodHandle$Holder.invokeSpecialIFC(java.lang.Object, java.lang.Object, int)'> (0x00000000c4c53038) thrown at [./src/hotspot/share/interpreter/linkResolver.cpp, line 773]
Event: 5.373 Thread 0x00000000003ab000 Exception <a 'java/lang/NoSuchMethodError'{0x00000000c68ea830}: 'java.lang.Object java.lang.invoke.DirectMethodHandle$Holder.invokeStaticInit(java.lang.Object, int)'> (0x00000000c68ea830) thrown at [./src/hotspot/share/interpreter/linkResolver.cpp, line 773]
Event: 5.438 Thread 0x00000000003ab000 Exception <a 'java/lang/NoSuchMethodError'{0x00000000c6675fc8}: 'long java.lang.invoke.DirectMethodHandle$Holder.invokeStatic(java.lang.Object)'> (0x00000000c6675fc8) thrown at [./src/hotspot/share/interpreter/linkResolver.cpp, line 773]
Event: 5.439 Thread 0x00000000003ab000 Exception <a 'java/lang/NoSuchMethodError'{0x00000000c6678e20}: 'long java.lang.invoke.DirectMethodHandle$Holder.invokeStaticInit(java.lang.Object)'> (0x00000000c6678e20) thrown at [./src/hotspot/share/interpreter/linkResolver.cpp, line 773]
Event: 5.691 Thread 0x00000000003ab000 Exception <a 'java/lang/NoSuchMethodError'{0x00000000c6d94390}: 'int java.lang.invoke.DirectMethodHandle$Holder.invokeStaticInit(java.lang.Object, java.lang.Object, java.lang.Object)'> (0x00000000c6d94390) thrown at [./src/hotspot/share/interpreter/linkResolver.cpp, line 773]
Event: 5.698 Thread 0x00000000003ab000 Exception <a 'java/lang/NoSuchMethodError'{0x00000000c6dbfd88}: 'int java.lang.invoke.DirectMethodHandle$Holder.invokeStaticInit(java.lang.Object, java.lang.Object)'> (0x00000000c6dbfd88) thrown at [./src/hotspot/share/interpreter/linkResolver.cpp, line 773]
Event: 6.332 Thread 0x00000000003ab000 Exception <a 'java/lang/NoSuchMethodError'{0x00000000c626dfd0}: 'java.lang.Object java.lang.invoke.DirectMethodHandle$Holder.invokeStatic(java.lang.Object, java.lang.Object, java.lang.Object, java.lang.Object, java.lang.Object, java.lang.Object, java.lang.Object, java.lang.Object, java.lang.Object, java.lang.Object, java.lang.Object, java.lang.Object, java.lang.Object, java.lang.Object, java.lang.Object)'> (0x00000000c626dfd0) thrown at [./src/hotspot/share/interpreter/linkResolver.cpp, line 773]
Event: 6.334 Thread 0x00000000003ab000 Exception <a 'java/lang/NoSuchMethodError'{0x00000000c627c248}: 'java.lang.Object java.lang.invoke.DirectMethodHandle$Holder.invokeStatic(java.lang.Object, java.lang.Object, java.lang.Object, java.lang.Object, java.lang.Object, java.lang.Object, java.lang.Object, java.lang.Object, java.lang.Object, java.lang.Object, java.lang.Object, java.lang.Object, java.lang.Object, java.lang.Object, java.lang.Object, java.lang.Object)'> (0x00000000c627c248) thrown at [./src/hotspot/share/interpreter/linkResolver.cpp, l
Event: 6.337 Thread 0x00000000003ab000 Exception <a 'java/lang/NoSuchMethodError'{0x00000000c628a160}: 'java.lang.Object java.lang.invoke.DirectMethodHandle$Holder.invokeSpecial(java.lang.Object, java.lang.Object, int, int, java.lang.Object, java.lang.Object, java.lang.Object)'> (0x00000000c628a160) thrown at [./src/hotspot/share/interpreter/linkResolver.cpp, line 773]
Event: 6.338 Thread 0x00000000003ab000 Exception <a 'java/lang/NoSuchMethodError'{0x00000000c628d998}: 'java.lang.Object java.lang.invoke.DelegatingMethodHandle$Holder.reinvoke_L(java.lang.Object, int, int, java.lang.Object, java.lang.Object, java.lang.Object)'> (0x00000000c628d998) thrown at [./src/hotspot/share/interpreter/linkResolver.cpp, line 773]
Event: 6.338 Thread 0x00000000003ab000 Exception <a 'java/lang/NoSuchMethodError'{0x00000000c6291d20}: 'java.lang.Object java.lang.invoke.DirectMethodHandle$Holder.invokeStatic(java.lang.Object, java.lang.Object, java.lang.Object, java.lang.Object, int)'> (0x00000000c6291d20) thrown at [./src/hotspot/share/interpreter/linkResolver.cpp, line 773]
Event: 6.450 Thread 0x00000000003ab000 Implicit null exception at 0x000000000dca6e2c to 0x000000000dca6f4e
Event: 6.501 Thread 0x00000000003ab000 Exception <a 'java/lang/NoSuchMethodError'{0x00000000c5c0dc58}: 'void java.lang.invoke.DirectMethodHandle$Holder.invokeStatic(java.lang.Object, java.lang.Object, java.lang.Object, java.lang.Object)'> (0x00000000c5c0dc58) thrown at [./src/hotspot/share/interpreter/linkResolver.cpp, line 773]
Event: 6.922 Thread 0x00000000003ab000 Exception <a 'java/lang/NoSuchMethodError'{0x00000000c5b5ca58}: 'void java.lang.invoke.DirectMethodHandle$Holder.invokeSpecial(java.lang.Object, java.lang.Object)'> (0x00000000c5b5ca58) thrown at [./src/hotspot/share/interpreter/linkResolver.cpp, line 773]
Event: 7.148 Thread 0x00000000003ab000 Exception <a 'java/lang/NoSuchMethodError'{0x00000000c6f08768}: 'void java.lang.invoke.DirectMethodHandle$Holder.invokeStaticInit(java.lang.Object, java.lang.Object)'> (0x00000000c6f08768) thrown at [./src/hotspot/share/interpreter/linkResolver.cpp, line 773]
Event: 7.170 Thread 0x00000000003ab000 Exception <a 'java/lang/NoSuchMethodError'{0x00000000c6f46c10}: 'void java.lang.invoke.DirectMethodHandle$Holder.invokeInterface(java.lang.Object, java.lang.Object)'> (0x00000000c6f46c10) thrown at [./src/hotspot/share/interpreter/linkResolver.cpp, line 773]
Event: 7.870 Thread 0x00000000003ab000 Exception <a 'java/lang/NoSuchMethodError'{0x00000000c6be6a00}: 'void java.lang.invoke.DirectMethodHandle$Holder.invokeVirtual(java.lang.Object, java.lang.Object)'> (0x00000000c6be6a00) thrown at [./src/hotspot/share/interpreter/linkResolver.cpp, line 773]
Event: 7.909 Thread 0x00000000003ab000 Exception <a 'java/lang/NoSuchMethodError'{0x00000000c6a611a0}: 'int java.lang.invoke.DirectMethodHandle$Holder.invokeVirtual(java.lang.Object, java.lang.Object)'> (0x00000000c6a611a0) thrown at [./src/hotspot/share/interpreter/linkResolver.cpp, line 773]
Event: 12.606 Thread 0x00000000003ab000 Exception <a 'java/lang/NoSuchMethodError'{0x00000000c6f4f5b8}: 'java.lang.Object java.lang.invoke.DirectMethodHandle$Holder.invokeVirtual(java.lang.Object, java.lang.Object, java.lang.Object)'> (0x00000000c6f4f5b8) thrown at [./src/hotspot/share/interpreter/linkResolver.cpp, line 773]
Event: 16.591 Thread 0x00000000003ab000 Exception <a 'java/lang/NoSuchMethodError'{0x00000000c60498e0}: 'java.lang.Object java.lang.invoke.Invokers$Holder.linkToTargetMethod(java.lang.Object, int, java.lang.Object)'> (0x00000000c60498e0) thrown at [./src/hotspot/share/interpreter/linkResolver.cpp, line 773]

Events (20 events):
Event: 18.884 loading class org/jetbrains/kotlin/com/intellij/psi/impl/source/PsiModifierListImpl
Event: 18.884 loading class org/jetbrains/kotlin/com/intellij/psi/impl/source/PsiModifierListImpl done
Event: 18.887 loading class gnu/trove/THashMap$KeyView
Event: 18.887 loading class gnu/trove/THashMap$KeyView done
Event: 18.888 loading class org/jetbrains/kotlin/com/intellij/psi/impl/source/PsiModifierListImpl$ModifierCache
Event: 18.888 loading class org/jetbrains/kotlin/com/intellij/psi/impl/source/PsiModifierListImpl$ModifierCache done
Event: 18.888 loading class org/jetbrains/kotlin/com/intellij/util/containers/ConcurrentWeakKeyWeakValueHashMap
Event: 18.888 loading class org/jetbrains/kotlin/com/intellij/util/containers/ConcurrentWeakKeyWeakValueHashMap done
Event: 18.889 loading class org/jetbrains/kotlin/com/intellij/openapi/util/Ref
Event: 18.889 loading class org/jetbrains/kotlin/com/intellij/openapi/util/Ref done
Event: 18.889 loading class org/jetbrains/kotlin/com/intellij/psi/augment/PsiAugmentProvider
Event: 18.889 loading class org/jetbrains/kotlin/com/intellij/psi/augment/PsiAugmentProvider done
Event: 18.889 loading class org/jetbrains/kotlin/com/intellij/openapi/util/Ref
Event: 18.889 loading class org/jetbrains/kotlin/com/intellij/openapi/util/Ref done
Event: 18.890 loading class java/util/ComparableTimSort
Event: 18.890 loading class java/util/ComparableTimSort done
Event: 18.891 loading class org/jetbrains/kotlin/com/intellij/util/containers/ConcurrentWeakKeyWeakValueHashMap$WeakValue
Event: 18.891 loading class org/jetbrains/kotlin/com/intellij/util/containers/ConcurrentWeakKeyWeakValueHashMap$WeakValue done
Event: 18.892 loading class org/jetbrains/kotlin/com/intellij/psi/PsiClassLevelDeclarationStatement
Event: 18.892 loading class org/jetbrains/kotlin/com/intellij/psi/PsiClassLevelDeclarationStatement done


Dynamic libraries:
0x000000013f0e0000 - 0x000000013f0ea000 	C:\Program Files\Android\Android Studio\jre\bin\java.exe
0x00000000779c0000 - 0x0000000077b69000 	C:\Windows\SYSTEM32\ntdll.dll
0x00000000777a0000 - 0x00000000778bf000 	C:\Windows\system32\kernel32.dll
0x000007fefdc30000 - 0x000007fefdc9c000 	C:\Windows\system32\KERNELBASE.dll
0x000007fef1e00000 - 0x000007fef1e19000 	C:\Program Files\Android\Android Studio\jre\bin\jli.dll
0x000007fefc3e0000 - 0x000007fefc5d4000 	C:\Windows\WinSxS\amd64_microsoft.windows.common-controls_6595b64144ccf1df_6.0.7601.17514_none_fa396087175ac9ac\COMCTL32.dll
0x000007feffa60000 - 0x000007feffaff000 	C:\Windows\system32\msvcrt.dll
0x000007feff5b0000 - 0x000007feff617000 	C:\Windows\system32\GDI32.dll
0x00000000778c0000 - 0x00000000779ba000 	C:\Windows\system32\USER32.dll
0x000007feff5a0000 - 0x000007feff5ae000 	C:\Windows\system32\LPK.dll
0x000007feffb00000 - 0x000007feffbc9000 	C:\Windows\system32\USP10.dll
0x000007fefed60000 - 0x000007fefedd1000 	C:\Windows\system32\SHLWAPI.dll
0x000007fef1e20000 - 0x000007fef1e37000 	C:\Program Files\Android\Android Studio\jre\bin\VCRUNTIME140.dll
0x000007fefa650000 - 0x000007fefa654000 	C:\Windows\system32\api-ms-win-crt-runtime-l1-1-0.dll
0x000007fef21d0000 - 0x000007fef22c2000 	C:\Windows\system32\ucrtbase.DLL
0x000007fefa600000 - 0x000007fefa603000 	C:\Windows\system32\api-ms-win-core-timezone-l1-1-0.dll
0x000007fef9e50000 - 0x000007fef9e53000 	C:\Windows\system32\api-ms-win-core-file-l2-1-0.dll
0x000007fef88c0000 - 0x000007fef88c3000 	C:\Windows\system32\api-ms-win-core-localization-l1-2-0.dll
0x000007fef9f70000 - 0x000007fef9f73000 	C:\Windows\system32\api-ms-win-core-synch-l1-2-0.dll
0x000007fef7c20000 - 0x000007fef7c23000 	C:\Windows\system32\api-ms-win-core-processthreads-l1-1-1.dll
0x000007fef6df0000 - 0x000007fef6df3000 	C:\Windows\system32\api-ms-win-core-file-l1-2-0.dll
0x000007fef36c0000 - 0x000007fef36c4000 	C:\Windows\system32\api-ms-win-crt-string-l1-1-0.dll
0x000007fef6b50000 - 0x000007fef6b53000 	C:\Windows\system32\api-ms-win-crt-heap-l1-1-0.dll
0x000007fef5ca0000 - 0x000007fef5ca4000 	C:\Windows\system32\api-ms-win-crt-stdio-l1-1-0.dll
0x000007fef36a0000 - 0x000007fef36a4000 	C:\Windows\system32\api-ms-win-crt-convert-l1-1-0.dll
0x000007fef36b0000 - 0x000007fef36b3000 	C:\Windows\system32\api-ms-win-crt-environment-l1-1-0.dll
0x000007fef3660000 - 0x000007fef3663000 	C:\Windows\system32\api-ms-win-crt-filesystem-l1-1-0.dll
0x000007fef3690000 - 0x000007fef3695000 	C:\Windows\system32\api-ms-win-crt-math-l1-1-0.dll
0x000007fef3200000 - 0x000007fef3203000 	C:\Windows\system32\api-ms-win-crt-locale-l1-1-0.dll
0x000007feff110000 - 0x000007feff13e000 	C:\Windows\system32\IMM32.DLL
0x000007feff670000 - 0x000007feff779000 	C:\Windows\system32\MSCTF.dll
0x000007fef05e0000 - 0x000007fef067d000 	C:\Program Files\Android\Android Studio\jre\bin\msvcp140.dll
0x000007fef5610000 - 0x000007fef5615000 	C:\Windows\system32\api-ms-win-crt-multibyte-l1-1-0.dll
0x000007fef3670000 - 0x000007fef3673000 	C:\Windows\system32\api-ms-win-crt-time-l1-1-0.dll
0x000007fef3680000 - 0x000007fef3683000 	C:\Windows\system32\api-ms-win-crt-utility-l1-1-0.dll
0x000007feed3b0000 - 0x000007feede7f000 	C:\Program Files\Android\Android Studio\jre\bin\server\jvm.dll
0x000007feffbd0000 - 0x000007feffcab000 	C:\Windows\system32\ADVAPI32.dll
0x000007feffcb0000 - 0x000007feffccf000 	C:\Windows\SYSTEM32\sechost.dll
0x000007fefedf0000 - 0x000007fefef1d000 	C:\Windows\system32\RPCRT4.dll
0x000007fefa610000 - 0x000007fefa619000 	C:\Windows\system32\WSOCK32.dll
0x000007feff620000 - 0x000007feff66d000 	C:\Windows\system32\WS2_32.dll
0x000007fefede0000 - 0x000007fefede8000 	C:\Windows\system32\NSI.dll
0x000007fef98d0000 - 0x000007fef990b000 	C:\Windows\system32\WINMM.dll
0x000007fefca70000 - 0x000007fefca7c000 	C:\Windows\system32\VERSION.dll
0x0000000077b80000 - 0x0000000077b87000 	C:\Windows\system32\PSAPI.DLL
0x000007fef35e0000 - 0x000007fef35f1000 	C:\Program Files\Android\Android Studio\jre\bin\verify.dll
0x000007fef8080000 - 0x000007fef81a5000 	C:\Windows\system32\DBGHELP.DLL
0x000007fef2b70000 - 0x000007fef2b99000 	C:\Program Files\Android\Android Studio\jre\bin\java.dll
0x000007fef3610000 - 0x000007fef361b000 	C:\Program Files\Android\Android Studio\jre\bin\jimage.dll
0x000007fef3490000 - 0x000007fef34a8000 	C:\Program Files\Android\Android Studio\jre\bin\zip.dll
0x000007fefdce0000 - 0x000007fefea68000 	C:\Windows\system32\SHELL32.dll
0x000007fefeb50000 - 0x000007fefed53000 	C:\Windows\system32\ole32.dll
0x000007fefd910000 - 0x000007fefd91f000 	C:\Windows\system32\profapi.dll
0x000007fef3470000 - 0x000007fef348a000 	C:\Program Files\Android\Android Studio\jre\bin\net.dll
0x000007fefb030000 - 0x000007fefb0a1000 	C:\Windows\system32\WINHTTP.dll
0x000007fefafc0000 - 0x000007fefb024000 	C:\Windows\system32\webio.dll
0x000007fefd180000 - 0x000007fefd1d5000 	C:\Windows\system32\mswsock.dll
0x000007fefd170000 - 0x000007fefd177000 	C:\Windows\System32\wship6.dll
0x000007fef32e0000 - 0x000007fef32f4000 	C:\Program Files\Android\Android Studio\jre\bin\nio.dll

dbghelp: loaded successfully - version: 4.0.5 - missing functions: none
symbol engine: initialized successfully - sym options: 0x614 - pdb path: .;C:\Program Files\Android\Android Studio\jre\bin;C:\Windows\SYSTEM32;C:\Windows\WinSxS\amd64_microsoft.windows.common-controls_6595b64144ccf1df_6.0.7601.17514_none_fa396087175ac9ac;C:\Program Files\Android\Android Studio\jre\bin\server

VM Arguments:
java_command: org.jetbrains.kotlin.cli.jvm.K2JVMCompiler @C:\Users\Dell\AndroidStudioProjects\NoteApp\app\build\20211017_9470241331033765999.compiler.options
java_class_path (initial): C:\Users\Dell\.gradle\caches\modules-2\files-2.1\org.jetbrains.kotlin\kotlin-compiler-embeddable\1.5.31\cc18c29253541dc57c25c3ef514d63c7953ae1a6\kotlin-compiler-embeddable-1.5.31.jar;C:\Users\Dell\.gradle\caches\modules-2\files-2.1\org.jetbrains.kotlin\kotlin-reflect\1.5.31\1523fcd842a47da0820cea772b19c51056fec8a9\kotlin-reflect-1.5.31.jar;C:\Users\Dell\.gradle\caches\modules-2\files-2.1\org.jetbrains.kotlin\kotlin-stdlib\1.5.31\6628d61d0f5603568e72d2d5915d2c034b4f1c55\kotlin-stdlib-1.5.31.jar;C:\Users\Dell\.gradle\caches\modules-2\files-2.1\org.jetbrains.kotlin\kotlin-script-runtime\1.5.31\aaea854be2cfc06373dfc11be5a6ba9ca5ca84a6\kotlin-script-runtime-1.5.31.jar;C:\Users\Dell\.gradle\caches\modules-2\files-2.1\org.jetbrains.kotlin\kotlin-daemon-embeddable\1.5.31\d19b549661e28c62781683dc7c7e34bf416974f1\kotlin-daemon-embeddable-1.5.31.jar;C:\Users\Dell\.gradle\caches\modules-2\files-2.1\org.jetbrains.intellij.deps\trove4j\1.0.20181211\216c2e14b070f334479d800987affe4054cd563f\trove4j-1.0.20181211.jar;C:\Users\Dell\.gradle\caches\modules-2\files-2.1\org.jetbrains\annotations\13.0\919f0dfe192fb4e063e7dacadee7f8bb9a2672a9\annotations-13.0.jar;C:\Users\Dell\.gradle\caches\modules-2\files-2.1\org.jetbrains.kotlin\kotlin-stdlib-common\1.5.31\43331609c7de811fed085e0dfd150874b157c32\kotlin-stdlib-common-1.5.31.jar
Launcher Type: SUN_STANDARD

[Global flags]
     intx CICompilerCount                          = 3                                         {product} {ergonomic}
     uint ConcGCThreads                            = 1                                         {product} {ergonomic}
     uint G1ConcRefinementThreads                  = 4                                         {product} {ergonomic}
   size_t G1HeapRegionSize                         = 1048576                                   {product} {ergonomic}
    uintx GCDrainStackTargetSize                   = 64                                        {product} {ergonomic}
   size_t InitialHeapSize                          = 65011712                                  {product} {ergonomic}
   size_t MarkStackSize                            = 4194304                                   {product} {ergonomic}
   size_t MaxHeapSize                              = 1021313024                                {product} {ergonomic}
   size_t MaxNewSize                               = 612368384                                 {product} {ergonomic}
   size_t MinHeapDeltaBytes                        = 1048576                                   {product} {ergonomic}
    uintx NonNMethodCodeHeapSize                   = 5830732                                {pd product} {ergonomic}
    uintx NonProfiledCodeHeapSize                  = 122913754                              {pd product} {ergonomic}
    uintx ProfiledCodeHeapSize                     = 122913754                              {pd product} {ergonomic}
    uintx ReservedCodeCacheSize                    = 251658240                              {pd product} {ergonomic}
     bool SegmentedCodeCache                       = true                                      {product} {ergonomic}
     bool UseCompressedClassPointers               = true                                 {lp64_product} {ergonomic}
     bool UseCompressedOops                        = true                                 {lp64_product} {ergonomic}
     bool UseG1GC                                  = true                                      {product} {ergonomic}
     bool UseLargePagesIndividualAllocation        = false                                  {pd product} {ergonomic}

Logging:
Log output configuration:
 #0: stdout all=warning uptime,level,tags
 #1: stderr all=off uptime,level,tags

Environment Variables:
PATH=C:\Program Files (x86)\Common Files\Oracle\Java\javapath;C:\Program Files\Java\jdk-14.0.2/bin;C:\Program Files\apktool;C:\Program Files (x86)\Paragon Software\LinuxFS for Windows\;C:\Users\Dell\AppData\Local\Programs\Python\Python38\Scripts\;C:\Users\Dell\AppData\Local\Programs\Python\Python38\
USERNAME=Dell
OS=Windows_NT
PROCESSOR_IDENTIFIER=Intel64 Family 6 Model 37 Stepping 5, GenuineIntel



---------------  S Y S T E M  ---------------

OS: Windows 7 , 64 bit Build 7601 (6.1.7601.17617)
OS uptime: 8 days 5:18 hours

CPU:total 4 (initial active 4) (2 cores per cpu, 2 threads per core) family 6 model 37 stepping 5 microcode 0x0, cmov, cx8, fxsr, mmx, sse, sse2, sse3, ssse3, sse4.1, sse4.2, popcnt, ht, tsc, tscinvbit

Memory: 4k page, system-wide physical 3894M (197M free)
TotalPageFile size 7050M (AvailPageFile size 5M)
current process WorkingSet (physical memory assigned to process): 200M, peak: 200M
current process commit charge ("private bytes"): 232M, peak: 234M

vm_info: OpenJDK 64-Bit Server VM (11.0.10+0-b96-7249189) for windows-amd64 JRE (11.0.10+0-b96-7249189), built on Mar 31 2021 21:44:00 by "builder" with MS VC++ 14.0 (VS2015)

END.
