#
# There is insufficient memory for the Java Runtime Environment to continue.
# Native memory allocation (malloc) failed to allocate 32744 bytes for ChunkPool::allocate
# Possible reasons:
#   The system is out of physical RAM or swap space
#   The process is running with CompressedOops enabled, and the Java Heap may be blocking the growth of the native heap
# Possible solutions:
#   Reduce memory load on the system
#   Increase physical memory or swap space
#   Check if swap backing store is full
#   Decrease Java heap size (-Xmx/-Xms)
#   Decrease number of Java threads
#   Decrease Java thread stack sizes (-Xss)
#   Set larger code cache with -XX:ReservedCodeCacheSize=
#   JVM is running with Zero Based Compressed Oops mode in which the Java heap is
#     placed in the first 32GB address space. The Java Heap base address is the
#     maximum limit for the native heap growth. Please use -XX:HeapBaseMinAddress
#     to set the Java Heap base and to place the Java Heap above 32GB virtual address.
# This output file may be truncated or incomplete.
#
#  Out of Memory Error (./src/hotspot/share/memory/arena.cpp:81), pid=3556, tid=4644
#
# JRE version: OpenJDK Runtime Environment (11.0.10) (build 11.0.10+0-b96-7249189)
# Java VM: OpenJDK 64-Bit Server VM (11.0.10+0-b96-7249189, mixed mode, tiered, compressed oops, g1 gc, windows-amd64)
# No core dump will be written. Minidumps are not enabled by default on client versions of Windows
#

---------------  S U M M A R Y ------------

Command Line: --add-opens=java.base/java.util=ALL-UNNAMED --add-opens=java.base/java.lang=ALL-UNNAMED --add-opens=java.base/java.lang.invoke=ALL-UNNAMED --add-opens=java.base/java.util=ALL-UNNAMED --add-opens=java.prefs/java.util.prefs=ALL-UNNAMED --add-opens=java.prefs/java.util.prefs=ALL-UNNAMED --add-opens=java.base/java.nio.charset=ALL-UNNAMED --add-opens=java.base/java.net=ALL-UNNAMED --add-opens=java.base/java.util.concurrent.atomic=ALL-UNNAMED -Xmx4096m -Dfile.encoding=UTF-8 -Duser.country=IN -Duser.language=en -Duser.variant org.gradle.launcher.daemon.bootstrap.GradleDaemon 7.0.2

Host: Intel(R) Core(TM) i3 CPU       M 370  @ 2.40GHz, 4 cores, 3G,  Windows 7 , 64 bit Build 7601 (6.1.7601.17617)
Time: Wed Oct 27 19:29:15 2021 Sri Lanka Standard Time elapsed time: 37.712373 seconds (0d 0h 0m 37s)

---------------  T H R E A D  ---------------

Current thread (0x00000000226c3800):  JavaThread "C2 CompilerThread0" daemon [_thread_in_native, id=4644, stack(0x0000000022e60000,0x0000000022f60000)]


Current CompileTask:
C2:  37712 6908 %     4      
[error occurred during error reporting (printing current compile task), id 0xe0000001, Out of Memory Error (./src/hotspot/share/memory/arena.cpp:81)]

Stack: [0x0000000022e60000,0x0000000022f60000]
Native frames: (J=compiled Java code, j=interpreted, Vv=VM code, C=native code)
V  [jvm.dll+0x5ecfaa]
V  [jvm.dll+0x722bd5]
V  [jvm.dll+0x72412d]
V  [jvm.dll+0x7247e3]
V  [jvm.dll+0x242928]
V  [jvm.dll+0xbc75b]
V  [jvm.dll+0xbca0c]
V  [jvm.dll+0x6b5cfa]
V  [jvm.dll+0x6b5e49]
V  [jvm.dll+0x4c7b72]
V  [jvm.dll+0x5a5129]
V  [jvm.dll+0x20d6b5]
V  [jvm.dll+0x20dac7]
V  [jvm.dll+0x722a73]
V  [jvm.dll+0x72412d]
V  [jvm.dll+0x7247e3]
V  [jvm.dll+0x242928]
V  [jvm.dll+0xbc75b]
V  [jvm.dll+0xbca0c]
V  [jvm.dll+0x35807e]
V  [jvm.dll+0x4ea2f4]
V  [jvm.dll+0x320b02]
V  [jvm.dll+0x31ffca]
V  [jvm.dll+0x1fb602]
V  [jvm.dll+0x1fa7f4]
V  [jvm.dll+0x18354c]
V  [jvm.dll+0x208ee7]
V  [jvm.dll+0x207731]
V  [jvm.dll+0x6eb1cf]
V  [jvm.dll+0x6e3d45]
V  [jvm.dll+0x5ebe96]
C  [ucrtbase.DLL+0x682dd]
C  [kernel32.dll+0x1652d]
C  [ntdll.dll+0x2c521]


---------------  P R O C E S S  ---------------

Threads class SMR info:
_java_thread_list=0x0000000024029d90, length=43, elements={
0x00000000004f9800, 0x00000000226a3800, 0x00000000226ad800, 0x00000000226be000,
0x00000000226c1800, 0x00000000226c2800, 0x00000000226c3800, 0x00000000226cc000,
0x00000000226ce800, 0x0000000023497000, 0x00000000261ae800, 0x000000002555d800,
0x0000000026843000, 0x0000000025fca800, 0x0000000025b9e800, 0x0000000025c9c000,
0x0000000025224800, 0x0000000025af0800, 0x00000000254fb000, 0x0000000025f8c800,
0x0000000025f8d000, 0x0000000025f8e000, 0x0000000025f8f000, 0x0000000028908000,
0x0000000028909000, 0x0000000028909800, 0x000000002890a800, 0x000000002890b800,
0x000000002890c000, 0x000000002890d000, 0x000000002890e000, 0x000000002890e800,
0x0000000025e84000, 0x0000000025e85000, 0x0000000025e86800, 0x000000002b1b3000,
0x000000002b1b4000, 0x000000002b1b4800, 0x000000002b1b5800, 0x000000002b1b6800,
0x000000002b1b7000, 0x000000002b1b8000, 0x000000002d86d800
}
_to_delete_list=0x000000002ba8b760, length=42, elements={
0x00000000004f9800, 0x00000000226a3800, 0x00000000226ad800, 0x00000000226be000,
0x00000000226c1800, 0x00000000226c2800, 0x00000000226c3800, 0x00000000226cc000,
0x00000000226ce800, 0x0000000023497000, 0x00000000261ae800, 0x000000002555d800,
0x0000000026843000, 0x0000000025fca800, 0x0000000025b9e800, 0x0000000025c9c000,
0x0000000025224800, 0x0000000025af0800, 0x00000000254fb000, 0x0000000025f8c800,
0x0000000025f8d000, 0x0000000025f8e000, 0x0000000025f8f000, 0x0000000028908000,
0x0000000028909000, 0x0000000028909800, 0x000000002890a800, 0x000000002890b800,
0x000000002890c000, 0x000000002890d000, 0x000000002890e000, 0x000000002890e800,
0x0000000025e84000, 0x0000000025e85000, 0x0000000025e86800, 0x000000002b1b3000,
0x000000002b1b4000, 0x000000002b1b4800, 0x000000002b1b5800, 0x000000002b1b6800,
0x000000002b1b7000, 0x000000002b1b8000
}

Java Threads: ( => current thread )
  0x00000000004f9800 JavaThread "main" [_thread_blocked, id=6124, stack(0x0000000002300000,0x0000000002400000)]
  0x00000000226a3800 JavaThread "Reference Handler" daemon [_thread_blocked, id=3440, stack(0x0000000022a00000,0x0000000022b00000)]
  0x00000000226ad800 JavaThread "Finalizer" daemon [_thread_blocked, id=4536, stack(0x0000000022bb0000,0x0000000022cb0000)]
  0x00000000226be000 JavaThread "Signal Dispatcher" daemon [_thread_blocked, id=3340, stack(0x0000000022d50000,0x0000000022e50000)]
  0x00000000226c1800 JavaThread "Attach Listener" daemon [_thread_blocked, id=4696, stack(0x0000000023010000,0x0000000023110000)]
  0x00000000226c2800 JavaThread "Service Thread" daemon [_thread_blocked, id=4964, stack(0x0000000022780000,0x0000000022880000)]
=>0x00000000226c3800 JavaThread "C2 CompilerThread0" daemon [_thread_in_native, id=4644, stack(0x0000000022e60000,0x0000000022f60000)]
  0x00000000226cc000 JavaThread "C1 CompilerThread0" daemon [_thread_blocked, id=3088, stack(0x00000000232e0000,0x00000000233e0000)]
  0x00000000226ce800 JavaThread "Sweeper thread" daemon [_thread_blocked, id=2540, stack(0x00000000231a0000,0x00000000232a0000)]
  0x0000000023497000 JavaThread "Common-Cleaner" daemon [_thread_blocked, id=2428, stack(0x0000000023990000,0x0000000023a90000)]
  0x00000000261ae800 JavaThread "Daemon health stats" [_thread_blocked, id=2692, stack(0x0000000026b00000,0x0000000026c00000)]
  0x000000002555d800 JavaThread "Incoming local TCP Connector on port 52176" [_thread_in_native, id=1796, stack(0x00000000273d0000,0x00000000274d0000)]
  0x0000000026843000 JavaThread "Daemon periodic checks" [_thread_blocked, id=2648, stack(0x0000000026e60000,0x0000000026f60000)]
  0x0000000025fca800 JavaThread "Daemon" [_thread_blocked, id=5780, stack(0x00000000275b0000,0x00000000276b0000)]
  0x0000000025b9e800 JavaThread "Handler for socket connection from /127.0.0.1:52176 to /127.0.0.1:52177" [_thread_in_native, id=1668, stack(0x00000000276c0000,0x00000000277c0000)]
  0x0000000025c9c000 JavaThread "Cancel handler" [_thread_blocked, id=5768, stack(0x00000000278c0000,0x00000000279c0000)]
  0x0000000025224800 JavaThread "Daemon worker" [_thread_in_vm, id=2536, stack(0x00000000271a0000,0x00000000272a0000)]
  0x0000000025af0800 JavaThread "Asynchronous log dispatcher for DefaultDaemonConnection: socket connection from /127.0.0.1:52176 to /127.0.0.1:52177" [_thread_blocked, id=5236, stack(0x0000000027ab0000,0x0000000027bb0000)]
  0x00000000254fb000 JavaThread "Stdin handler" [_thread_blocked, id=4312, stack(0x0000000027ce0000,0x0000000027de0000)]
  0x0000000025f8c800 JavaThread "Daemon client event forwarder" [_thread_blocked, id=648, stack(0x0000000027ea0000,0x0000000027fa0000)]
  0x0000000025f8d000 JavaThread "Cache worker for file hash cache (C:\Users\Dell\.gradle\caches\7.0.2\fileHashes)" [_thread_blocked, id=3332, stack(0x0000000028440000,0x0000000028540000)]
  0x0000000025f8e000 JavaThread "File lock request listener" [_thread_in_native, id=5324, stack(0x00000000285f0000,0x00000000286f0000)]
  0x0000000025f8f000 JavaThread "Cache worker for journal cache (C:\Users\Dell\.gradle\caches\journal-1)" [_thread_blocked, id=3408, stack(0x00000000299a0000,0x0000000029aa0000)]
  0x0000000028908000 JavaThread "Cache worker for file hash cache (C:\Users\Dell\AndroidStudioProjects\NoteApp\.gradle\7.0.2\fileHashes)" [_thread_blocked, id=3552, stack(0x0000000029b50000,0x0000000029c50000)]
  0x0000000028909000 JavaThread "File watcher server" daemon [_thread_in_native, id=216, stack(0x0000000023c60000,0x0000000023d60000)]
  0x0000000028909800 JavaThread "File watcher consumer" daemon [_thread_blocked, id=3168, stack(0x0000000029fb0000,0x000000002a0b0000)]
  0x000000002890a800 JavaThread "jar transforms" [_thread_blocked, id=5988, stack(0x000000002a390000,0x000000002a490000)]
  0x000000002890b800 JavaThread "jar transforms Thread 2" [_thread_blocked, id=2992, stack(0x000000002a550000,0x000000002a650000)]
  0x000000002890c000 JavaThread "jar transforms Thread 3" [_thread_blocked, id=5596, stack(0x000000002a6e0000,0x000000002a7e0000)]
  0x000000002890d000 JavaThread "jar transforms Thread 4" [_thread_blocked, id=1680, stack(0x000000002a900000,0x000000002aa00000)]
  0x000000002890e000 JavaThread "Cache worker for checksums cache (C:\Users\Dell\AndroidStudioProjects\NoteApp\.gradle\checksums)" [_thread_blocked, id=4320, stack(0x000000002aab0000,0x000000002abb0000)]
  0x000000002890e800 JavaThread "Cache worker for cache directory md-supplier (C:\Users\Dell\.gradle\caches\7.0.2\md-supplier)" [_thread_blocked, id=2572, stack(0x000000002a7e0000,0x000000002a8e0000)]
  0x0000000025e84000 JavaThread "Cache worker for cache directory md-rule (C:\Users\Dell\.gradle\caches\7.0.2\md-rule)" [_thread_blocked, id=3904, stack(0x000000002b010000,0x000000002b110000)]
  0x0000000025e85000 JavaThread "Cache worker for execution history cache (C:\Users\Dell\.gradle\caches\7.0.2\executionHistory)" [_thread_blocked, id=3228, stack(0x000000002c100000,0x000000002c200000)]
  0x0000000025e86800 JavaThread "Cache worker for file content cache (C:\Users\Dell\.gradle\caches\7.0.2\fileContent)" [_thread_blocked, id=3380, stack(0x000000002ca80000,0x000000002cb80000)]
  0x000000002b1b3000 JavaThread "Cache worker for dependencies-accessors (C:\Users\Dell\AndroidStudioProjects\NoteApp\.gradle\7.0.2\dependencies-accessors)" [_thread_blocked, id=5724, stack(0x000000002d580000,0x000000002d680000)]
  0x000000002b1b4000 JavaThread "Cache worker for Build Output Cleanup Cache (C:\Users\Dell\AndroidStudioProjects\NoteApp\.gradle\buildOutputCleanup)" [_thread_blocked, id=356, stack(0x000000002d380000,0x000000002d480000)]
  0x000000002b1b4800 JavaThread "Build operations" [_thread_blocked, id=4672, stack(0x000000002d700000,0x000000002d800000)]
  0x000000002b1b5800 JavaThread "Build operations Thread 2" [_thread_blocked, id=5960, stack(0x000000002eb40000,0x000000002ec40000)]
  0x000000002b1b6800 JavaThread "Build operations Thread 3" [_thread_blocked, id=4120, stack(0x000000002ed00000,0x000000002ee00000)]
  0x000000002b1b7000 JavaThread "Build operations Thread 4" [_thread_blocked, id=2488, stack(0x000000002ee40000,0x000000002ef40000)]
  0x000000002b1b8000 JavaThread "Memory manager" [_thread_blocked, id=792, stack(0x000000002f950000,0x000000002fa50000)]
  0x000000002d86d800 JavaThread "C2 CompilerThread1" daemon [_thread_in_native, id=572, stack(0x000000002f160000,0x000000002f260000)]

Other Threads:
  0x0000000022656800 VMThread "VM Thread" [stack: 0x0000000022890000,0x0000000022990000] [id=2184]
  0x00000000234f2000 WatcherThread [stack: 0x0000000023b40000,0x0000000023c40000] [id=5072]
  0x0000000000511800 GCTaskThread "GC Thread#0" [stack: 0x00000000155d0000,0x00000000156d0000] [id=5104]
  0x00000000246dc000 GCTaskThread "GC Thread#1" [stack: 0x0000000023820000,0x0000000023920000] [id=4148]
  0x0000000025b37800 GCTaskThread "GC Thread#2" [stack: 0x0000000027be0000,0x0000000027ce0000] [id=3608]
  0x0000000025b42000 GCTaskThread "GC Thread#3" [stack: 0x0000000028210000,0x0000000028310000] [id=4092]
  0x000000000056d800 ConcurrentGCThread "G1 Main Marker" [stack: 0x000000001f260000,0x000000001f360000] [id=2344]
  0x000000000056e800 ConcurrentGCThread "G1 Conc#0" [stack: 0x000000001f500000,0x000000001f600000] [id=3840]
  0x000000002186a000 ConcurrentGCThread "G1 Refine#0" [stack: 0x0000000021b10000,0x0000000021c10000] [id=3188]
  0x000000002186b000 ConcurrentGCThread "G1 Young RemSet Sampling" [stack: 0x0000000021c70000,0x0000000021d70000] [id=5388]

Threads with active compile tasks:
C2 CompilerThread0  37818 6908 %     4      
[error occurred during error reporting (printing all threads), id 0xe0000001, Out of Memory Error (./src/hotspot/share/memory/arena.cpp:81)]

VM state:not at safepoint (normal execution)

VM Mutex/Monitor currently owned by a thread: None

Heap address: 0x0000000700000000, size: 4096 MB, Compressed Oops mode: Zero based, Oop shift amount: 3
Narrow klass base: 0x0000000800000000, Narrow klass shift: 0
Compressed class space size: 1073741824 Address: 0x0000000800000000

Heap:
 garbage-first heap   total 133120K, used 87843K [0x0000000700000000, 0x0000000800000000)
  region size 1024K, 6 young (6144K), 4 survivors (4096K)
 Metaspace       used 68597K, capacity 70391K, committed 70500K, reserved 1110016K
  class space    used 8695K, capacity 9329K, committed 9344K, reserved 1048576K
Heap Regions: E=young(eden), S=young(survivor), O=old, HS=humongous(starts), HC=humongous(continues), CS=collection set, F=free, A=archive, TAMS=top-at-mark-start (previous, next)
|   0|0x0000000700000000, 0x0000000700100000, 0x0000000700100000|100%| O|  |TAMS 0x0000000700100000, 0x0000000700000000| Untracked 
|   1|0x0000000700100000, 0x0000000700200000, 0x0000000700200000|100%| O|  |TAMS 0x0000000700200000, 0x0000000700100000| Untracked 
|   2|0x0000000700200000, 0x0000000700300000, 0x0000000700300000|100%| O|  |TAMS 0x0000000700300000, 0x0000000700200000| Untracked 
|   3|0x0000000700300000, 0x0000000700400000, 0x0000000700400000|100%|HS|  |TAMS 0x0000000700400000, 0x0000000700300000| Complete 
|   4|0x0000000700400000, 0x0000000700500000, 0x0000000700500000|100%|HC|  |TAMS 0x0000000700500000, 0x0000000700400000| Complete 
|   5|0x0000000700500000, 0x0000000700600000, 0x0000000700600000|100%|HC|  |TAMS 0x0000000700600000, 0x0000000700500000| Complete 
|   6|0x0000000700600000, 0x0000000700700000, 0x0000000700700000|100%| O|  |TAMS 0x0000000700700000, 0x0000000700600000| Untracked 
|   7|0x0000000700700000, 0x0000000700800000, 0x0000000700800000|100%| O|  |TAMS 0x0000000700800000, 0x0000000700700000| Untracked 
|   8|0x0000000700800000, 0x0000000700900000, 0x0000000700900000|100%| O|  |TAMS 0x0000000700900000, 0x0000000700800000| Untracked 
|   9|0x0000000700900000, 0x0000000700a00000, 0x0000000700a00000|100%| O|  |TAMS 0x0000000700a00000, 0x0000000700900000| Untracked 
|  10|0x0000000700a00000, 0x0000000700b00000, 0x0000000700b00000|100%| O|  |TAMS 0x0000000700b00000, 0x0000000700a00000| Untracked 
|  11|0x0000000700b00000, 0x0000000700c00000, 0x0000000700c00000|100%| O|  |TAMS 0x0000000700c00000, 0x0000000700b00000| Untracked 
|  12|0x0000000700c00000, 0x0000000700d00000, 0x0000000700d00000|100%| O|  |TAMS 0x0000000700d00000, 0x0000000700c00000| Untracked 
|  13|0x0000000700d00000, 0x0000000700e00000, 0x0000000700e00000|100%| O|  |TAMS 0x0000000700e00000, 0x0000000700d00000| Untracked 
|  14|0x0000000700e00000, 0x0000000700f00000, 0x0000000700f00000|100%| O|  |TAMS 0x0000000700f00000, 0x0000000700e00000| Untracked 
|  15|0x0000000700f00000, 0x0000000701000000, 0x0000000701000000|100%|HS|  |TAMS 0x0000000701000000, 0x0000000700f00000| Complete 
|  16|0x0000000701000000, 0x0000000701100000, 0x0000000701100000|100%|HC|  |TAMS 0x0000000701100000, 0x0000000701000000| Complete 
|  17|0x0000000701100000, 0x0000000701200000, 0x0000000701200000|100%|HS|  |TAMS 0x0000000701200000, 0x0000000701100000| Complete 
|  18|0x0000000701200000, 0x0000000701300000, 0x0000000701300000|100%|HC|  |TAMS 0x0000000701300000, 0x0000000701200000| Complete 
|  19|0x0000000701300000, 0x0000000701400000, 0x0000000701400000|100%|HC|  |TAMS 0x0000000701400000, 0x0000000701300000| Complete 
|  20|0x0000000701400000, 0x0000000701500000, 0x0000000701500000|100%|HS|  |TAMS 0x0000000701500000, 0x0000000701400000| Complete 
|  21|0x0000000701500000, 0x0000000701600000, 0x0000000701600000|100%|HC|  |TAMS 0x0000000701600000, 0x0000000701500000| Complete 
|  22|0x0000000701600000, 0x0000000701700000, 0x0000000701700000|100%|HC|  |TAMS 0x0000000701700000, 0x0000000701600000| Complete 
|  23|0x0000000701700000, 0x0000000701800000, 0x0000000701800000|100%|HC|  |TAMS 0x0000000701800000, 0x0000000701700000| Complete 
|  24|0x0000000701800000, 0x0000000701900000, 0x0000000701900000|100%|HC|  |TAMS 0x0000000701900000, 0x0000000701800000| Complete 
|  25|0x0000000701900000, 0x0000000701a00000, 0x0000000701a00000|100%| O|  |TAMS 0x0000000701a00000, 0x0000000701900000| Untracked 
|  26|0x0000000701a00000, 0x0000000701b00000, 0x0000000701b00000|100%| O|  |TAMS 0x0000000701b00000, 0x0000000701a00000| Untracked 
|  27|0x0000000701b00000, 0x0000000701c00000, 0x0000000701c00000|100%| O|  |TAMS 0x0000000701c00000, 0x0000000701b00000| Untracked 
|  28|0x0000000701c00000, 0x0000000701d00000, 0x0000000701d00000|100%| O|  |TAMS 0x0000000701d00000, 0x0000000701c00000| Untracked 
|  29|0x0000000701d00000, 0x0000000701e00000, 0x0000000701e00000|100%| O|  |TAMS 0x0000000701e00000, 0x0000000701d00000| Untracked 
|  30|0x0000000701e00000, 0x0000000701f00000, 0x0000000701f00000|100%| O|  |TAMS 0x0000000701f00000, 0x0000000701e00000| Untracked 
|  31|0x0000000701f00000, 0x0000000702000000, 0x0000000702000000|100%| O|  |TAMS 0x0000000702000000, 0x0000000701f00000| Untracked 
|  32|0x0000000702000000, 0x0000000702100000, 0x0000000702100000|100%| O|  |TAMS 0x0000000702100000, 0x0000000702000000| Untracked 
|  33|0x0000000702100000, 0x0000000702200000, 0x0000000702200000|100%| O|  |TAMS 0x0000000702200000, 0x0000000702100000| Untracked 
|  34|0x0000000702200000, 0x0000000702300000, 0x0000000702300000|100%|HS|  |TAMS 0x0000000702300000, 0x0000000702200000| Complete 
|  35|0x0000000702300000, 0x0000000702400000, 0x0000000702400000|100%|HC|  |TAMS 0x0000000702400000, 0x0000000702300000| Complete 
|  36|0x0000000702400000, 0x0000000702500000, 0x0000000702500000|100%|HC|  |TAMS 0x0000000702500000, 0x0000000702400000| Complete 
|  37|0x0000000702500000, 0x0000000702600000, 0x0000000702600000|100%| O|  |TAMS 0x0000000702600000, 0x0000000702500000| Untracked 
|  38|0x0000000702600000, 0x0000000702700000, 0x0000000702700000|100%| O|  |TAMS 0x0000000702700000, 0x0000000702600000| Untracked 
|  39|0x0000000702700000, 0x0000000702800000, 0x0000000702800000|100%| O|  |TAMS 0x0000000702800000, 0x0000000702700000| Untracked 
|  40|0x0000000702800000, 0x0000000702900000, 0x0000000702900000|100%| O|  |TAMS 0x0000000702900000, 0x0000000702800000| Untracked 
|  41|0x0000000702900000, 0x0000000702a00000, 0x0000000702a00000|100%|HS|  |TAMS 0x0000000702a00000, 0x0000000702900000| Complete 
|  42|0x0000000702a00000, 0x0000000702b00000, 0x0000000702b00000|100%|HC|  |TAMS 0x0000000702b00000, 0x0000000702a00000| Complete 
|  43|0x0000000702b00000, 0x0000000702c00000, 0x0000000702c00000|100%|HC|  |TAMS 0x0000000702c00000, 0x0000000702b00000| Complete 
|  44|0x0000000702c00000, 0x0000000702d00000, 0x0000000702d00000|100%|HC|  |TAMS 0x0000000702d00000, 0x0000000702c00000| Complete 
|  45|0x0000000702d00000, 0x0000000702e00000, 0x0000000702e00000|100%|HC|  |TAMS 0x0000000702e00000, 0x0000000702d00000| Complete 
|  46|0x0000000702e00000, 0x0000000702f00000, 0x0000000702f00000|100%| O|  |TAMS 0x0000000702f00000, 0x0000000702e00000| Untracked 
|  47|0x0000000702f00000, 0x0000000703000000, 0x0000000703000000|100%| O|  |TAMS 0x0000000703000000, 0x0000000702f00000| Untracked 
|  48|0x0000000703000000, 0x0000000703100000, 0x0000000703100000|100%| O|  |TAMS 0x0000000703100000, 0x0000000703000000| Untracked 
|  49|0x0000000703100000, 0x0000000703200000, 0x0000000703200000|100%| O|  |TAMS 0x0000000703200000, 0x0000000703100000| Untracked 
|  50|0x0000000703200000, 0x0000000703300000, 0x0000000703300000|100%| O|  |TAMS 0x0000000703300000, 0x0000000703200000| Untracked 
|  51|0x0000000703300000, 0x0000000703400000, 0x0000000703400000|100%| O|  |TAMS 0x0000000703400000, 0x0000000703300000| Untracked 
|  52|0x0000000703400000, 0x0000000703500000, 0x0000000703500000|100%| O|  |TAMS 0x0000000703500000, 0x0000000703400000| Untracked 
|  53|0x0000000703500000, 0x0000000703600000, 0x0000000703600000|100%| O|  |TAMS 0x0000000703600000, 0x0000000703500000| Untracked 
|  54|0x0000000703600000, 0x0000000703700000, 0x0000000703700000|100%| O|  |TAMS 0x0000000703700000, 0x0000000703600000| Untracked 
|  55|0x0000000703700000, 0x0000000703800000, 0x0000000703800000|100%|HS|  |TAMS 0x0000000703800000, 0x0000000703700000| Complete 
|  56|0x0000000703800000, 0x0000000703900000, 0x0000000703900000|100%|HS|  |TAMS 0x0000000703900000, 0x0000000703800000| Complete 
|  57|0x0000000703900000, 0x0000000703a00000, 0x0000000703a00000|100%|HS|  |TAMS 0x0000000703a00000, 0x0000000703900000| Complete 
|  58|0x0000000703a00000, 0x0000000703b00000, 0x0000000703b00000|100%| O|  |TAMS 0x0000000703b00000, 0x0000000703a00000| Untracked 
|  59|0x0000000703b00000, 0x0000000703c00000, 0x0000000703c00000|100%|HS|  |TAMS 0x0000000703c00000, 0x0000000703b00000| Complete 
|  60|0x0000000703c00000, 0x0000000703d00000, 0x0000000703d00000|100%|HC|  |TAMS 0x0000000703d00000, 0x0000000703c00000| Complete 
|  61|0x0000000703d00000, 0x0000000703e00000, 0x0000000703e00000|100%|HC|  |TAMS 0x0000000703e00000, 0x0000000703d00000| Complete 
|  62|0x0000000703e00000, 0x0000000703f00000, 0x0000000703f00000|100%| O|  |TAMS 0x0000000703f00000, 0x0000000703e00000| Untracked 
|  63|0x0000000703f00000, 0x0000000704000000, 0x0000000704000000|100%| O|  |TAMS 0x0000000704000000, 0x0000000703f00000| Untracked 
|  64|0x0000000704000000, 0x0000000704100000, 0x0000000704100000|100%| O|  |TAMS 0x0000000704100000, 0x0000000704000000| Untracked 
|  65|0x0000000704100000, 0x0000000704200000, 0x0000000704200000|100%| O|  |TAMS 0x0000000704200000, 0x0000000704100000| Untracked 
|  66|0x0000000704200000, 0x0000000704300000, 0x0000000704300000|100%| O|  |TAMS 0x0000000704300000, 0x0000000704200000| Untracked 
|  67|0x0000000704300000, 0x0000000704400000, 0x0000000704400000|100%| O|  |TAMS 0x0000000704400000, 0x0000000704300000| Untracked 
|  68|0x0000000704400000, 0x0000000704500000, 0x0000000704500000|100%|HS|  |TAMS 0x0000000704500000, 0x0000000704400000| Complete 
|  69|0x0000000704500000, 0x0000000704600000, 0x0000000704600000|100%|HC|  |TAMS 0x0000000704600000, 0x0000000704500000| Complete 
|  70|0x0000000704600000, 0x0000000704700000, 0x0000000704700000|100%| O|  |TAMS 0x0000000704700000, 0x0000000704600000| Untracked 
|  71|0x0000000704700000, 0x0000000704800000, 0x0000000704800000|100%| O|  |TAMS 0x0000000704800000, 0x0000000704700000| Untracked 
|  72|0x0000000704800000, 0x0000000704900000, 0x0000000704900000|100%| O|  |TAMS 0x0000000704900000, 0x0000000704800000| Untracked 
|  73|0x0000000704900000, 0x0000000704a00000, 0x0000000704a00000|100%| O|  |TAMS 0x0000000704a00000, 0x0000000704900000| Untracked 
|  74|0x0000000704a00000, 0x0000000704b00000, 0x0000000704b00000|100%| O|  |TAMS 0x0000000704b00000, 0x0000000704a00000| Untracked 
|  75|0x0000000704b00000, 0x0000000704c00000, 0x0000000704c00000|100%| O|  |TAMS 0x0000000704c00000, 0x0000000704b00000| Untracked 
|  76|0x0000000704c00000, 0x0000000704d00000, 0x0000000704d00000|100%| O|  |TAMS 0x0000000704d00000, 0x0000000704c00000| Untracked 
|  77|0x0000000704d00000, 0x0000000704e00000, 0x0000000704e00000|100%| O|  |TAMS 0x0000000704e00000, 0x0000000704d00000| Untracked 
|  78|0x0000000704e00000, 0x0000000704f00000, 0x0000000704f00000|100%| O|  |TAMS 0x0000000704f00000, 0x0000000704e00000| Untracked 
|  79|0x0000000704f00000, 0x0000000704fc8c00, 0x0000000705000000| 78%| O|  |TAMS 0x0000000704f00000, 0x0000000704f00000| Untracked 
|  80|0x0000000705000000, 0x0000000705100000, 0x0000000705100000|100%| O|  |TAMS 0x00000007050bc200, 0x0000000705000000| Untracked 
|  81|0x0000000705100000, 0x0000000705100000, 0x0000000705200000|  0%| F|  |TAMS 0x0000000705100000, 0x0000000705100000| Untracked 
|  82|0x0000000705200000, 0x0000000705200000, 0x0000000705300000|  0%| F|  |TAMS 0x0000000705200000, 0x0000000705200000| Untracked 
|  83|0x0000000705300000, 0x0000000705300000, 0x0000000705400000|  0%| F|  |TAMS 0x0000000705300000, 0x0000000705300000| Untracked 
|  84|0x0000000705400000, 0x0000000705400000, 0x0000000705500000|  0%| F|  |TAMS 0x0000000705400000, 0x0000000705400000| Untracked 
|  85|0x0000000705500000, 0x0000000705500000, 0x0000000705600000|  0%| F|  |TAMS 0x0000000705500000, 0x0000000705500000| Untracked 
|  86|0x0000000705600000, 0x0000000705600000, 0x0000000705700000|  0%| F|  |TAMS 0x0000000705600000, 0x0000000705600000| Untracked 
|  87|0x0000000705700000, 0x0000000705700000, 0x0000000705800000|  0%| F|  |TAMS 0x0000000705700000, 0x0000000705700000| Untracked 
|  88|0x0000000705800000, 0x0000000705800000, 0x0000000705900000|  0%| F|  |TAMS 0x0000000705800000, 0x0000000705800000| Untracked 
|  89|0x0000000705900000, 0x0000000705900000, 0x0000000705a00000|  0%| F|  |TAMS 0x0000000705900000, 0x0000000705900000| Untracked 
|  90|0x0000000705a00000, 0x0000000705a00000, 0x0000000705b00000|  0%| F|  |TAMS 0x0000000705a00000, 0x0000000705a00000| Untracked 
|  91|0x0000000705b00000, 0x0000000705b00000, 0x0000000705c00000|  0%| F|  |TAMS 0x0000000705b00000, 0x0000000705b00000| Untracked 
|  92|0x0000000705c00000, 0x0000000705c00000, 0x0000000705d00000|  0%| F|  |TAMS 0x0000000705c00000, 0x0000000705c00000| Untracked 
|  93|0x0000000705d00000, 0x0000000705d00000, 0x0000000705e00000|  0%| F|  |TAMS 0x0000000705d00000, 0x0000000705d00000| Untracked 
|  94|0x0000000705e00000, 0x0000000705e00000, 0x0000000705f00000|  0%| F|  |TAMS 0x0000000705e00000, 0x0000000705e00000| Untracked 
|  95|0x0000000705f00000, 0x0000000705f00000, 0x0000000706000000|  0%| F|  |TAMS 0x0000000705f00000, 0x0000000705f00000| Untracked 
|  96|0x0000000706000000, 0x0000000706000000, 0x0000000706100000|  0%| F|  |TAMS 0x0000000706000000, 0x0000000706000000| Untracked 
|  97|0x0000000706100000, 0x0000000706100000, 0x0000000706200000|  0%| F|  |TAMS 0x0000000706100000, 0x0000000706100000| Untracked 
|  98|0x0000000706200000, 0x0000000706200000, 0x0000000706300000|  0%| F|  |TAMS 0x0000000706200000, 0x0000000706200000| Untracked 
|  99|0x0000000706300000, 0x0000000706300000, 0x0000000706400000|  0%| F|  |TAMS 0x0000000706300000, 0x0000000706300000| Untracked 
| 100|0x0000000706400000, 0x0000000706400000, 0x0000000706500000|  0%| F|  |TAMS 0x0000000706400000, 0x0000000706400000| Untracked 
| 101|0x0000000706500000, 0x0000000706600000, 0x0000000706600000|100%| S|CS|TAMS 0x0000000706500000, 0x0000000706500000| Complete 
| 102|0x0000000706600000, 0x0000000706700000, 0x0000000706700000|100%| S|CS|TAMS 0x0000000706600000, 0x0000000706600000| Complete 
| 103|0x0000000706700000, 0x0000000706700000, 0x0000000706800000|  0%| F|  |TAMS 0x0000000706700000, 0x0000000706700000| Untracked 
| 104|0x0000000706800000, 0x0000000706900000, 0x0000000706900000|100%| S|CS|TAMS 0x0000000706800000, 0x0000000706800000| Complete 
| 105|0x0000000706900000, 0x0000000706a00000, 0x0000000706a00000|100%| S|CS|TAMS 0x0000000706900000, 0x0000000706900000| Complete 
| 106|0x0000000706a00000, 0x0000000706a00000, 0x0000000706b00000|  0%| F|  |TAMS 0x0000000706a00000, 0x0000000706a00000| Untracked 
| 107|0x0000000706b00000, 0x0000000706b00000, 0x0000000706c00000|  0%| F|  |TAMS 0x0000000706b00000, 0x0000000706b00000| Untracked 
| 108|0x0000000706c00000, 0x0000000706c00000, 0x0000000706d00000|  0%| F|  |TAMS 0x0000000706c00000, 0x0000000706c00000| Untracked 
| 109|0x0000000706d00000, 0x0000000706d00000, 0x0000000706e00000|  0%| F|  |TAMS 0x0000000706d00000, 0x0000000706d00000| Untracked 
| 110|0x0000000706e00000, 0x0000000706e00000, 0x0000000706f00000|  0%| F|  |TAMS 0x0000000706e00000, 0x0000000706e00000| Untracked 
| 111|0x0000000706f00000, 0x0000000706f00000, 0x0000000707000000|  0%| F|  |TAMS 0x0000000706f00000, 0x0000000706f00000| Untracked 
| 112|0x0000000707000000, 0x0000000707000000, 0x0000000707100000|  0%| F|  |TAMS 0x0000000707000000, 0x0000000707000000| Untracked 
| 113|0x0000000707100000, 0x0000000707100000, 0x0000000707200000|  0%| F|  |TAMS 0x0000000707100000, 0x0000000707100000| Untracked 
| 114|0x0000000707200000, 0x0000000707200000, 0x0000000707300000|  0%| F|  |TAMS 0x0000000707200000, 0x0000000707200000| Untracked 
| 115|0x0000000707300000, 0x0000000707300000, 0x0000000707400000|  0%| F|  |TAMS 0x0000000707300000, 0x0000000707300000| Untracked 
| 116|0x0000000707400000, 0x0000000707400000, 0x0000000707500000|  0%| F|  |TAMS 0x0000000707400000, 0x0000000707400000| Untracked 
| 117|0x0000000707500000, 0x0000000707500000, 0x0000000707600000|  0%| F|  |TAMS 0x0000000707500000, 0x0000000707500000| Untracked 
| 118|0x0000000707600000, 0x0000000707600000, 0x0000000707700000|  0%| F|  |TAMS 0x0000000707600000, 0x0000000707600000| Untracked 
| 119|0x0000000707700000, 0x0000000707700000, 0x0000000707800000|  0%| F|  |TAMS 0x0000000707700000, 0x0000000707700000| Untracked 
| 120|0x0000000707800000, 0x0000000707800000, 0x0000000707900000|  0%| F|  |TAMS 0x0000000707800000, 0x0000000707800000| Untracked 
| 121|0x0000000707900000, 0x0000000707900000, 0x0000000707a00000|  0%| F|  |TAMS 0x0000000707900000, 0x0000000707900000| Untracked 
| 122|0x0000000707a00000, 0x0000000707a00000, 0x0000000707b00000|  0%| F|  |TAMS 0x0000000707a00000, 0x0000000707a00000| Untracked 
| 123|0x0000000707b00000, 0x0000000707b00000, 0x0000000707c00000|  0%| F|  |TAMS 0x0000000707b00000, 0x0000000707b00000| Untracked 
| 124|0x0000000707c00000, 0x0000000707c00000, 0x0000000707d00000|  0%| F|  |TAMS 0x0000000707c00000, 0x0000000707c00000| Untracked 
| 125|0x0000000707d00000, 0x0000000707d00000, 0x0000000707e00000|  0%| F|  |TAMS 0x0000000707d00000, 0x0000000707d00000| Untracked 
| 126|0x0000000707e00000, 0x0000000707e00000, 0x0000000707f00000|  0%| F|  |TAMS 0x0000000707e00000, 0x0000000707e00000| Untracked 
| 127|0x0000000707f00000, 0x0000000707f00000, 0x0000000708000000|  0%| F|  |TAMS 0x0000000707f00000, 0x0000000707f00000| Untracked 
| 128|0x0000000708000000, 0x0000000708100000, 0x0000000708100000|100%| E|  |TAMS 0x0000000708000000, 0x0000000708000000| Complete 
| 129|0x0000000708100000, 0x0000000708200000, 0x0000000708200000|100%| E|CS|TAMS 0x0000000708100000, 0x0000000708100000| Complete 

Card table byte_map: [0x0000000016200000,0x0000000016a00000] _byte_map_base: 0x0000000012a00000

Marking Bits (Prev, Next): (CMBitMap*) 0x000000000055c750, (CMBitMap*) 0x000000000055c718
 Prev Bits: [0x000000001b200000, 0x000000001f200000)
 Next Bits: [0x0000000017200000, 0x000000001b200000)

Polling page: 0x0000000000130000

Metaspace:

Usage:
  Non-class:     59.63 MB capacity,    58.50 MB ( 98%) used,   985.26 KB (  2%) free+waste,   174.38 KB ( <1%) overhead. 
      Class:      9.11 MB capacity,     8.49 MB ( 93%) used,   552.17 KB (  6%) free+waste,    81.50 KB ( <1%) overhead. 
       Both:     68.74 MB capacity,    66.99 MB ( 97%) used,     1.50 MB (  2%) free+waste,   255.88 KB ( <1%) overhead. 

Virtual space:
  Non-class space:       60.00 MB reserved,      59.72 MB (>99%) committed 
      Class space:        1.00 GB reserved,       9.13 MB ( <1%) committed 
             Both:        1.06 GB reserved,      68.85 MB (  6%) committed 

Chunk freelists:
   Non-Class:  30.00 KB
       Class:  15.00 KB
        Both:  45.00 KB

MaxMetaspaceSize: 17179869184.00 GB
CompressedClassSpaceSize: 1.00 GB

CodeHeap 'non-profiled nmethods': size=120064Kb used=4294Kb max_used=4294Kb free=115769Kb
 bounds [0x000000000dcd0000, 0x000000000e110000, 0x0000000015210000]
CodeHeap 'profiled nmethods': size=120000Kb used=15118Kb max_used=15118Kb free=104881Kb
 bounds [0x00000000067a0000, 0x0000000007670000, 0x000000000dcd0000]
CodeHeap 'non-nmethods': size=5696Kb used=2269Kb max_used=2325Kb free=3426Kb
 bounds [0x0000000006210000, 0x0000000006480000, 0x00000000067a0000]
 total_blobs=7808 nmethods=6948 adapters=772
 compilation: enabled
              stopped_count=0, restarted_count=0
 full_count=0

Compilation events (20 events):
Event: 37.634 Thread 0x00000000226cc000 7022       3       org.gradle.tooling.internal.provider.runner.ClientForwardingTestOperationListener::finished (102 bytes)
Event: 37.636 Thread 0x00000000226cc000 nmethod 7022 0x000000000765ea10 code [0x000000000765ed00, 0x000000000765fc68]
Event: 37.636 Thread 0x00000000226cc000 7023       3       org.gradle.internal.operations.DefaultBuildOperationRunner$BuildOperationTrackingListener::close (42 bytes)
Event: 37.638 Thread 0x00000000226cc000 nmethod 7023 0x0000000007660090 code [0x0000000007660320, 0x00000000076610e8]
Event: 37.638 Thread 0x00000000226cc000 7024       3       org.gradle.internal.operations.DefaultBuildOperationExecutor$ListenerAdapter::close (1 bytes)
Event: 37.638 Thread 0x00000000226cc000 nmethod 7024 0x0000000007661610 code [0x00000000076617c0, 0x00000000076618b8]
Event: 37.638 Thread 0x00000000226cc000 7019       3       org.gradle.api.internal.artifacts.configurations.DefaultConfiguration::validateMutation (16 bytes)
Event: 37.639 Thread 0x00000000226cc000 nmethod 7019 0x0000000007661990 code [0x0000000007661b60, 0x0000000007661dd8]
Event: 37.639 Thread 0x00000000226cc000 7007       3       org.gradle.api.internal.DefaultCollectionCallbackActionDecorator$BuildOperationEmittingAction$1::run (26 bytes)
Event: 37.639 Thread 0x00000000226cc000 nmethod 7007 0x0000000007661f10 code [0x00000000076620e0, 0x00000000076623a8]
Event: 37.639 Thread 0x00000000226cc000 7005       3       org.gradle.api.internal.artifacts.configurations.DefaultConfigurationContainer_Decorated::getMutationGuard (39 bytes)
Event: 37.640 Thread 0x00000000226cc000 nmethod 7005 0x0000000007662510 code [0x0000000007662760, 0x0000000007663128]
Event: 37.640 Thread 0x00000000226cc000 7006       1       org.gradle.api.internal.artifacts.ivyservice.moduleconverter.DefaultRootComponentMetadataBuilder::getValidator (5 bytes)
Event: 37.640 Thread 0x00000000226cc000 nmethod 7006 0x000000000e100f90 code [0x000000000e101140, 0x000000000e1011f8]
Event: 37.640 Thread 0x00000000226cc000 7021       1       org.gradle.api.internal.artifacts.configurations.DefaultConfiguration::access$2300 (5 bytes)
Event: 37.641 Thread 0x00000000226cc000 nmethod 7021 0x000000000e101290 code [0x000000000e101440, 0x000000000e1014d8]
Event: 37.641 Thread 0x00000000226cc000 7025       1       org.gradle.api.internal.artifacts.configurations.DefaultConfiguration::getArtifacts (5 bytes)
Event: 37.641 Thread 0x00000000226cc000 nmethod 7025 0x000000000e101590 code [0x000000000e101740, 0x000000000e1017f8]
Event: 37.707 Thread 0x00000000226cc000 7026       3       com.google.common.base.Preconditions::checkNotNull (14 bytes)
Event: 37.707 Thread 0x00000000226cc000 nmethod 7026 0x0000000007663410 code [0x00000000076635e0, 0x00000000076637c8]

GC Heap History (20 events):
Event: 26.377 GC heap before
{Heap before GC invocations=25 (full 0):
 garbage-first heap   total 133120K, used 72393K [0x0000000700000000, 0x0000000800000000)
  region size 1024K, 10 young (10240K), 6 survivors (6144K)
 Metaspace       used 49811K, capacity 51324K, committed 51428K, reserved 1093632K
  class space    used 6359K, capacity 6855K, committed 6912K, reserved 1048576K
}
Event: 26.405 GC heap after
{Heap after GC invocations=26 (full 0):
 garbage-first heap   total 133120K, used 71629K [0x0000000700000000, 0x0000000800000000)
  region size 1024K, 3 young (3072K), 3 survivors (3072K)
 Metaspace       used 49811K, capacity 51324K, committed 51428K, reserved 1093632K
  class space    used 6359K, capacity 6855K, committed 6912K, reserved 1048576K
}
Event: 28.880 GC heap before
{Heap before GC invocations=27 (full 0):
 garbage-first heap   total 133120K, used 95181K [0x0000000700000000, 0x0000000800000000)
  region size 1024K, 25 young (25600K), 3 survivors (3072K)
 Metaspace       used 51928K, capacity 53475K, committed 53732K, reserved 1095680K
  class space    used 6630K, capacity 7143K, committed 7168K, reserved 1048576K
}
Event: 28.888 GC heap after
{Heap after GC invocations=28 (full 0):
 garbage-first heap   total 133120K, used 75607K [0x0000000700000000, 0x0000000800000000)
  region size 1024K, 4 young (4096K), 4 survivors (4096K)
 Metaspace       used 51928K, capacity 53475K, committed 53732K, reserved 1095680K
  class space    used 6630K, capacity 7143K, committed 7168K, reserved 1048576K
}
Event: 29.975 GC heap before
{Heap before GC invocations=28 (full 0):
 garbage-first heap   total 133120K, used 99159K [0x0000000700000000, 0x0000000800000000)
  region size 1024K, 27 young (27648K), 4 survivors (4096K)
 Metaspace       used 55098K, capacity 56707K, committed 57060K, reserved 1099776K
  class space    used 7048K, capacity 7580K, committed 7680K, reserved 1048576K
}
Event: 29.986 GC heap after
{Heap after GC invocations=29 (full 0):
 garbage-first heap   total 133120K, used 76696K [0x0000000700000000, 0x0000000800000000)
  region size 1024K, 3 young (3072K), 3 survivors (3072K)
 Metaspace       used 55098K, capacity 56707K, committed 57060K, reserved 1099776K
  class space    used 7048K, capacity 7580K, committed 7680K, reserved 1048576K
}
Event: 32.043 GC heap before
{Heap before GC invocations=30 (full 0):
 garbage-first heap   total 133120K, used 100248K [0x0000000700000000, 0x0000000800000000)
  region size 1024K, 26 young (26624K), 3 survivors (3072K)
 Metaspace       used 58916K, capacity 60592K, committed 60900K, reserved 1101824K
  class space    used 7498K, capacity 8082K, committed 8192K, reserved 1048576K
}
Event: 32.051 GC heap after
{Heap after GC invocations=31 (full 0):
 garbage-first heap   total 133120K, used 77456K [0x0000000700000000, 0x0000000800000000)
  region size 1024K, 2 young (2048K), 2 survivors (2048K)
 Metaspace       used 58916K, capacity 60592K, committed 60900K, reserved 1101824K
  class space    used 7498K, capacity 8082K, committed 8192K, reserved 1048576K
}
Event: 33.087 GC heap before
{Heap before GC invocations=31 (full 0):
 garbage-first heap   total 133120K, used 101008K [0x0000000700000000, 0x0000000800000000)
  region size 1024K, 26 young (26624K), 2 survivors (2048K)
 Metaspace       used 61500K, capacity 63238K, committed 63460K, reserved 1103872K
  class space    used 7806K, capacity 8408K, committed 8448K, reserved 1048576K
}
Event: 33.103 GC heap after
{Heap after GC invocations=32 (full 0):
 garbage-first heap   total 133120K, used 80256K [0x0000000700000000, 0x0000000800000000)
  region size 1024K, 4 young (4096K), 4 survivors (4096K)
 Metaspace       used 61500K, capacity 63238K, committed 63460K, reserved 1103872K
  class space    used 7806K, capacity 8408K, committed 8448K, reserved 1048576K
}
Event: 34.789 GC heap before
{Heap before GC invocations=33 (full 0):
 garbage-first heap   total 133120K, used 104832K [0x0000000700000000, 0x0000000800000000)
  region size 1024K, 28 young (28672K), 4 survivors (4096K)
 Metaspace       used 63932K, capacity 65604K, committed 65892K, reserved 1105920K
  class space    used 8132K, capacity 8743K, committed 8832K, reserved 1048576K
}
Event: 34.804 GC heap after
{Heap after GC invocations=34 (full 0):
 garbage-first heap   total 133120K, used 81654K [0x0000000700000000, 0x0000000800000000)
  region size 1024K, 2 young (2048K), 2 survivors (2048K)
 Metaspace       used 63932K, capacity 65604K, committed 65892K, reserved 1105920K
  class space    used 8132K, capacity 8743K, committed 8832K, reserved 1048576K
}
Event: 34.942 GC heap before
{Heap before GC invocations=34 (full 0):
 garbage-first heap   total 133120K, used 83702K [0x0000000700000000, 0x0000000800000000)
  region size 1024K, 5 young (5120K), 2 survivors (2048K)
 Metaspace       used 64181K, capacity 65898K, committed 66148K, reserved 1105920K
  class space    used 8158K, capacity 8777K, committed 8832K, reserved 1048576K
}
Event: 34.953 GC heap after
{Heap after GC invocations=35 (full 0):
 garbage-first heap   total 133120K, used 82103K [0x0000000700000000, 0x0000000800000000)
  region size 1024K, 2 young (2048K), 2 survivors (2048K)
 Metaspace       used 64181K, capacity 65898K, committed 66148K, reserved 1105920K
  class space    used 8158K, capacity 8777K, committed 8832K, reserved 1048576K
}
Event: 36.186 GC heap before
{Heap before GC invocations=36 (full 0):
 garbage-first heap   total 133120K, used 105655K [0x0000000700000000, 0x0000000800000000)
  region size 1024K, 24 young (24576K), 2 survivors (2048K)
 Metaspace       used 66492K, capacity 68235K, committed 68452K, reserved 1107968K
  class space    used 8456K, capacity 9062K, committed 9088K, reserved 1048576K
}
Event: 36.197 GC heap after
{Heap after GC invocations=37 (full 0):
 garbage-first heap   total 133120K, used 82864K [0x0000000700000000, 0x0000000800000000)
  region size 1024K, 2 young (2048K), 2 survivors (2048K)
 Metaspace       used 66492K, capacity 68235K, committed 68452K, reserved 1107968K
  class space    used 8456K, capacity 9062K, committed 9088K, reserved 1048576K
}
Event: 36.954 GC heap before
{Heap before GC invocations=37 (full 0):
 garbage-first heap   total 133120K, used 105392K [0x0000000700000000, 0x0000000800000000)
  region size 1024K, 24 young (24576K), 2 survivors (2048K)
 Metaspace       used 67636K, capacity 69377K, committed 69732K, reserved 1110016K
  class space    used 8593K, capacity 9226K, committed 9344K, reserved 1048576K
}
Event: 36.967 GC heap after
{Heap after GC invocations=38 (full 0):
 garbage-first heap   total 133120K, used 84720K [0x0000000700000000, 0x0000000800000000)
  region size 1024K, 3 young (3072K), 3 survivors (3072K)
 Metaspace       used 67636K, capacity 69377K, committed 69732K, reserved 1110016K
  class space    used 8593K, capacity 9226K, committed 9344K, reserved 1048576K
}
Event: 37.604 GC heap before
{Heap before GC invocations=39 (full 0):
 garbage-first heap   total 133120K, used 107248K [0x0000000700000000, 0x0000000800000000)
  region size 1024K, 25 young (25600K), 3 survivors (3072K)
 Metaspace       used 68306K, capacity 70103K, committed 70244K, reserved 1110016K
  class space    used 8655K, capacity 9297K, committed 9344K, reserved 1048576K
}
Event: 37.622 GC heap after
{Heap after GC invocations=40 (full 0):
 garbage-first heap   total 133120K, used 86819K [0x0000000700000000, 0x0000000800000000)
  region size 1024K, 4 young (4096K), 4 survivors (4096K)
 Metaspace       used 68306K, capacity 70103K, committed 70244K, reserved 1110016K
  class space    used 8655K, capacity 9297K, committed 9344K, reserved 1048576K
}

Deoptimization events (20 events):
Event: 36.512 Thread 0x0000000025224800 Uncommon trap: trap_request=0xffffff4d fr.pc=0x000000000e007eec relative=0x0000000000001a4c
Event: 36.512 Thread 0x0000000025224800 Uncommon trap: reason=unstable_if action=reinterpret pc=0x000000000e007eec method=java.util.concurrent.ConcurrentHashMap.putVal(Ljava/lang/Object;Ljava/lang/Object;Z)Ljava/lang/Object; @ 245 c2
Event: 36.512 Thread 0x0000000025224800 DEOPT PACKING pc=0x000000000e007eec sp=0x00000000272974d0
Event: 36.512 Thread 0x0000000025224800 DEOPT UNPACKING pc=0x0000000006236d29 sp=0x0000000027297468 mode 2
Event: 36.681 Thread 0x0000000025224800 DEOPT PACKING pc=0x0000000006db2846 sp=0x0000000027298f40
Event: 36.681 Thread 0x0000000025224800 DEOPT UNPACKING pc=0x0000000006236b3f sp=0x0000000027298458 mode 0
Event: 36.683 Thread 0x0000000025224800 DEOPT PACKING pc=0x0000000006da9845 sp=0x0000000027298f70
Event: 36.683 Thread 0x0000000025224800 DEOPT UNPACKING pc=0x0000000006236b3f sp=0x0000000027298448 mode 0
Event: 36.930 Thread 0x0000000025224800 Uncommon trap: trap_request=0xffffff4d fr.pc=0x000000000ded29b8 relative=0x0000000000000378
Event: 36.930 Thread 0x0000000025224800 Uncommon trap: reason=unstable_if action=reinterpret pc=0x000000000ded29b8 method=java.util.StringJoiner.add(Ljava/lang/CharSequence;)Ljava/util/StringJoiner; @ 33 c2
Event: 36.930 Thread 0x0000000025224800 DEOPT PACKING pc=0x000000000ded29b8 sp=0x0000000027295e70
Event: 36.930 Thread 0x0000000025224800 DEOPT UNPACKING pc=0x0000000006236d29 sp=0x0000000027295e20 mode 2
Event: 36.981 Thread 0x0000000025224800 Uncommon trap: trap_request=0xffffff4d fr.pc=0x000000000e0eb28c relative=0x000000000000054c
Event: 36.981 Thread 0x0000000025224800 Uncommon trap: reason=unstable_if action=reinterpret pc=0x000000000e0eb28c method=groovy.lang.MetaClassImpl.filterPropertyMethod(Ljava/lang/Object;ZZ)Ljava/lang/Object; @ 60 c2
Event: 36.981 Thread 0x0000000025224800 DEOPT PACKING pc=0x000000000e0eb28c sp=0x0000000027298320
Event: 36.981 Thread 0x0000000025224800 DEOPT UNPACKING pc=0x0000000006236d29 sp=0x0000000027298280 mode 2
Event: 37.013 Thread 0x0000000025224800 Uncommon trap: trap_request=0xfffffff4 fr.pc=0x000000000dfcde64 relative=0x0000000000000844
Event: 37.013 Thread 0x0000000025224800 Uncommon trap: reason=null_check action=make_not_entrant pc=0x000000000dfcde64 method=com.sun.beans.introspect.MethodInfo$MethodOrder.compare(Ljava/lang/reflect/Method;Ljava/lang/reflect/Method;)I @ 133 c2
Event: 37.013 Thread 0x0000000025224800 DEOPT PACKING pc=0x000000000dfcde64 sp=0x0000000027293f10
Event: 37.013 Thread 0x0000000025224800 DEOPT UNPACKING pc=0x0000000006236d29 sp=0x0000000027293eb0 mode 2

Classes redefined (0 events):
No events

Internal exceptions (20 events):
Event: 37.183 Thread 0x0000000025224800 Exception <a 'java/lang/ClassNotFoundException'{0x000000070741ad58}: build_nujbmom8at40l07gyle7yfrj$_run_closure1$_closure4BeanInfo> (0x000000070741ad58) thrown at [./src/hotspot/share/classfile/systemDictionary.cpp, line 231]
Event: 37.205 Thread 0x0000000025224800 Exception <a 'java/lang/ClassNotFoundException'{0x000000070742c998}: build_nujbmom8at40l07gyle7yfrj$_run_closure1$_closure4Customizer> (0x000000070742c998) thrown at [./src/hotspot/share/classfile/systemDictionary.cpp, line 231]
Event: 37.230 Thread 0x0000000025224800 Exception <a 'java/lang/ClassNotFoundException'{0x0000000707457848}: build_nujbmom8at40l07gyle7yfrj$_run_closure1BeanInfo> (0x0000000707457848) thrown at [./src/hotspot/share/classfile/systemDictionary.cpp, line 231]
Event: 37.231 Thread 0x0000000025224800 Exception <a 'java/lang/ClassNotFoundException'{0x0000000707468948}: build_nujbmom8at40l07gyle7yfrj$_run_closure1Customizer> (0x0000000707468948) thrown at [./src/hotspot/share/classfile/systemDictionary.cpp, line 231]
Event: 37.241 Thread 0x0000000025224800 Exception <a 'java/lang/ClassNotFoundException'{0x00000007074c6df8}: org/gradle/api/JavaVersionBeanInfo> (0x00000007074c6df8) thrown at [./src/hotspot/share/classfile/systemDictionary.cpp, line 231]
Event: 37.243 Thread 0x0000000025224800 Exception <a 'java/lang/ClassNotFoundException'{0x00000007074f22b8}: org/gradle/api/JavaVersionCustomizer> (0x00000007074f22b8) thrown at [./src/hotspot/share/classfile/systemDictionary.cpp, line 231]
Event: 37.250 Thread 0x0000000025224800 Exception <a 'java/lang/ClassNotFoundException'{0x000000070734a558}: com/android/build/gradle/internal/CompileOptions_DecoratedBeanInfo> (0x000000070734a558) thrown at [./src/hotspot/share/classfile/systemDictionary.cpp, line 231]
Event: 37.251 Thread 0x0000000025224800 Exception <a 'java/lang/ClassNotFoundException'{0x0000000707364030}: com/android/build/gradle/internal/CompileOptionsBeanInfo> (0x0000000707364030) thrown at [./src/hotspot/share/classfile/systemDictionary.cpp, line 231]
Event: 37.252 Thread 0x0000000025224800 Exception <a 'java/lang/ClassNotFoundException'{0x000000070737e6b8}: com/android/build/gradle/internal/CompileOptionsCustomizer> (0x000000070737e6b8) thrown at [./src/hotspot/share/classfile/systemDictionary.cpp, line 231]
Event: 37.254 Thread 0x0000000025224800 Exception <a 'java/lang/ClassNotFoundException'{0x00000007073a5a08}: com/android/build/gradle/internal/CompileOptions_DecoratedCustomizer> (0x00000007073a5a08) thrown at [./src/hotspot/share/classfile/systemDictionary.cpp, line 231]
Event: 37.299 Thread 0x0000000025224800 Exception <a 'java/lang/ClassNotFoundException'{0x00000007072f94e8}: org/jetbrains/kotlin/gradle/dsl/KotlinJvmOptionsImplBeanInfo> (0x00000007072f94e8) thrown at [./src/hotspot/share/classfile/systemDictionary.cpp, line 231]
Event: 37.299 Thread 0x0000000025224800 Exception <a 'java/lang/ClassNotFoundException'{0x0000000707114698}: org/jetbrains/kotlin/gradle/dsl/KotlinJvmOptionsBaseBeanInfo> (0x0000000707114698) thrown at [./src/hotspot/share/classfile/systemDictionary.cpp, line 231]
Event: 37.300 Thread 0x0000000025224800 Exception <a 'java/lang/ClassNotFoundException'{0x000000070712f5a0}: org/jetbrains/kotlin/gradle/dsl/KotlinJvmOptionsBaseCustomizer> (0x000000070712f5a0) thrown at [./src/hotspot/share/classfile/systemDictionary.cpp, line 231]
Event: 37.302 Thread 0x0000000025224800 Exception <a 'java/lang/ClassNotFoundException'{0x00000007071645f8}: org/jetbrains/kotlin/gradle/dsl/KotlinJvmOptionsImplCustomizer> (0x00000007071645f8) thrown at [./src/hotspot/share/classfile/systemDictionary.cpp, line 231]
Event: 37.309 Thread 0x0000000025224800 Exception <a 'java/lang/ClassNotFoundException'{0x00000007071eb778}: com/android/build/gradle/internal/dsl/ApplicationBuildFeaturesImpl_DecoratedBeanInfo> (0x00000007071eb778) thrown at [./src/hotspot/share/classfile/systemDictionary.cpp, line 231]
Event: 37.310 Thread 0x0000000025224800 Exception <a 'java/lang/ClassNotFoundException'{0x0000000707008c28}: com/android/build/gradle/internal/dsl/ApplicationBuildFeaturesImplBeanInfo> (0x0000000707008c28) thrown at [./src/hotspot/share/classfile/systemDictionary.cpp, line 231]
Event: 37.310 Thread 0x0000000025224800 Exception <a 'java/lang/ClassNotFoundException'{0x0000000707023ca0}: com/android/build/gradle/internal/dsl/BuildFeaturesImplBeanInfo> (0x0000000707023ca0) thrown at [./src/hotspot/share/classfile/systemDictionary.cpp, line 231]
Event: 37.311 Thread 0x0000000025224800 Exception <a 'java/lang/ClassNotFoundException'{0x000000070703ed50}: com/android/build/gradle/internal/dsl/BuildFeaturesImplCustomizer> (0x000000070703ed50) thrown at [./src/hotspot/share/classfile/systemDictionary.cpp, line 231]
Event: 37.313 Thread 0x0000000025224800 Exception <a 'java/lang/ClassNotFoundException'{0x0000000707067690}: com/android/build/gradle/internal/dsl/ApplicationBuildFeaturesImplCustomizer> (0x0000000707067690) thrown at [./src/hotspot/share/classfile/systemDictionary.cpp, line 231]
Event: 37.315 Thread 0x0000000025224800 Exception <a 'java/lang/ClassNotFoundException'{0x000000070708c6b0}: com/android/build/gradle/internal/dsl/ApplicationBuildFeaturesImpl_DecoratedCustomizer> (0x000000070708c6b0) thrown at [./src/hotspot/share/classfile/systemDictionary.cpp, line 231]

Events (20 events):
Event: 37.701 loading class com/android/build/gradle/internal/scope/InternalArtifactType$BASE_MODULE_METADATA
Event: 37.701 loading class com/android/build/gradle/internal/scope/InternalArtifactType$BASE_MODULE_METADATA done
Event: 37.702 loading class com/android/build/gradle/internal/scope/InternalArtifactType$SIGNING_CONFIG_DATA
Event: 37.702 loading class com/android/build/gradle/internal/scope/InternalArtifactType$SIGNING_CONFIG_DATA done
Event: 37.702 loading class com/android/build/gradle/internal/scope/InternalArtifactType$SIGNING_CONFIG_VERSIONS
Event: 37.702 loading class com/android/build/gradle/internal/scope/InternalArtifactType$SIGNING_CONFIG_VERSIONS done
Event: 37.703 loading class com/android/build/gradle/internal/scope/InternalArtifactType$LINT_MODEL
Event: 37.703 loading class com/android/build/gradle/internal/scope/InternalArtifactType$LINT_MODEL done
Event: 37.704 loading class com/android/build/gradle/internal/publishing/VariantPublishingSpecImpl
Event: 37.704 loading class com/android/build/gradle/internal/publishing/VariantPublishingSpecImpl done
Event: 37.705 loading class com/android/build/gradle/internal/publishing/PublishingSpecs$VariantSpec
Event: 37.705 loading class com/android/build/gradle/internal/publishing/PublishingSpecs$VariantSpec done
Event: 37.707 loading class com/android/build/gradle/internal/publishing/PublishingSpecs$Companion$2
Event: 37.707 loading class com/android/build/gradle/internal/publishing/PublishingSpecs$Companion$2 done
Event: 37.709 loading class com/android/build/gradle/internal/scope/InternalArtifactType$MODULE_BUNDLE
Event: 37.709 loading class com/android/build/gradle/internal/scope/InternalArtifactType$MODULE_BUNDLE done
Event: 37.709 loading class com/android/build/gradle/internal/scope/InternalArtifactType$METADATA_LIBRARY_DEPENDENCIES_REPORT
Event: 37.710 loading class com/android/build/gradle/internal/scope/InternalArtifactType$METADATA_LIBRARY_DEPENDENCIES_REPORT done
Event: 37.711 loading class com/android/build/gradle/internal/scope/InternalArtifactType$METADATA_FEATURE_DECLARATION
Event: 37.711 loading class com/android/build/gradle/internal/scope/InternalArtifactType$METADATA_FEATURE_DECLARATION done


Dynamic libraries:
0x000000013f110000 - 0x000000013f11a000 	C:\Program Files\Android\Android Studio\jre\bin\java.exe
0x0000000077940000 - 0x0000000077ae9000 	C:\Windows\SYSTEM32\ntdll.dll
0x0000000077820000 - 0x000000007793f000 	C:\Windows\system32\kernel32.dll
0x000007fefdbf0000 - 0x000007fefdc5c000 	C:\Windows\system32\KERNELBASE.dll
0x000007fef4920000 - 0x000007fef4939000 	C:\Program Files\Android\Android Studio\jre\bin\jli.dll
0x000007fefc360000 - 0x000007fefc554000 	C:\Windows\WinSxS\amd64_microsoft.windows.common-controls_6595b64144ccf1df_6.0.7601.17514_none_fa396087175ac9ac\COMCTL32.dll
0x000007feff020000 - 0x000007feff0bf000 	C:\Windows\system32\msvcrt.dll
0x000007feff2a0000 - 0x000007feff307000 	C:\Windows\system32\GDI32.dll
0x0000000077720000 - 0x000000007781a000 	C:\Windows\system32\USER32.dll
0x000007feff830000 - 0x000007feff83e000 	C:\Windows\system32\LPK.dll
0x000007feff760000 - 0x000007feff829000 	C:\Windows\system32\USP10.dll
0x000007feffad0000 - 0x000007feffb41000 	C:\Windows\system32\SHLWAPI.dll
0x000007fef4720000 - 0x000007fef4737000 	C:\Program Files\Android\Android Studio\jre\bin\VCRUNTIME140.dll
0x000007fefb8d0000 - 0x000007fefb8d4000 	C:\Windows\system32\api-ms-win-crt-runtime-l1-1-0.dll
0x000007fef5520000 - 0x000007fef5612000 	C:\Windows\system32\ucrtbase.DLL
0x000007fef8830000 - 0x000007fef8833000 	C:\Windows\system32\api-ms-win-core-timezone-l1-1-0.dll
0x000007fefa8a0000 - 0x000007fefa8a3000 	C:\Windows\system32\api-ms-win-core-file-l2-1-0.dll
0x000007fef8820000 - 0x000007fef8823000 	C:\Windows\system32\api-ms-win-core-localization-l1-2-0.dll
0x000007fef9e60000 - 0x000007fef9e63000 	C:\Windows\system32\api-ms-win-core-synch-l1-2-0.dll
0x000007fef8810000 - 0x000007fef8813000 	C:\Windows\system32\api-ms-win-core-processthreads-l1-1-1.dll
0x000007fef7300000 - 0x000007fef7303000 	C:\Windows\system32\api-ms-win-core-file-l1-2-0.dll
0x000007fef7080000 - 0x000007fef7084000 	C:\Windows\system32\api-ms-win-crt-string-l1-1-0.dll
0x000007fef71a0000 - 0x000007fef71a3000 	C:\Windows\system32\api-ms-win-crt-heap-l1-1-0.dll
0x000007fef6ef0000 - 0x000007fef6ef4000 	C:\Windows\system32\api-ms-win-crt-stdio-l1-1-0.dll
0x000007fef6f40000 - 0x000007fef6f44000 	C:\Windows\system32\api-ms-win-crt-convert-l1-1-0.dll
0x000007fef69b0000 - 0x000007fef69b3000 	C:\Windows\system32\api-ms-win-crt-environment-l1-1-0.dll
0x000007fef69a0000 - 0x000007fef69a3000 	C:\Windows\system32\api-ms-win-crt-filesystem-l1-1-0.dll
0x000007fef6990000 - 0x000007fef6995000 	C:\Windows\system32\api-ms-win-crt-math-l1-1-0.dll
0x000007fef5510000 - 0x000007fef5513000 	C:\Windows\system32\api-ms-win-crt-locale-l1-1-0.dll
0x000007feff730000 - 0x000007feff75e000 	C:\Windows\system32\IMM32.DLL
0x000007feff440000 - 0x000007feff549000 	C:\Windows\system32\MSCTF.dll
0x000007fef4060000 - 0x000007fef40fd000 	C:\Program Files\Android\Android Studio\jre\bin\msvcp140.dll
0x000007fef5490000 - 0x000007fef5495000 	C:\Windows\system32\api-ms-win-crt-multibyte-l1-1-0.dll
0x000007fef6970000 - 0x000007fef6973000 	C:\Windows\system32\api-ms-win-crt-time-l1-1-0.dll
0x000007fef69c0000 - 0x000007fef69c3000 	C:\Windows\system32\api-ms-win-crt-utility-l1-1-0.dll
0x000007feef140000 - 0x000007feefc0f000 	C:\Program Files\Android\Android Studio\jre\bin\server\jvm.dll
0x000007feff1c0000 - 0x000007feff29b000 	C:\Windows\system32\ADVAPI32.dll
0x000007feffb50000 - 0x000007feffb6f000 	C:\Windows\SYSTEM32\sechost.dll
0x000007fefdc60000 - 0x000007fefdd8d000 	C:\Windows\system32\RPCRT4.dll
0x000007fefb7b0000 - 0x000007fefb7b9000 	C:\Windows\system32\WSOCK32.dll
0x000007feff840000 - 0x000007feff88d000 	C:\Windows\system32\WS2_32.dll
0x000007fefdff0000 - 0x000007fefdff8000 	C:\Windows\system32\NSI.dll
0x000007fef9a10000 - 0x000007fef9a4b000 	C:\Windows\system32\WINMM.dll
0x000007fefc9f0000 - 0x000007fefc9fc000 	C:\Windows\system32\VERSION.dll
0x0000000077b00000 - 0x0000000077b07000 	C:\Windows\system32\PSAPI.DLL
0x000007fef5950000 - 0x000007fef5961000 	C:\Program Files\Android\Android Studio\jre\bin\verify.dll
0x000007fef7840000 - 0x000007fef7965000 	C:\Windows\system32\DBGHELP.DLL
0x000007fef5920000 - 0x000007fef5949000 	C:\Program Files\Android\Android Studio\jre\bin\java.dll
0x000007fef6980000 - 0x000007fef698b000 	C:\Program Files\Android\Android Studio\jre\bin\jimage.dll
0x000007fef5970000 - 0x000007fef5988000 	C:\Program Files\Android\Android Studio\jre\bin\zip.dll
0x000007fefe290000 - 0x000007feff018000 	C:\Windows\system32\SHELL32.dll
0x000007fefe080000 - 0x000007fefe283000 	C:\Windows\system32\ole32.dll
0x000007fefd890000 - 0x000007fefd89f000 	C:\Windows\system32\profapi.dll
0x000007fef57f0000 - 0x000007fef580a000 	C:\Program Files\Android\Android Studio\jre\bin\net.dll
0x000007fefafd0000 - 0x000007fefb041000 	C:\Windows\system32\WINHTTP.dll
0x000007fefaf60000 - 0x000007fefafc4000 	C:\Windows\system32\webio.dll
0x000007fefd100000 - 0x000007fefd155000 	C:\Windows\system32\mswsock.dll
0x000007fefd0f0000 - 0x000007fefd0f7000 	C:\Windows\System32\wship6.dll
0x000007fef57d0000 - 0x000007fef57e4000 	C:\Program Files\Android\Android Studio\jre\bin\nio.dll
0x000007fef49c0000 - 0x000007fef49e7000 	C:\Users\Dell\.gradle\native\8bec1ad78214c89d9ad589b4d07fe93259594b29d510b10fafb7a158f7737e5d\windows-amd64\native-platform.dll
0x000007fef4100000 - 0x000007fef423d000 	C:\Users\Dell\.gradle\native\53dbd7edfb1c66fb8903c78663c9afc45aea4f116125fa6feffd364cf09443e8\windows-amd64\native-platform-file-events.dll
0x000007fef57b0000 - 0x000007fef57ba000 	C:\Program Files\Android\Android Studio\jre\bin\management.dll
0x000007fef57a0000 - 0x000007fef57ac000 	C:\Program Files\Android\Android Studio\jre\bin\management_ext.dll
0x000007fefd160000 - 0x000007fefd177000 	C:\Windows\system32\CRYPTSP.dll
0x000007fefce60000 - 0x000007fefcea7000 	C:\Windows\system32\rsaenh.dll
0x000007fefcbd0000 - 0x000007fefcbee000 	C:\Windows\system32\USERENV.dll
0x000007fefd7c0000 - 0x000007fefd7cf000 	C:\Windows\system32\CRYPTBASE.dll
0x000007fefb150000 - 0x000007fefb177000 	C:\Windows\system32\IPHLPAPI.DLL
0x000007fefb140000 - 0x000007fefb14b000 	C:\Windows\system32\WINNSI.DLL
0x000007fefb090000 - 0x000007fefb0a8000 	C:\Windows\system32\dhcpcsvc.DLL
0x000007fefa790000 - 0x000007fefa7a1000 	C:\Windows\system32\dhcpcsvc6.DLL

dbghelp: loaded successfully - version: 4.0.5 - missing functions: none
symbol engine: initialized successfully - sym options: 0x614 - pdb path: (cannot be retrieved)

VM Arguments:
jvm_args: --add-opens=java.base/java.util=ALL-UNNAMED --add-opens=java.base/java.lang=ALL-UNNAMED --add-opens=java.base/java.lang.invoke=ALL-UNNAMED --add-opens=java.base/java.util=ALL-UNNAMED --add-opens=java.prefs/java.util.prefs=ALL-UNNAMED --add-opens=java.prefs/java.util.prefs=ALL-UNNAMED --add-opens=java.base/java.nio.charset=ALL-UNNAMED --add-opens=java.base/java.net=ALL-UNNAMED --add-opens=java.base/java.util.concurrent.atomic=ALL-UNNAMED -Xmx4096m -Dfile.encoding=UTF-8 -Duser.country=IN -Duser.language=en -Duser.variant 
java_command: org.gradle.launcher.daemon.bootstrap.GradleDaemon 7.0.2
java_class_path (initial): C:\Users\Dell\.gradle\wrapper\dists\gradle-7.0.2-bin\857tjihv64xamwrf0h14cai3r\gradle-7.0.2\lib\gradle-launcher-7.0.2.jar
Launcher Type: SUN_STANDARD

[Global flags]
     intx CICompilerCount                          = 3                                         {product} {ergonomic}
     uint ConcGCThreads                            = 1                                         {product} {ergonomic}
     uint G1ConcRefinementThreads                  = 4                                         {product} {ergonomic}
   size_t G1HeapRegionSize                         = 1048576                                   {product} {ergonomic}
    uintx GCDrainStackTargetSize                   = 64                                        {product} {ergonomic}
   size_t InitialHeapSize                          = 65011712                                  {product} {ergonomic}
   size_t MarkStackSize                            = 4194304                                   {product} {ergonomic}
   size_t MaxHeapSize                              = 4294967296                                {product} {command line}
   size_t MaxNewSize                               = 2576351232                                {product} {ergonomic}
   size_t MinHeapDeltaBytes                        = 1048576                                   {product} {ergonomic}
    uintx NonNMethodCodeHeapSize                   = 5830732                                {pd product} {ergonomic}
    uintx NonProfiledCodeHeapSize                  = 122913754                              {pd product} {ergonomic}
    uintx ProfiledCodeHeapSize                     = 122913754                              {pd product} {ergonomic}
    uintx ReservedCodeCacheSize                    = 251658240                              {pd product} {ergonomic}
     bool SegmentedCodeCache                       = true                                      {product} {ergonomic}
     bool UseCompressedClassPointers               = true                                 {lp64_product} {ergonomic}
     bool UseCompressedOops                        = true                                 {lp64_product} {ergonomic}
     bool UseG1GC                                  = true                                      {product} {ergonomic}
     bool UseLargePagesIndividualAllocation        = false                                  {pd product} {ergonomic}

Logging:
Log output configuration:
 #0: stdout all=warning uptime,level,tags
 #1: stderr all=off uptime,level,tags

Environment Variables:
PATH=C:\Program Files (x86)\Common Files\Oracle\Java\javapath;C:\Program Files\Java\jdk-14.0.2/bin;C:\Program Files\apktool;C:\Program Files (x86)\Paragon Software\LinuxFS for Windows\;C:\Users\Dell\AppData\Local\Programs\Python\Python38\Scripts\;C:\Users\Dell\AppData\Local\Programs\Python\Python38\
USERNAME=Dell
OS=Windows_NT
PROCESSOR_IDENTIFIER=Intel64 Family 6 Model 37 Stepping 5, GenuineIntel



---------------  S Y S T E M  ---------------

OS: Windows 7 , 64 bit Build 7601 (6.1.7601.17617)
OS uptime: 3 days 5:06 hours

CPU:total 4 (initial active 4) (2 cores per cpu, 2 threads per core) family 6 model 37 stepping 5 microcode 0x0, cmov, cx8, fxsr, mmx, sse, sse2, sse3, ssse3, sse4.1, sse4.2, popcnt, ht, tsc, tscinvbit

Memory: 4k page, system-wide physical 3894M (822M free)
TotalPageFile size 6699M (AvailPageFile size 4M)
current process WorkingSet (physical memory assigned to process): 345M, peak: 345M
current process commit charge ("private bytes"): 382M, peak: 383M

vm_info: OpenJDK 64-Bit Server VM (11.0.10+0-b96-7249189) for windows-amd64 JRE (11.0.10+0-b96-7249189), built on Mar 31 2021 21:44:00 by "builder" with MS VC++ 14.0 (VS2015)

END.
